[0.085s] Invoking command in '/home/zuman/hivebot_ws/build/detect_toilet': CMAKE_PREFIX_PATH=${CMAKE_PREFIX_PATH}:/home/zuman/hivebot_ws/install/ball_tracker:/opt/ros/humble /usr/bin/cmake --build /home/zuman/hivebot_ws/build/detect_toilet -- -j6 -l6
[0.112s] -- Found ament_cmake: 1.3.8 (/opt/ros/humble/share/ament_cmake/cmake)
[0.321s] -- Override CMake install command with custom implementation using symlinks instead of copying resources
[0.330s] -- Found ament_lint_auto: 0.12.10 (/opt/ros/humble/share/ament_lint_auto/cmake)
[0.421s] -- Added test 'flake8' to check Python code syntax and style conventions
[0.421s] -- Added test 'lint_cmake' to check CMake code style
[0.422s] -- Added test 'pep257' to check Python code against some of the docstring style conventions in PEP 257
[0.422s] -- Added test 'xmllint' to check XML markup files
[0.422s] -- Configuring done
[0.426s] -- Generating done
[0.427s] -- Build files have been written to: /home/zuman/hivebot_ws/build/detect_toilet
[0.536s] Invoked command in '/home/zuman/hivebot_ws/build/detect_toilet' returned '0': CMAKE_PREFIX_PATH=${CMAKE_PREFIX_PATH}:/home/zuman/hivebot_ws/install/ball_tracker:/opt/ros/humble /usr/bin/cmake --build /home/zuman/hivebot_ws/build/detect_toilet -- -j6 -l6
[0.576s] Invoking command in '/home/zuman/hivebot_ws/build/detect_toilet': CMAKE_PREFIX_PATH=${CMAKE_PREFIX_PATH}:/home/zuman/hivebot_ws/install/ball_tracker:/opt/ros/humble /usr/bin/cmake --install /home/zuman/hivebot_ws/build/detect_toilet
[0.588s] -- Install configuration: ""
[0.590s] -- Execute custom install script
[0.590s] -- Symlinking: /home/zuman/hivebot_ws/install/detect_toilet/share/detect_toilet/src/detect_toilet.py
[0.607s] -- Symlinking: /home/zuman/hivebot_ws/install/detect_toilet/share/detect_toilet/launch/detect_toilet.launch.py
[0.622s] -- Up-to-date symlink: /home/zuman/hivebot_ws/install/detect_toilet/share/ament_index/resource_index/package_run_dependencies/detect_toilet
[0.623s] -- Up-to-date symlink: /home/zuman/hivebot_ws/install/detect_toilet/share/ament_index/resource_index/parent_prefix_path/detect_toilet
[0.623s] -- Up-to-date symlink: /home/zuman/hivebot_ws/install/detect_toilet/share/detect_toilet/environment/ament_prefix_path.sh
[0.623s] -- Up-to-date symlink: /home/zuman/hivebot_ws/install/detect_toilet/share/detect_toilet/environment/ament_prefix_path.dsv
[0.624s] -- Up-to-date symlink: /home/zuman/hivebot_ws/install/detect_toilet/share/detect_toilet/environment/path.sh
[0.624s] -- Up-to-date symlink: /home/zuman/hivebot_ws/install/detect_toilet/share/detect_toilet/environment/path.dsv
[0.624s] -- Up-to-date symlink: /home/zuman/hivebot_ws/install/detect_toilet/share/detect_toilet/local_setup.bash
[0.625s] -- Up-to-date symlink: /home/zuman/hivebot_ws/install/detect_toilet/share/detect_toilet/local_setup.sh
[0.625s] -- Up-to-date symlink: /home/zuman/hivebot_ws/install/detect_toilet/share/detect_toilet/local_setup.zsh
[0.625s] -- Up-to-date symlink: /home/zuman/hivebot_ws/install/detect_toilet/share/detect_toilet/local_setup.dsv
[0.626s] -- Symlinking: /home/zuman/hivebot_ws/install/detect_toilet/share/detect_toilet/package.dsv
[0.636s] -- Up-to-date symlink: /home/zuman/hivebot_ws/install/detect_toilet/share/ament_index/resource_index/packages/detect_toilet
[0.636s] -- Up-to-date symlink: /home/zuman/hivebot_ws/install/detect_toilet/share/detect_toilet/cmake/detect_toiletConfig.cmake
[0.637s] -- Up-to-date symlink: /home/zuman/hivebot_ws/install/detect_toilet/share/detect_toilet/cmake/detect_toiletConfig-version.cmake
[0.638s] -- Up-to-date symlink: /home/zuman/hivebot_ws/install/detect_toilet/share/detect_toilet/package.xml
[0.640s] Invoked command in '/home/zuman/hivebot_ws/build/detect_toilet' returned '0': CMAKE_PREFIX_PATH=${CMAKE_PREFIX_PATH}:/home/zuman/hivebot_ws/install/ball_tracker:/opt/ros/humble /usr/bin/cmake --install /home/zuman/hivebot_ws/build/detect_toilet
