[0.165s] Invoking command in '/home/zuman/hivebot_ws/build/hello_moveit': CMAKE_PREFIX_PATH=${CMAKE_PREFIX_PATH}:/home/zuman/hivebot_ws/install/toilet_detection:/home/zuman/hivebot_ws/install/ball_tracker:/opt/ros/humble /usr/bin/cmake --build /home/zuman/hivebot_ws/build/hello_moveit -- -j6 -l6
[0.417s] -- Found ament_cmake: 1.3.8 (/opt/ros/humble/share/ament_cmake/cmake)
[0.687s] -- Override CMake install command with custom implementation using symlinks instead of copying resources
[0.736s] -- Found moveit_ros_planning_interface: 2.5.5 (/opt/ros/humble/share/moveit_ros_planning_interface/cmake)
[0.796s] -- Found Boost: /usr/lib/x86_64-linux-gnu/cmake/Boost-1.74.0/BoostConfig.cmake (found version "1.74.0") found components: date_time filesystem program_options system thread 
[0.907s] -- Found rosidl_generator_c: 3.1.5 (/opt/ros/humble/share/rosidl_generator_c/cmake)
[0.912s] -- Found rosidl_adapter: 3.1.5 (/opt/ros/humble/share/rosidl_adapter/cmake)
[0.932s] -- Found rosidl_generator_cpp: 3.1.5 (/opt/ros/humble/share/rosidl_generator_cpp/cmake)
[0.962s] -- Using all available rosidl_typesupport_c: rosidl_typesupport_fastrtps_c;rosidl_typesupport_introspection_c
[0.993s] -- Using all available rosidl_typesupport_cpp: rosidl_typesupport_fastrtps_cpp;rosidl_typesupport_introspection_cpp
[2.400s] -- Found Boost: /usr/lib/x86_64-linux-gnu/cmake/Boost-1.74.0/BoostConfig.cmake (found version "1.74.0") found components: chrono date_time filesystem iostreams program_options regex serialization system thread 
[2.416s] -- Found parameter_traits: 0.3.7 (/opt/ros/humble/share/parameter_traits/cmake)
[2.506s] -- Found rmw_implementation_cmake: 6.1.1 (/opt/ros/humble/share/rmw_implementation_cmake/cmake)
[2.511s] -- Found rmw_cyclonedds_cpp: 1.3.4 (/opt/ros/humble/share/rmw_cyclonedds_cpp/cmake)
[2.569s] -- Using RMW implementation 'rmw_cyclonedds_cpp' as default
[2.776s] -- Found rclcpp_lifecycle: 16.0.8 (/opt/ros/humble/share/rclcpp_lifecycle/cmake)
[2.838s] -- Found Boost: /usr/lib/x86_64-linux-gnu/cmake/Boost-1.74.0/BoostConfig.cmake (found version "1.74.0") found components: filesystem 
[2.908s] -- library: /usr/lib/x86_64-linux-gnu/libcurl.so
[3.111s] -- Ensuring Eigen3 include directory is part of orocos-kdl CMake target
[3.772s] -- Found Boost: /usr/lib/x86_64-linux-gnu/cmake/Boost-1.74.0/BoostConfig.cmake (found version "1.74.0") found components: system filesystem date_time program_options thread chrono 
[4.408s] -- Found Boost: /usr/lib/x86_64-linux-gnu/cmake/Boost-1.74.0/BoostConfig.cmake (found version "1.74.0") found components: thread system filesystem regex date_time program_options 
[4.702s] -- Found Boost: /usr/lib/x86_64-linux-gnu/cmake/Boost-1.74.0/BoostConfig.cmake (found version "1.74.0") found components: system filesystem date_time program_options thread 
[5.223s] -- Found ament_lint_auto: 0.12.10 (/opt/ros/humble/share/ament_lint_auto/cmake)
[5.339s] -- Added test 'cppcheck' to perform static code analysis on C / C++ code
[5.339s] -- Configured cppcheck include dirs: $<BUILD_INTERFACE:/home/zuman/hivebot_ws/src/hello_moveit/include>
[5.339s] -- Configured cppcheck exclude dirs and/or files: 
[5.340s] -- Added test 'lint_cmake' to check CMake code style
[5.342s] -- Added test 'uncrustify' to check C / C++ code style
[5.342s] -- Configured uncrustify additional arguments: 
[5.342s] -- Added test 'xmllint' to check XML markup files
[5.346s] -- Configuring done
[5.513s] -- Generating done
[5.516s] -- Build files have been written to: /home/zuman/hivebot_ws/build/hello_moveit
[5.565s] [35m[1mConsolidate compiler generated dependencies of target home[0m
[5.619s] [ 20%] Built target home
[5.648s] [35m[1mConsolidate compiler generated dependencies of target pick_sprayer[0m
[5.691s] [ 40%] Built target pick_sprayer
[5.715s] [35m[1mConsolidate compiler generated dependencies of target gripper[0m
[5.751s] [ 60%] Built target gripper
[5.787s] [ 70%] [32mBuilding CXX object CMakeFiles/clean_western_node.dir/src/clean_western.cpp.o[0m
[17.996s] gmake[2]: *** [CMakeFiles/clean_western_node.dir/build.make:76: CMakeFiles/clean_western_node.dir/src/clean_western.cpp.o] Error 1
[17.997s] gmake[1]: *** [CMakeFiles/Makefile2:197: CMakeFiles/clean_western_node.dir/all] Error 2
[17.997s] gmake: *** [Makefile:146: all] Error 2
[18.000s] Invoked command in '/home/zuman/hivebot_ws/build/hello_moveit' returned '2': CMAKE_PREFIX_PATH=${CMAKE_PREFIX_PATH}:/home/zuman/hivebot_ws/install/toilet_detection:/home/zuman/hivebot_ws/install/ball_tracker:/opt/ros/humble /usr/bin/cmake --build /home/zuman/hivebot_ws/build/hello_moveit -- -j6 -l6
