[0.621s] Invoking command in '/home/zuman/hivebot_ws/build/yolobot_recognition': CMAKE_PREFIX_PATH=${CMAKE_PREFIX_PATH}:/home/zuman/hivebot_ws/install/toilet_detection:/home/zuman/hivebot_ws/install/ball_tracker:/opt/ros/humble /usr/bin/cmake /home/zuman/hivebot_ws/src/yolobot_recognition -DAMENT_CMAKE_SYMLINK_INSTALL=1 -DCMAKE_INSTALL_PREFIX=/home/zuman/hivebot_ws/install/yolobot_recognition
[0.885s] -- The C compiler identification is GNU 11.4.0
[1.076s] -- The CXX compiler identification is GNU 11.4.0
[1.118s] -- Detecting C compiler ABI info
[1.282s] -- Detecting C compiler ABI info - done
[1.290s] -- Check for working C compiler: /usr/bin/cc - skipped
[1.290s] -- Detecting C compile features
[1.292s] -- Detecting C compile features - done
[1.303s] -- Detecting CXX compiler ABI info
[1.435s] -- Detecting CXX compiler ABI info - done
[1.449s] -- Check for working CXX compiler: /usr/bin/c++ - skipped
[1.449s] -- Detecting CXX compile features
[1.450s] -- Detecting CXX compile features - done
[1.463s] -- Found ament_cmake: 1.3.8 (/opt/ros/humble/share/ament_cmake/cmake)
[1.691s] -- Found Python3: /usr/bin/python3 (found version "3.10.12") found components: Interpreter 
[1.765s] -- Override CMake install command with custom implementation using symlinks instead of copying resources
[1.821s] -- Found ament_lint_auto: 0.12.10 (/opt/ros/humble/share/ament_lint_auto/cmake)
[1.940s] -- Added test 'copyright' to check source files copyright and LICENSE
[1.943s] -- Added test 'flake8' to check Python code syntax and style conventions
[1.944s] -- Added test 'lint_cmake' to check CMake code style
[1.945s] -- Added test 'pep257' to check Python code against some of the docstring style conventions in PEP 257
[1.946s] -- Added test 'xmllint' to check XML markup files
[1.949s] -- Configuring done
[1.958s] -- Generating done
[1.958s] -- Build files have been written to: /home/zuman/hivebot_ws/build/yolobot_recognition
[1.961s] Invoked command in '/home/zuman/hivebot_ws/build/yolobot_recognition' returned '0': CMAKE_PREFIX_PATH=${CMAKE_PREFIX_PATH}:/home/zuman/hivebot_ws/install/toilet_detection:/home/zuman/hivebot_ws/install/ball_tracker:/opt/ros/humble /usr/bin/cmake /home/zuman/hivebot_ws/src/yolobot_recognition -DAMENT_CMAKE_SYMLINK_INSTALL=1 -DCMAKE_INSTALL_PREFIX=/home/zuman/hivebot_ws/install/yolobot_recognition
[1.963s] Invoking command in '/home/zuman/hivebot_ws/build/yolobot_recognition': CMAKE_PREFIX_PATH=${CMAKE_PREFIX_PATH}:/home/zuman/hivebot_ws/install/toilet_detection:/home/zuman/hivebot_ws/install/ball_tracker:/opt/ros/humble /usr/bin/cmake --build /home/zuman/hivebot_ws/build/yolobot_recognition -- -j6 -l6
[2.008s] Invoked command in '/home/zuman/hivebot_ws/build/yolobot_recognition' returned '0': CMAKE_PREFIX_PATH=${CMAKE_PREFIX_PATH}:/home/zuman/hivebot_ws/install/toilet_detection:/home/zuman/hivebot_ws/install/ball_tracker:/opt/ros/humble /usr/bin/cmake --build /home/zuman/hivebot_ws/build/yolobot_recognition -- -j6 -l6
[2.040s] Invoking command in '/home/zuman/hivebot_ws/build/yolobot_recognition': CMAKE_PREFIX_PATH=${CMAKE_PREFIX_PATH}:/home/zuman/hivebot_ws/install/toilet_detection:/home/zuman/hivebot_ws/install/ball_tracker:/opt/ros/humble /usr/bin/cmake --install /home/zuman/hivebot_ws/build/yolobot_recognition
[2.048s] -- Install configuration: ""
[2.049s] -- Execute custom install script
[2.050s] -- Symlinking: /home/zuman/hivebot_ws/install/yolobot_recognition/share/yolobot_recognition//scripts/.dockerignore
[2.064s] -- Symlinking: /home/zuman/hivebot_ws/install/yolobot_recognition/share/yolobot_recognition//scripts/.gitattributes
[2.077s] -- Symlinking: /home/zuman/hivebot_ws/install/yolobot_recognition/share/yolobot_recognition//scripts/.gitignore
[2.094s] -- Symlinking: /home/zuman/hivebot_ws/install/yolobot_recognition/share/yolobot_recognition//scripts/yolov8_ros2_pt.py
[2.104s] -- Symlinking: /home/zuman/hivebot_ws/install/yolobot_recognition/share/yolobot_recognition//scripts/yolov8_ros2_subscriber.py
[2.115s] -- Symlinking: /home/zuman/hivebot_ws/install/yolobot_recognition/share/yolobot_recognition//scripts/yolov8n.pt
[2.126s] -- Symlinking: /home/zuman/hivebot_ws/install/yolobot_recognition/share/yolobot_recognition//launch/launch_yolov8.launch.py
[2.134s] -- Symlinking: /home/zuman/hivebot_ws/install/yolobot_recognition/lib/yolobot_recognition/yolov8_ros2_pt.py
[2.148s] -- Symlinking: /home/zuman/hivebot_ws/install/yolobot_recognition/lib/yolobot_recognition/yolov8_ros2_subscriber.py
[2.161s] -- Symlinking: /home/zuman/hivebot_ws/install/yolobot_recognition/lib/yolobot_recognition/launch_yolov8.launch.py
[2.174s] -- Symlinking: /home/zuman/hivebot_ws/install/yolobot_recognition/share/ament_index/resource_index/package_run_dependencies/yolobot_recognition
[2.184s] -- Symlinking: /home/zuman/hivebot_ws/install/yolobot_recognition/share/ament_index/resource_index/parent_prefix_path/yolobot_recognition
[2.196s] -- Symlinking: /home/zuman/hivebot_ws/install/yolobot_recognition/share/yolobot_recognition/environment/ament_prefix_path.sh
[2.207s] -- Symlinking: /home/zuman/hivebot_ws/install/yolobot_recognition/share/yolobot_recognition/environment/ament_prefix_path.dsv
[2.220s] -- Symlinking: /home/zuman/hivebot_ws/install/yolobot_recognition/share/yolobot_recognition/environment/path.sh
[2.231s] -- Symlinking: /home/zuman/hivebot_ws/install/yolobot_recognition/share/yolobot_recognition/environment/path.dsv
[2.242s] -- Symlinking: /home/zuman/hivebot_ws/install/yolobot_recognition/share/yolobot_recognition/local_setup.bash
[2.255s] -- Symlinking: /home/zuman/hivebot_ws/install/yolobot_recognition/share/yolobot_recognition/local_setup.sh
[2.267s] -- Symlinking: /home/zuman/hivebot_ws/install/yolobot_recognition/share/yolobot_recognition/local_setup.zsh
[2.281s] -- Symlinking: /home/zuman/hivebot_ws/install/yolobot_recognition/share/yolobot_recognition/local_setup.dsv
[2.295s] -- Symlinking: /home/zuman/hivebot_ws/install/yolobot_recognition/share/yolobot_recognition/package.dsv
[2.306s] -- Symlinking: /home/zuman/hivebot_ws/install/yolobot_recognition/share/ament_index/resource_index/packages/yolobot_recognition
[2.317s] -- Symlinking: /home/zuman/hivebot_ws/install/yolobot_recognition/share/yolobot_recognition/cmake/yolobot_recognitionConfig.cmake
[2.328s] -- Symlinking: /home/zuman/hivebot_ws/install/yolobot_recognition/share/yolobot_recognition/cmake/yolobot_recognitionConfig-version.cmake
[2.338s] -- Symlinking: /home/zuman/hivebot_ws/install/yolobot_recognition/share/yolobot_recognition/package.xml
[2.355s] Invoked command in '/home/zuman/hivebot_ws/build/yolobot_recognition' returned '0': CMAKE_PREFIX_PATH=${CMAKE_PREFIX_PATH}:/home/zuman/hivebot_ws/install/toilet_detection:/home/zuman/hivebot_ws/install/ball_tracker:/opt/ros/humble /usr/bin/cmake --install /home/zuman/hivebot_ws/build/yolobot_recognition
