[0.111s] Invoking command in '/home/zuman/hivebot_ws/build/move_robot': CMAKE_PREFIX_PATH=${CMAKE_PREFIX_PATH}:/home/zuman/hivebot_ws/install/toilet_detection:/home/zuman/hivebot_ws/install/ball_tracker:/opt/ros/humble /usr/bin/cmake --build /home/zuman/hivebot_ws/build/move_robot -- -j6 -l6
[0.151s] Invoked command in '/home/zuman/hivebot_ws/build/move_robot' returned '0': CMAKE_PREFIX_PATH=${CMAKE_PREFIX_PATH}:/home/zuman/hivebot_ws/install/toilet_detection:/home/zuman/hivebot_ws/install/ball_tracker:/opt/ros/humble /usr/bin/cmake --build /home/zuman/hivebot_ws/build/move_robot -- -j6 -l6
[0.182s] Invoking command in '/home/zuman/hivebot_ws/build/move_robot': CMAKE_PREFIX_PATH=${CMAKE_PREFIX_PATH}:/home/zuman/hivebot_ws/install/toilet_detection:/home/zuman/hivebot_ws/install/ball_tracker:/opt/ros/humble /usr/bin/cmake --install /home/zuman/hivebot_ws/build/move_robot
[0.190s] -- Install configuration: ""
[0.190s] -- Execute custom install script
[0.191s] -- Up-to-date symlink: /home/zuman/hivebot_ws/install/move_robot/share/move_robot/src/move_robot.py
[0.192s] -- Up-to-date symlink: /home/zuman/hivebot_ws/install/move_robot/share/move_robot/include/move_robot/move_robot.py
[0.193s] -- Up-to-date symlink: /home/zuman/hivebot_ws/install/move_robot/share/move_robot/launch/move_robot.launch.py
[0.193s] -- Up-to-date symlink: /home/zuman/hivebot_ws/install/move_robot/share/ament_index/resource_index/package_run_dependencies/move_robot
[0.193s] -- Up-to-date symlink: /home/zuman/hivebot_ws/install/move_robot/share/ament_index/resource_index/parent_prefix_path/move_robot
[0.193s] -- Up-to-date symlink: /home/zuman/hivebot_ws/install/move_robot/share/move_robot/environment/ament_prefix_path.sh
[0.194s] -- Up-to-date symlink: /home/zuman/hivebot_ws/install/move_robot/share/move_robot/environment/ament_prefix_path.dsv
[0.194s] -- Up-to-date symlink: /home/zuman/hivebot_ws/install/move_robot/share/move_robot/environment/path.sh
[0.195s] -- Up-to-date symlink: /home/zuman/hivebot_ws/install/move_robot/share/move_robot/environment/path.dsv
[0.196s] -- Up-to-date symlink: /home/zuman/hivebot_ws/install/move_robot/share/move_robot/local_setup.bash
[0.196s] -- Up-to-date symlink: /home/zuman/hivebot_ws/install/move_robot/share/move_robot/local_setup.sh
[0.196s] -- Up-to-date symlink: /home/zuman/hivebot_ws/install/move_robot/share/move_robot/local_setup.zsh
[0.197s] -- Up-to-date symlink: /home/zuman/hivebot_ws/install/move_robot/share/move_robot/local_setup.dsv
[0.197s] -- Symlinking: /home/zuman/hivebot_ws/install/move_robot/share/move_robot/package.dsv
[0.206s] -- Up-to-date symlink: /home/zuman/hivebot_ws/install/move_robot/share/ament_index/resource_index/packages/move_robot
[0.206s] -- Up-to-date symlink: /home/zuman/hivebot_ws/install/move_robot/share/move_robot/cmake/move_robotConfig.cmake
[0.207s] -- Up-to-date symlink: /home/zuman/hivebot_ws/install/move_robot/share/move_robot/cmake/move_robotConfig-version.cmake
[0.207s] -- Up-to-date symlink: /home/zuman/hivebot_ws/install/move_robot/share/move_robot/package.xml
[0.209s] Invoked command in '/home/zuman/hivebot_ws/build/move_robot' returned '0': CMAKE_PREFIX_PATH=${CMAKE_PREFIX_PATH}:/home/zuman/hivebot_ws/install/toilet_detection:/home/zuman/hivebot_ws/install/ball_tracker:/opt/ros/humble /usr/bin/cmake --install /home/zuman/hivebot_ws/build/move_robot
