[2.654s] DEBUG:colcon:Command line arguments: ['/usr/bin/colcon', 'build', '--symlink-install']
[2.655s] DEBUG:colcon:Parsed command line arguments: Namespace(log_base=None, log_level=None, verb_name='build', build_base='build', install_base='install', merge_install=False, symlink_install=True, test_result_base=None, continue_on_error=False, executor='parallel', parallel_workers=6, event_handlers=None, ignore_user_meta=False, metas=['./colcon.meta'], base_paths=['.'], packages_ignore=None, packages_ignore_regex=None, paths=None, packages_up_to=None, packages_up_to_regex=None, packages_above=None, packages_above_and_dependencies=None, packages_above_depth=None, packages_select_by_dep=None, packages_skip_by_dep=None, packages_skip_up_to=None, packages_select_build_failed=False, packages_skip_build_finished=False, packages_select_test_failures=False, packages_skip_test_passed=False, packages_select=None, packages_skip=None, packages_select_regex=None, packages_skip_regex=None, packages_start=None, packages_end=None, allow_overriding=[], cmake_args=None, cmake_target=None, cmake_target_skip_unavailable=False, cmake_clean_cache=False, cmake_clean_first=False, cmake_force_configure=False, ament_cmake_args=None, catkin_cmake_args=None, catkin_skip_building_tests=False, mixin_files=None, mixin=None, verb_parser=<colcon_mixin.mixin.mixin_argument.MixinArgumentDecorator object at 0x78fdd1db4bb0>, verb_extension=<colcon_core.verb.build.BuildVerb object at 0x78fdd2186050>, main=<bound method BuildVerb.main of <colcon_core.verb.build.BuildVerb object at 0x78fdd2186050>>, mixin_verb=('build',))
[2.766s] Level 1:colcon.colcon_core.package_discovery:discover_packages(colcon_meta) check parameters
[2.766s] Level 1:colcon.colcon_core.package_discovery:discover_packages(recursive) check parameters
[2.766s] Level 1:colcon.colcon_core.package_discovery:discover_packages(ignore) check parameters
[2.766s] Level 1:colcon.colcon_core.package_discovery:discover_packages(path) check parameters
[2.766s] Level 1:colcon.colcon_core.package_discovery:discover_packages(colcon_meta) discover
[2.766s] Level 1:colcon.colcon_core.package_discovery:discover_packages(recursive) discover
[2.767s] INFO:colcon.colcon_core.package_discovery:Crawling recursively for packages in '/home/zuman/hivebot_ws'
[2.767s] Level 1:colcon.colcon_core.package_identification:_identify(.) by extensions ['ignore', 'ignore_ament_install']
[2.767s] Level 1:colcon.colcon_core.package_identification:_identify(.) by extension 'ignore'
[2.767s] Level 1:colcon.colcon_core.package_identification:_identify(.) by extension 'ignore_ament_install'
[2.767s] Level 1:colcon.colcon_core.package_identification:_identify(.) by extensions ['colcon_pkg']
[2.767s] Level 1:colcon.colcon_core.package_identification:_identify(.) by extension 'colcon_pkg'
[2.767s] Level 1:colcon.colcon_core.package_identification:_identify(.) by extensions ['colcon_meta']
[2.767s] Level 1:colcon.colcon_core.package_identification:_identify(.) by extension 'colcon_meta'
[2.767s] Level 1:colcon.colcon_core.package_identification:_identify(.) by extensions ['ros']
[2.767s] Level 1:colcon.colcon_core.package_identification:_identify(.) by extension 'ros'
[2.791s] Level 1:colcon.colcon_core.package_identification:_identify(.) by extensions ['cmake', 'python']
[2.791s] Level 1:colcon.colcon_core.package_identification:_identify(.) by extension 'cmake'
[2.792s] Level 1:colcon.colcon_core.package_identification:_identify(.) by extension 'python'
[2.792s] Level 1:colcon.colcon_core.package_identification:_identify(.) by extensions ['python_setup_py']
[2.792s] Level 1:colcon.colcon_core.package_identification:_identify(.) by extension 'python_setup_py'
[2.792s] Level 1:colcon.colcon_core.package_identification:_identify(build) by extensions ['ignore', 'ignore_ament_install']
[2.792s] Level 1:colcon.colcon_core.package_identification:_identify(build) by extension 'ignore'
[2.792s] Level 1:colcon.colcon_core.package_identification:_identify(build) ignored
[2.792s] Level 1:colcon.colcon_core.package_identification:_identify(install) by extensions ['ignore', 'ignore_ament_install']
[2.793s] Level 1:colcon.colcon_core.package_identification:_identify(install) by extension 'ignore'
[2.793s] Level 1:colcon.colcon_core.package_identification:_identify(install) ignored
[2.793s] Level 1:colcon.colcon_core.package_identification:_identify(log) by extensions ['ignore', 'ignore_ament_install']
[2.793s] Level 1:colcon.colcon_core.package_identification:_identify(log) by extension 'ignore'
[2.793s] Level 1:colcon.colcon_core.package_identification:_identify(log) ignored
[2.793s] Level 1:colcon.colcon_core.package_identification:_identify(src) by extensions ['ignore', 'ignore_ament_install']
[2.794s] Level 1:colcon.colcon_core.package_identification:_identify(src) by extension 'ignore'
[2.794s] Level 1:colcon.colcon_core.package_identification:_identify(src) by extension 'ignore_ament_install'
[2.794s] Level 1:colcon.colcon_core.package_identification:_identify(src) by extensions ['colcon_pkg']
[2.794s] Level 1:colcon.colcon_core.package_identification:_identify(src) by extension 'colcon_pkg'
[2.794s] Level 1:colcon.colcon_core.package_identification:_identify(src) by extensions ['colcon_meta']
[2.794s] Level 1:colcon.colcon_core.package_identification:_identify(src) by extension 'colcon_meta'
[2.794s] Level 1:colcon.colcon_core.package_identification:_identify(src) by extensions ['ros']
[2.794s] Level 1:colcon.colcon_core.package_identification:_identify(src) by extension 'ros'
[2.794s] Level 1:colcon.colcon_core.package_identification:_identify(src) by extensions ['cmake', 'python']
[2.794s] Level 1:colcon.colcon_core.package_identification:_identify(src) by extension 'cmake'
[2.794s] Level 1:colcon.colcon_core.package_identification:_identify(src) by extension 'python'
[2.794s] Level 1:colcon.colcon_core.package_identification:_identify(src) by extensions ['python_setup_py']
[2.794s] Level 1:colcon.colcon_core.package_identification:_identify(src) by extension 'python_setup_py'
[2.795s] Level 1:colcon.colcon_core.package_identification:_identify(src/Hivebot) by extensions ['ignore', 'ignore_ament_install']
[2.795s] Level 1:colcon.colcon_core.package_identification:_identify(src/Hivebot) by extension 'ignore'
[2.795s] Level 1:colcon.colcon_core.package_identification:_identify(src/Hivebot) by extension 'ignore_ament_install'
[2.795s] Level 1:colcon.colcon_core.package_identification:_identify(src/Hivebot) by extensions ['colcon_pkg']
[2.795s] Level 1:colcon.colcon_core.package_identification:_identify(src/Hivebot) by extension 'colcon_pkg'
[2.795s] Level 1:colcon.colcon_core.package_identification:_identify(src/Hivebot) by extensions ['colcon_meta']
[2.795s] Level 1:colcon.colcon_core.package_identification:_identify(src/Hivebot) by extension 'colcon_meta'
[2.795s] Level 1:colcon.colcon_core.package_identification:_identify(src/Hivebot) by extensions ['ros']
[2.795s] Level 1:colcon.colcon_core.package_identification:_identify(src/Hivebot) by extension 'ros'
[2.800s] DEBUG:colcon.colcon_core.package_identification:Package 'src/Hivebot' with type 'ros.ament_cmake' and name 'articubot_one'
[2.800s] Level 1:colcon.colcon_core.package_identification:_identify(src/universal) by extensions ['ignore', 'ignore_ament_install']
[2.800s] Level 1:colcon.colcon_core.package_identification:_identify(src/universal) by extension 'ignore'
[2.800s] Level 1:colcon.colcon_core.package_identification:_identify(src/universal) by extension 'ignore_ament_install'
[2.800s] Level 1:colcon.colcon_core.package_identification:_identify(src/universal) by extensions ['colcon_pkg']
[2.800s] Level 1:colcon.colcon_core.package_identification:_identify(src/universal) by extension 'colcon_pkg'
[2.800s] Level 1:colcon.colcon_core.package_identification:_identify(src/universal) by extensions ['colcon_meta']
[2.800s] Level 1:colcon.colcon_core.package_identification:_identify(src/universal) by extension 'colcon_meta'
[2.801s] Level 1:colcon.colcon_core.package_identification:_identify(src/universal) by extensions ['ros']
[2.801s] Level 1:colcon.colcon_core.package_identification:_identify(src/universal) by extension 'ros'
[2.802s] DEBUG:colcon.colcon_core.package_identification:Package 'src/universal' with type 'ros.ament_cmake' and name 'universal'
[2.802s] Level 1:colcon.colcon_core.package_discovery:discover_packages(recursive) using defaults
[2.802s] Level 1:colcon.colcon_core.package_discovery:discover_packages(ignore) discover
[2.802s] Level 1:colcon.colcon_core.package_discovery:discover_packages(ignore) using defaults
[2.802s] Level 1:colcon.colcon_core.package_discovery:discover_packages(path) discover
[2.802s] Level 1:colcon.colcon_core.package_discovery:discover_packages(path) using defaults
[2.992s] Level 1:colcon.colcon_core.package_discovery:discover_packages(prefix_path) check parameters
[2.993s] Level 1:colcon.colcon_core.package_discovery:discover_packages(prefix_path) discover
[3.051s] DEBUG:colcon.colcon_installed_package_information.package_discovery:Found 3 installed packages in /home/zuman/hivebot_ws/install
[3.084s] DEBUG:colcon.colcon_installed_package_information.package_discovery:Found 435 installed packages in /opt/ros/humble
[3.087s] Level 1:colcon.colcon_core.package_discovery:discover_packages(prefix_path) using defaults
[3.453s] Level 5:colcon.colcon_core.verb:set package 'articubot_one' build argument 'cmake_args' from command line to 'None'
[3.453s] Level 5:colcon.colcon_core.verb:set package 'articubot_one' build argument 'cmake_target' from command line to 'None'
[3.453s] Level 5:colcon.colcon_core.verb:set package 'articubot_one' build argument 'cmake_target_skip_unavailable' from command line to 'False'
[3.453s] Level 5:colcon.colcon_core.verb:set package 'articubot_one' build argument 'cmake_clean_cache' from command line to 'False'
[3.454s] Level 5:colcon.colcon_core.verb:set package 'articubot_one' build argument 'cmake_clean_first' from command line to 'False'
[3.454s] Level 5:colcon.colcon_core.verb:set package 'articubot_one' build argument 'cmake_force_configure' from command line to 'False'
[3.454s] Level 5:colcon.colcon_core.verb:set package 'articubot_one' build argument 'ament_cmake_args' from command line to 'None'
[3.454s] Level 5:colcon.colcon_core.verb:set package 'articubot_one' build argument 'catkin_cmake_args' from command line to 'None'
[3.454s] Level 5:colcon.colcon_core.verb:set package 'articubot_one' build argument 'catkin_skip_building_tests' from command line to 'False'
[3.454s] DEBUG:colcon.colcon_core.verb:Building package 'articubot_one' with the following arguments: {'ament_cmake_args': None, 'build_base': '/home/zuman/hivebot_ws/build/articubot_one', 'catkin_cmake_args': None, 'catkin_skip_building_tests': False, 'cmake_args': None, 'cmake_clean_cache': False, 'cmake_clean_first': False, 'cmake_force_configure': False, 'cmake_target': None, 'cmake_target_skip_unavailable': False, 'install_base': '/home/zuman/hivebot_ws/install/articubot_one', 'merge_install': False, 'path': '/home/zuman/hivebot_ws/src/Hivebot', 'symlink_install': True, 'test_result_base': None}
[3.482s] Level 5:colcon.colcon_core.verb:set package 'universal' build argument 'cmake_args' from command line to 'None'
[3.482s] Level 5:colcon.colcon_core.verb:set package 'universal' build argument 'cmake_target' from command line to 'None'
[3.483s] Level 5:colcon.colcon_core.verb:set package 'universal' build argument 'cmake_target_skip_unavailable' from command line to 'False'
[3.483s] Level 5:colcon.colcon_core.verb:set package 'universal' build argument 'cmake_clean_cache' from command line to 'False'
[3.483s] Level 5:colcon.colcon_core.verb:set package 'universal' build argument 'cmake_clean_first' from command line to 'False'
[3.483s] Level 5:colcon.colcon_core.verb:set package 'universal' build argument 'cmake_force_configure' from command line to 'False'
[3.483s] Level 5:colcon.colcon_core.verb:set package 'universal' build argument 'ament_cmake_args' from command line to 'None'
[3.483s] Level 5:colcon.colcon_core.verb:set package 'universal' build argument 'catkin_cmake_args' from command line to 'None'
[3.483s] Level 5:colcon.colcon_core.verb:set package 'universal' build argument 'catkin_skip_building_tests' from command line to 'False'
[3.483s] DEBUG:colcon.colcon_core.verb:Building package 'universal' with the following arguments: {'ament_cmake_args': None, 'build_base': '/home/zuman/hivebot_ws/build/universal', 'catkin_cmake_args': None, 'catkin_skip_building_tests': False, 'cmake_args': None, 'cmake_clean_cache': False, 'cmake_clean_first': False, 'cmake_force_configure': False, 'cmake_target': None, 'cmake_target_skip_unavailable': False, 'install_base': '/home/zuman/hivebot_ws/install/universal', 'merge_install': False, 'path': '/home/zuman/hivebot_ws/src/universal', 'symlink_install': True, 'test_result_base': None}
[3.517s] INFO:colcon.colcon_core.executor:Executing jobs using 'parallel' executor
[3.547s] DEBUG:colcon.colcon_parallel_executor.executor.parallel:run_until_complete
[3.547s] INFO:colcon.colcon_ros.task.ament_cmake.build:Building ROS package in '/home/zuman/hivebot_ws/src/Hivebot' with build type 'ament_cmake'
[3.548s] INFO:colcon.colcon_cmake.task.cmake.build:Building CMake package in '/home/zuman/hivebot_ws/src/Hivebot'
[3.583s] INFO:colcon.colcon_core.plugin_system:Skipping extension 'colcon_core.shell.bat': Not used on non-Windows systems
[3.583s] INFO:colcon.colcon_core.shell:Skip shell extension 'powershell' for command environment: Not usable outside of PowerShell
[3.583s] DEBUG:colcon.colcon_core.shell:Skip shell extension 'dsv' for command environment
[3.682s] INFO:colcon.colcon_ros.task.ament_cmake.build:Building ROS package in '/home/zuman/hivebot_ws/src/universal' with build type 'ament_cmake'
[3.683s] INFO:colcon.colcon_cmake.task.cmake.build:Building CMake package in '/home/zuman/hivebot_ws/src/universal'
[3.721s] INFO:colcon.colcon_core.shell:Skip shell extension 'powershell' for command environment: Not usable outside of PowerShell
[3.721s] DEBUG:colcon.colcon_core.shell:Skip shell extension 'dsv' for command environment
[3.823s] DEBUG:colcon.colcon_core.event_handler.log_command:Invoking command in '/home/zuman/hivebot_ws/build/articubot_one': CMAKE_PREFIX_PATH=${CMAKE_PREFIX_PATH}:/opt/ros/humble /usr/bin/cmake --build /home/zuman/hivebot_ws/build/articubot_one -- -j6 -l6
[3.831s] DEBUG:colcon.colcon_core.event_handler.log_command:Invoking command in '/home/zuman/hivebot_ws/build/universal': CMAKE_PREFIX_PATH=${CMAKE_PREFIX_PATH}:/opt/ros/humble /usr/bin/cmake /home/zuman/hivebot_ws/src/universal -DAMENT_CMAKE_SYMLINK_INSTALL=1 -DCMAKE_INSTALL_PREFIX=/home/zuman/hivebot_ws/install/universal
[3.889s] DEBUG:colcon.colcon_core.event_handler.log_command:Invoked command in '/home/zuman/hivebot_ws/build/articubot_one' returned '0': CMAKE_PREFIX_PATH=${CMAKE_PREFIX_PATH}:/opt/ros/humble /usr/bin/cmake --build /home/zuman/hivebot_ws/build/articubot_one -- -j6 -l6
[3.937s] DEBUG:colcon.colcon_core.event_handler.log_command:Invoking command in '/home/zuman/hivebot_ws/build/articubot_one': CMAKE_PREFIX_PATH=${CMAKE_PREFIX_PATH}:/opt/ros/humble /usr/bin/cmake --install /home/zuman/hivebot_ws/build/articubot_one
[3.975s] Level 1:colcon.colcon_core.environment:create_environment_scripts_only(articubot_one)
[3.977s] DEBUG:colcon.colcon_core.event_handler.log_command:Invoked command in '/home/zuman/hivebot_ws/build/articubot_one' returned '0': CMAKE_PREFIX_PATH=${CMAKE_PREFIX_PATH}:/opt/ros/humble /usr/bin/cmake --install /home/zuman/hivebot_ws/build/articubot_one
[4.010s] Level 1:colcon.colcon_core.environment:checking '/home/zuman/hivebot_ws/install/articubot_one' for CMake module files
[4.010s] Level 1:colcon.colcon_core.environment:checking '/home/zuman/hivebot_ws/install/articubot_one' for CMake config files
[4.011s] Level 1:colcon.colcon_core.shell:create_environment_hook('articubot_one', 'cmake_prefix_path')
[4.043s] INFO:colcon.colcon_core.shell:Creating environment hook '/home/zuman/hivebot_ws/install/articubot_one/share/articubot_one/hook/cmake_prefix_path.ps1'
[4.044s] INFO:colcon.colcon_core.shell:Creating environment descriptor '/home/zuman/hivebot_ws/install/articubot_one/share/articubot_one/hook/cmake_prefix_path.dsv'
[4.044s] INFO:colcon.colcon_core.shell:Creating environment hook '/home/zuman/hivebot_ws/install/articubot_one/share/articubot_one/hook/cmake_prefix_path.sh'
[4.046s] Level 1:colcon.colcon_core.environment:checking '/home/zuman/hivebot_ws/install/articubot_one/bin'
[4.046s] Level 1:colcon.colcon_core.environment:checking '/home/zuman/hivebot_ws/install/articubot_one/lib/pkgconfig/articubot_one.pc'
[4.046s] Level 1:colcon.colcon_core.environment:checking '/home/zuman/hivebot_ws/install/articubot_one/lib/python3.10/site-packages'
[4.047s] Level 1:colcon.colcon_core.environment:checking '/home/zuman/hivebot_ws/install/articubot_one/bin'
[4.076s] INFO:colcon.colcon_core.shell:Creating package script '/home/zuman/hivebot_ws/install/articubot_one/share/articubot_one/package.ps1'
[4.077s] INFO:colcon.colcon_core.shell:Creating package descriptor '/home/zuman/hivebot_ws/install/articubot_one/share/articubot_one/package.dsv'
[4.078s] INFO:colcon.colcon_core.shell:Creating package script '/home/zuman/hivebot_ws/install/articubot_one/share/articubot_one/package.sh'
[4.079s] INFO:colcon.colcon_core.shell:Creating package script '/home/zuman/hivebot_ws/install/articubot_one/share/articubot_one/package.bash'
[4.080s] INFO:colcon.colcon_core.shell:Creating package script '/home/zuman/hivebot_ws/install/articubot_one/share/articubot_one/package.zsh'
[4.081s] Level 1:colcon.colcon_core.environment:create_file_with_runtime_dependencies(/home/zuman/hivebot_ws/install/articubot_one/share/colcon-core/packages/articubot_one)
[4.147s] Level 1:colcon.colcon_core.environment:create_environment_scripts_only(articubot_one)
[4.179s] Level 1:colcon.colcon_core.environment:checking '/home/zuman/hivebot_ws/install/articubot_one' for CMake module files
[4.180s] Level 1:colcon.colcon_core.environment:checking '/home/zuman/hivebot_ws/install/articubot_one' for CMake config files
[4.180s] Level 1:colcon.colcon_core.shell:create_environment_hook('articubot_one', 'cmake_prefix_path')
[4.209s] INFO:colcon.colcon_core.shell:Creating environment hook '/home/zuman/hivebot_ws/install/articubot_one/share/articubot_one/hook/cmake_prefix_path.ps1'
[4.210s] INFO:colcon.colcon_core.shell:Creating environment descriptor '/home/zuman/hivebot_ws/install/articubot_one/share/articubot_one/hook/cmake_prefix_path.dsv'
[4.211s] INFO:colcon.colcon_core.shell:Creating environment hook '/home/zuman/hivebot_ws/install/articubot_one/share/articubot_one/hook/cmake_prefix_path.sh'
[4.212s] Level 1:colcon.colcon_core.environment:checking '/home/zuman/hivebot_ws/install/articubot_one/bin'
[4.212s] Level 1:colcon.colcon_core.environment:checking '/home/zuman/hivebot_ws/install/articubot_one/lib/pkgconfig/articubot_one.pc'
[4.212s] Level 1:colcon.colcon_core.environment:checking '/home/zuman/hivebot_ws/install/articubot_one/lib/python3.10/site-packages'
[4.212s] Level 1:colcon.colcon_core.environment:checking '/home/zuman/hivebot_ws/install/articubot_one/bin'
[4.243s] INFO:colcon.colcon_core.shell:Creating package script '/home/zuman/hivebot_ws/install/articubot_one/share/articubot_one/package.ps1'
[4.244s] INFO:colcon.colcon_core.shell:Creating package descriptor '/home/zuman/hivebot_ws/install/articubot_one/share/articubot_one/package.dsv'
[4.245s] INFO:colcon.colcon_core.shell:Creating package script '/home/zuman/hivebot_ws/install/articubot_one/share/articubot_one/package.sh'
[4.245s] INFO:colcon.colcon_core.shell:Creating package script '/home/zuman/hivebot_ws/install/articubot_one/share/articubot_one/package.bash'
[4.246s] INFO:colcon.colcon_core.shell:Creating package script '/home/zuman/hivebot_ws/install/articubot_one/share/articubot_one/package.zsh'
[4.247s] Level 1:colcon.colcon_core.environment:create_file_with_runtime_dependencies(/home/zuman/hivebot_ws/install/articubot_one/share/colcon-core/packages/articubot_one)
[6.093s] DEBUG:colcon.colcon_core.event_handler.log_command:Invoked command in '/home/zuman/hivebot_ws/build/universal' returned '0': CMAKE_PREFIX_PATH=${CMAKE_PREFIX_PATH}:/opt/ros/humble /usr/bin/cmake /home/zuman/hivebot_ws/src/universal -DAMENT_CMAKE_SYMLINK_INSTALL=1 -DCMAKE_INSTALL_PREFIX=/home/zuman/hivebot_ws/install/universal
[6.094s] DEBUG:colcon.colcon_core.event_handler.log_command:Invoking command in '/home/zuman/hivebot_ws/build/universal': CMAKE_PREFIX_PATH=${CMAKE_PREFIX_PATH}:/opt/ros/humble /usr/bin/cmake --build /home/zuman/hivebot_ws/build/universal -- -j6 -l6
[6.154s] DEBUG:colcon.colcon_core.event_handler.log_command:Invoked command in '/home/zuman/hivebot_ws/build/universal' returned '0': CMAKE_PREFIX_PATH=${CMAKE_PREFIX_PATH}:/opt/ros/humble /usr/bin/cmake --build /home/zuman/hivebot_ws/build/universal -- -j6 -l6
[6.187s] DEBUG:colcon.colcon_core.event_handler.log_command:Invoking command in '/home/zuman/hivebot_ws/build/universal': CMAKE_PREFIX_PATH=${CMAKE_PREFIX_PATH}:/opt/ros/humble /usr/bin/cmake --install /home/zuman/hivebot_ws/build/universal
[8.733s] Level 1:colcon.colcon_core.environment:create_environment_scripts_only(universal)
[8.735s] DEBUG:colcon.colcon_core.event_handler.log_command:Invoked command in '/home/zuman/hivebot_ws/build/universal' returned '0': CMAKE_PREFIX_PATH=${CMAKE_PREFIX_PATH}:/opt/ros/humble /usr/bin/cmake --install /home/zuman/hivebot_ws/build/universal
[8.768s] Level 1:colcon.colcon_core.environment:checking '/home/zuman/hivebot_ws/install/universal' for CMake module files
[8.769s] Level 1:colcon.colcon_core.environment:checking '/home/zuman/hivebot_ws/install/universal' for CMake config files
[8.772s] Level 1:colcon.colcon_core.shell:create_environment_hook('universal', 'cmake_prefix_path')
[8.803s] INFO:colcon.colcon_core.shell:Creating environment hook '/home/zuman/hivebot_ws/install/universal/share/universal/hook/cmake_prefix_path.ps1'
[8.804s] INFO:colcon.colcon_core.shell:Creating environment descriptor '/home/zuman/hivebot_ws/install/universal/share/universal/hook/cmake_prefix_path.dsv'
[8.804s] INFO:colcon.colcon_core.shell:Creating environment hook '/home/zuman/hivebot_ws/install/universal/share/universal/hook/cmake_prefix_path.sh'
[8.805s] Level 1:colcon.colcon_core.environment:checking '/home/zuman/hivebot_ws/install/universal/bin'
[8.805s] Level 1:colcon.colcon_core.environment:checking '/home/zuman/hivebot_ws/install/universal/lib/pkgconfig/universal.pc'
[8.806s] Level 1:colcon.colcon_core.environment:checking '/home/zuman/hivebot_ws/install/universal/lib/python3.10/site-packages'
[8.808s] Level 1:colcon.colcon_core.environment:checking '/home/zuman/hivebot_ws/install/universal/bin'
[8.841s] INFO:colcon.colcon_core.shell:Creating package script '/home/zuman/hivebot_ws/install/universal/share/universal/package.ps1'
[8.842s] INFO:colcon.colcon_core.shell:Creating package descriptor '/home/zuman/hivebot_ws/install/universal/share/universal/package.dsv'
[8.842s] INFO:colcon.colcon_core.shell:Creating package script '/home/zuman/hivebot_ws/install/universal/share/universal/package.sh'
[8.843s] INFO:colcon.colcon_core.shell:Creating package script '/home/zuman/hivebot_ws/install/universal/share/universal/package.bash'
[8.843s] INFO:colcon.colcon_core.shell:Creating package script '/home/zuman/hivebot_ws/install/universal/share/universal/package.zsh'
[8.844s] Level 1:colcon.colcon_core.environment:create_file_with_runtime_dependencies(/home/zuman/hivebot_ws/install/universal/share/colcon-core/packages/universal)
[8.915s] Level 1:colcon.colcon_core.environment:create_environment_scripts_only(universal)
[8.947s] Level 1:colcon.colcon_core.environment:checking '/home/zuman/hivebot_ws/install/universal' for CMake module files
[8.948s] Level 1:colcon.colcon_core.environment:checking '/home/zuman/hivebot_ws/install/universal' for CMake config files
[8.951s] Level 1:colcon.colcon_core.shell:create_environment_hook('universal', 'cmake_prefix_path')
[8.981s] INFO:colcon.colcon_core.shell:Creating environment hook '/home/zuman/hivebot_ws/install/universal/share/universal/hook/cmake_prefix_path.ps1'
[8.983s] INFO:colcon.colcon_core.shell:Creating environment descriptor '/home/zuman/hivebot_ws/install/universal/share/universal/hook/cmake_prefix_path.dsv'
[8.983s] INFO:colcon.colcon_core.shell:Creating environment hook '/home/zuman/hivebot_ws/install/universal/share/universal/hook/cmake_prefix_path.sh'
[8.984s] Level 1:colcon.colcon_core.environment:checking '/home/zuman/hivebot_ws/install/universal/bin'
[8.985s] Level 1:colcon.colcon_core.environment:checking '/home/zuman/hivebot_ws/install/universal/lib/pkgconfig/universal.pc'
[8.985s] Level 1:colcon.colcon_core.environment:checking '/home/zuman/hivebot_ws/install/universal/lib/python3.10/site-packages'
[8.986s] Level 1:colcon.colcon_core.environment:checking '/home/zuman/hivebot_ws/install/universal/bin'
[9.016s] INFO:colcon.colcon_core.shell:Creating package script '/home/zuman/hivebot_ws/install/universal/share/universal/package.ps1'
[9.018s] INFO:colcon.colcon_core.shell:Creating package descriptor '/home/zuman/hivebot_ws/install/universal/share/universal/package.dsv'
[9.019s] INFO:colcon.colcon_core.shell:Creating package script '/home/zuman/hivebot_ws/install/universal/share/universal/package.sh'
[9.019s] INFO:colcon.colcon_core.shell:Creating package script '/home/zuman/hivebot_ws/install/universal/share/universal/package.bash'
[9.020s] INFO:colcon.colcon_core.shell:Creating package script '/home/zuman/hivebot_ws/install/universal/share/universal/package.zsh'
[9.021s] Level 1:colcon.colcon_core.environment:create_file_with_runtime_dependencies(/home/zuman/hivebot_ws/install/universal/share/colcon-core/packages/universal)
[9.022s] DEBUG:colcon.colcon_parallel_executor.executor.parallel:closing loop
[9.022s] DEBUG:colcon.colcon_parallel_executor.executor.parallel:loop closed
[9.023s] DEBUG:colcon.colcon_parallel_executor.executor.parallel:run_until_complete finished with '0'
[9.024s] DEBUG:colcon.colcon_core.event_reactor:joining thread
[9.069s] INFO:colcon.colcon_core.plugin_system:Skipping extension 'colcon_notification.desktop_notification.terminal_notifier': Not used on non-Darwin systems
[9.069s] INFO:colcon.colcon_core.plugin_system:Skipping extension 'colcon_notification.desktop_notification.win32': Not used on non-Windows systems
[9.069s] INFO:colcon.colcon_notification.desktop_notification:Sending desktop notification using 'notify2'
[9.088s] DEBUG:colcon.colcon_core.event_reactor:joined thread
[9.124s] INFO:colcon.colcon_core.shell:Creating prefix script '/home/zuman/hivebot_ws/install/local_setup.ps1'
[9.126s] INFO:colcon.colcon_core.shell:Creating prefix util module '/home/zuman/hivebot_ws/install/_local_setup_util_ps1.py'
[9.129s] INFO:colcon.colcon_core.shell:Creating prefix chain script '/home/zuman/hivebot_ws/install/setup.ps1'
[9.180s] INFO:colcon.colcon_core.shell:Creating prefix script '/home/zuman/hivebot_ws/install/local_setup.sh'
[9.181s] INFO:colcon.colcon_core.shell:Creating prefix util module '/home/zuman/hivebot_ws/install/_local_setup_util_sh.py'
[9.182s] INFO:colcon.colcon_core.shell:Creating prefix chain script '/home/zuman/hivebot_ws/install/setup.sh'
[9.213s] INFO:colcon.colcon_core.shell:Creating prefix script '/home/zuman/hivebot_ws/install/local_setup.bash'
[9.214s] INFO:colcon.colcon_core.shell:Creating prefix chain script '/home/zuman/hivebot_ws/install/setup.bash'
[9.245s] INFO:colcon.colcon_core.shell:Creating prefix script '/home/zuman/hivebot_ws/install/local_setup.zsh'
[9.246s] INFO:colcon.colcon_core.shell:Creating prefix chain script '/home/zuman/hivebot_ws/install/setup.zsh'
