[0.111s] Invoking command in '/home/zuman/hivebot_ws/build/hivebot': CMAKE_PREFIX_PATH=/opt/ros/humble /usr/bin/cmake /home/zuman/hivebot_ws/src/Hivebot -DAMENT_CMAKE_SYMLINK_INSTALL=1 -DCMAKE_INSTALL_PREFIX=/home/zuman/hivebot_ws/install/hivebot
[0.327s] -- The C compiler identification is GNU 11.4.0
[0.437s] -- The CXX compiler identification is GNU 11.4.0
[0.461s] -- Detecting C compiler ABI info
[0.575s] -- Detecting C compiler ABI info - done
[0.585s] -- Check for working C compiler: /usr/bin/cc - skipped
[0.586s] -- Detecting C compile features
[0.588s] -- Detecting C compile features - done
[0.596s] -- Detecting CXX compiler ABI info
[0.746s] -- Detecting CXX compiler ABI info - done
[0.761s] -- Check for working CXX compiler: /usr/bin/c++ - skipped
[0.762s] -- Detecting CXX compile features
[0.762s] -- Detecting CXX compile features - done
[0.792s] -- Found ament_cmake: 1.3.8 (/opt/ros/humble/share/ament_cmake/cmake)
[1.047s] -- Found Python3: /usr/bin/python3 (found version "3.10.12") found components: Interpreter 
[1.169s] -- Override CMake install command with custom implementation using symlinks instead of copying resources
[1.258s] -- Found ament_lint_auto: 0.12.10 (/opt/ros/humble/share/ament_lint_auto/cmake)
[1.427s] -- Added test 'copyright' to check source files copyright and LICENSE
[1.439s] -- Added test 'flake8' to check Python code syntax and style conventions
[1.442s] -- Added test 'lint_cmake' to check CMake code style
[1.443s] -- Added test 'pep257' to check Python code against some of the docstring style conventions in PEP 257
[1.451s] -- Added test 'xmllint' to check XML markup files
[1.456s] -- Configuring done
[1.461s] -- Generating done
[1.465s] -- Build files have been written to: /home/zuman/hivebot_ws/build/hivebot
[1.478s] Invoked command in '/home/zuman/hivebot_ws/build/hivebot' returned '0': CMAKE_PREFIX_PATH=/opt/ros/humble /usr/bin/cmake /home/zuman/hivebot_ws/src/Hivebot -DAMENT_CMAKE_SYMLINK_INSTALL=1 -DCMAKE_INSTALL_PREFIX=/home/zuman/hivebot_ws/install/hivebot
[1.481s] Invoking command in '/home/zuman/hivebot_ws/build/hivebot': CMAKE_PREFIX_PATH=/opt/ros/humble /usr/bin/cmake --build /home/zuman/hivebot_ws/build/hivebot -- -j6 -l6
[1.559s] Invoked command in '/home/zuman/hivebot_ws/build/hivebot' returned '0': CMAKE_PREFIX_PATH=/opt/ros/humble /usr/bin/cmake --build /home/zuman/hivebot_ws/build/hivebot -- -j6 -l6
[1.616s] Invoking command in '/home/zuman/hivebot_ws/build/hivebot': CMAKE_PREFIX_PATH=/opt/ros/humble /usr/bin/cmake --install /home/zuman/hivebot_ws/build/hivebot
[1.630s] -- Install configuration: ""
[1.631s] -- Execute custom install script
[1.632s] -- Symlinking: /home/zuman/hivebot_ws/install/hivebot/share/hivebot/config/empty.yaml
[1.648s] -- Symlinking: /home/zuman/hivebot_ws/install/hivebot/share/hivebot/description/robot.urdf.xacro
[1.669s] -- Symlinking: /home/zuman/hivebot_ws/install/hivebot/share/hivebot/launch/rsp.launch.py
[1.687s] -- Symlinking: /home/zuman/hivebot_ws/install/hivebot/share/hivebot/worlds/empty.world
[1.703s] -- Symlinking: /home/zuman/hivebot_ws/install/hivebot/share/ament_index/resource_index/package_run_dependencies/hivebot
[1.719s] -- Symlinking: /home/zuman/hivebot_ws/install/hivebot/share/ament_index/resource_index/parent_prefix_path/hivebot
[1.736s] -- Symlinking: /home/zuman/hivebot_ws/install/hivebot/share/hivebot/environment/ament_prefix_path.sh
[1.756s] -- Symlinking: /home/zuman/hivebot_ws/install/hivebot/share/hivebot/environment/ament_prefix_path.dsv
[1.776s] -- Symlinking: /home/zuman/hivebot_ws/install/hivebot/share/hivebot/environment/path.sh
[1.791s] -- Symlinking: /home/zuman/hivebot_ws/install/hivebot/share/hivebot/environment/path.dsv
[1.809s] -- Symlinking: /home/zuman/hivebot_ws/install/hivebot/share/hivebot/local_setup.bash
[1.824s] -- Symlinking: /home/zuman/hivebot_ws/install/hivebot/share/hivebot/local_setup.sh
[1.841s] -- Symlinking: /home/zuman/hivebot_ws/install/hivebot/share/hivebot/local_setup.zsh
[1.857s] -- Symlinking: /home/zuman/hivebot_ws/install/hivebot/share/hivebot/local_setup.dsv
[1.876s] -- Symlinking: /home/zuman/hivebot_ws/install/hivebot/share/hivebot/package.dsv
[1.895s] -- Symlinking: /home/zuman/hivebot_ws/install/hivebot/share/ament_index/resource_index/packages/hivebot
[1.909s] -- Symlinking: /home/zuman/hivebot_ws/install/hivebot/share/hivebot/cmake/hivebotConfig.cmake
[1.925s] -- Symlinking: /home/zuman/hivebot_ws/install/hivebot/share/hivebot/cmake/hivebotConfig-version.cmake
[1.938s] -- Symlinking: /home/zuman/hivebot_ws/install/hivebot/share/hivebot/package.xml
[1.958s] Invoked command in '/home/zuman/hivebot_ws/build/hivebot' returned '0': CMAKE_PREFIX_PATH=/opt/ros/humble /usr/bin/cmake --install /home/zuman/hivebot_ws/build/hivebot
