[0.108s] Invoking command in '/home/zuman/hivebot_ws/build/move_robot': CMAKE_PREFIX_PATH=${CMAKE_PREFIX_PATH}:/home/zuman/hivebot_ws/install/toilet_detection:/home/zuman/hivebot_ws/install/ball_tracker:/opt/ros/humble /usr/bin/cmake --build /home/zuman/hivebot_ws/build/move_robot -- -j6 -l6
[0.128s] -- Found ament_cmake: 1.3.8 (/opt/ros/humble/share/ament_cmake/cmake)
[0.274s] -- Override CMake install command with custom implementation using symlinks instead of copying resources
[0.283s] -- Found ament_lint_auto: 0.12.10 (/opt/ros/humble/share/ament_lint_auto/cmake)
[0.366s] -- Added test 'flake8' to check Python code syntax and style conventions
[0.373s] -- Added test 'lint_cmake' to check CMake code style
[0.377s] -- Added test 'pep257' to check Python code against some of the docstring style conventions in PEP 257
[0.377s] -- Added test 'xmllint' to check XML markup files
[0.377s] -- Configuring done
[0.387s] -- Generating done
[0.387s] -- Build files have been written to: /home/zuman/hivebot_ws/build/move_robot
[0.643s] Invoked command in '/home/zuman/hivebot_ws/build/move_robot' returned '0': CMAKE_PREFIX_PATH=${CMAKE_PREFIX_PATH}:/home/zuman/hivebot_ws/install/toilet_detection:/home/zuman/hivebot_ws/install/ball_tracker:/opt/ros/humble /usr/bin/cmake --build /home/zuman/hivebot_ws/build/move_robot -- -j6 -l6
[0.673s] Invoking command in '/home/zuman/hivebot_ws/build/move_robot': CMAKE_PREFIX_PATH=${CMAKE_PREFIX_PATH}:/home/zuman/hivebot_ws/install/toilet_detection:/home/zuman/hivebot_ws/install/ball_tracker:/opt/ros/humble /usr/bin/cmake --install /home/zuman/hivebot_ws/build/move_robot
[0.682s] -- Install configuration: ""
[0.683s] -- Execute custom install script
[0.683s] -- Up-to-date symlink: /home/zuman/hivebot_ws/install/move_robot/share/ament_index/resource_index/package_run_dependencies/move_robot
[0.685s] -- Up-to-date symlink: /home/zuman/hivebot_ws/install/move_robot/share/ament_index/resource_index/parent_prefix_path/move_robot
[0.685s] -- Up-to-date symlink: /home/zuman/hivebot_ws/install/move_robot/share/move_robot/environment/ament_prefix_path.sh
[0.686s] -- Up-to-date symlink: /home/zuman/hivebot_ws/install/move_robot/share/move_robot/environment/ament_prefix_path.dsv
[0.686s] -- Up-to-date symlink: /home/zuman/hivebot_ws/install/move_robot/share/move_robot/environment/path.sh
[0.686s] -- Up-to-date symlink: /home/zuman/hivebot_ws/install/move_robot/share/move_robot/environment/path.dsv
[0.687s] -- Up-to-date symlink: /home/zuman/hivebot_ws/install/move_robot/share/move_robot/local_setup.bash
[0.687s] -- Up-to-date symlink: /home/zuman/hivebot_ws/install/move_robot/share/move_robot/local_setup.sh
[0.688s] -- Up-to-date symlink: /home/zuman/hivebot_ws/install/move_robot/share/move_robot/local_setup.zsh
[0.688s] -- Up-to-date symlink: /home/zuman/hivebot_ws/install/move_robot/share/move_robot/local_setup.dsv
[0.688s] -- Symlinking: /home/zuman/hivebot_ws/install/move_robot/share/move_robot/package.dsv
[0.696s] -- Up-to-date symlink: /home/zuman/hivebot_ws/install/move_robot/share/ament_index/resource_index/packages/move_robot
[0.697s] -- Up-to-date symlink: /home/zuman/hivebot_ws/install/move_robot/share/move_robot/cmake/move_robotConfig.cmake
[0.697s] -- Up-to-date symlink: /home/zuman/hivebot_ws/install/move_robot/share/move_robot/cmake/move_robotConfig-version.cmake
[0.697s] -- Up-to-date symlink: /home/zuman/hivebot_ws/install/move_robot/share/move_robot/package.xml
[0.697s] -- Up-to-date: /home/zuman/hivebot_ws/install/move_robot/share/move_robot/src
[0.697s] -- Up-to-date: /home/zuman/hivebot_ws/install/move_robot/share/move_robot/launch
[0.700s] Invoked command in '/home/zuman/hivebot_ws/build/move_robot' returned '0': CMAKE_PREFIX_PATH=${CMAKE_PREFIX_PATH}:/home/zuman/hivebot_ws/install/toilet_detection:/home/zuman/hivebot_ws/install/ball_tracker:/opt/ros/humble /usr/bin/cmake --install /home/zuman/hivebot_ws/build/move_robot
