[0.236s] Invoking command in '/home/zuman/hivebot_ws/build/gazebo_ros2_control': CMAKE_PREFIX_PATH=${CMAKE_PREFIX_PATH}:/home/zuman/hivebot_ws/install/toilet_detection:/home/zuman/hivebot_ws/install/ball_tracker:/opt/ros/humble /usr/bin/cmake --build /home/zuman/hivebot_ws/build/gazebo_ros2_control -- -j6 -l6
[0.280s] Invoked command in '/home/zuman/hivebot_ws/build/gazebo_ros2_control' returned '0': CMAKE_PREFIX_PATH=${CMAKE_PREFIX_PATH}:/home/zuman/hivebot_ws/install/toilet_detection:/home/zuman/hivebot_ws/install/ball_tracker:/opt/ros/humble /usr/bin/cmake --build /home/zuman/hivebot_ws/build/gazebo_ros2_control -- -j6 -l6
[0.340s] Invoking command in '/home/zuman/hivebot_ws/build/gazebo_ros2_control': CMAKE_PREFIX_PATH=${CMAKE_PREFIX_PATH}:/home/zuman/hivebot_ws/install/toilet_detection:/home/zuman/hivebot_ws/install/ball_tracker:/opt/ros/humble /usr/bin/cmake --install /home/zuman/hivebot_ws/build/gazebo_ros2_control
[0.349s] -- Install configuration: "Debug"
[0.350s] -- Execute custom install script
[0.350s] -- Up-to-date symlink: /home/zuman/hivebot_ws/install/gazebo_ros2_control/share/ament_index/resource_index/package_run_dependencies/gazebo_ros2_control
[0.350s] -- Up-to-date symlink: /home/zuman/hivebot_ws/install/gazebo_ros2_control/share/ament_index/resource_index/parent_prefix_path/gazebo_ros2_control
[0.351s] -- Up-to-date symlink: /home/zuman/hivebot_ws/install/gazebo_ros2_control/share/gazebo_ros2_control/environment/ament_prefix_path.sh
[0.352s] -- Up-to-date symlink: /home/zuman/hivebot_ws/install/gazebo_ros2_control/share/gazebo_ros2_control/environment/ament_prefix_path.dsv
[0.352s] -- Up-to-date symlink: /home/zuman/hivebot_ws/install/gazebo_ros2_control/share/gazebo_ros2_control/environment/path.sh
[0.359s] -- Up-to-date symlink: /home/zuman/hivebot_ws/install/gazebo_ros2_control/share/gazebo_ros2_control/environment/path.dsv
[0.359s] -- Up-to-date symlink: /home/zuman/hivebot_ws/install/gazebo_ros2_control/share/gazebo_ros2_control/local_setup.bash
[0.359s] -- Up-to-date symlink: /home/zuman/hivebot_ws/install/gazebo_ros2_control/share/gazebo_ros2_control/local_setup.sh
[0.359s] -- Up-to-date symlink: /home/zuman/hivebot_ws/install/gazebo_ros2_control/share/gazebo_ros2_control/local_setup.zsh
[0.360s] -- Up-to-date symlink: /home/zuman/hivebot_ws/install/gazebo_ros2_control/share/gazebo_ros2_control/local_setup.dsv
[0.360s] -- Symlinking: /home/zuman/hivebot_ws/install/gazebo_ros2_control/share/gazebo_ros2_control/package.dsv
[0.375s] -- Up-to-date symlink: /home/zuman/hivebot_ws/install/gazebo_ros2_control/share/ament_index/resource_index/packages/gazebo_ros2_control
[0.376s] -- Up-to-date symlink: /home/zuman/hivebot_ws/install/gazebo_ros2_control/share/gazebo_ros2_control/cmake/gazebo_ros2_controlConfig.cmake
[0.377s] -- Up-to-date symlink: /home/zuman/hivebot_ws/install/gazebo_ros2_control/share/gazebo_ros2_control/cmake/gazebo_ros2_controlConfig-version.cmake
[0.379s] -- Up-to-date symlink: /home/zuman/hivebot_ws/install/gazebo_ros2_control/share/gazebo_ros2_control/package.xml
[0.482s] Invoked command in '/home/zuman/hivebot_ws/build/gazebo_ros2_control' returned '0': CMAKE_PREFIX_PATH=${CMAKE_PREFIX_PATH}:/home/zuman/hivebot_ws/install/toilet_detection:/home/zuman/hivebot_ws/install/ball_tracker:/opt/ros/humble /usr/bin/cmake --install /home/zuman/hivebot_ws/build/gazebo_ros2_control
