[0.109s] Invoking command in '/home/zuman/hivebot_ws/build/move_robot': CMAKE_PREFIX_PATH=${CMAKE_PREFIX_PATH}:/home/zuman/hivebot_ws/install/toilet_detection:/home/zuman/hivebot_ws/install/ball_tracker:/opt/ros/humble /usr/bin/cmake /home/zuman/hivebot_ws/src/move_robot -DAMENT_CMAKE_SYMLINK_INSTALL=1 -DCMAKE_INSTALL_PREFIX=/home/zuman/hivebot_ws/install/move_robot
[0.180s] -- The C compiler identification is GNU 11.4.0
[0.246s] -- The CXX compiler identification is GNU 11.4.0
[0.252s] -- Detecting C compiler ABI info
[0.332s] -- Detecting C compiler ABI info - done
[0.333s] -- Check for working C compiler: /usr/bin/cc - skipped
[0.333s] -- Detecting C compile features
[0.336s] -- Detecting C compile features - done
[0.336s] -- Detecting CXX compiler ABI info
[0.423s] -- Detecting CXX compiler ABI info - done
[0.423s] -- Check for working CXX compiler: /usr/bin/c++ - skipped
[0.423s] -- Detecting CXX compile features
[0.424s] -- Detecting CXX compile features - done
[0.429s] -- Found ament_cmake: 1.3.8 (/opt/ros/humble/share/ament_cmake/cmake)
[0.594s] -- Found Python3: /usr/bin/python3 (found version "3.10.12") found components: Interpreter 
[0.666s] -- Override CMake install command with custom implementation using symlinks instead of copying resources
[0.720s] -- Found ament_lint_auto: 0.12.10 (/opt/ros/humble/share/ament_lint_auto/cmake)
[0.813s] -- Added test 'flake8' to check Python code syntax and style conventions
[0.814s] -- Added test 'lint_cmake' to check CMake code style
[0.814s] -- Added test 'pep257' to check Python code against some of the docstring style conventions in PEP 257
[0.816s] -- Added test 'xmllint' to check XML markup files
[0.818s] -- Configuring done
[0.821s] -- Generating done
[0.821s] -- Build files have been written to: /home/zuman/hivebot_ws/build/move_robot
[0.857s] Invoked command in '/home/zuman/hivebot_ws/build/move_robot' returned '0': CMAKE_PREFIX_PATH=${CMAKE_PREFIX_PATH}:/home/zuman/hivebot_ws/install/toilet_detection:/home/zuman/hivebot_ws/install/ball_tracker:/opt/ros/humble /usr/bin/cmake /home/zuman/hivebot_ws/src/move_robot -DAMENT_CMAKE_SYMLINK_INSTALL=1 -DCMAKE_INSTALL_PREFIX=/home/zuman/hivebot_ws/install/move_robot
[0.858s] Invoking command in '/home/zuman/hivebot_ws/build/move_robot': CMAKE_PREFIX_PATH=${CMAKE_PREFIX_PATH}:/home/zuman/hivebot_ws/install/toilet_detection:/home/zuman/hivebot_ws/install/ball_tracker:/opt/ros/humble /usr/bin/cmake --build /home/zuman/hivebot_ws/build/move_robot -- -j6 -l6
[0.897s] Invoked command in '/home/zuman/hivebot_ws/build/move_robot' returned '0': CMAKE_PREFIX_PATH=${CMAKE_PREFIX_PATH}:/home/zuman/hivebot_ws/install/toilet_detection:/home/zuman/hivebot_ws/install/ball_tracker:/opt/ros/humble /usr/bin/cmake --build /home/zuman/hivebot_ws/build/move_robot -- -j6 -l6
[0.921s] Invoking command in '/home/zuman/hivebot_ws/build/move_robot': CMAKE_PREFIX_PATH=${CMAKE_PREFIX_PATH}:/home/zuman/hivebot_ws/install/toilet_detection:/home/zuman/hivebot_ws/install/ball_tracker:/opt/ros/humble /usr/bin/cmake --install /home/zuman/hivebot_ws/build/move_robot
[0.927s] -- Install configuration: ""
[0.928s] -- Execute custom install script
[0.928s] -- Symlinking: /home/zuman/hivebot_ws/install/move_robot/share/ament_index/resource_index/package_run_dependencies/move_robot
[0.940s] -- Symlinking: /home/zuman/hivebot_ws/install/move_robot/share/ament_index/resource_index/parent_prefix_path/move_robot
[0.949s] -- Symlinking: /home/zuman/hivebot_ws/install/move_robot/share/move_robot/environment/ament_prefix_path.sh
[0.958s] -- Symlinking: /home/zuman/hivebot_ws/install/move_robot/share/move_robot/environment/ament_prefix_path.dsv
[0.967s] -- Symlinking: /home/zuman/hivebot_ws/install/move_robot/share/move_robot/environment/path.sh
[0.975s] -- Symlinking: /home/zuman/hivebot_ws/install/move_robot/share/move_robot/environment/path.dsv
[0.983s] -- Symlinking: /home/zuman/hivebot_ws/install/move_robot/share/move_robot/local_setup.bash
[0.991s] -- Symlinking: /home/zuman/hivebot_ws/install/move_robot/share/move_robot/local_setup.sh
[0.999s] -- Symlinking: /home/zuman/hivebot_ws/install/move_robot/share/move_robot/local_setup.zsh
[1.007s] -- Symlinking: /home/zuman/hivebot_ws/install/move_robot/share/move_robot/local_setup.dsv
[1.015s] -- Symlinking: /home/zuman/hivebot_ws/install/move_robot/share/move_robot/package.dsv
[1.023s] -- Symlinking: /home/zuman/hivebot_ws/install/move_robot/share/ament_index/resource_index/packages/move_robot
[1.032s] -- Symlinking: /home/zuman/hivebot_ws/install/move_robot/share/move_robot/cmake/move_robotConfig.cmake
[1.042s] -- Symlinking: /home/zuman/hivebot_ws/install/move_robot/share/move_robot/cmake/move_robotConfig-version.cmake
[1.051s] -- Symlinking: /home/zuman/hivebot_ws/install/move_robot/share/move_robot/package.xml
[1.061s] Invoked command in '/home/zuman/hivebot_ws/build/move_robot' returned '0': CMAKE_PREFIX_PATH=${CMAKE_PREFIX_PATH}:/home/zuman/hivebot_ws/install/toilet_detection:/home/zuman/hivebot_ws/install/ball_tracker:/opt/ros/humble /usr/bin/cmake --install /home/zuman/hivebot_ws/build/move_robot
