[0.161s] Invoking command in '/home/zuman/hivebot_ws/build/hello_moveit': CMAKE_PREFIX_PATH=${CMAKE_PREFIX_PATH}:/home/zuman/hivebot_ws/install/toilet_detection:/home/zuman/hivebot_ws/install/ball_tracker:/opt/ros/humble /usr/bin/cmake --build /home/zuman/hivebot_ws/build/hello_moveit -- -j6 -l6
[0.228s] [35m[1mConsolidate compiler generated dependencies of target hello_moveit[0m
[0.267s] [ 50%] [32mBuilding CXX object CMakeFiles/hello_moveit.dir/src/hello_moveit.cpp.o[0m
[7.259s] [01m[K/home/zuman/hivebot_ws/src/hello_moveit/src/hello_moveit.cpp:[m[K In function ‘[01m[Kint main(int, char**)[m[K’:
[7.259s] [01m[K/home/zuman/hivebot_ws/src/hello_moveit/src/hello_moveit.cpp:26:101:[m[K [01;35m[Kwarning: [m[K‘[01m[Kusing MoveItErrorCode = class moveit::core::MoveItErrorCode[m[K’ is deprecated: Use moveit::core::MoveItErrorCode [[01;35m[K]8;;https://gcc.gnu.org/onlinedocs/gcc/Warning-Options.html#index-Wdeprecated-declarations-Wdeprecated-declarations]8;;[m[K]
[7.259s]    26 | up_interface.plan(plan) == moveit::planning_interface::MoveItErrorCode::[01;35m[KSUCCESS[m[K);
[7.259s]       |                                                                         [01;35m[K^~~~~~~[m[K
[7.259s] 
[7.259s] In file included from [01m[K/home/zuman/hivebot_ws/src/hello_moveit/src/hello_moveit.cpp:3[m[K:
[7.259s] [01m[K/opt/ros/humble/include/moveit/move_group_interface/move_group_interface.h:71:7:[m[K [01;36m[Knote: [m[Kdeclared here
[7.259s]    71 | using [01;36m[KMoveItErrorCode[m[K [[deprecated("Use moveit::core::MoveItErrorCode")]] = moveit::core::MoveItErrorCode;
[7.260s]       |       [01;36m[K^~~~~~~~~~~~~~~[m[K
[12.254s] [100%] [32m[1mLinking CXX executable hello_moveit[0m
[12.776s] [100%] Built target hello_moveit
[12.794s] Invoked command in '/home/zuman/hivebot_ws/build/hello_moveit' returned '0': CMAKE_PREFIX_PATH=${CMAKE_PREFIX_PATH}:/home/zuman/hivebot_ws/install/toilet_detection:/home/zuman/hivebot_ws/install/ball_tracker:/opt/ros/humble /usr/bin/cmake --build /home/zuman/hivebot_ws/build/hello_moveit -- -j6 -l6
[12.837s] Invoking command in '/home/zuman/hivebot_ws/build/hello_moveit': CMAKE_PREFIX_PATH=${CMAKE_PREFIX_PATH}:/home/zuman/hivebot_ws/install/toilet_detection:/home/zuman/hivebot_ws/install/ball_tracker:/opt/ros/humble /usr/bin/cmake --install /home/zuman/hivebot_ws/build/hello_moveit
[12.846s] -- Install configuration: "Debug"
[12.846s] -- Execute custom install script
[12.847s] -- Up-to-date symlink: /home/zuman/hivebot_ws/install/hello_moveit/lib/hello_moveit/hello_moveit
[12.847s] -- Up-to-date symlink: /home/zuman/hivebot_ws/install/hello_moveit/share/ament_index/resource_index/package_run_dependencies/hello_moveit
[12.848s] -- Up-to-date symlink: /home/zuman/hivebot_ws/install/hello_moveit/share/ament_index/resource_index/parent_prefix_path/hello_moveit
[12.848s] -- Up-to-date symlink: /home/zuman/hivebot_ws/install/hello_moveit/share/hello_moveit/environment/ament_prefix_path.sh
[12.848s] -- Up-to-date symlink: /home/zuman/hivebot_ws/install/hello_moveit/share/hello_moveit/environment/ament_prefix_path.dsv
[12.848s] -- Up-to-date symlink: /home/zuman/hivebot_ws/install/hello_moveit/share/hello_moveit/environment/path.sh
[12.848s] -- Up-to-date symlink: /home/zuman/hivebot_ws/install/hello_moveit/share/hello_moveit/environment/path.dsv
[12.848s] -- Up-to-date symlink: /home/zuman/hivebot_ws/install/hello_moveit/share/hello_moveit/local_setup.bash
[12.848s] -- Up-to-date symlink: /home/zuman/hivebot_ws/install/hello_moveit/share/hello_moveit/local_setup.sh
[12.849s] -- Up-to-date symlink: /home/zuman/hivebot_ws/install/hello_moveit/share/hello_moveit/local_setup.zsh
[12.849s] -- Up-to-date symlink: /home/zuman/hivebot_ws/install/hello_moveit/share/hello_moveit/local_setup.dsv
[12.849s] -- Symlinking: /home/zuman/hivebot_ws/install/hello_moveit/share/hello_moveit/package.dsv
[12.868s] -- Up-to-date symlink: /home/zuman/hivebot_ws/install/hello_moveit/share/ament_index/resource_index/packages/hello_moveit
[12.868s] -- Up-to-date symlink: /home/zuman/hivebot_ws/install/hello_moveit/share/hello_moveit/cmake/hello_moveitConfig.cmake
[12.868s] -- Up-to-date symlink: /home/zuman/hivebot_ws/install/hello_moveit/share/hello_moveit/cmake/hello_moveitConfig-version.cmake
[12.868s] -- Up-to-date symlink: /home/zuman/hivebot_ws/install/hello_moveit/share/hello_moveit/package.xml
[12.873s] Invoked command in '/home/zuman/hivebot_ws/build/hello_moveit' returned '0': CMAKE_PREFIX_PATH=${CMAKE_PREFIX_PATH}:/home/zuman/hivebot_ws/install/toilet_detection:/home/zuman/hivebot_ws/install/ball_tracker:/opt/ros/humble /usr/bin/cmake --install /home/zuman/hivebot_ws/build/hello_moveit
