[1.910s] DEBUG:colcon:Command line arguments: ['/usr/bin/colcon', 'build', '--symlink-install']
[1.910s] DEBUG:colcon:Parsed command line arguments: Namespace(log_base=None, log_level=None, verb_name='build', build_base='build', install_base='install', merge_install=False, symlink_install=True, test_result_base=None, continue_on_error=False, executor='parallel', parallel_workers=6, event_handlers=None, ignore_user_meta=False, metas=['./colcon.meta'], base_paths=['.'], packages_ignore=None, packages_ignore_regex=None, paths=None, packages_up_to=None, packages_up_to_regex=None, packages_above=None, packages_above_and_dependencies=None, packages_above_depth=None, packages_select_by_dep=None, packages_skip_by_dep=None, packages_skip_up_to=None, packages_select_build_failed=False, packages_skip_build_finished=False, packages_select_test_failures=False, packages_skip_test_passed=False, packages_select=None, packages_skip=None, packages_select_regex=None, packages_skip_regex=None, packages_start=None, packages_end=None, allow_overriding=[], cmake_args=None, cmake_target=None, cmake_target_skip_unavailable=False, cmake_clean_cache=False, cmake_clean_first=False, cmake_force_configure=False, ament_cmake_args=None, catkin_cmake_args=None, catkin_skip_building_tests=False, mixin_files=None, mixin=None, verb_parser=<colcon_mixin.mixin.mixin_argument.MixinArgumentDecorator object at 0x7baac52b8370>, verb_extension=<colcon_core.verb.build.BuildVerb object at 0x7baac5bda050>, main=<bound method BuildVerb.main of <colcon_core.verb.build.BuildVerb object at 0x7baac5bda050>>, mixin_verb=('build',))
[1.987s] Level 1:colcon.colcon_core.package_discovery:discover_packages(colcon_meta) check parameters
[1.987s] Level 1:colcon.colcon_core.package_discovery:discover_packages(recursive) check parameters
[1.987s] Level 1:colcon.colcon_core.package_discovery:discover_packages(ignore) check parameters
[1.987s] Level 1:colcon.colcon_core.package_discovery:discover_packages(path) check parameters
[1.987s] Level 1:colcon.colcon_core.package_discovery:discover_packages(colcon_meta) discover
[1.987s] Level 1:colcon.colcon_core.package_discovery:discover_packages(recursive) discover
[1.987s] INFO:colcon.colcon_core.package_discovery:Crawling recursively for packages in '/home/zuman/hivebot_ws'
[1.987s] Level 1:colcon.colcon_core.package_identification:_identify(.) by extensions ['ignore', 'ignore_ament_install']
[1.987s] Level 1:colcon.colcon_core.package_identification:_identify(.) by extension 'ignore'
[1.988s] Level 1:colcon.colcon_core.package_identification:_identify(.) by extension 'ignore_ament_install'
[1.988s] Level 1:colcon.colcon_core.package_identification:_identify(.) by extensions ['colcon_pkg']
[1.988s] Level 1:colcon.colcon_core.package_identification:_identify(.) by extension 'colcon_pkg'
[1.988s] Level 1:colcon.colcon_core.package_identification:_identify(.) by extensions ['colcon_meta']
[1.988s] Level 1:colcon.colcon_core.package_identification:_identify(.) by extension 'colcon_meta'
[1.988s] Level 1:colcon.colcon_core.package_identification:_identify(.) by extensions ['ros']
[1.988s] Level 1:colcon.colcon_core.package_identification:_identify(.) by extension 'ros'
[2.002s] Level 1:colcon.colcon_core.package_identification:_identify(.) by extensions ['cmake', 'python']
[2.002s] Level 1:colcon.colcon_core.package_identification:_identify(.) by extension 'cmake'
[2.002s] Level 1:colcon.colcon_core.package_identification:_identify(.) by extension 'python'
[2.002s] Level 1:colcon.colcon_core.package_identification:_identify(.) by extensions ['python_setup_py']
[2.002s] Level 1:colcon.colcon_core.package_identification:_identify(.) by extension 'python_setup_py'
[2.002s] Level 1:colcon.colcon_core.package_identification:_identify(build) by extensions ['ignore', 'ignore_ament_install']
[2.003s] Level 1:colcon.colcon_core.package_identification:_identify(build) by extension 'ignore'
[2.003s] Level 1:colcon.colcon_core.package_identification:_identify(build) ignored
[2.003s] Level 1:colcon.colcon_core.package_identification:_identify(install) by extensions ['ignore', 'ignore_ament_install']
[2.003s] Level 1:colcon.colcon_core.package_identification:_identify(install) by extension 'ignore'
[2.003s] Level 1:colcon.colcon_core.package_identification:_identify(install) ignored
[2.003s] Level 1:colcon.colcon_core.package_identification:_identify(log) by extensions ['ignore', 'ignore_ament_install']
[2.003s] Level 1:colcon.colcon_core.package_identification:_identify(log) by extension 'ignore'
[2.003s] Level 1:colcon.colcon_core.package_identification:_identify(log) ignored
[2.004s] Level 1:colcon.colcon_core.package_identification:_identify(src) by extensions ['ignore', 'ignore_ament_install']
[2.004s] Level 1:colcon.colcon_core.package_identification:_identify(src) by extension 'ignore'
[2.004s] Level 1:colcon.colcon_core.package_identification:_identify(src) by extension 'ignore_ament_install'
[2.004s] Level 1:colcon.colcon_core.package_identification:_identify(src) by extensions ['colcon_pkg']
[2.004s] Level 1:colcon.colcon_core.package_identification:_identify(src) by extension 'colcon_pkg'
[2.004s] Level 1:colcon.colcon_core.package_identification:_identify(src) by extensions ['colcon_meta']
[2.004s] Level 1:colcon.colcon_core.package_identification:_identify(src) by extension 'colcon_meta'
[2.004s] Level 1:colcon.colcon_core.package_identification:_identify(src) by extensions ['ros']
[2.004s] Level 1:colcon.colcon_core.package_identification:_identify(src) by extension 'ros'
[2.004s] Level 1:colcon.colcon_core.package_identification:_identify(src) by extensions ['cmake', 'python']
[2.004s] Level 1:colcon.colcon_core.package_identification:_identify(src) by extension 'cmake'
[2.004s] Level 1:colcon.colcon_core.package_identification:_identify(src) by extension 'python'
[2.004s] Level 1:colcon.colcon_core.package_identification:_identify(src) by extensions ['python_setup_py']
[2.004s] Level 1:colcon.colcon_core.package_identification:_identify(src) by extension 'python_setup_py'
[2.005s] Level 1:colcon.colcon_core.package_identification:_identify(src/Hivebot) by extensions ['ignore', 'ignore_ament_install']
[2.005s] Level 1:colcon.colcon_core.package_identification:_identify(src/Hivebot) by extension 'ignore'
[2.005s] Level 1:colcon.colcon_core.package_identification:_identify(src/Hivebot) by extension 'ignore_ament_install'
[2.005s] Level 1:colcon.colcon_core.package_identification:_identify(src/Hivebot) by extensions ['colcon_pkg']
[2.005s] Level 1:colcon.colcon_core.package_identification:_identify(src/Hivebot) by extension 'colcon_pkg'
[2.005s] Level 1:colcon.colcon_core.package_identification:_identify(src/Hivebot) by extensions ['colcon_meta']
[2.005s] Level 1:colcon.colcon_core.package_identification:_identify(src/Hivebot) by extension 'colcon_meta'
[2.005s] Level 1:colcon.colcon_core.package_identification:_identify(src/Hivebot) by extensions ['ros']
[2.005s] Level 1:colcon.colcon_core.package_identification:_identify(src/Hivebot) by extension 'ros'
[2.008s] DEBUG:colcon.colcon_core.package_identification:Package 'src/Hivebot' with type 'ros.ament_cmake' and name 'hivebot'
[2.008s] Level 1:colcon.colcon_core.package_discovery:discover_packages(recursive) using defaults
[2.008s] Level 1:colcon.colcon_core.package_discovery:discover_packages(ignore) discover
[2.008s] Level 1:colcon.colcon_core.package_discovery:discover_packages(ignore) using defaults
[2.008s] Level 1:colcon.colcon_core.package_discovery:discover_packages(path) discover
[2.008s] Level 1:colcon.colcon_core.package_discovery:discover_packages(path) using defaults
[2.149s] Level 1:colcon.colcon_core.package_discovery:discover_packages(prefix_path) check parameters
[2.149s] Level 1:colcon.colcon_core.package_discovery:discover_packages(prefix_path) discover
[2.193s] DEBUG:colcon.colcon_installed_package_information.package_discovery:Found 2 installed packages in /home/zuman/hivebot_ws/install
[2.217s] DEBUG:colcon.colcon_installed_package_information.package_discovery:Found 439 installed packages in /opt/ros/humble
[2.219s] Level 1:colcon.colcon_core.package_discovery:discover_packages(prefix_path) using defaults
[2.378s] Level 5:colcon.colcon_core.verb:set package 'hivebot' build argument 'cmake_args' from command line to 'None'
[2.378s] Level 5:colcon.colcon_core.verb:set package 'hivebot' build argument 'cmake_target' from command line to 'None'
[2.378s] Level 5:colcon.colcon_core.verb:set package 'hivebot' build argument 'cmake_target_skip_unavailable' from command line to 'False'
[2.378s] Level 5:colcon.colcon_core.verb:set package 'hivebot' build argument 'cmake_clean_cache' from command line to 'False'
[2.378s] Level 5:colcon.colcon_core.verb:set package 'hivebot' build argument 'cmake_clean_first' from command line to 'False'
[2.378s] Level 5:colcon.colcon_core.verb:set package 'hivebot' build argument 'cmake_force_configure' from command line to 'False'
[2.378s] Level 5:colcon.colcon_core.verb:set package 'hivebot' build argument 'ament_cmake_args' from command line to 'None'
[2.378s] Level 5:colcon.colcon_core.verb:set package 'hivebot' build argument 'catkin_cmake_args' from command line to 'None'
[2.378s] Level 5:colcon.colcon_core.verb:set package 'hivebot' build argument 'catkin_skip_building_tests' from command line to 'False'
[2.379s] DEBUG:colcon.colcon_core.verb:Building package 'hivebot' with the following arguments: {'ament_cmake_args': None, 'build_base': '/home/zuman/hivebot_ws/build/hivebot', 'catkin_cmake_args': None, 'catkin_skip_building_tests': False, 'cmake_args': None, 'cmake_clean_cache': False, 'cmake_clean_first': False, 'cmake_force_configure': False, 'cmake_target': None, 'cmake_target_skip_unavailable': False, 'install_base': '/home/zuman/hivebot_ws/install/hivebot', 'merge_install': False, 'path': '/home/zuman/hivebot_ws/src/Hivebot', 'symlink_install': True, 'test_result_base': None}
[2.400s] INFO:colcon.colcon_core.executor:Executing jobs using 'parallel' executor
[2.423s] DEBUG:colcon.colcon_parallel_executor.executor.parallel:run_until_complete
[2.423s] INFO:colcon.colcon_ros.task.ament_cmake.build:Building ROS package in '/home/zuman/hivebot_ws/src/Hivebot' with build type 'ament_cmake'
[2.423s] INFO:colcon.colcon_cmake.task.cmake.build:Building CMake package in '/home/zuman/hivebot_ws/src/Hivebot'
[2.449s] INFO:colcon.colcon_core.plugin_system:Skipping extension 'colcon_core.shell.bat': Not used on non-Windows systems
[2.449s] INFO:colcon.colcon_core.shell:Skip shell extension 'powershell' for command environment: Not usable outside of PowerShell
[2.449s] DEBUG:colcon.colcon_core.shell:Skip shell extension 'dsv' for command environment
[2.537s] DEBUG:colcon.colcon_core.event_handler.log_command:Invoking command in '/home/zuman/hivebot_ws/build/hivebot': CMAKE_PREFIX_PATH=${CMAKE_PREFIX_PATH}:/opt/ros/humble /usr/bin/cmake --build /home/zuman/hivebot_ws/build/hivebot -- -j6 -l6
[2.624s] DEBUG:colcon.colcon_core.event_handler.log_command:Invoked command in '/home/zuman/hivebot_ws/build/hivebot' returned '0': CMAKE_PREFIX_PATH=${CMAKE_PREFIX_PATH}:/opt/ros/humble /usr/bin/cmake --build /home/zuman/hivebot_ws/build/hivebot -- -j6 -l6
[2.692s] DEBUG:colcon.colcon_core.event_handler.log_command:Invoking command in '/home/zuman/hivebot_ws/build/hivebot': CMAKE_PREFIX_PATH=${CMAKE_PREFIX_PATH}:/opt/ros/humble /usr/bin/cmake --install /home/zuman/hivebot_ws/build/hivebot
[2.737s] Level 1:colcon.colcon_core.environment:create_environment_scripts_only(hivebot)
[2.739s] DEBUG:colcon.colcon_core.event_handler.log_command:Invoked command in '/home/zuman/hivebot_ws/build/hivebot' returned '0': CMAKE_PREFIX_PATH=${CMAKE_PREFIX_PATH}:/opt/ros/humble /usr/bin/cmake --install /home/zuman/hivebot_ws/build/hivebot
[2.776s] Level 1:colcon.colcon_core.environment:checking '/home/zuman/hivebot_ws/install/hivebot' for CMake module files
[2.777s] Level 1:colcon.colcon_core.environment:checking '/home/zuman/hivebot_ws/install/hivebot' for CMake config files
[2.778s] Level 1:colcon.colcon_core.shell:create_environment_hook('hivebot', 'cmake_prefix_path')
[2.807s] INFO:colcon.colcon_core.shell:Creating environment hook '/home/zuman/hivebot_ws/install/hivebot/share/hivebot/hook/cmake_prefix_path.ps1'
[2.809s] INFO:colcon.colcon_core.shell:Creating environment descriptor '/home/zuman/hivebot_ws/install/hivebot/share/hivebot/hook/cmake_prefix_path.dsv'
[2.810s] INFO:colcon.colcon_core.shell:Creating environment hook '/home/zuman/hivebot_ws/install/hivebot/share/hivebot/hook/cmake_prefix_path.sh'
[2.811s] Level 1:colcon.colcon_core.environment:checking '/home/zuman/hivebot_ws/install/hivebot/bin'
[2.811s] Level 1:colcon.colcon_core.environment:checking '/home/zuman/hivebot_ws/install/hivebot/lib/pkgconfig/hivebot.pc'
[2.811s] Level 1:colcon.colcon_core.environment:checking '/home/zuman/hivebot_ws/install/hivebot/lib/python3.10/site-packages'
[2.812s] Level 1:colcon.colcon_core.environment:checking '/home/zuman/hivebot_ws/install/hivebot/bin'
[2.834s] INFO:colcon.colcon_core.shell:Creating package script '/home/zuman/hivebot_ws/install/hivebot/share/hivebot/package.ps1'
[2.835s] INFO:colcon.colcon_core.shell:Creating package descriptor '/home/zuman/hivebot_ws/install/hivebot/share/hivebot/package.dsv'
[2.836s] INFO:colcon.colcon_core.shell:Creating package script '/home/zuman/hivebot_ws/install/hivebot/share/hivebot/package.sh'
[2.836s] INFO:colcon.colcon_core.shell:Creating package script '/home/zuman/hivebot_ws/install/hivebot/share/hivebot/package.bash'
[2.837s] INFO:colcon.colcon_core.shell:Creating package script '/home/zuman/hivebot_ws/install/hivebot/share/hivebot/package.zsh'
[2.838s] Level 1:colcon.colcon_core.environment:create_file_with_runtime_dependencies(/home/zuman/hivebot_ws/install/hivebot/share/colcon-core/packages/hivebot)
[2.900s] Level 1:colcon.colcon_core.environment:create_environment_scripts_only(hivebot)
[2.928s] Level 1:colcon.colcon_core.environment:checking '/home/zuman/hivebot_ws/install/hivebot' for CMake module files
[2.928s] Level 1:colcon.colcon_core.environment:checking '/home/zuman/hivebot_ws/install/hivebot' for CMake config files
[2.929s] Level 1:colcon.colcon_core.shell:create_environment_hook('hivebot', 'cmake_prefix_path')
[2.954s] INFO:colcon.colcon_core.shell:Creating environment hook '/home/zuman/hivebot_ws/install/hivebot/share/hivebot/hook/cmake_prefix_path.ps1'
[2.955s] INFO:colcon.colcon_core.shell:Creating environment descriptor '/home/zuman/hivebot_ws/install/hivebot/share/hivebot/hook/cmake_prefix_path.dsv'
[2.955s] INFO:colcon.colcon_core.shell:Creating environment hook '/home/zuman/hivebot_ws/install/hivebot/share/hivebot/hook/cmake_prefix_path.sh'
[2.956s] Level 1:colcon.colcon_core.environment:checking '/home/zuman/hivebot_ws/install/hivebot/bin'
[2.956s] Level 1:colcon.colcon_core.environment:checking '/home/zuman/hivebot_ws/install/hivebot/lib/pkgconfig/hivebot.pc'
[2.957s] Level 1:colcon.colcon_core.environment:checking '/home/zuman/hivebot_ws/install/hivebot/lib/python3.10/site-packages'
[2.957s] Level 1:colcon.colcon_core.environment:checking '/home/zuman/hivebot_ws/install/hivebot/bin'
[2.983s] INFO:colcon.colcon_core.shell:Creating package script '/home/zuman/hivebot_ws/install/hivebot/share/hivebot/package.ps1'
[2.983s] INFO:colcon.colcon_core.shell:Creating package descriptor '/home/zuman/hivebot_ws/install/hivebot/share/hivebot/package.dsv'
[2.984s] INFO:colcon.colcon_core.shell:Creating package script '/home/zuman/hivebot_ws/install/hivebot/share/hivebot/package.sh'
[2.985s] INFO:colcon.colcon_core.shell:Creating package script '/home/zuman/hivebot_ws/install/hivebot/share/hivebot/package.bash'
[2.985s] INFO:colcon.colcon_core.shell:Creating package script '/home/zuman/hivebot_ws/install/hivebot/share/hivebot/package.zsh'
[2.986s] Level 1:colcon.colcon_core.environment:create_file_with_runtime_dependencies(/home/zuman/hivebot_ws/install/hivebot/share/colcon-core/packages/hivebot)
[2.986s] DEBUG:colcon.colcon_parallel_executor.executor.parallel:closing loop
[2.987s] DEBUG:colcon.colcon_parallel_executor.executor.parallel:loop closed
[2.987s] DEBUG:colcon.colcon_parallel_executor.executor.parallel:run_until_complete finished with '0'
[2.987s] DEBUG:colcon.colcon_core.event_reactor:joining thread
[3.025s] INFO:colcon.colcon_core.plugin_system:Skipping extension 'colcon_notification.desktop_notification.terminal_notifier': Not used on non-Darwin systems
[3.025s] INFO:colcon.colcon_core.plugin_system:Skipping extension 'colcon_notification.desktop_notification.win32': Not used on non-Windows systems
[3.026s] INFO:colcon.colcon_notification.desktop_notification:Sending desktop notification using 'notify2'
[3.048s] DEBUG:colcon.colcon_core.event_reactor:joined thread
[3.096s] INFO:colcon.colcon_core.shell:Creating prefix script '/home/zuman/hivebot_ws/install/local_setup.ps1'
[3.098s] INFO:colcon.colcon_core.shell:Creating prefix util module '/home/zuman/hivebot_ws/install/_local_setup_util_ps1.py'
[3.101s] INFO:colcon.colcon_core.shell:Creating prefix chain script '/home/zuman/hivebot_ws/install/setup.ps1'
[3.133s] INFO:colcon.colcon_core.shell:Creating prefix script '/home/zuman/hivebot_ws/install/local_setup.sh'
[3.134s] INFO:colcon.colcon_core.shell:Creating prefix util module '/home/zuman/hivebot_ws/install/_local_setup_util_sh.py'
[3.135s] INFO:colcon.colcon_core.shell:Creating prefix chain script '/home/zuman/hivebot_ws/install/setup.sh'
[3.160s] INFO:colcon.colcon_core.shell:Creating prefix script '/home/zuman/hivebot_ws/install/local_setup.bash'
[3.161s] INFO:colcon.colcon_core.shell:Creating prefix chain script '/home/zuman/hivebot_ws/install/setup.bash'
[3.184s] INFO:colcon.colcon_core.shell:Creating prefix script '/home/zuman/hivebot_ws/install/local_setup.zsh'
[3.185s] INFO:colcon.colcon_core.shell:Creating prefix chain script '/home/zuman/hivebot_ws/install/setup.zsh'
