[0.124s] Invoking command in '/home/zuman/hivebot_ws/build/hivebot': CMAKE_PREFIX_PATH=${CMAKE_PREFIX_PATH}:/opt/ros/humble /usr/bin/cmake --build /home/zuman/hivebot_ws/build/hivebot -- -j6 -l6
[0.195s] Invoked command in '/home/zuman/hivebot_ws/build/hivebot' returned '0': CMAKE_PREFIX_PATH=${CMAKE_PREFIX_PATH}:/opt/ros/humble /usr/bin/cmake --build /home/zuman/hivebot_ws/build/hivebot -- -j6 -l6
[0.253s] Invoking command in '/home/zuman/hivebot_ws/build/hivebot': CMAKE_PREFIX_PATH=${CMAKE_PREFIX_PATH}:/opt/ros/humble /usr/bin/cmake --install /home/zuman/hivebot_ws/build/hivebot
[0.267s] -- Install configuration: ""
[0.268s] -- Execute custom install script
[0.269s] -- Up-to-date symlink: /home/zuman/hivebot_ws/install/hivebot/share/hivebot/config/empty.yaml
[0.270s] -- Up-to-date symlink: /home/zuman/hivebot_ws/install/hivebot/share/hivebot/description/robot.urdf.xacro
[0.271s] -- Up-to-date symlink: /home/zuman/hivebot_ws/install/hivebot/share/hivebot/description/robot_core.xacro
[0.272s] -- Up-to-date symlink: /home/zuman/hivebot_ws/install/hivebot/share/hivebot/launch/rsp.launch.py
[0.273s] -- Up-to-date symlink: /home/zuman/hivebot_ws/install/hivebot/share/hivebot/worlds/empty.world
[0.273s] -- Up-to-date symlink: /home/zuman/hivebot_ws/install/hivebot/share/ament_index/resource_index/package_run_dependencies/hivebot
[0.274s] -- Up-to-date symlink: /home/zuman/hivebot_ws/install/hivebot/share/ament_index/resource_index/parent_prefix_path/hivebot
[0.275s] -- Up-to-date symlink: /home/zuman/hivebot_ws/install/hivebot/share/hivebot/environment/ament_prefix_path.sh
[0.275s] -- Up-to-date symlink: /home/zuman/hivebot_ws/install/hivebot/share/hivebot/environment/ament_prefix_path.dsv
[0.276s] -- Up-to-date symlink: /home/zuman/hivebot_ws/install/hivebot/share/hivebot/environment/path.sh
[0.277s] -- Up-to-date symlink: /home/zuman/hivebot_ws/install/hivebot/share/hivebot/environment/path.dsv
[0.277s] -- Up-to-date symlink: /home/zuman/hivebot_ws/install/hivebot/share/hivebot/local_setup.bash
[0.278s] -- Up-to-date symlink: /home/zuman/hivebot_ws/install/hivebot/share/hivebot/local_setup.sh
[0.279s] -- Up-to-date symlink: /home/zuman/hivebot_ws/install/hivebot/share/hivebot/local_setup.zsh
[0.279s] -- Up-to-date symlink: /home/zuman/hivebot_ws/install/hivebot/share/hivebot/local_setup.dsv
[0.280s] -- Symlinking: /home/zuman/hivebot_ws/install/hivebot/share/hivebot/package.dsv
[0.289s] -- Up-to-date symlink: /home/zuman/hivebot_ws/install/hivebot/share/ament_index/resource_index/packages/hivebot
[0.290s] -- Up-to-date symlink: /home/zuman/hivebot_ws/install/hivebot/share/hivebot/cmake/hivebotConfig.cmake
[0.290s] -- Up-to-date symlink: /home/zuman/hivebot_ws/install/hivebot/share/hivebot/cmake/hivebotConfig-version.cmake
[0.291s] -- Up-to-date symlink: /home/zuman/hivebot_ws/install/hivebot/share/hivebot/package.xml
[0.297s] Invoked command in '/home/zuman/hivebot_ws/build/hivebot' returned '0': CMAKE_PREFIX_PATH=${CMAKE_PREFIX_PATH}:/opt/ros/humble /usr/bin/cmake --install /home/zuman/hivebot_ws/build/hivebot
