[3.587s] DEBUG:colcon:Command line arguments: ['/usr/bin/colcon', 'build', '--symlink-install']
[3.587s] DEBUG:colcon:Parsed command line arguments: Namespace(log_base=None, log_level=None, verb_name='build', build_base='build', install_base='install', merge_install=False, symlink_install=True, test_result_base=None, continue_on_error=False, executor='parallel', parallel_workers=6, event_handlers=None, ignore_user_meta=False, metas=['./colcon.meta'], base_paths=['.'], packages_ignore=None, packages_ignore_regex=None, paths=None, packages_up_to=None, packages_up_to_regex=None, packages_above=None, packages_above_and_dependencies=None, packages_above_depth=None, packages_select_by_dep=None, packages_skip_by_dep=None, packages_skip_up_to=None, packages_select_build_failed=False, packages_skip_build_finished=False, packages_select_test_failures=False, packages_skip_test_passed=False, packages_select=None, packages_skip=None, packages_select_regex=None, packages_skip_regex=None, packages_start=None, packages_end=None, allow_overriding=[], cmake_args=None, cmake_target=None, cmake_target_skip_unavailable=False, cmake_clean_cache=False, cmake_clean_first=False, cmake_force_configure=False, ament_cmake_args=None, catkin_cmake_args=None, catkin_skip_building_tests=False, mixin_files=None, mixin=None, verb_parser=<colcon_mixin.mixin.mixin_argument.MixinArgumentDecorator object at 0x7876f0e9bd30>, verb_extension=<colcon_core.verb.build.BuildVerb object at 0x7876f16f1b40>, main=<bound method BuildVerb.main of <colcon_core.verb.build.BuildVerb object at 0x7876f16f1b40>>, mixin_verb=('build',))
[3.768s] Level 1:colcon.colcon_core.package_discovery:discover_packages(colcon_meta) check parameters
[3.770s] Level 1:colcon.colcon_core.package_discovery:discover_packages(recursive) check parameters
[3.771s] Level 1:colcon.colcon_core.package_discovery:discover_packages(ignore) check parameters
[3.771s] Level 1:colcon.colcon_core.package_discovery:discover_packages(path) check parameters
[3.771s] Level 1:colcon.colcon_core.package_discovery:discover_packages(colcon_meta) discover
[3.771s] Level 1:colcon.colcon_core.package_discovery:discover_packages(recursive) discover
[3.772s] INFO:colcon.colcon_core.package_discovery:Crawling recursively for packages in '/home/zuman/hivebot_ws'
[3.772s] Level 1:colcon.colcon_core.package_identification:_identify(.) by extensions ['ignore', 'ignore_ament_install']
[3.773s] Level 1:colcon.colcon_core.package_identification:_identify(.) by extension 'ignore'
[3.773s] Level 1:colcon.colcon_core.package_identification:_identify(.) by extension 'ignore_ament_install'
[3.773s] Level 1:colcon.colcon_core.package_identification:_identify(.) by extensions ['colcon_pkg']
[3.773s] Level 1:colcon.colcon_core.package_identification:_identify(.) by extension 'colcon_pkg'
[3.774s] Level 1:colcon.colcon_core.package_identification:_identify(.) by extensions ['colcon_meta']
[3.774s] Level 1:colcon.colcon_core.package_identification:_identify(.) by extension 'colcon_meta'
[3.774s] Level 1:colcon.colcon_core.package_identification:_identify(.) by extensions ['ros']
[3.774s] Level 1:colcon.colcon_core.package_identification:_identify(.) by extension 'ros'
[3.800s] Level 1:colcon.colcon_core.package_identification:_identify(.) by extensions ['cmake', 'python']
[3.801s] Level 1:colcon.colcon_core.package_identification:_identify(.) by extension 'cmake'
[3.802s] Level 1:colcon.colcon_core.package_identification:_identify(.) by extension 'python'
[3.802s] Level 1:colcon.colcon_core.package_identification:_identify(.) by extensions ['python_setup_py']
[3.802s] Level 1:colcon.colcon_core.package_identification:_identify(.) by extension 'python_setup_py'
[3.803s] Level 1:colcon.colcon_core.package_identification:_identify(build) by extensions ['ignore', 'ignore_ament_install']
[3.804s] Level 1:colcon.colcon_core.package_identification:_identify(build) by extension 'ignore'
[3.804s] Level 1:colcon.colcon_core.package_identification:_identify(build) ignored
[3.805s] Level 1:colcon.colcon_core.package_identification:_identify(install) by extensions ['ignore', 'ignore_ament_install']
[3.805s] Level 1:colcon.colcon_core.package_identification:_identify(install) by extension 'ignore'
[3.805s] Level 1:colcon.colcon_core.package_identification:_identify(install) ignored
[3.806s] Level 1:colcon.colcon_core.package_identification:_identify(log) by extensions ['ignore', 'ignore_ament_install']
[3.806s] Level 1:colcon.colcon_core.package_identification:_identify(log) by extension 'ignore'
[3.806s] Level 1:colcon.colcon_core.package_identification:_identify(log) ignored
[3.807s] Level 1:colcon.colcon_core.package_identification:_identify(src) by extensions ['ignore', 'ignore_ament_install']
[3.807s] Level 1:colcon.colcon_core.package_identification:_identify(src) by extension 'ignore'
[3.807s] Level 1:colcon.colcon_core.package_identification:_identify(src) by extension 'ignore_ament_install'
[3.807s] Level 1:colcon.colcon_core.package_identification:_identify(src) by extensions ['colcon_pkg']
[3.808s] Level 1:colcon.colcon_core.package_identification:_identify(src) by extension 'colcon_pkg'
[3.808s] Level 1:colcon.colcon_core.package_identification:_identify(src) by extensions ['colcon_meta']
[3.808s] Level 1:colcon.colcon_core.package_identification:_identify(src) by extension 'colcon_meta'
[3.809s] Level 1:colcon.colcon_core.package_identification:_identify(src) by extensions ['ros']
[3.809s] Level 1:colcon.colcon_core.package_identification:_identify(src) by extension 'ros'
[3.810s] Level 1:colcon.colcon_core.package_identification:_identify(src) by extensions ['cmake', 'python']
[3.810s] Level 1:colcon.colcon_core.package_identification:_identify(src) by extension 'cmake'
[3.811s] Level 1:colcon.colcon_core.package_identification:_identify(src) by extension 'python'
[3.811s] Level 1:colcon.colcon_core.package_identification:_identify(src) by extensions ['python_setup_py']
[3.811s] Level 1:colcon.colcon_core.package_identification:_identify(src) by extension 'python_setup_py'
[3.812s] Level 1:colcon.colcon_core.package_identification:_identify(src/Hivebot) by extensions ['ignore', 'ignore_ament_install']
[3.812s] Level 1:colcon.colcon_core.package_identification:_identify(src/Hivebot) by extension 'ignore'
[3.812s] Level 1:colcon.colcon_core.package_identification:_identify(src/Hivebot) by extension 'ignore_ament_install'
[3.813s] Level 1:colcon.colcon_core.package_identification:_identify(src/Hivebot) by extensions ['colcon_pkg']
[3.813s] Level 1:colcon.colcon_core.package_identification:_identify(src/Hivebot) by extension 'colcon_pkg'
[3.813s] Level 1:colcon.colcon_core.package_identification:_identify(src/Hivebot) by extensions ['colcon_meta']
[3.813s] Level 1:colcon.colcon_core.package_identification:_identify(src/Hivebot) by extension 'colcon_meta'
[3.814s] Level 1:colcon.colcon_core.package_identification:_identify(src/Hivebot) by extensions ['ros']
[3.814s] Level 1:colcon.colcon_core.package_identification:_identify(src/Hivebot) by extension 'ros'
[3.820s] DEBUG:colcon.colcon_core.package_identification:Package 'src/Hivebot' with type 'ros.ament_cmake' and name 'hivebot'
[3.821s] Level 1:colcon.colcon_core.package_discovery:discover_packages(recursive) using defaults
[3.821s] Level 1:colcon.colcon_core.package_discovery:discover_packages(ignore) discover
[3.821s] Level 1:colcon.colcon_core.package_discovery:discover_packages(ignore) using defaults
[3.821s] Level 1:colcon.colcon_core.package_discovery:discover_packages(path) discover
[3.822s] Level 1:colcon.colcon_core.package_discovery:discover_packages(path) using defaults
[4.111s] Level 1:colcon.colcon_core.package_discovery:discover_packages(prefix_path) check parameters
[4.111s] Level 1:colcon.colcon_core.package_discovery:discover_packages(prefix_path) discover
[4.195s] DEBUG:colcon.colcon_installed_package_information.package_discovery:Found 439 installed packages in /opt/ros/humble
[4.199s] Level 1:colcon.colcon_core.package_discovery:discover_packages(prefix_path) using defaults
[4.502s] Level 5:colcon.colcon_core.verb:set package 'hivebot' build argument 'cmake_args' from command line to 'None'
[4.503s] Level 5:colcon.colcon_core.verb:set package 'hivebot' build argument 'cmake_target' from command line to 'None'
[4.503s] Level 5:colcon.colcon_core.verb:set package 'hivebot' build argument 'cmake_target_skip_unavailable' from command line to 'False'
[4.503s] Level 5:colcon.colcon_core.verb:set package 'hivebot' build argument 'cmake_clean_cache' from command line to 'False'
[4.504s] Level 5:colcon.colcon_core.verb:set package 'hivebot' build argument 'cmake_clean_first' from command line to 'False'
[4.504s] Level 5:colcon.colcon_core.verb:set package 'hivebot' build argument 'cmake_force_configure' from command line to 'False'
[4.504s] Level 5:colcon.colcon_core.verb:set package 'hivebot' build argument 'ament_cmake_args' from command line to 'None'
[4.504s] Level 5:colcon.colcon_core.verb:set package 'hivebot' build argument 'catkin_cmake_args' from command line to 'None'
[4.505s] Level 5:colcon.colcon_core.verb:set package 'hivebot' build argument 'catkin_skip_building_tests' from command line to 'False'
[4.505s] DEBUG:colcon.colcon_core.verb:Building package 'hivebot' with the following arguments: {'ament_cmake_args': None, 'build_base': '/home/zuman/hivebot_ws/build/hivebot', 'catkin_cmake_args': None, 'catkin_skip_building_tests': False, 'cmake_args': None, 'cmake_clean_cache': False, 'cmake_clean_first': False, 'cmake_force_configure': False, 'cmake_target': None, 'cmake_target_skip_unavailable': False, 'install_base': '/home/zuman/hivebot_ws/install/hivebot', 'merge_install': False, 'path': '/home/zuman/hivebot_ws/src/Hivebot', 'symlink_install': True, 'test_result_base': None}
[4.542s] INFO:colcon.colcon_core.executor:Executing jobs using 'parallel' executor
[4.583s] DEBUG:colcon.colcon_parallel_executor.executor.parallel:run_until_complete
[4.584s] INFO:colcon.colcon_ros.task.ament_cmake.build:Building ROS package in '/home/zuman/hivebot_ws/src/Hivebot' with build type 'ament_cmake'
[4.584s] INFO:colcon.colcon_cmake.task.cmake.build:Building CMake package in '/home/zuman/hivebot_ws/src/Hivebot'
[4.623s] INFO:colcon.colcon_core.plugin_system:Skipping extension 'colcon_core.shell.bat': Not used on non-Windows systems
[4.623s] INFO:colcon.colcon_core.shell:Skip shell extension 'powershell' for command environment: Not usable outside of PowerShell
[4.623s] DEBUG:colcon.colcon_core.shell:Skip shell extension 'dsv' for command environment
[4.730s] DEBUG:colcon.colcon_core.event_handler.log_command:Invoking command in '/home/zuman/hivebot_ws/build/hivebot': CMAKE_PREFIX_PATH=/opt/ros/humble /usr/bin/cmake --build /home/zuman/hivebot_ws/build/hivebot -- -j6 -l6
[4.853s] DEBUG:colcon.colcon_core.event_handler.log_command:Invoked command in '/home/zuman/hivebot_ws/build/hivebot' returned '0': CMAKE_PREFIX_PATH=/opt/ros/humble /usr/bin/cmake --build /home/zuman/hivebot_ws/build/hivebot -- -j6 -l6
[4.946s] DEBUG:colcon.colcon_core.event_handler.log_command:Invoking command in '/home/zuman/hivebot_ws/build/hivebot': CMAKE_PREFIX_PATH=/opt/ros/humble /usr/bin/cmake --install /home/zuman/hivebot_ws/build/hivebot
[5.015s] Level 1:colcon.colcon_core.environment:create_environment_scripts_only(hivebot)
[5.019s] DEBUG:colcon.colcon_core.event_handler.log_command:Invoked command in '/home/zuman/hivebot_ws/build/hivebot' returned '0': CMAKE_PREFIX_PATH=/opt/ros/humble /usr/bin/cmake --install /home/zuman/hivebot_ws/build/hivebot
[5.056s] Level 1:colcon.colcon_core.environment:checking '/home/zuman/hivebot_ws/install/hivebot' for CMake module files
[5.057s] Level 1:colcon.colcon_core.environment:checking '/home/zuman/hivebot_ws/install/hivebot' for CMake config files
[5.058s] Level 1:colcon.colcon_core.shell:create_environment_hook('hivebot', 'cmake_prefix_path')
[5.094s] INFO:colcon.colcon_core.shell:Creating environment hook '/home/zuman/hivebot_ws/install/hivebot/share/hivebot/hook/cmake_prefix_path.ps1'
[5.096s] INFO:colcon.colcon_core.shell:Creating environment descriptor '/home/zuman/hivebot_ws/install/hivebot/share/hivebot/hook/cmake_prefix_path.dsv'
[5.097s] INFO:colcon.colcon_core.shell:Creating environment hook '/home/zuman/hivebot_ws/install/hivebot/share/hivebot/hook/cmake_prefix_path.sh'
[5.099s] Level 1:colcon.colcon_core.environment:checking '/home/zuman/hivebot_ws/install/hivebot/bin'
[5.099s] Level 1:colcon.colcon_core.environment:checking '/home/zuman/hivebot_ws/install/hivebot/lib/pkgconfig/hivebot.pc'
[5.100s] Level 1:colcon.colcon_core.environment:checking '/home/zuman/hivebot_ws/install/hivebot/lib/python3.10/site-packages'
[5.100s] Level 1:colcon.colcon_core.environment:checking '/home/zuman/hivebot_ws/install/hivebot/bin'
[5.140s] INFO:colcon.colcon_core.shell:Creating package script '/home/zuman/hivebot_ws/install/hivebot/share/hivebot/package.ps1'
[5.142s] INFO:colcon.colcon_core.shell:Creating package descriptor '/home/zuman/hivebot_ws/install/hivebot/share/hivebot/package.dsv'
[5.144s] INFO:colcon.colcon_core.shell:Creating package script '/home/zuman/hivebot_ws/install/hivebot/share/hivebot/package.sh'
[5.147s] INFO:colcon.colcon_core.shell:Creating package script '/home/zuman/hivebot_ws/install/hivebot/share/hivebot/package.bash'
[5.150s] INFO:colcon.colcon_core.shell:Creating package script '/home/zuman/hivebot_ws/install/hivebot/share/hivebot/package.zsh'
[5.152s] Level 1:colcon.colcon_core.environment:create_file_with_runtime_dependencies(/home/zuman/hivebot_ws/install/hivebot/share/colcon-core/packages/hivebot)
[5.267s] Level 1:colcon.colcon_core.environment:create_environment_scripts_only(hivebot)
[5.308s] Level 1:colcon.colcon_core.environment:checking '/home/zuman/hivebot_ws/install/hivebot' for CMake module files
[5.310s] Level 1:colcon.colcon_core.environment:checking '/home/zuman/hivebot_ws/install/hivebot' for CMake config files
[5.313s] Level 1:colcon.colcon_core.shell:create_environment_hook('hivebot', 'cmake_prefix_path')
[5.356s] INFO:colcon.colcon_core.shell:Creating environment hook '/home/zuman/hivebot_ws/install/hivebot/share/hivebot/hook/cmake_prefix_path.ps1'
[5.358s] INFO:colcon.colcon_core.shell:Creating environment descriptor '/home/zuman/hivebot_ws/install/hivebot/share/hivebot/hook/cmake_prefix_path.dsv'
[5.359s] INFO:colcon.colcon_core.shell:Creating environment hook '/home/zuman/hivebot_ws/install/hivebot/share/hivebot/hook/cmake_prefix_path.sh'
[5.361s] Level 1:colcon.colcon_core.environment:checking '/home/zuman/hivebot_ws/install/hivebot/bin'
[5.361s] Level 1:colcon.colcon_core.environment:checking '/home/zuman/hivebot_ws/install/hivebot/lib/pkgconfig/hivebot.pc'
[5.362s] Level 1:colcon.colcon_core.environment:checking '/home/zuman/hivebot_ws/install/hivebot/lib/python3.10/site-packages'
[5.362s] Level 1:colcon.colcon_core.environment:checking '/home/zuman/hivebot_ws/install/hivebot/bin'
[5.406s] INFO:colcon.colcon_core.shell:Creating package script '/home/zuman/hivebot_ws/install/hivebot/share/hivebot/package.ps1'
[5.408s] INFO:colcon.colcon_core.shell:Creating package descriptor '/home/zuman/hivebot_ws/install/hivebot/share/hivebot/package.dsv'
[5.409s] INFO:colcon.colcon_core.shell:Creating package script '/home/zuman/hivebot_ws/install/hivebot/share/hivebot/package.sh'
[5.410s] INFO:colcon.colcon_core.shell:Creating package script '/home/zuman/hivebot_ws/install/hivebot/share/hivebot/package.bash'
[5.412s] INFO:colcon.colcon_core.shell:Creating package script '/home/zuman/hivebot_ws/install/hivebot/share/hivebot/package.zsh'
[5.413s] Level 1:colcon.colcon_core.environment:create_file_with_runtime_dependencies(/home/zuman/hivebot_ws/install/hivebot/share/colcon-core/packages/hivebot)
[5.415s] DEBUG:colcon.colcon_parallel_executor.executor.parallel:closing loop
[5.415s] DEBUG:colcon.colcon_parallel_executor.executor.parallel:loop closed
[5.415s] DEBUG:colcon.colcon_parallel_executor.executor.parallel:run_until_complete finished with '0'
[5.416s] DEBUG:colcon.colcon_core.event_reactor:joining thread
[5.488s] INFO:colcon.colcon_core.plugin_system:Skipping extension 'colcon_notification.desktop_notification.terminal_notifier': Not used on non-Darwin systems
[5.488s] INFO:colcon.colcon_core.plugin_system:Skipping extension 'colcon_notification.desktop_notification.win32': Not used on non-Windows systems
[5.488s] INFO:colcon.colcon_notification.desktop_notification:Sending desktop notification using 'notify2'
[5.525s] DEBUG:colcon.colcon_core.event_reactor:joined thread
[5.558s] INFO:colcon.colcon_core.shell:Creating prefix script '/home/zuman/hivebot_ws/install/local_setup.ps1'
[5.560s] INFO:colcon.colcon_core.shell:Creating prefix util module '/home/zuman/hivebot_ws/install/_local_setup_util_ps1.py'
[5.563s] INFO:colcon.colcon_core.shell:Creating prefix chain script '/home/zuman/hivebot_ws/install/setup.ps1'
[5.595s] INFO:colcon.colcon_core.shell:Creating prefix script '/home/zuman/hivebot_ws/install/local_setup.sh'
[5.596s] INFO:colcon.colcon_core.shell:Creating prefix util module '/home/zuman/hivebot_ws/install/_local_setup_util_sh.py'
[5.599s] INFO:colcon.colcon_core.shell:Creating prefix chain script '/home/zuman/hivebot_ws/install/setup.sh'
[5.629s] INFO:colcon.colcon_core.shell:Creating prefix script '/home/zuman/hivebot_ws/install/local_setup.bash'
[5.630s] INFO:colcon.colcon_core.shell:Creating prefix chain script '/home/zuman/hivebot_ws/install/setup.bash'
[5.662s] INFO:colcon.colcon_core.shell:Creating prefix script '/home/zuman/hivebot_ws/install/local_setup.zsh'
[5.663s] INFO:colcon.colcon_core.shell:Creating prefix chain script '/home/zuman/hivebot_ws/install/setup.zsh'
