[0.164s] Invoking command in '/home/zuman/hivebot_ws/build/hello_moveit': CMAKE_PREFIX_PATH=${CMAKE_PREFIX_PATH}:/home/zuman/hivebot_ws/install/toilet_detection:/home/zuman/hivebot_ws/install/ball_tracker:/opt/ros/humble /usr/bin/cmake --build /home/zuman/hivebot_ws/build/hello_moveit -- -j6 -l6
[0.284s] [ 50%] [32mBuilding CXX object CMakeFiles/hello_moveit.dir/src/hello_moveit.cpp.o[0m
[11.691s] [100%] [32m[1mLinking CXX executable hello_moveit[0m
[12.150s] [100%] Built target hello_moveit
[12.181s] Invoked command in '/home/zuman/hivebot_ws/build/hello_moveit' returned '0': CMAKE_PREFIX_PATH=${CMAKE_PREFIX_PATH}:/home/zuman/hivebot_ws/install/toilet_detection:/home/zuman/hivebot_ws/install/ball_tracker:/opt/ros/humble /usr/bin/cmake --build /home/zuman/hivebot_ws/build/hello_moveit -- -j6 -l6
[12.221s] Invoking command in '/home/zuman/hivebot_ws/build/hello_moveit': CMAKE_PREFIX_PATH=${CMAKE_PREFIX_PATH}:/home/zuman/hivebot_ws/install/toilet_detection:/home/zuman/hivebot_ws/install/ball_tracker:/opt/ros/humble /usr/bin/cmake --install /home/zuman/hivebot_ws/build/hello_moveit
[12.232s] -- Install configuration: "Debug"
[12.233s] -- Execute custom install script
[12.233s] -- Up-to-date symlink: /home/zuman/hivebot_ws/install/hello_moveit/lib/hello_moveit/hello_moveit
[12.234s] -- Up-to-date symlink: /home/zuman/hivebot_ws/install/hello_moveit/share/ament_index/resource_index/package_run_dependencies/hello_moveit
[12.234s] -- Up-to-date symlink: /home/zuman/hivebot_ws/install/hello_moveit/share/ament_index/resource_index/parent_prefix_path/hello_moveit
[12.235s] -- Up-to-date symlink: /home/zuman/hivebot_ws/install/hello_moveit/share/hello_moveit/environment/ament_prefix_path.sh
[12.235s] -- Up-to-date symlink: /home/zuman/hivebot_ws/install/hello_moveit/share/hello_moveit/environment/ament_prefix_path.dsv
[12.236s] -- Up-to-date symlink: /home/zuman/hivebot_ws/install/hello_moveit/share/hello_moveit/environment/path.sh
[12.236s] -- Up-to-date symlink: /home/zuman/hivebot_ws/install/hello_moveit/share/hello_moveit/environment/path.dsv
[12.237s] -- Up-to-date symlink: /home/zuman/hivebot_ws/install/hello_moveit/share/hello_moveit/local_setup.bash
[12.237s] -- Up-to-date symlink: /home/zuman/hivebot_ws/install/hello_moveit/share/hello_moveit/local_setup.sh
[12.238s] -- Up-to-date symlink: /home/zuman/hivebot_ws/install/hello_moveit/share/hello_moveit/local_setup.zsh
[12.238s] -- Up-to-date symlink: /home/zuman/hivebot_ws/install/hello_moveit/share/hello_moveit/local_setup.dsv
[12.238s] -- Symlinking: /home/zuman/hivebot_ws/install/hello_moveit/share/hello_moveit/package.dsv
[12.251s] -- Up-to-date symlink: /home/zuman/hivebot_ws/install/hello_moveit/share/ament_index/resource_index/packages/hello_moveit
[12.251s] -- Up-to-date symlink: /home/zuman/hivebot_ws/install/hello_moveit/share/hello_moveit/cmake/hello_moveitConfig.cmake
[12.251s] -- Up-to-date symlink: /home/zuman/hivebot_ws/install/hello_moveit/share/hello_moveit/cmake/hello_moveitConfig-version.cmake
[12.251s] -- Up-to-date symlink: /home/zuman/hivebot_ws/install/hello_moveit/share/hello_moveit/package.xml
[12.254s] Invoked command in '/home/zuman/hivebot_ws/build/hello_moveit' returned '0': CMAKE_PREFIX_PATH=${CMAKE_PREFIX_PATH}:/home/zuman/hivebot_ws/install/toilet_detection:/home/zuman/hivebot_ws/install/ball_tracker:/opt/ros/humble /usr/bin/cmake --install /home/zuman/hivebot_ws/build/hello_moveit
