[0.112s] Invoking command in '/home/zuman/hivebot_ws/build/ur5_move_to_home_pkg': CMAKE_PREFIX_PATH=${CMAKE_PREFIX_PATH}:/home/zuman/hivebot_ws/install/toilet_detection:/home/zuman/hivebot_ws/install/ball_tracker:/opt/ros/humble /usr/bin/cmake --build /home/zuman/hivebot_ws/build/ur5_move_to_home_pkg -- -j6 -l6
[0.152s] Invoked command in '/home/zuman/hivebot_ws/build/ur5_move_to_home_pkg' returned '0': CMAKE_PREFIX_PATH=${CMAKE_PREFIX_PATH}:/home/zuman/hivebot_ws/install/toilet_detection:/home/zuman/hivebot_ws/install/ball_tracker:/opt/ros/humble /usr/bin/cmake --build /home/zuman/hivebot_ws/build/ur5_move_to_home_pkg -- -j6 -l6
[0.182s] Invoking command in '/home/zuman/hivebot_ws/build/ur5_move_to_home_pkg': CMAKE_PREFIX_PATH=${CMAKE_PREFIX_PATH}:/home/zuman/hivebot_ws/install/toilet_detection:/home/zuman/hivebot_ws/install/ball_tracker:/opt/ros/humble /usr/bin/cmake --install /home/zuman/hivebot_ws/build/ur5_move_to_home_pkg
[0.189s] -- Install configuration: ""
[0.190s] -- Execute custom install script
[0.191s] -- Up-to-date symlink: /home/zuman/hivebot_ws/install/ur5_move_to_home_pkg/share/ur5_move_to_home_pkg/src/ur5_move_to_home.py
[0.192s] -- Up-to-date symlink: /home/zuman/hivebot_ws/install/ur5_move_to_home_pkg/share/ur5_move_to_home_pkg/launch/move_to_home.launch.py
[0.192s] -- Up-to-date symlink: /home/zuman/hivebot_ws/install/ur5_move_to_home_pkg/share/ament_index/resource_index/package_run_dependencies/ur5_move_to_home_pkg
[0.192s] -- Up-to-date symlink: /home/zuman/hivebot_ws/install/ur5_move_to_home_pkg/share/ament_index/resource_index/parent_prefix_path/ur5_move_to_home_pkg
[0.192s] -- Up-to-date symlink: /home/zuman/hivebot_ws/install/ur5_move_to_home_pkg/share/ur5_move_to_home_pkg/environment/ament_prefix_path.sh
[0.192s] -- Up-to-date symlink: /home/zuman/hivebot_ws/install/ur5_move_to_home_pkg/share/ur5_move_to_home_pkg/environment/ament_prefix_path.dsv
[0.192s] -- Up-to-date symlink: /home/zuman/hivebot_ws/install/ur5_move_to_home_pkg/share/ur5_move_to_home_pkg/environment/path.sh
[0.192s] -- Up-to-date symlink: /home/zuman/hivebot_ws/install/ur5_move_to_home_pkg/share/ur5_move_to_home_pkg/environment/path.dsv
[0.193s] -- Up-to-date symlink: /home/zuman/hivebot_ws/install/ur5_move_to_home_pkg/share/ur5_move_to_home_pkg/local_setup.bash
[0.193s] -- Up-to-date symlink: /home/zuman/hivebot_ws/install/ur5_move_to_home_pkg/share/ur5_move_to_home_pkg/local_setup.sh
[0.193s] -- Up-to-date symlink: /home/zuman/hivebot_ws/install/ur5_move_to_home_pkg/share/ur5_move_to_home_pkg/local_setup.zsh
[0.193s] -- Up-to-date symlink: /home/zuman/hivebot_ws/install/ur5_move_to_home_pkg/share/ur5_move_to_home_pkg/local_setup.dsv
[0.193s] -- Symlinking: /home/zuman/hivebot_ws/install/ur5_move_to_home_pkg/share/ur5_move_to_home_pkg/package.dsv
[0.201s] -- Up-to-date symlink: /home/zuman/hivebot_ws/install/ur5_move_to_home_pkg/share/ament_index/resource_index/packages/ur5_move_to_home_pkg
[0.202s] -- Up-to-date symlink: /home/zuman/hivebot_ws/install/ur5_move_to_home_pkg/share/ur5_move_to_home_pkg/cmake/ur5_move_to_home_pkgConfig.cmake
[0.202s] -- Up-to-date symlink: /home/zuman/hivebot_ws/install/ur5_move_to_home_pkg/share/ur5_move_to_home_pkg/cmake/ur5_move_to_home_pkgConfig-version.cmake
[0.202s] -- Up-to-date symlink: /home/zuman/hivebot_ws/install/ur5_move_to_home_pkg/share/ur5_move_to_home_pkg/package.xml
[0.205s] Invoked command in '/home/zuman/hivebot_ws/build/ur5_move_to_home_pkg' returned '0': CMAKE_PREFIX_PATH=${CMAKE_PREFIX_PATH}:/home/zuman/hivebot_ws/install/toilet_detection:/home/zuman/hivebot_ws/install/ball_tracker:/opt/ros/humble /usr/bin/cmake --install /home/zuman/hivebot_ws/build/ur5_move_to_home_pkg
