[0.144s] Invoking command in '/home/zuman/hivebot_ws/build/hello_moveit': CMAKE_PREFIX_PATH=${CMAKE_PREFIX_PATH}:/home/zuman/hivebot_ws/install/toilet_detection:/home/zuman/hivebot_ws/install/ball_tracker:/opt/ros/humble /usr/bin/cmake --build /home/zuman/hivebot_ws/build/hello_moveit -- -j6 -l6
[0.227s] [ 20%] Built target gripper
[0.227s] [ 40%] Built target clean_toilet_node
[0.252s] [ 60%] Built target clean_western_node
[0.252s] [100%] Built target pick_sprayer
[0.253s] [100%] Built target home
[0.371s] Invoked command in '/home/zuman/hivebot_ws/build/hello_moveit' returned '0': CMAKE_PREFIX_PATH=${CMAKE_PREFIX_PATH}:/home/zuman/hivebot_ws/install/toilet_detection:/home/zuman/hivebot_ws/install/ball_tracker:/opt/ros/humble /usr/bin/cmake --build /home/zuman/hivebot_ws/build/hello_moveit -- -j6 -l6
[0.546s] Invoking command in '/home/zuman/hivebot_ws/build/hello_moveit': CMAKE_PREFIX_PATH=${CMAKE_PREFIX_PATH}:/home/zuman/hivebot_ws/install/toilet_detection:/home/zuman/hivebot_ws/install/ball_tracker:/opt/ros/humble /usr/bin/cmake --install /home/zuman/hivebot_ws/build/hello_moveit
[0.671s] -- Install configuration: "Debug"
[0.672s] -- Execute custom install script
[0.676s] -- Up-to-date symlink: /home/zuman/hivebot_ws/install/hello_moveit/lib/hello_moveit/home
[0.676s] -- Up-to-date symlink: /home/zuman/hivebot_ws/install/hello_moveit/lib/hello_moveit/clean_toilet_node
[0.677s] -- Up-to-date symlink: /home/zuman/hivebot_ws/install/hello_moveit/lib/hello_moveit/clean_western_node
[0.677s] -- Up-to-date symlink: /home/zuman/hivebot_ws/install/hello_moveit/lib/hello_moveit/gripper
[0.677s] -- Up-to-date symlink: /home/zuman/hivebot_ws/install/hello_moveit/lib/hello_moveit/pick_sprayer
[0.678s] -- Up-to-date symlink: /home/zuman/hivebot_ws/install/hello_moveit/share/hello_moveit/launch/clean_toilet.launch
[0.679s] -- Up-to-date symlink: /home/zuman/hivebot_ws/install/hello_moveit/share/hello_moveit/launch/toilet.launch.py
[0.679s] -- Up-to-date symlink: /home/zuman/hivebot_ws/install/hello_moveit/share/hello_moveit/config/delay_time.yaml
[0.679s] -- Up-to-date symlink: /home/zuman/hivebot_ws/install/hello_moveit/share/ament_index/resource_index/package_run_dependencies/hello_moveit
[0.680s] -- Up-to-date symlink: /home/zuman/hivebot_ws/install/hello_moveit/share/ament_index/resource_index/parent_prefix_path/hello_moveit
[0.681s] -- Up-to-date symlink: /home/zuman/hivebot_ws/install/hello_moveit/share/hello_moveit/environment/ament_prefix_path.sh
[0.681s] -- Up-to-date symlink: /home/zuman/hivebot_ws/install/hello_moveit/share/hello_moveit/environment/ament_prefix_path.dsv
[0.681s] -- Up-to-date symlink: /home/zuman/hivebot_ws/install/hello_moveit/share/hello_moveit/environment/path.sh
[0.682s] -- Up-to-date symlink: /home/zuman/hivebot_ws/install/hello_moveit/share/hello_moveit/environment/path.dsv
[0.683s] -- Up-to-date symlink: /home/zuman/hivebot_ws/install/hello_moveit/share/hello_moveit/local_setup.bash
[0.683s] -- Up-to-date symlink: /home/zuman/hivebot_ws/install/hello_moveit/share/hello_moveit/local_setup.sh
[0.684s] -- Up-to-date symlink: /home/zuman/hivebot_ws/install/hello_moveit/share/hello_moveit/local_setup.zsh
[0.684s] -- Up-to-date symlink: /home/zuman/hivebot_ws/install/hello_moveit/share/hello_moveit/local_setup.dsv
[0.684s] -- Symlinking: /home/zuman/hivebot_ws/install/hello_moveit/share/hello_moveit/package.dsv
[0.685s] -- Up-to-date symlink: /home/zuman/hivebot_ws/install/hello_moveit/share/ament_index/resource_index/packages/hello_moveit
[0.686s] -- Up-to-date symlink: /home/zuman/hivebot_ws/install/hello_moveit/share/hello_moveit/cmake/hello_moveitConfig.cmake
[0.686s] -- Up-to-date symlink: /home/zuman/hivebot_ws/install/hello_moveit/share/hello_moveit/cmake/hello_moveitConfig-version.cmake
[0.686s] -- Up-to-date symlink: /home/zuman/hivebot_ws/install/hello_moveit/share/hello_moveit/package.xml
[0.775s] Invoked command in '/home/zuman/hivebot_ws/build/hello_moveit' returned '0': CMAKE_PREFIX_PATH=${CMAKE_PREFIX_PATH}:/home/zuman/hivebot_ws/install/toilet_detection:/home/zuman/hivebot_ws/install/ball_tracker:/opt/ros/humble /usr/bin/cmake --install /home/zuman/hivebot_ws/build/hello_moveit
