[0.142s] Invoking command in '/home/zuman/hivebot_ws/build/hello_moveit': CMAKE_PREFIX_PATH=${CMAKE_PREFIX_PATH}:/home/zuman/hivebot_ws/install/toilet_detection:/home/zuman/hivebot_ws/install/ball_tracker:/opt/ros/humble /usr/bin/cmake --build /home/zuman/hivebot_ws/build/hello_moveit -- -j6 -l6
[0.271s] [35m[1mConsolidate compiler generated dependencies of target hello_moveit[0m
[0.364s] [ 50%] [32mBuilding CXX object CMakeFiles/hello_moveit.dir/src/hello_moveit.cpp.o[0m
[11.765s] [100%] [32m[1mLinking CXX executable hello_moveit[0m
[12.272s] [100%] Built target hello_moveit
[12.288s] Invoked command in '/home/zuman/hivebot_ws/build/hello_moveit' returned '0': CMAKE_PREFIX_PATH=${CMAKE_PREFIX_PATH}:/home/zuman/hivebot_ws/install/toilet_detection:/home/zuman/hivebot_ws/install/ball_tracker:/opt/ros/humble /usr/bin/cmake --build /home/zuman/hivebot_ws/build/hello_moveit -- -j6 -l6
[12.326s] Invoking command in '/home/zuman/hivebot_ws/build/hello_moveit': CMAKE_PREFIX_PATH=${CMAKE_PREFIX_PATH}:/home/zuman/hivebot_ws/install/toilet_detection:/home/zuman/hivebot_ws/install/ball_tracker:/opt/ros/humble /usr/bin/cmake --install /home/zuman/hivebot_ws/build/hello_moveit
[12.338s] -- Install configuration: "Debug"
[12.339s] -- Installing: /home/zuman/hivebot_ws/install/hello_moveit/lib/hello_moveit/hello_moveit
[12.351s] -- Set runtime path of "/home/zuman/hivebot_ws/install/hello_moveit/lib/hello_moveit/hello_moveit" to ""
[12.352s] -- Up-to-date: /home/zuman/hivebot_ws/install/hello_moveit/share/ament_index/resource_index/package_run_dependencies/hello_moveit
[12.352s] -- Up-to-date: /home/zuman/hivebot_ws/install/hello_moveit/share/ament_index/resource_index/parent_prefix_path/hello_moveit
[12.352s] -- Up-to-date: /home/zuman/hivebot_ws/install/hello_moveit/share/hello_moveit/environment/ament_prefix_path.sh
[12.353s] -- Up-to-date: /home/zuman/hivebot_ws/install/hello_moveit/share/hello_moveit/environment/ament_prefix_path.dsv
[12.353s] -- Up-to-date: /home/zuman/hivebot_ws/install/hello_moveit/share/hello_moveit/environment/path.sh
[12.353s] -- Up-to-date: /home/zuman/hivebot_ws/install/hello_moveit/share/hello_moveit/environment/path.dsv
[12.353s] -- Up-to-date: /home/zuman/hivebot_ws/install/hello_moveit/share/hello_moveit/local_setup.bash
[12.354s] -- Up-to-date: /home/zuman/hivebot_ws/install/hello_moveit/share/hello_moveit/local_setup.sh
[12.354s] -- Up-to-date: /home/zuman/hivebot_ws/install/hello_moveit/share/hello_moveit/local_setup.zsh
[12.354s] -- Up-to-date: /home/zuman/hivebot_ws/install/hello_moveit/share/hello_moveit/local_setup.dsv
[12.354s] -- Installing: /home/zuman/hivebot_ws/install/hello_moveit/share/hello_moveit/package.dsv
[12.355s] -- Up-to-date: /home/zuman/hivebot_ws/install/hello_moveit/share/ament_index/resource_index/packages/hello_moveit
[12.355s] -- Up-to-date: /home/zuman/hivebot_ws/install/hello_moveit/share/hello_moveit/cmake/hello_moveitConfig.cmake
[12.355s] -- Up-to-date: /home/zuman/hivebot_ws/install/hello_moveit/share/hello_moveit/cmake/hello_moveitConfig-version.cmake
[12.355s] -- Up-to-date: /home/zuman/hivebot_ws/install/hello_moveit/share/hello_moveit/package.xml
[12.358s] Invoked command in '/home/zuman/hivebot_ws/build/hello_moveit' returned '0': CMAKE_PREFIX_PATH=${CMAKE_PREFIX_PATH}:/home/zuman/hivebot_ws/install/toilet_detection:/home/zuman/hivebot_ws/install/ball_tracker:/opt/ros/humble /usr/bin/cmake --install /home/zuman/hivebot_ws/build/hello_moveit
