[0.118s] Invoking command in '/home/zuman/hivebot_ws/build/hivebot': CMAKE_PREFIX_PATH=${CMAKE_PREFIX_PATH}:/opt/ros/humble /usr/bin/cmake --build /home/zuman/hivebot_ws/build/hivebot -- -j6 -l6
[0.265s] Invoked command in '/home/zuman/hivebot_ws/build/hivebot' returned '0': CMAKE_PREFIX_PATH=${CMAKE_PREFIX_PATH}:/opt/ros/humble /usr/bin/cmake --build /home/zuman/hivebot_ws/build/hivebot -- -j6 -l6
[0.313s] Invoking command in '/home/zuman/hivebot_ws/build/hivebot': CMAKE_PREFIX_PATH=${CMAKE_PREFIX_PATH}:/opt/ros/humble /usr/bin/cmake --install /home/zuman/hivebot_ws/build/hivebot
[0.326s] -- Install configuration: ""
[0.327s] -- Execute custom install script
[0.333s] -- Up-to-date symlink: /home/zuman/hivebot_ws/install/hivebot/share/hivebot/config/empty.yaml
[0.334s] -- Up-to-date symlink: /home/zuman/hivebot_ws/install/hivebot/share/hivebot/config/initial_positions.yaml
[0.335s] -- Up-to-date symlink: /home/zuman/hivebot_ws/install/hivebot/share/hivebot/config/view_bot.rviz
[0.336s] -- Symlinking: /home/zuman/hivebot_ws/install/hivebot/share/hivebot/description/camera.xacro
[0.355s] -- Up-to-date symlink: /home/zuman/hivebot_ws/install/hivebot/share/hivebot/description/gazebo_control.xacro
[0.356s] -- Up-to-date symlink: /home/zuman/hivebot_ws/install/hivebot/share/hivebot/description/inertial_macros.xacro
[0.357s] -- Up-to-date symlink: /home/zuman/hivebot_ws/install/hivebot/share/hivebot/description/lidar.xacro
[0.358s] -- Up-to-date symlink: /home/zuman/hivebot_ws/install/hivebot/share/hivebot/description/robot.urdf.xacro
[0.358s] -- Up-to-date symlink: /home/zuman/hivebot_ws/install/hivebot/share/hivebot/description/robot_core.xacro
[0.359s] -- Up-to-date symlink: /home/zuman/hivebot_ws/install/hivebot/share/hivebot/description/robotarm.xacro
[0.360s] -- Up-to-date symlink: /home/zuman/hivebot_ws/install/hivebot/share/hivebot/description/ur5.xacro
[0.361s] -- Up-to-date symlink: /home/zuman/hivebot_ws/install/hivebot/share/hivebot/launch/launch_sim.launch.py
[0.362s] -- Up-to-date symlink: /home/zuman/hivebot_ws/install/hivebot/share/hivebot/launch/rsp.launch.py
[0.363s] -- Up-to-date symlink: /home/zuman/hivebot_ws/install/hivebot/share/hivebot/worlds/dummy.world
[0.365s] -- Up-to-date symlink: /home/zuman/hivebot_ws/install/hivebot/share/hivebot/worlds/empty.world
[0.365s] -- Up-to-date symlink: /home/zuman/hivebot_ws/install/hivebot/share/hivebot/worlds/toilet.world
[0.366s] -- Up-to-date symlink: /home/zuman/hivebot_ws/install/hivebot/share/ament_index/resource_index/package_run_dependencies/hivebot
[0.367s] -- Up-to-date symlink: /home/zuman/hivebot_ws/install/hivebot/share/ament_index/resource_index/parent_prefix_path/hivebot
[0.368s] -- Up-to-date symlink: /home/zuman/hivebot_ws/install/hivebot/share/hivebot/environment/ament_prefix_path.sh
[0.369s] -- Up-to-date symlink: /home/zuman/hivebot_ws/install/hivebot/share/hivebot/environment/ament_prefix_path.dsv
[0.370s] -- Up-to-date symlink: /home/zuman/hivebot_ws/install/hivebot/share/hivebot/environment/path.sh
[0.371s] -- Up-to-date symlink: /home/zuman/hivebot_ws/install/hivebot/share/hivebot/environment/path.dsv
[0.372s] -- Up-to-date symlink: /home/zuman/hivebot_ws/install/hivebot/share/hivebot/local_setup.bash
[0.372s] -- Up-to-date symlink: /home/zuman/hivebot_ws/install/hivebot/share/hivebot/local_setup.sh
[0.373s] -- Up-to-date symlink: /home/zuman/hivebot_ws/install/hivebot/share/hivebot/local_setup.zsh
[0.374s] -- Up-to-date symlink: /home/zuman/hivebot_ws/install/hivebot/share/hivebot/local_setup.dsv
[0.375s] -- Symlinking: /home/zuman/hivebot_ws/install/hivebot/share/hivebot/package.dsv
[0.390s] -- Up-to-date symlink: /home/zuman/hivebot_ws/install/hivebot/share/ament_index/resource_index/packages/hivebot
[0.391s] -- Up-to-date symlink: /home/zuman/hivebot_ws/install/hivebot/share/hivebot/cmake/hivebotConfig.cmake
[0.392s] -- Up-to-date symlink: /home/zuman/hivebot_ws/install/hivebot/share/hivebot/cmake/hivebotConfig-version.cmake
[0.393s] -- Up-to-date symlink: /home/zuman/hivebot_ws/install/hivebot/share/hivebot/package.xml
[0.396s] Invoked command in '/home/zuman/hivebot_ws/build/hivebot' returned '0': CMAKE_PREFIX_PATH=${CMAKE_PREFIX_PATH}:/opt/ros/humble /usr/bin/cmake --install /home/zuman/hivebot_ws/build/hivebot
