-- The C compiler identification is GNU 11.4.0
-- The CXX compiler identification is GNU 11.4.0
-- Detecting C compiler ABI info
-- Detecting C compiler ABI info - done
-- Check for working C compiler: /usr/bin/cc - skipped
-- Detecting C compile features
-- Detecting C compile features - done
-- Detecting CXX compiler ABI info
-- Detecting CXX compiler ABI info - done
-- Check for working CXX compiler: /usr/bin/c++ - skipped
-- Detecting CXX compile features
-- Detecting CXX compile features - done
-- Found ament_cmake: 1.3.8 (/opt/ros/humble/share/ament_cmake/cmake)
-- Found Python3: /usr/bin/python3 (found version "3.10.12") found components: Interpreter 
-- Override CMake install command with custom implementation using symlinks instead of copying resources
-- Configuring done
-- Generating done
-- Build files have been written to: /home/zuman/hivebot_ws/build/src
-- Install configuration: ""
-- Execute custom install script
-- Symlinking: /home/zuman/hivebot_ws/install/src/share/ament_index/resource_index/package_run_dependencies/src
-- Symlinking: /home/zuman/hivebot_ws/install/src/share/ament_index/resource_index/parent_prefix_path/src
-- Symlinking: /home/zuman/hivebot_ws/install/src/share/src/environment/ament_prefix_path.sh
-- Symlinking: /home/zuman/hivebot_ws/install/src/share/src/environment/ament_prefix_path.dsv
-- Symlinking: /home/zuman/hivebot_ws/install/src/share/src/environment/path.sh
-- Symlinking: /home/zuman/hivebot_ws/install/src/share/src/environment/path.dsv
-- Symlinking: /home/zuman/hivebot_ws/install/src/share/src/local_setup.bash
-- Symlinking: /home/zuman/hivebot_ws/install/src/share/src/local_setup.sh
-- Symlinking: /home/zuman/hivebot_ws/install/src/share/src/local_setup.zsh
-- Symlinking: /home/zuman/hivebot_ws/install/src/share/src/local_setup.dsv
-- Symlinking: /home/zuman/hivebot_ws/install/src/share/src/package.dsv
-- Symlinking: /home/zuman/hivebot_ws/install/src/share/ament_index/resource_index/packages/src
-- Symlinking: /home/zuman/hivebot_ws/install/src/share/src/cmake/srcConfig.cmake
-- Symlinking: /home/zuman/hivebot_ws/install/src/share/src/cmake/srcConfig-version.cmake
-- Symlinking: /home/zuman/hivebot_ws/install/src/share/src/package.xml
-- Symlinking: /home/zuman/hivebot_ws/install/src/share/src/launch/demo.launch.py
-- Symlinking: /home/zuman/hivebot_ws/install/src/share/src/launch/move_group.launch.py
-- Symlinking: /home/zuman/hivebot_ws/install/src/share/src/launch/moveit_rviz.launch.py
-- Symlinking: /home/zuman/hivebot_ws/install/src/share/src/launch/rsp.launch.py
-- Symlinking: /home/zuman/hivebot_ws/install/src/share/src/launch/setup_assistant.launch.py
-- Symlinking: /home/zuman/hivebot_ws/install/src/share/src/launch/spawn_controllers.launch.py
-- Symlinking: /home/zuman/hivebot_ws/install/src/share/src/launch/static_virtual_joint_tfs.launch.py
-- Symlinking: /home/zuman/hivebot_ws/install/src/share/src/launch/warehouse_db.launch.py
-- Symlinking: /home/zuman/hivebot_ws/install/src/share/src/config/initial_positions.yaml
-- Symlinking: /home/zuman/hivebot_ws/install/src/share/src/config/joint_limits.yaml
-- Symlinking: /home/zuman/hivebot_ws/install/src/share/src/config/kinematics.yaml
-- Symlinking: /home/zuman/hivebot_ws/install/src/share/src/config/moveit.rviz
-- Symlinking: /home/zuman/hivebot_ws/install/src/share/src/config/moveit_controllers.yaml
-- Symlinking: /home/zuman/hivebot_ws/install/src/share/src/config/pilz_cartesian_limits.yaml
-- Symlinking: /home/zuman/hivebot_ws/install/src/share/src/config/robot.ros2_control.xacro
-- Symlinking: /home/zuman/hivebot_ws/install/src/share/src/config/robot.srdf
-- Symlinking: /home/zuman/hivebot_ws/install/src/share/src/config/robot.urdf.xacro
-- Symlinking: /home/zuman/hivebot_ws/install/src/share/src/config/ros2_controllers.yaml
[31mCMake Error at ament_cmake_symlink_install/ament_cmake_symlink_install.cmake:158 (message):
  ament_cmake_symlink_install_files() can't find
  '/home/zuman/hivebot_ws/src/hivebot_moveit_config/.setup_assistant'
Call Stack (most recent call first):
  ament_cmake_symlink_install/ament_cmake_symlink_install.cmake:362 (ament_cmake_symlink_install_files)
  cmake_install.cmake:46 (include)

[0m
