[0.112s] Invoking command in '/home/zuman/hivebot_ws/build/move_robot': CMAKE_PREFIX_PATH=${CMAKE_PREFIX_PATH}:/home/zuman/hivebot_ws/install/toilet_detection:/home/zuman/hivebot_ws/install/ball_tracker:/opt/ros/humble /usr/bin/cmake --build /home/zuman/hivebot_ws/build/move_robot -- -j6 -l6
[0.133s] -- Found ament_cmake: 1.3.8 (/opt/ros/humble/share/ament_cmake/cmake)
[0.264s] -- Override CMake install command with custom implementation using symlinks instead of copying resources
[0.272s] -- Found ament_lint_auto: 0.12.10 (/opt/ros/humble/share/ament_lint_auto/cmake)
[0.342s] -- Added test 'flake8' to check Python code syntax and style conventions
[0.342s] -- Added test 'lint_cmake' to check CMake code style
[0.342s] -- Added test 'pep257' to check Python code against some of the docstring style conventions in PEP 257
[0.344s] -- Added test 'xmllint' to check XML markup files
[0.344s] -- Configuring done
[0.352s] -- Generating done
[0.353s] -- Build files have been written to: /home/zuman/hivebot_ws/build/move_robot
[0.592s] Invoked command in '/home/zuman/hivebot_ws/build/move_robot' returned '0': CMAKE_PREFIX_PATH=${CMAKE_PREFIX_PATH}:/home/zuman/hivebot_ws/install/toilet_detection:/home/zuman/hivebot_ws/install/ball_tracker:/opt/ros/humble /usr/bin/cmake --build /home/zuman/hivebot_ws/build/move_robot -- -j6 -l6
[0.614s] Invoking command in '/home/zuman/hivebot_ws/build/move_robot': CMAKE_PREFIX_PATH=${CMAKE_PREFIX_PATH}:/home/zuman/hivebot_ws/install/toilet_detection:/home/zuman/hivebot_ws/install/ball_tracker:/opt/ros/humble /usr/bin/cmake --install /home/zuman/hivebot_ws/build/move_robot
[0.621s] -- Install configuration: ""
[0.622s] -- Execute custom install script
[0.622s] -- Symlinking: /home/zuman/hivebot_ws/install/move_robot/share/move_robot/src/move_robot.py
[0.633s] -- Symlinking: /home/zuman/hivebot_ws/install/move_robot/share/move_robot/include/move_robot/move_robot.py
[0.641s] -- Symlinking: /home/zuman/hivebot_ws/install/move_robot/share/move_robot/launch/move_robot.launch.py
[0.655s] -- Up-to-date symlink: /home/zuman/hivebot_ws/install/move_robot/share/ament_index/resource_index/package_run_dependencies/move_robot
[0.655s] -- Up-to-date symlink: /home/zuman/hivebot_ws/install/move_robot/share/ament_index/resource_index/parent_prefix_path/move_robot
[0.655s] -- Up-to-date symlink: /home/zuman/hivebot_ws/install/move_robot/share/move_robot/environment/ament_prefix_path.sh
[0.655s] -- Up-to-date symlink: /home/zuman/hivebot_ws/install/move_robot/share/move_robot/environment/ament_prefix_path.dsv
[0.655s] -- Up-to-date symlink: /home/zuman/hivebot_ws/install/move_robot/share/move_robot/environment/path.sh
[0.655s] -- Up-to-date symlink: /home/zuman/hivebot_ws/install/move_robot/share/move_robot/environment/path.dsv
[0.655s] -- Up-to-date symlink: /home/zuman/hivebot_ws/install/move_robot/share/move_robot/local_setup.bash
[0.656s] -- Up-to-date symlink: /home/zuman/hivebot_ws/install/move_robot/share/move_robot/local_setup.sh
[0.656s] -- Up-to-date symlink: /home/zuman/hivebot_ws/install/move_robot/share/move_robot/local_setup.zsh
[0.657s] -- Up-to-date symlink: /home/zuman/hivebot_ws/install/move_robot/share/move_robot/local_setup.dsv
[0.657s] -- Symlinking: /home/zuman/hivebot_ws/install/move_robot/share/move_robot/package.dsv
[0.667s] -- Up-to-date symlink: /home/zuman/hivebot_ws/install/move_robot/share/ament_index/resource_index/packages/move_robot
[0.667s] -- Up-to-date symlink: /home/zuman/hivebot_ws/install/move_robot/share/move_robot/cmake/move_robotConfig.cmake
[0.668s] -- Up-to-date symlink: /home/zuman/hivebot_ws/install/move_robot/share/move_robot/cmake/move_robotConfig-version.cmake
[0.668s] -- Up-to-date symlink: /home/zuman/hivebot_ws/install/move_robot/share/move_robot/package.xml
[0.672s] Invoked command in '/home/zuman/hivebot_ws/build/move_robot' returned '0': CMAKE_PREFIX_PATH=${CMAKE_PREFIX_PATH}:/home/zuman/hivebot_ws/install/toilet_detection:/home/zuman/hivebot_ws/install/ball_tracker:/opt/ros/humble /usr/bin/cmake --install /home/zuman/hivebot_ws/build/move_robot
