[0.103s] Invoking command in '/home/zuman/hivebot_ws/build/gazebo_ros2_control': CMAKE_PREFIX_PATH=${CMAKE_PREFIX_PATH}:/home/zuman/hivebot_ws/install/toilet_detection:/home/zuman/hivebot_ws/install/ball_tracker:/opt/ros/humble /usr/bin/cmake /home/zuman/hivebot_ws/src/gazebo_ros2_control -DAMENT_CMAKE_SYMLINK_INSTALL=1 -DCMAKE_INSTALL_PREFIX=/home/zuman/hivebot_ws/install/gazebo_ros2_control
[0.288s] -- The C compiler identification is GNU 11.4.0
[0.444s] -- The CXX compiler identification is GNU 11.4.0
[0.462s] -- Detecting C compiler ABI info
[0.619s] -- Detecting C compiler ABI info - done
[0.626s] -- Check for working C compiler: /usr/bin/cc - skipped
[0.626s] -- Detecting C compile features
[0.630s] -- Detecting C compile features - done
[0.639s] -- Detecting CXX compiler ABI info
[0.723s] -- Detecting CXX compiler ABI info - done
[0.733s] -- Check for working CXX compiler: /usr/bin/c++ - skipped
[0.733s] -- Detecting CXX compile features
[0.734s] -- Detecting CXX compile features - done
[0.749s] -- Found ament_cmake: 1.3.8 (/opt/ros/humble/share/ament_cmake/cmake)
[0.938s] -- Found Python3: /usr/bin/python3 (found version "3.10.12") found components: Interpreter 
[1.027s] -- Override CMake install command with custom implementation using symlinks instead of copying resources
[1.109s] -- Found ament_lint_auto: 0.12.10 (/opt/ros/humble/share/ament_lint_auto/cmake)
[1.223s] -- Added test 'cppcheck' to perform static code analysis on C / C++ code
[1.223s] -- Configured cppcheck include dirs: 
[1.223s] -- Configured cppcheck exclude dirs and/or files: 
[1.225s] -- Added test 'flake8' to check Python code syntax and style conventions
[1.227s] -- Added test 'lint_cmake' to check CMake code style
[1.229s] -- Added test 'pep257' to check Python code against some of the docstring style conventions in PEP 257
[1.237s] -- Added test 'uncrustify' to check C / C++ code style
[1.237s] -- Configured uncrustify additional arguments: 
[1.243s] -- Added test 'xmllint' to check XML markup files
[1.246s] -- Configuring done
[1.251s] -- Generating done
[1.252s] -- Build files have been written to: /home/zuman/hivebot_ws/build/gazebo_ros2_control
[1.257s] Invoked command in '/home/zuman/hivebot_ws/build/gazebo_ros2_control' returned '0': CMAKE_PREFIX_PATH=${CMAKE_PREFIX_PATH}:/home/zuman/hivebot_ws/install/toilet_detection:/home/zuman/hivebot_ws/install/ball_tracker:/opt/ros/humble /usr/bin/cmake /home/zuman/hivebot_ws/src/gazebo_ros2_control -DAMENT_CMAKE_SYMLINK_INSTALL=1 -DCMAKE_INSTALL_PREFIX=/home/zuman/hivebot_ws/install/gazebo_ros2_control
[1.258s] Invoking command in '/home/zuman/hivebot_ws/build/gazebo_ros2_control': CMAKE_PREFIX_PATH=${CMAKE_PREFIX_PATH}:/home/zuman/hivebot_ws/install/toilet_detection:/home/zuman/hivebot_ws/install/ball_tracker:/opt/ros/humble /usr/bin/cmake --build /home/zuman/hivebot_ws/build/gazebo_ros2_control -- -j6 -l6
[1.301s] Invoked command in '/home/zuman/hivebot_ws/build/gazebo_ros2_control' returned '0': CMAKE_PREFIX_PATH=${CMAKE_PREFIX_PATH}:/home/zuman/hivebot_ws/install/toilet_detection:/home/zuman/hivebot_ws/install/ball_tracker:/opt/ros/humble /usr/bin/cmake --build /home/zuman/hivebot_ws/build/gazebo_ros2_control -- -j6 -l6
[1.324s] Invoking command in '/home/zuman/hivebot_ws/build/gazebo_ros2_control': CMAKE_PREFIX_PATH=${CMAKE_PREFIX_PATH}:/home/zuman/hivebot_ws/install/toilet_detection:/home/zuman/hivebot_ws/install/ball_tracker:/opt/ros/humble /usr/bin/cmake --install /home/zuman/hivebot_ws/build/gazebo_ros2_control
[1.334s] -- Install configuration: ""
[1.334s] -- Execute custom install script
[1.334s] -- Symlinking: /home/zuman/hivebot_ws/install/gazebo_ros2_control/share/ament_index/resource_index/package_run_dependencies/gazebo_ros2_control
[1.344s] -- Symlinking: /home/zuman/hivebot_ws/install/gazebo_ros2_control/share/ament_index/resource_index/parent_prefix_path/gazebo_ros2_control
[1.354s] -- Symlinking: /home/zuman/hivebot_ws/install/gazebo_ros2_control/share/gazebo_ros2_control/environment/ament_prefix_path.sh
[1.363s] -- Symlinking: /home/zuman/hivebot_ws/install/gazebo_ros2_control/share/gazebo_ros2_control/environment/ament_prefix_path.dsv
[1.372s] -- Symlinking: /home/zuman/hivebot_ws/install/gazebo_ros2_control/share/gazebo_ros2_control/environment/path.sh
[1.381s] -- Symlinking: /home/zuman/hivebot_ws/install/gazebo_ros2_control/share/gazebo_ros2_control/environment/path.dsv
[1.389s] -- Symlinking: /home/zuman/hivebot_ws/install/gazebo_ros2_control/share/gazebo_ros2_control/local_setup.bash
[1.398s] -- Symlinking: /home/zuman/hivebot_ws/install/gazebo_ros2_control/share/gazebo_ros2_control/local_setup.sh
[1.406s] -- Symlinking: /home/zuman/hivebot_ws/install/gazebo_ros2_control/share/gazebo_ros2_control/local_setup.zsh
[1.415s] -- Symlinking: /home/zuman/hivebot_ws/install/gazebo_ros2_control/share/gazebo_ros2_control/local_setup.dsv
[1.424s] -- Symlinking: /home/zuman/hivebot_ws/install/gazebo_ros2_control/share/gazebo_ros2_control/package.dsv
[1.434s] -- Symlinking: /home/zuman/hivebot_ws/install/gazebo_ros2_control/share/ament_index/resource_index/packages/gazebo_ros2_control
[1.446s] -- Symlinking: /home/zuman/hivebot_ws/install/gazebo_ros2_control/share/gazebo_ros2_control/cmake/gazebo_ros2_controlConfig.cmake
[1.456s] -- Symlinking: /home/zuman/hivebot_ws/install/gazebo_ros2_control/share/gazebo_ros2_control/cmake/gazebo_ros2_controlConfig-version.cmake
[1.465s] -- Symlinking: /home/zuman/hivebot_ws/install/gazebo_ros2_control/share/gazebo_ros2_control/package.xml
[1.476s] Invoked command in '/home/zuman/hivebot_ws/build/gazebo_ros2_control' returned '0': CMAKE_PREFIX_PATH=${CMAKE_PREFIX_PATH}:/home/zuman/hivebot_ws/install/toilet_detection:/home/zuman/hivebot_ws/install/ball_tracker:/opt/ros/humble /usr/bin/cmake --install /home/zuman/hivebot_ws/build/gazebo_ros2_control
