[0.088s] Invoking command in '/home/zuman/hivebot_ws/build/detect_toilet': CMAKE_PREFIX_PATH=${CMAKE_PREFIX_PATH}:/home/zuman/hivebot_ws/install/ball_tracker:/opt/ros/humble /usr/bin/cmake --build /home/zuman/hivebot_ws/build/detect_toilet -- -j6 -l6
[0.158s] Invoked command in '/home/zuman/hivebot_ws/build/detect_toilet' returned '0': CMAKE_PREFIX_PATH=${CMAKE_PREFIX_PATH}:/home/zuman/hivebot_ws/install/ball_tracker:/opt/ros/humble /usr/bin/cmake --build /home/zuman/hivebot_ws/build/detect_toilet -- -j6 -l6
[0.210s] Invoking command in '/home/zuman/hivebot_ws/build/detect_toilet': CMAKE_PREFIX_PATH=${CMAKE_PREFIX_PATH}:/home/zuman/hivebot_ws/install/ball_tracker:/opt/ros/humble /usr/bin/cmake --install /home/zuman/hivebot_ws/build/detect_toilet
[0.218s] -- Install configuration: ""
[0.218s] -- Execute custom install script
[0.218s] -- Up-to-date symlink: /home/zuman/hivebot_ws/install/detect_toilet/share/detect_toilet/src/detect_toilet.py
[0.219s] -- Up-to-date symlink: /home/zuman/hivebot_ws/install/detect_toilet/share/detect_toilet/launch/detect_toilet.launch.py
[0.219s] -- Up-to-date symlink: /home/zuman/hivebot_ws/install/detect_toilet/share/ament_index/resource_index/package_run_dependencies/detect_toilet
[0.219s] -- Up-to-date symlink: /home/zuman/hivebot_ws/install/detect_toilet/share/ament_index/resource_index/parent_prefix_path/detect_toilet
[0.219s] -- Up-to-date symlink: /home/zuman/hivebot_ws/install/detect_toilet/share/detect_toilet/environment/ament_prefix_path.sh
[0.219s] -- Up-to-date symlink: /home/zuman/hivebot_ws/install/detect_toilet/share/detect_toilet/environment/ament_prefix_path.dsv
[0.219s] -- Up-to-date symlink: /home/zuman/hivebot_ws/install/detect_toilet/share/detect_toilet/environment/path.sh
[0.219s] -- Up-to-date symlink: /home/zuman/hivebot_ws/install/detect_toilet/share/detect_toilet/environment/path.dsv
[0.220s] -- Up-to-date symlink: /home/zuman/hivebot_ws/install/detect_toilet/share/detect_toilet/local_setup.bash
[0.220s] -- Up-to-date symlink: /home/zuman/hivebot_ws/install/detect_toilet/share/detect_toilet/local_setup.sh
[0.220s] -- Up-to-date symlink: /home/zuman/hivebot_ws/install/detect_toilet/share/detect_toilet/local_setup.zsh
[0.220s] -- Up-to-date symlink: /home/zuman/hivebot_ws/install/detect_toilet/share/detect_toilet/local_setup.dsv
[0.220s] -- Symlinking: /home/zuman/hivebot_ws/install/detect_toilet/share/detect_toilet/package.dsv
[0.231s] -- Up-to-date symlink: /home/zuman/hivebot_ws/install/detect_toilet/share/ament_index/resource_index/packages/detect_toilet
[0.231s] -- Up-to-date symlink: /home/zuman/hivebot_ws/install/detect_toilet/share/detect_toilet/cmake/detect_toiletConfig.cmake
[0.232s] -- Up-to-date symlink: /home/zuman/hivebot_ws/install/detect_toilet/share/detect_toilet/cmake/detect_toiletConfig-version.cmake
[0.232s] -- Up-to-date symlink: /home/zuman/hivebot_ws/install/detect_toilet/share/detect_toilet/package.xml
[0.235s] Invoked command in '/home/zuman/hivebot_ws/build/detect_toilet' returned '0': CMAKE_PREFIX_PATH=${CMAKE_PREFIX_PATH}:/home/zuman/hivebot_ws/install/ball_tracker:/opt/ros/humble /usr/bin/cmake --install /home/zuman/hivebot_ws/build/detect_toilet
