[0.168s] Invoking command in '/home/zuman/hivebot_ws/build/hello_moveit': CMAKE_PREFIX_PATH=${CMAKE_PREFIX_PATH}:/home/zuman/hivebot_ws/install/toilet_detection:/home/zuman/hivebot_ws/install/ball_tracker:/opt/ros/humble /usr/bin/cmake --build /home/zuman/hivebot_ws/build/hello_moveit -- -j6 -l6
[0.317s] [ 20%] Built target home
[0.401s] [ 40%] Built target pick_sprayer
[0.459s] [ 60%] Built target gripper
[0.510s] [ 80%] Built target clean_western_node
[0.548s] [100%] Built target clean_toilet_node
[0.636s] Invoked command in '/home/zuman/hivebot_ws/build/hello_moveit' returned '0': CMAKE_PREFIX_PATH=${CMAKE_PREFIX_PATH}:/home/zuman/hivebot_ws/install/toilet_detection:/home/zuman/hivebot_ws/install/ball_tracker:/opt/ros/humble /usr/bin/cmake --build /home/zuman/hivebot_ws/build/hello_moveit -- -j6 -l6
[0.824s] Invoking command in '/home/zuman/hivebot_ws/build/hello_moveit': CMAKE_PREFIX_PATH=${CMAKE_PREFIX_PATH}:/home/zuman/hivebot_ws/install/toilet_detection:/home/zuman/hivebot_ws/install/ball_tracker:/opt/ros/humble /usr/bin/cmake --install /home/zuman/hivebot_ws/build/hello_moveit
[0.937s] -- Install configuration: "Debug"
[0.938s] -- Execute custom install script
[0.938s] -- Up-to-date symlink: /home/zuman/hivebot_ws/install/hello_moveit/lib/hello_moveit/home
[0.938s] -- Up-to-date symlink: /home/zuman/hivebot_ws/install/hello_moveit/lib/hello_moveit/clean_toilet_node
[0.939s] -- Up-to-date symlink: /home/zuman/hivebot_ws/install/hello_moveit/lib/hello_moveit/clean_western_node
[0.939s] -- Up-to-date symlink: /home/zuman/hivebot_ws/install/hello_moveit/lib/hello_moveit/gripper
[0.939s] -- Up-to-date symlink: /home/zuman/hivebot_ws/install/hello_moveit/lib/hello_moveit/pick_sprayer
[0.939s] -- Up-to-date symlink: /home/zuman/hivebot_ws/install/hello_moveit/share/hello_moveit/launch/clean_toilet.launch
[0.939s] -- Up-to-date symlink: /home/zuman/hivebot_ws/install/hello_moveit/share/hello_moveit/launch/toilet.launch.py
[0.939s] -- Up-to-date symlink: /home/zuman/hivebot_ws/install/hello_moveit/share/hello_moveit/config/delay_time.yaml
[0.939s] -- Up-to-date symlink: /home/zuman/hivebot_ws/install/hello_moveit/share/ament_index/resource_index/package_run_dependencies/hello_moveit
[0.941s] -- Up-to-date symlink: /home/zuman/hivebot_ws/install/hello_moveit/share/ament_index/resource_index/parent_prefix_path/hello_moveit
[0.941s] -- Up-to-date symlink: /home/zuman/hivebot_ws/install/hello_moveit/share/hello_moveit/environment/ament_prefix_path.sh
[0.941s] -- Up-to-date symlink: /home/zuman/hivebot_ws/install/hello_moveit/share/hello_moveit/environment/ament_prefix_path.dsv
[0.942s] -- Up-to-date symlink: /home/zuman/hivebot_ws/install/hello_moveit/share/hello_moveit/environment/path.sh
[0.942s] -- Up-to-date symlink: /home/zuman/hivebot_ws/install/hello_moveit/share/hello_moveit/environment/path.dsv
[0.942s] -- Up-to-date symlink: /home/zuman/hivebot_ws/install/hello_moveit/share/hello_moveit/local_setup.bash
[0.942s] -- Up-to-date symlink: /home/zuman/hivebot_ws/install/hello_moveit/share/hello_moveit/local_setup.sh
[0.942s] -- Up-to-date symlink: /home/zuman/hivebot_ws/install/hello_moveit/share/hello_moveit/local_setup.zsh
[0.942s] -- Up-to-date symlink: /home/zuman/hivebot_ws/install/hello_moveit/share/hello_moveit/local_setup.dsv
[0.942s] -- Symlinking: /home/zuman/hivebot_ws/install/hello_moveit/share/hello_moveit/package.dsv
[0.942s] -- Up-to-date symlink: /home/zuman/hivebot_ws/install/hello_moveit/share/ament_index/resource_index/packages/hello_moveit
[0.943s] -- Up-to-date symlink: /home/zuman/hivebot_ws/install/hello_moveit/share/hello_moveit/cmake/hello_moveitConfig.cmake
[0.943s] -- Up-to-date symlink: /home/zuman/hivebot_ws/install/hello_moveit/share/hello_moveit/cmake/hello_moveitConfig-version.cmake
[0.946s] -- Up-to-date symlink: /home/zuman/hivebot_ws/install/hello_moveit/share/hello_moveit/package.xml
[0.946s] Invoked command in '/home/zuman/hivebot_ws/build/hello_moveit' returned '0': CMAKE_PREFIX_PATH=${CMAKE_PREFIX_PATH}:/home/zuman/hivebot_ws/install/toilet_detection:/home/zuman/hivebot_ws/install/ball_tracker:/opt/ros/humble /usr/bin/cmake --install /home/zuman/hivebot_ws/build/hello_moveit
