[1.744s] DEBUG:colcon:Command line arguments: ['/usr/bin/colcon', 'build', '--symlink-install']
[1.744s] DEBUG:colcon:Parsed command line arguments: Namespace(log_base=None, log_level=None, verb_name='build', build_base='build', install_base='install', merge_install=False, symlink_install=True, test_result_base=None, continue_on_error=False, executor='parallel', parallel_workers=6, event_handlers=None, ignore_user_meta=False, metas=['./colcon.meta'], base_paths=['.'], packages_ignore=None, packages_ignore_regex=None, paths=None, packages_up_to=None, packages_up_to_regex=None, packages_above=None, packages_above_and_dependencies=None, packages_above_depth=None, packages_select_by_dep=None, packages_skip_by_dep=None, packages_skip_up_to=None, packages_select_build_failed=False, packages_skip_build_finished=False, packages_select_test_failures=False, packages_skip_test_passed=False, packages_select=None, packages_skip=None, packages_select_regex=None, packages_skip_regex=None, packages_start=None, packages_end=None, allow_overriding=[], cmake_args=None, cmake_target=None, cmake_target_skip_unavailable=False, cmake_clean_cache=False, cmake_clean_first=False, cmake_force_configure=False, ament_cmake_args=None, catkin_cmake_args=None, catkin_skip_building_tests=False, mixin_files=None, mixin=None, verb_parser=<colcon_mixin.mixin.mixin_argument.MixinArgumentDecorator object at 0x784b3080cd60>, verb_extension=<colcon_core.verb.build.BuildVerb object at 0x784b30cacf10>, main=<bound method BuildVerb.main of <colcon_core.verb.build.BuildVerb object at 0x784b30cacf10>>, mixin_verb=('build',))
[1.835s] Level 1:colcon.colcon_core.package_discovery:discover_packages(colcon_meta) check parameters
[1.836s] Level 1:colcon.colcon_core.package_discovery:discover_packages(recursive) check parameters
[1.836s] Level 1:colcon.colcon_core.package_discovery:discover_packages(ignore) check parameters
[1.836s] Level 1:colcon.colcon_core.package_discovery:discover_packages(path) check parameters
[1.836s] Level 1:colcon.colcon_core.package_discovery:discover_packages(colcon_meta) discover
[1.836s] Level 1:colcon.colcon_core.package_discovery:discover_packages(recursive) discover
[1.836s] INFO:colcon.colcon_core.package_discovery:Crawling recursively for packages in '/home/zuman/hivebot_ws'
[1.836s] Level 1:colcon.colcon_core.package_identification:_identify(.) by extensions ['ignore', 'ignore_ament_install']
[1.836s] Level 1:colcon.colcon_core.package_identification:_identify(.) by extension 'ignore'
[1.836s] Level 1:colcon.colcon_core.package_identification:_identify(.) by extension 'ignore_ament_install'
[1.836s] Level 1:colcon.colcon_core.package_identification:_identify(.) by extensions ['colcon_pkg']
[1.836s] Level 1:colcon.colcon_core.package_identification:_identify(.) by extension 'colcon_pkg'
[1.836s] Level 1:colcon.colcon_core.package_identification:_identify(.) by extensions ['colcon_meta']
[1.836s] Level 1:colcon.colcon_core.package_identification:_identify(.) by extension 'colcon_meta'
[1.836s] Level 1:colcon.colcon_core.package_identification:_identify(.) by extensions ['ros']
[1.836s] Level 1:colcon.colcon_core.package_identification:_identify(.) by extension 'ros'
[1.848s] Level 1:colcon.colcon_core.package_identification:_identify(.) by extensions ['cmake', 'python']
[1.848s] Level 1:colcon.colcon_core.package_identification:_identify(.) by extension 'cmake'
[1.848s] Level 1:colcon.colcon_core.package_identification:_identify(.) by extension 'python'
[1.848s] Level 1:colcon.colcon_core.package_identification:_identify(.) by extensions ['python_setup_py']
[1.848s] Level 1:colcon.colcon_core.package_identification:_identify(.) by extension 'python_setup_py'
[1.848s] Level 1:colcon.colcon_core.package_identification:_identify(build) by extensions ['ignore', 'ignore_ament_install']
[1.848s] Level 1:colcon.colcon_core.package_identification:_identify(build) by extension 'ignore'
[1.848s] Level 1:colcon.colcon_core.package_identification:_identify(build) ignored
[1.848s] Level 1:colcon.colcon_core.package_identification:_identify(install) by extensions ['ignore', 'ignore_ament_install']
[1.848s] Level 1:colcon.colcon_core.package_identification:_identify(install) by extension 'ignore'
[1.848s] Level 1:colcon.colcon_core.package_identification:_identify(install) ignored
[1.849s] Level 1:colcon.colcon_core.package_identification:_identify(log) by extensions ['ignore', 'ignore_ament_install']
[1.849s] Level 1:colcon.colcon_core.package_identification:_identify(log) by extension 'ignore'
[1.849s] Level 1:colcon.colcon_core.package_identification:_identify(log) ignored
[1.849s] Level 1:colcon.colcon_core.package_identification:_identify(src) by extensions ['ignore', 'ignore_ament_install']
[1.849s] Level 1:colcon.colcon_core.package_identification:_identify(src) by extension 'ignore'
[1.849s] Level 1:colcon.colcon_core.package_identification:_identify(src) by extension 'ignore_ament_install'
[1.849s] Level 1:colcon.colcon_core.package_identification:_identify(src) by extensions ['colcon_pkg']
[1.849s] Level 1:colcon.colcon_core.package_identification:_identify(src) by extension 'colcon_pkg'
[1.849s] Level 1:colcon.colcon_core.package_identification:_identify(src) by extensions ['colcon_meta']
[1.849s] Level 1:colcon.colcon_core.package_identification:_identify(src) by extension 'colcon_meta'
[1.849s] Level 1:colcon.colcon_core.package_identification:_identify(src) by extensions ['ros']
[1.849s] Level 1:colcon.colcon_core.package_identification:_identify(src) by extension 'ros'
[1.849s] Level 1:colcon.colcon_core.package_identification:_identify(src) by extensions ['cmake', 'python']
[1.850s] Level 1:colcon.colcon_core.package_identification:_identify(src) by extension 'cmake'
[1.850s] Level 1:colcon.colcon_core.package_identification:_identify(src) by extension 'python'
[1.850s] Level 1:colcon.colcon_core.package_identification:_identify(src) by extensions ['python_setup_py']
[1.850s] Level 1:colcon.colcon_core.package_identification:_identify(src) by extension 'python_setup_py'
[1.850s] Level 1:colcon.colcon_core.package_identification:_identify(src/Hivebot) by extensions ['ignore', 'ignore_ament_install']
[1.850s] Level 1:colcon.colcon_core.package_identification:_identify(src/Hivebot) by extension 'ignore'
[1.850s] Level 1:colcon.colcon_core.package_identification:_identify(src/Hivebot) by extension 'ignore_ament_install'
[1.850s] Level 1:colcon.colcon_core.package_identification:_identify(src/Hivebot) by extensions ['colcon_pkg']
[1.850s] Level 1:colcon.colcon_core.package_identification:_identify(src/Hivebot) by extension 'colcon_pkg'
[1.850s] Level 1:colcon.colcon_core.package_identification:_identify(src/Hivebot) by extensions ['colcon_meta']
[1.850s] Level 1:colcon.colcon_core.package_identification:_identify(src/Hivebot) by extension 'colcon_meta'
[1.850s] Level 1:colcon.colcon_core.package_identification:_identify(src/Hivebot) by extensions ['ros']
[1.850s] Level 1:colcon.colcon_core.package_identification:_identify(src/Hivebot) by extension 'ros'
[1.854s] DEBUG:colcon.colcon_core.package_identification:Package 'src/Hivebot' with type 'ros.ament_cmake' and name 'hivebot'
[1.854s] Level 1:colcon.colcon_core.package_identification:_identify(src/toilet_detection) by extensions ['ignore', 'ignore_ament_install']
[1.854s] Level 1:colcon.colcon_core.package_identification:_identify(src/toilet_detection) by extension 'ignore'
[1.854s] Level 1:colcon.colcon_core.package_identification:_identify(src/toilet_detection) by extension 'ignore_ament_install'
[1.854s] Level 1:colcon.colcon_core.package_identification:_identify(src/toilet_detection) by extensions ['colcon_pkg']
[1.854s] Level 1:colcon.colcon_core.package_identification:_identify(src/toilet_detection) by extension 'colcon_pkg'
[1.854s] Level 1:colcon.colcon_core.package_identification:_identify(src/toilet_detection) by extensions ['colcon_meta']
[1.854s] Level 1:colcon.colcon_core.package_identification:_identify(src/toilet_detection) by extension 'colcon_meta'
[1.854s] Level 1:colcon.colcon_core.package_identification:_identify(src/toilet_detection) by extensions ['ros']
[1.854s] Level 1:colcon.colcon_core.package_identification:_identify(src/toilet_detection) by extension 'ros'
[1.856s] DEBUG:colcon.colcon_core.package_identification:Package 'src/toilet_detection' with type 'ros.ament_python' and name 'toilet_detection'
[1.856s] Level 1:colcon.colcon_core.package_identification:_identify(src/ur_moveit_config) by extensions ['ignore', 'ignore_ament_install']
[1.856s] Level 1:colcon.colcon_core.package_identification:_identify(src/ur_moveit_config) by extension 'ignore'
[1.856s] Level 1:colcon.colcon_core.package_identification:_identify(src/ur_moveit_config) by extension 'ignore_ament_install'
[1.856s] Level 1:colcon.colcon_core.package_identification:_identify(src/ur_moveit_config) by extensions ['colcon_pkg']
[1.856s] Level 1:colcon.colcon_core.package_identification:_identify(src/ur_moveit_config) by extension 'colcon_pkg'
[1.856s] Level 1:colcon.colcon_core.package_identification:_identify(src/ur_moveit_config) by extensions ['colcon_meta']
[1.856s] Level 1:colcon.colcon_core.package_identification:_identify(src/ur_moveit_config) by extension 'colcon_meta'
[1.856s] Level 1:colcon.colcon_core.package_identification:_identify(src/ur_moveit_config) by extensions ['ros']
[1.856s] Level 1:colcon.colcon_core.package_identification:_identify(src/ur_moveit_config) by extension 'ros'
[1.857s] DEBUG:colcon.colcon_core.package_identification:Package 'src/ur_moveit_config' with type 'ros.ament_cmake' and name 'ur_moveit_config'
[1.858s] Level 1:colcon.colcon_core.package_identification:_identify(src/yolobot) by extensions ['ignore', 'ignore_ament_install']
[1.858s] Level 1:colcon.colcon_core.package_identification:_identify(src/yolobot) by extension 'ignore'
[1.858s] Level 1:colcon.colcon_core.package_identification:_identify(src/yolobot) by extension 'ignore_ament_install'
[1.858s] Level 1:colcon.colcon_core.package_identification:_identify(src/yolobot) by extensions ['colcon_pkg']
[1.858s] Level 1:colcon.colcon_core.package_identification:_identify(src/yolobot) by extension 'colcon_pkg'
[1.858s] Level 1:colcon.colcon_core.package_identification:_identify(src/yolobot) by extensions ['colcon_meta']
[1.858s] Level 1:colcon.colcon_core.package_identification:_identify(src/yolobot) by extension 'colcon_meta'
[1.858s] Level 1:colcon.colcon_core.package_identification:_identify(src/yolobot) by extensions ['ros']
[1.858s] Level 1:colcon.colcon_core.package_identification:_identify(src/yolobot) by extension 'ros'
[1.858s] Level 1:colcon.colcon_core.package_identification:_identify(src/yolobot) by extensions ['cmake', 'python']
[1.858s] Level 1:colcon.colcon_core.package_identification:_identify(src/yolobot) by extension 'cmake'
[1.858s] Level 1:colcon.colcon_core.package_identification:_identify(src/yolobot) by extension 'python'
[1.858s] Level 1:colcon.colcon_core.package_identification:_identify(src/yolobot) by extensions ['python_setup_py']
[1.858s] Level 1:colcon.colcon_core.package_identification:_identify(src/yolobot) by extension 'python_setup_py'
[1.858s] Level 1:colcon.colcon_core.package_identification:_identify(src/yolobot/models) by extensions ['ignore', 'ignore_ament_install']
[1.858s] Level 1:colcon.colcon_core.package_identification:_identify(src/yolobot/models) by extension 'ignore'
[1.858s] Level 1:colcon.colcon_core.package_identification:_identify(src/yolobot/models) by extension 'ignore_ament_install'
[1.858s] Level 1:colcon.colcon_core.package_identification:_identify(src/yolobot/models) by extensions ['colcon_pkg']
[1.858s] Level 1:colcon.colcon_core.package_identification:_identify(src/yolobot/models) by extension 'colcon_pkg'
[1.859s] Level 1:colcon.colcon_core.package_identification:_identify(src/yolobot/models) by extensions ['colcon_meta']
[1.859s] Level 1:colcon.colcon_core.package_identification:_identify(src/yolobot/models) by extension 'colcon_meta'
[1.859s] Level 1:colcon.colcon_core.package_identification:_identify(src/yolobot/models) by extensions ['ros']
[1.859s] Level 1:colcon.colcon_core.package_identification:_identify(src/yolobot/models) by extension 'ros'
[1.859s] Level 1:colcon.colcon_core.package_identification:_identify(src/yolobot/models) by extensions ['cmake', 'python']
[1.859s] Level 1:colcon.colcon_core.package_identification:_identify(src/yolobot/models) by extension 'cmake'
[1.859s] Level 1:colcon.colcon_core.package_identification:_identify(src/yolobot/models) by extension 'python'
[1.859s] Level 1:colcon.colcon_core.package_identification:_identify(src/yolobot/models) by extensions ['python_setup_py']
[1.859s] Level 1:colcon.colcon_core.package_identification:_identify(src/yolobot/models) by extension 'python_setup_py'
[1.859s] Level 1:colcon.colcon_core.package_identification:_identify(src/yolobot/models/bus) by extensions ['ignore', 'ignore_ament_install']
[1.859s] Level 1:colcon.colcon_core.package_identification:_identify(src/yolobot/models/bus) by extension 'ignore'
[1.859s] Level 1:colcon.colcon_core.package_identification:_identify(src/yolobot/models/bus) by extension 'ignore_ament_install'
[1.859s] Level 1:colcon.colcon_core.package_identification:_identify(src/yolobot/models/bus) by extensions ['colcon_pkg']
[1.859s] Level 1:colcon.colcon_core.package_identification:_identify(src/yolobot/models/bus) by extension 'colcon_pkg'
[1.859s] Level 1:colcon.colcon_core.package_identification:_identify(src/yolobot/models/bus) by extensions ['colcon_meta']
[1.859s] Level 1:colcon.colcon_core.package_identification:_identify(src/yolobot/models/bus) by extension 'colcon_meta'
[1.859s] Level 1:colcon.colcon_core.package_identification:_identify(src/yolobot/models/bus) by extensions ['ros']
[1.859s] Level 1:colcon.colcon_core.package_identification:_identify(src/yolobot/models/bus) by extension 'ros'
[1.859s] Level 1:colcon.colcon_core.package_identification:_identify(src/yolobot/models/bus) by extensions ['cmake', 'python']
[1.859s] Level 1:colcon.colcon_core.package_identification:_identify(src/yolobot/models/bus) by extension 'cmake'
[1.860s] Level 1:colcon.colcon_core.package_identification:_identify(src/yolobot/models/bus) by extension 'python'
[1.860s] Level 1:colcon.colcon_core.package_identification:_identify(src/yolobot/models/bus) by extensions ['python_setup_py']
[1.860s] Level 1:colcon.colcon_core.package_identification:_identify(src/yolobot/models/bus) by extension 'python_setup_py'
[1.860s] Level 1:colcon.colcon_core.package_identification:_identify(src/yolobot/models/bus/materials) by extensions ['ignore', 'ignore_ament_install']
[1.860s] Level 1:colcon.colcon_core.package_identification:_identify(src/yolobot/models/bus/materials) by extension 'ignore'
[1.860s] Level 1:colcon.colcon_core.package_identification:_identify(src/yolobot/models/bus/materials) by extension 'ignore_ament_install'
[1.860s] Level 1:colcon.colcon_core.package_identification:_identify(src/yolobot/models/bus/materials) by extensions ['colcon_pkg']
[1.860s] Level 1:colcon.colcon_core.package_identification:_identify(src/yolobot/models/bus/materials) by extension 'colcon_pkg'
[1.860s] Level 1:colcon.colcon_core.package_identification:_identify(src/yolobot/models/bus/materials) by extensions ['colcon_meta']
[1.860s] Level 1:colcon.colcon_core.package_identification:_identify(src/yolobot/models/bus/materials) by extension 'colcon_meta'
[1.860s] Level 1:colcon.colcon_core.package_identification:_identify(src/yolobot/models/bus/materials) by extensions ['ros']
[1.860s] Level 1:colcon.colcon_core.package_identification:_identify(src/yolobot/models/bus/materials) by extension 'ros'
[1.860s] Level 1:colcon.colcon_core.package_identification:_identify(src/yolobot/models/bus/materials) by extensions ['cmake', 'python']
[1.860s] Level 1:colcon.colcon_core.package_identification:_identify(src/yolobot/models/bus/materials) by extension 'cmake'
[1.860s] Level 1:colcon.colcon_core.package_identification:_identify(src/yolobot/models/bus/materials) by extension 'python'
[1.860s] Level 1:colcon.colcon_core.package_identification:_identify(src/yolobot/models/bus/materials) by extensions ['python_setup_py']
[1.860s] Level 1:colcon.colcon_core.package_identification:_identify(src/yolobot/models/bus/materials) by extension 'python_setup_py'
[1.860s] Level 1:colcon.colcon_core.package_identification:_identify(src/yolobot/models/bus/materials/textures) by extensions ['ignore', 'ignore_ament_install']
[1.860s] Level 1:colcon.colcon_core.package_identification:_identify(src/yolobot/models/bus/materials/textures) by extension 'ignore'
[1.861s] Level 1:colcon.colcon_core.package_identification:_identify(src/yolobot/models/bus/materials/textures) by extension 'ignore_ament_install'
[1.861s] Level 1:colcon.colcon_core.package_identification:_identify(src/yolobot/models/bus/materials/textures) by extensions ['colcon_pkg']
[1.861s] Level 1:colcon.colcon_core.package_identification:_identify(src/yolobot/models/bus/materials/textures) by extension 'colcon_pkg'
[1.861s] Level 1:colcon.colcon_core.package_identification:_identify(src/yolobot/models/bus/materials/textures) by extensions ['colcon_meta']
[1.861s] Level 1:colcon.colcon_core.package_identification:_identify(src/yolobot/models/bus/materials/textures) by extension 'colcon_meta'
[1.861s] Level 1:colcon.colcon_core.package_identification:_identify(src/yolobot/models/bus/materials/textures) by extensions ['ros']
[1.861s] Level 1:colcon.colcon_core.package_identification:_identify(src/yolobot/models/bus/materials/textures) by extension 'ros'
[1.861s] Level 1:colcon.colcon_core.package_identification:_identify(src/yolobot/models/bus/materials/textures) by extensions ['cmake', 'python']
[1.861s] Level 1:colcon.colcon_core.package_identification:_identify(src/yolobot/models/bus/materials/textures) by extension 'cmake'
[1.861s] Level 1:colcon.colcon_core.package_identification:_identify(src/yolobot/models/bus/materials/textures) by extension 'python'
[1.861s] Level 1:colcon.colcon_core.package_identification:_identify(src/yolobot/models/bus/materials/textures) by extensions ['python_setup_py']
[1.861s] Level 1:colcon.colcon_core.package_identification:_identify(src/yolobot/models/bus/materials/textures) by extension 'python_setup_py'
[1.861s] Level 1:colcon.colcon_core.package_identification:_identify(src/yolobot/models/bus/meshes) by extensions ['ignore', 'ignore_ament_install']
[1.861s] Level 1:colcon.colcon_core.package_identification:_identify(src/yolobot/models/bus/meshes) by extension 'ignore'
[1.861s] Level 1:colcon.colcon_core.package_identification:_identify(src/yolobot/models/bus/meshes) by extension 'ignore_ament_install'
[1.861s] Level 1:colcon.colcon_core.package_identification:_identify(src/yolobot/models/bus/meshes) by extensions ['colcon_pkg']
[1.861s] Level 1:colcon.colcon_core.package_identification:_identify(src/yolobot/models/bus/meshes) by extension 'colcon_pkg'
[1.861s] Level 1:colcon.colcon_core.package_identification:_identify(src/yolobot/models/bus/meshes) by extensions ['colcon_meta']
[1.861s] Level 1:colcon.colcon_core.package_identification:_identify(src/yolobot/models/bus/meshes) by extension 'colcon_meta'
[1.861s] Level 1:colcon.colcon_core.package_identification:_identify(src/yolobot/models/bus/meshes) by extensions ['ros']
[1.861s] Level 1:colcon.colcon_core.package_identification:_identify(src/yolobot/models/bus/meshes) by extension 'ros'
[1.862s] Level 1:colcon.colcon_core.package_identification:_identify(src/yolobot/models/bus/meshes) by extensions ['cmake', 'python']
[1.862s] Level 1:colcon.colcon_core.package_identification:_identify(src/yolobot/models/bus/meshes) by extension 'cmake'
[1.862s] Level 1:colcon.colcon_core.package_identification:_identify(src/yolobot/models/bus/meshes) by extension 'python'
[1.862s] Level 1:colcon.colcon_core.package_identification:_identify(src/yolobot/models/bus/meshes) by extensions ['python_setup_py']
[1.862s] Level 1:colcon.colcon_core.package_identification:_identify(src/yolobot/models/bus/meshes) by extension 'python_setup_py'
[1.862s] Level 1:colcon.colcon_core.package_identification:_identify(src/yolobot/models/person_standing) by extensions ['ignore', 'ignore_ament_install']
[1.862s] Level 1:colcon.colcon_core.package_identification:_identify(src/yolobot/models/person_standing) by extension 'ignore'
[1.862s] Level 1:colcon.colcon_core.package_identification:_identify(src/yolobot/models/person_standing) by extension 'ignore_ament_install'
[1.862s] Level 1:colcon.colcon_core.package_identification:_identify(src/yolobot/models/person_standing) by extensions ['colcon_pkg']
[1.862s] Level 1:colcon.colcon_core.package_identification:_identify(src/yolobot/models/person_standing) by extension 'colcon_pkg'
[1.862s] Level 1:colcon.colcon_core.package_identification:_identify(src/yolobot/models/person_standing) by extensions ['colcon_meta']
[1.862s] Level 1:colcon.colcon_core.package_identification:_identify(src/yolobot/models/person_standing) by extension 'colcon_meta'
[1.862s] Level 1:colcon.colcon_core.package_identification:_identify(src/yolobot/models/person_standing) by extensions ['ros']
[1.862s] Level 1:colcon.colcon_core.package_identification:_identify(src/yolobot/models/person_standing) by extension 'ros'
[1.862s] Level 1:colcon.colcon_core.package_identification:_identify(src/yolobot/models/person_standing) by extensions ['cmake', 'python']
[1.862s] Level 1:colcon.colcon_core.package_identification:_identify(src/yolobot/models/person_standing) by extension 'cmake'
[1.862s] Level 1:colcon.colcon_core.package_identification:_identify(src/yolobot/models/person_standing) by extension 'python'
[1.862s] Level 1:colcon.colcon_core.package_identification:_identify(src/yolobot/models/person_standing) by extensions ['python_setup_py']
[1.862s] Level 1:colcon.colcon_core.package_identification:_identify(src/yolobot/models/person_standing) by extension 'python_setup_py'
[1.862s] Level 1:colcon.colcon_core.package_identification:_identify(src/yolobot/models/person_standing/materials) by extensions ['ignore', 'ignore_ament_install']
[1.863s] Level 1:colcon.colcon_core.package_identification:_identify(src/yolobot/models/person_standing/materials) by extension 'ignore'
[1.863s] Level 1:colcon.colcon_core.package_identification:_identify(src/yolobot/models/person_standing/materials) by extension 'ignore_ament_install'
[1.863s] Level 1:colcon.colcon_core.package_identification:_identify(src/yolobot/models/person_standing/materials) by extensions ['colcon_pkg']
[1.863s] Level 1:colcon.colcon_core.package_identification:_identify(src/yolobot/models/person_standing/materials) by extension 'colcon_pkg'
[1.863s] Level 1:colcon.colcon_core.package_identification:_identify(src/yolobot/models/person_standing/materials) by extensions ['colcon_meta']
[1.863s] Level 1:colcon.colcon_core.package_identification:_identify(src/yolobot/models/person_standing/materials) by extension 'colcon_meta'
[1.863s] Level 1:colcon.colcon_core.package_identification:_identify(src/yolobot/models/person_standing/materials) by extensions ['ros']
[1.863s] Level 1:colcon.colcon_core.package_identification:_identify(src/yolobot/models/person_standing/materials) by extension 'ros'
[1.863s] Level 1:colcon.colcon_core.package_identification:_identify(src/yolobot/models/person_standing/materials) by extensions ['cmake', 'python']
[1.863s] Level 1:colcon.colcon_core.package_identification:_identify(src/yolobot/models/person_standing/materials) by extension 'cmake'
[1.863s] Level 1:colcon.colcon_core.package_identification:_identify(src/yolobot/models/person_standing/materials) by extension 'python'
[1.863s] Level 1:colcon.colcon_core.package_identification:_identify(src/yolobot/models/person_standing/materials) by extensions ['python_setup_py']
[1.863s] Level 1:colcon.colcon_core.package_identification:_identify(src/yolobot/models/person_standing/materials) by extension 'python_setup_py'
[1.863s] Level 1:colcon.colcon_core.package_identification:_identify(src/yolobot/models/person_standing/materials/textures) by extensions ['ignore', 'ignore_ament_install']
[1.863s] Level 1:colcon.colcon_core.package_identification:_identify(src/yolobot/models/person_standing/materials/textures) by extension 'ignore'
[1.863s] Level 1:colcon.colcon_core.package_identification:_identify(src/yolobot/models/person_standing/materials/textures) by extension 'ignore_ament_install'
[1.863s] Level 1:colcon.colcon_core.package_identification:_identify(src/yolobot/models/person_standing/materials/textures) by extensions ['colcon_pkg']
[1.863s] Level 1:colcon.colcon_core.package_identification:_identify(src/yolobot/models/person_standing/materials/textures) by extension 'colcon_pkg'
[1.863s] Level 1:colcon.colcon_core.package_identification:_identify(src/yolobot/models/person_standing/materials/textures) by extensions ['colcon_meta']
[1.863s] Level 1:colcon.colcon_core.package_identification:_identify(src/yolobot/models/person_standing/materials/textures) by extension 'colcon_meta'
[1.864s] Level 1:colcon.colcon_core.package_identification:_identify(src/yolobot/models/person_standing/materials/textures) by extensions ['ros']
[1.864s] Level 1:colcon.colcon_core.package_identification:_identify(src/yolobot/models/person_standing/materials/textures) by extension 'ros'
[1.864s] Level 1:colcon.colcon_core.package_identification:_identify(src/yolobot/models/person_standing/materials/textures) by extensions ['cmake', 'python']
[1.864s] Level 1:colcon.colcon_core.package_identification:_identify(src/yolobot/models/person_standing/materials/textures) by extension 'cmake'
[1.864s] Level 1:colcon.colcon_core.package_identification:_identify(src/yolobot/models/person_standing/materials/textures) by extension 'python'
[1.864s] Level 1:colcon.colcon_core.package_identification:_identify(src/yolobot/models/person_standing/materials/textures) by extensions ['python_setup_py']
[1.864s] Level 1:colcon.colcon_core.package_identification:_identify(src/yolobot/models/person_standing/materials/textures) by extension 'python_setup_py'
[1.864s] Level 1:colcon.colcon_core.package_identification:_identify(src/yolobot/models/person_standing/meshes) by extensions ['ignore', 'ignore_ament_install']
[1.864s] Level 1:colcon.colcon_core.package_identification:_identify(src/yolobot/models/person_standing/meshes) by extension 'ignore'
[1.864s] Level 1:colcon.colcon_core.package_identification:_identify(src/yolobot/models/person_standing/meshes) by extension 'ignore_ament_install'
[1.864s] Level 1:colcon.colcon_core.package_identification:_identify(src/yolobot/models/person_standing/meshes) by extensions ['colcon_pkg']
[1.864s] Level 1:colcon.colcon_core.package_identification:_identify(src/yolobot/models/person_standing/meshes) by extension 'colcon_pkg'
[1.864s] Level 1:colcon.colcon_core.package_identification:_identify(src/yolobot/models/person_standing/meshes) by extensions ['colcon_meta']
[1.864s] Level 1:colcon.colcon_core.package_identification:_identify(src/yolobot/models/person_standing/meshes) by extension 'colcon_meta'
[1.864s] Level 1:colcon.colcon_core.package_identification:_identify(src/yolobot/models/person_standing/meshes) by extensions ['ros']
[1.864s] Level 1:colcon.colcon_core.package_identification:_identify(src/yolobot/models/person_standing/meshes) by extension 'ros'
[1.864s] Level 1:colcon.colcon_core.package_identification:_identify(src/yolobot/models/person_standing/meshes) by extensions ['cmake', 'python']
[1.864s] Level 1:colcon.colcon_core.package_identification:_identify(src/yolobot/models/person_standing/meshes) by extension 'cmake'
[1.864s] Level 1:colcon.colcon_core.package_identification:_identify(src/yolobot/models/person_standing/meshes) by extension 'python'
[1.864s] Level 1:colcon.colcon_core.package_identification:_identify(src/yolobot/models/person_standing/meshes) by extensions ['python_setup_py']
[1.864s] Level 1:colcon.colcon_core.package_identification:_identify(src/yolobot/models/person_standing/meshes) by extension 'python_setup_py'
[1.865s] Level 1:colcon.colcon_core.package_identification:_identify(src/yolobot/models/postbox) by extensions ['ignore', 'ignore_ament_install']
[1.865s] Level 1:colcon.colcon_core.package_identification:_identify(src/yolobot/models/postbox) by extension 'ignore'
[1.865s] Level 1:colcon.colcon_core.package_identification:_identify(src/yolobot/models/postbox) by extension 'ignore_ament_install'
[1.865s] Level 1:colcon.colcon_core.package_identification:_identify(src/yolobot/models/postbox) by extensions ['colcon_pkg']
[1.865s] Level 1:colcon.colcon_core.package_identification:_identify(src/yolobot/models/postbox) by extension 'colcon_pkg'
[1.865s] Level 1:colcon.colcon_core.package_identification:_identify(src/yolobot/models/postbox) by extensions ['colcon_meta']
[1.865s] Level 1:colcon.colcon_core.package_identification:_identify(src/yolobot/models/postbox) by extension 'colcon_meta'
[1.865s] Level 1:colcon.colcon_core.package_identification:_identify(src/yolobot/models/postbox) by extensions ['ros']
[1.865s] Level 1:colcon.colcon_core.package_identification:_identify(src/yolobot/models/postbox) by extension 'ros'
[1.865s] Level 1:colcon.colcon_core.package_identification:_identify(src/yolobot/models/postbox) by extensions ['cmake', 'python']
[1.865s] Level 1:colcon.colcon_core.package_identification:_identify(src/yolobot/models/postbox) by extension 'cmake'
[1.865s] Level 1:colcon.colcon_core.package_identification:_identify(src/yolobot/models/postbox) by extension 'python'
[1.865s] Level 1:colcon.colcon_core.package_identification:_identify(src/yolobot/models/postbox) by extensions ['python_setup_py']
[1.865s] Level 1:colcon.colcon_core.package_identification:_identify(src/yolobot/models/postbox) by extension 'python_setup_py'
[1.865s] Level 1:colcon.colcon_core.package_identification:_identify(src/yolobot/models/postbox/materials) by extensions ['ignore', 'ignore_ament_install']
[1.866s] Level 1:colcon.colcon_core.package_identification:_identify(src/yolobot/models/postbox/materials) by extension 'ignore'
[1.866s] Level 1:colcon.colcon_core.package_identification:_identify(src/yolobot/models/postbox/materials) by extension 'ignore_ament_install'
[1.866s] Level 1:colcon.colcon_core.package_identification:_identify(src/yolobot/models/postbox/materials) by extensions ['colcon_pkg']
[1.866s] Level 1:colcon.colcon_core.package_identification:_identify(src/yolobot/models/postbox/materials) by extension 'colcon_pkg'
[1.866s] Level 1:colcon.colcon_core.package_identification:_identify(src/yolobot/models/postbox/materials) by extensions ['colcon_meta']
[1.866s] Level 1:colcon.colcon_core.package_identification:_identify(src/yolobot/models/postbox/materials) by extension 'colcon_meta'
[1.866s] Level 1:colcon.colcon_core.package_identification:_identify(src/yolobot/models/postbox/materials) by extensions ['ros']
[1.866s] Level 1:colcon.colcon_core.package_identification:_identify(src/yolobot/models/postbox/materials) by extension 'ros'
[1.866s] Level 1:colcon.colcon_core.package_identification:_identify(src/yolobot/models/postbox/materials) by extensions ['cmake', 'python']
[1.866s] Level 1:colcon.colcon_core.package_identification:_identify(src/yolobot/models/postbox/materials) by extension 'cmake'
[1.866s] Level 1:colcon.colcon_core.package_identification:_identify(src/yolobot/models/postbox/materials) by extension 'python'
[1.866s] Level 1:colcon.colcon_core.package_identification:_identify(src/yolobot/models/postbox/materials) by extensions ['python_setup_py']
[1.866s] Level 1:colcon.colcon_core.package_identification:_identify(src/yolobot/models/postbox/materials) by extension 'python_setup_py'
[1.866s] Level 1:colcon.colcon_core.package_identification:_identify(src/yolobot/models/postbox/materials/textures) by extensions ['ignore', 'ignore_ament_install']
[1.866s] Level 1:colcon.colcon_core.package_identification:_identify(src/yolobot/models/postbox/materials/textures) by extension 'ignore'
[1.866s] Level 1:colcon.colcon_core.package_identification:_identify(src/yolobot/models/postbox/materials/textures) by extension 'ignore_ament_install'
[1.866s] Level 1:colcon.colcon_core.package_identification:_identify(src/yolobot/models/postbox/materials/textures) by extensions ['colcon_pkg']
[1.866s] Level 1:colcon.colcon_core.package_identification:_identify(src/yolobot/models/postbox/materials/textures) by extension 'colcon_pkg'
[1.866s] Level 1:colcon.colcon_core.package_identification:_identify(src/yolobot/models/postbox/materials/textures) by extensions ['colcon_meta']
[1.866s] Level 1:colcon.colcon_core.package_identification:_identify(src/yolobot/models/postbox/materials/textures) by extension 'colcon_meta'
[1.866s] Level 1:colcon.colcon_core.package_identification:_identify(src/yolobot/models/postbox/materials/textures) by extensions ['ros']
[1.866s] Level 1:colcon.colcon_core.package_identification:_identify(src/yolobot/models/postbox/materials/textures) by extension 'ros'
[1.867s] Level 1:colcon.colcon_core.package_identification:_identify(src/yolobot/models/postbox/materials/textures) by extensions ['cmake', 'python']
[1.867s] Level 1:colcon.colcon_core.package_identification:_identify(src/yolobot/models/postbox/materials/textures) by extension 'cmake'
[1.867s] Level 1:colcon.colcon_core.package_identification:_identify(src/yolobot/models/postbox/materials/textures) by extension 'python'
[1.867s] Level 1:colcon.colcon_core.package_identification:_identify(src/yolobot/models/postbox/materials/textures) by extensions ['python_setup_py']
[1.867s] Level 1:colcon.colcon_core.package_identification:_identify(src/yolobot/models/postbox/materials/textures) by extension 'python_setup_py'
[1.867s] Level 1:colcon.colcon_core.package_identification:_identify(src/yolobot/models/postbox/meshes) by extensions ['ignore', 'ignore_ament_install']
[1.867s] Level 1:colcon.colcon_core.package_identification:_identify(src/yolobot/models/postbox/meshes) by extension 'ignore'
[1.867s] Level 1:colcon.colcon_core.package_identification:_identify(src/yolobot/models/postbox/meshes) by extension 'ignore_ament_install'
[1.867s] Level 1:colcon.colcon_core.package_identification:_identify(src/yolobot/models/postbox/meshes) by extensions ['colcon_pkg']
[1.867s] Level 1:colcon.colcon_core.package_identification:_identify(src/yolobot/models/postbox/meshes) by extension 'colcon_pkg'
[1.867s] Level 1:colcon.colcon_core.package_identification:_identify(src/yolobot/models/postbox/meshes) by extensions ['colcon_meta']
[1.867s] Level 1:colcon.colcon_core.package_identification:_identify(src/yolobot/models/postbox/meshes) by extension 'colcon_meta'
[1.867s] Level 1:colcon.colcon_core.package_identification:_identify(src/yolobot/models/postbox/meshes) by extensions ['ros']
[1.867s] Level 1:colcon.colcon_core.package_identification:_identify(src/yolobot/models/postbox/meshes) by extension 'ros'
[1.867s] Level 1:colcon.colcon_core.package_identification:_identify(src/yolobot/models/postbox/meshes) by extensions ['cmake', 'python']
[1.867s] Level 1:colcon.colcon_core.package_identification:_identify(src/yolobot/models/postbox/meshes) by extension 'cmake'
[1.867s] Level 1:colcon.colcon_core.package_identification:_identify(src/yolobot/models/postbox/meshes) by extension 'python'
[1.867s] Level 1:colcon.colcon_core.package_identification:_identify(src/yolobot/models/postbox/meshes) by extensions ['python_setup_py']
[1.867s] Level 1:colcon.colcon_core.package_identification:_identify(src/yolobot/models/postbox/meshes) by extension 'python_setup_py'
[1.867s] Level 1:colcon.colcon_core.package_identification:_identify(src/yolobot/models/prius_hybrid) by extensions ['ignore', 'ignore_ament_install']
[1.868s] Level 1:colcon.colcon_core.package_identification:_identify(src/yolobot/models/prius_hybrid) by extension 'ignore'
[1.868s] Level 1:colcon.colcon_core.package_identification:_identify(src/yolobot/models/prius_hybrid) by extension 'ignore_ament_install'
[1.868s] Level 1:colcon.colcon_core.package_identification:_identify(src/yolobot/models/prius_hybrid) by extensions ['colcon_pkg']
[1.868s] Level 1:colcon.colcon_core.package_identification:_identify(src/yolobot/models/prius_hybrid) by extension 'colcon_pkg'
[1.868s] Level 1:colcon.colcon_core.package_identification:_identify(src/yolobot/models/prius_hybrid) by extensions ['colcon_meta']
[1.868s] Level 1:colcon.colcon_core.package_identification:_identify(src/yolobot/models/prius_hybrid) by extension 'colcon_meta'
[1.868s] Level 1:colcon.colcon_core.package_identification:_identify(src/yolobot/models/prius_hybrid) by extensions ['ros']
[1.868s] Level 1:colcon.colcon_core.package_identification:_identify(src/yolobot/models/prius_hybrid) by extension 'ros'
[1.868s] Level 1:colcon.colcon_core.package_identification:_identify(src/yolobot/models/prius_hybrid) by extensions ['cmake', 'python']
[1.868s] Level 1:colcon.colcon_core.package_identification:_identify(src/yolobot/models/prius_hybrid) by extension 'cmake'
[1.868s] Level 1:colcon.colcon_core.package_identification:_identify(src/yolobot/models/prius_hybrid) by extension 'python'
[1.868s] Level 1:colcon.colcon_core.package_identification:_identify(src/yolobot/models/prius_hybrid) by extensions ['python_setup_py']
[1.868s] Level 1:colcon.colcon_core.package_identification:_identify(src/yolobot/models/prius_hybrid) by extension 'python_setup_py'
[1.868s] Level 1:colcon.colcon_core.package_identification:_identify(src/yolobot/models/prius_hybrid/materials) by extensions ['ignore', 'ignore_ament_install']
[1.868s] Level 1:colcon.colcon_core.package_identification:_identify(src/yolobot/models/prius_hybrid/materials) by extension 'ignore'
[1.868s] Level 1:colcon.colcon_core.package_identification:_identify(src/yolobot/models/prius_hybrid/materials) by extension 'ignore_ament_install'
[1.868s] Level 1:colcon.colcon_core.package_identification:_identify(src/yolobot/models/prius_hybrid/materials) by extensions ['colcon_pkg']
[1.868s] Level 1:colcon.colcon_core.package_identification:_identify(src/yolobot/models/prius_hybrid/materials) by extension 'colcon_pkg'
[1.868s] Level 1:colcon.colcon_core.package_identification:_identify(src/yolobot/models/prius_hybrid/materials) by extensions ['colcon_meta']
[1.868s] Level 1:colcon.colcon_core.package_identification:_identify(src/yolobot/models/prius_hybrid/materials) by extension 'colcon_meta'
[1.868s] Level 1:colcon.colcon_core.package_identification:_identify(src/yolobot/models/prius_hybrid/materials) by extensions ['ros']
[1.869s] Level 1:colcon.colcon_core.package_identification:_identify(src/yolobot/models/prius_hybrid/materials) by extension 'ros'
[1.869s] Level 1:colcon.colcon_core.package_identification:_identify(src/yolobot/models/prius_hybrid/materials) by extensions ['cmake', 'python']
[1.869s] Level 1:colcon.colcon_core.package_identification:_identify(src/yolobot/models/prius_hybrid/materials) by extension 'cmake'
[1.869s] Level 1:colcon.colcon_core.package_identification:_identify(src/yolobot/models/prius_hybrid/materials) by extension 'python'
[1.869s] Level 1:colcon.colcon_core.package_identification:_identify(src/yolobot/models/prius_hybrid/materials) by extensions ['python_setup_py']
[1.869s] Level 1:colcon.colcon_core.package_identification:_identify(src/yolobot/models/prius_hybrid/materials) by extension 'python_setup_py'
[1.869s] Level 1:colcon.colcon_core.package_identification:_identify(src/yolobot/models/prius_hybrid/materials/textures) by extensions ['ignore', 'ignore_ament_install']
[1.869s] Level 1:colcon.colcon_core.package_identification:_identify(src/yolobot/models/prius_hybrid/materials/textures) by extension 'ignore'
[1.869s] Level 1:colcon.colcon_core.package_identification:_identify(src/yolobot/models/prius_hybrid/materials/textures) by extension 'ignore_ament_install'
[1.869s] Level 1:colcon.colcon_core.package_identification:_identify(src/yolobot/models/prius_hybrid/materials/textures) by extensions ['colcon_pkg']
[1.869s] Level 1:colcon.colcon_core.package_identification:_identify(src/yolobot/models/prius_hybrid/materials/textures) by extension 'colcon_pkg'
[1.869s] Level 1:colcon.colcon_core.package_identification:_identify(src/yolobot/models/prius_hybrid/materials/textures) by extensions ['colcon_meta']
[1.869s] Level 1:colcon.colcon_core.package_identification:_identify(src/yolobot/models/prius_hybrid/materials/textures) by extension 'colcon_meta'
[1.869s] Level 1:colcon.colcon_core.package_identification:_identify(src/yolobot/models/prius_hybrid/materials/textures) by extensions ['ros']
[1.869s] Level 1:colcon.colcon_core.package_identification:_identify(src/yolobot/models/prius_hybrid/materials/textures) by extension 'ros'
[1.869s] Level 1:colcon.colcon_core.package_identification:_identify(src/yolobot/models/prius_hybrid/materials/textures) by extensions ['cmake', 'python']
[1.869s] Level 1:colcon.colcon_core.package_identification:_identify(src/yolobot/models/prius_hybrid/materials/textures) by extension 'cmake'
[1.869s] Level 1:colcon.colcon_core.package_identification:_identify(src/yolobot/models/prius_hybrid/materials/textures) by extension 'python'
[1.869s] Level 1:colcon.colcon_core.package_identification:_identify(src/yolobot/models/prius_hybrid/materials/textures) by extensions ['python_setup_py']
[1.869s] Level 1:colcon.colcon_core.package_identification:_identify(src/yolobot/models/prius_hybrid/materials/textures) by extension 'python_setup_py'
[1.870s] Level 1:colcon.colcon_core.package_identification:_identify(src/yolobot/models/prius_hybrid/meshes) by extensions ['ignore', 'ignore_ament_install']
[1.870s] Level 1:colcon.colcon_core.package_identification:_identify(src/yolobot/models/prius_hybrid/meshes) by extension 'ignore'
[1.870s] Level 1:colcon.colcon_core.package_identification:_identify(src/yolobot/models/prius_hybrid/meshes) by extension 'ignore_ament_install'
[1.870s] Level 1:colcon.colcon_core.package_identification:_identify(src/yolobot/models/prius_hybrid/meshes) by extensions ['colcon_pkg']
[1.870s] Level 1:colcon.colcon_core.package_identification:_identify(src/yolobot/models/prius_hybrid/meshes) by extension 'colcon_pkg'
[1.870s] Level 1:colcon.colcon_core.package_identification:_identify(src/yolobot/models/prius_hybrid/meshes) by extensions ['colcon_meta']
[1.870s] Level 1:colcon.colcon_core.package_identification:_identify(src/yolobot/models/prius_hybrid/meshes) by extension 'colcon_meta'
[1.870s] Level 1:colcon.colcon_core.package_identification:_identify(src/yolobot/models/prius_hybrid/meshes) by extensions ['ros']
[1.870s] Level 1:colcon.colcon_core.package_identification:_identify(src/yolobot/models/prius_hybrid/meshes) by extension 'ros'
[1.870s] Level 1:colcon.colcon_core.package_identification:_identify(src/yolobot/models/prius_hybrid/meshes) by extensions ['cmake', 'python']
[1.870s] Level 1:colcon.colcon_core.package_identification:_identify(src/yolobot/models/prius_hybrid/meshes) by extension 'cmake'
[1.870s] Level 1:colcon.colcon_core.package_identification:_identify(src/yolobot/models/prius_hybrid/meshes) by extension 'python'
[1.870s] Level 1:colcon.colcon_core.package_identification:_identify(src/yolobot/models/prius_hybrid/meshes) by extensions ['python_setup_py']
[1.870s] Level 1:colcon.colcon_core.package_identification:_identify(src/yolobot/models/prius_hybrid/meshes) by extension 'python_setup_py'
[1.870s] Level 1:colcon.colcon_core.package_identification:_identify(src/yolobot/models/stop_sign) by extensions ['ignore', 'ignore_ament_install']
[1.870s] Level 1:colcon.colcon_core.package_identification:_identify(src/yolobot/models/stop_sign) by extension 'ignore'
[1.870s] Level 1:colcon.colcon_core.package_identification:_identify(src/yolobot/models/stop_sign) by extension 'ignore_ament_install'
[1.870s] Level 1:colcon.colcon_core.package_identification:_identify(src/yolobot/models/stop_sign) by extensions ['colcon_pkg']
[1.870s] Level 1:colcon.colcon_core.package_identification:_identify(src/yolobot/models/stop_sign) by extension 'colcon_pkg'
[1.870s] Level 1:colcon.colcon_core.package_identification:_identify(src/yolobot/models/stop_sign) by extensions ['colcon_meta']
[1.870s] Level 1:colcon.colcon_core.package_identification:_identify(src/yolobot/models/stop_sign) by extension 'colcon_meta'
[1.871s] Level 1:colcon.colcon_core.package_identification:_identify(src/yolobot/models/stop_sign) by extensions ['ros']
[1.871s] Level 1:colcon.colcon_core.package_identification:_identify(src/yolobot/models/stop_sign) by extension 'ros'
[1.871s] Level 1:colcon.colcon_core.package_identification:_identify(src/yolobot/models/stop_sign) by extensions ['cmake', 'python']
[1.871s] Level 1:colcon.colcon_core.package_identification:_identify(src/yolobot/models/stop_sign) by extension 'cmake'
[1.871s] Level 1:colcon.colcon_core.package_identification:_identify(src/yolobot/models/stop_sign) by extension 'python'
[1.871s] Level 1:colcon.colcon_core.package_identification:_identify(src/yolobot/models/stop_sign) by extensions ['python_setup_py']
[1.871s] Level 1:colcon.colcon_core.package_identification:_identify(src/yolobot/models/stop_sign) by extension 'python_setup_py'
[1.871s] Level 1:colcon.colcon_core.package_identification:_identify(src/yolobot/models/stop_sign/materials) by extensions ['ignore', 'ignore_ament_install']
[1.871s] Level 1:colcon.colcon_core.package_identification:_identify(src/yolobot/models/stop_sign/materials) by extension 'ignore'
[1.871s] Level 1:colcon.colcon_core.package_identification:_identify(src/yolobot/models/stop_sign/materials) by extension 'ignore_ament_install'
[1.871s] Level 1:colcon.colcon_core.package_identification:_identify(src/yolobot/models/stop_sign/materials) by extensions ['colcon_pkg']
[1.871s] Level 1:colcon.colcon_core.package_identification:_identify(src/yolobot/models/stop_sign/materials) by extension 'colcon_pkg'
[1.871s] Level 1:colcon.colcon_core.package_identification:_identify(src/yolobot/models/stop_sign/materials) by extensions ['colcon_meta']
[1.871s] Level 1:colcon.colcon_core.package_identification:_identify(src/yolobot/models/stop_sign/materials) by extension 'colcon_meta'
[1.871s] Level 1:colcon.colcon_core.package_identification:_identify(src/yolobot/models/stop_sign/materials) by extensions ['ros']
[1.871s] Level 1:colcon.colcon_core.package_identification:_identify(src/yolobot/models/stop_sign/materials) by extension 'ros'
[1.871s] Level 1:colcon.colcon_core.package_identification:_identify(src/yolobot/models/stop_sign/materials) by extensions ['cmake', 'python']
[1.871s] Level 1:colcon.colcon_core.package_identification:_identify(src/yolobot/models/stop_sign/materials) by extension 'cmake'
[1.871s] Level 1:colcon.colcon_core.package_identification:_identify(src/yolobot/models/stop_sign/materials) by extension 'python'
[1.871s] Level 1:colcon.colcon_core.package_identification:_identify(src/yolobot/models/stop_sign/materials) by extensions ['python_setup_py']
[1.871s] Level 1:colcon.colcon_core.package_identification:_identify(src/yolobot/models/stop_sign/materials) by extension 'python_setup_py'
[1.872s] Level 1:colcon.colcon_core.package_identification:_identify(src/yolobot/models/stop_sign/materials/scripts) by extensions ['ignore', 'ignore_ament_install']
[1.872s] Level 1:colcon.colcon_core.package_identification:_identify(src/yolobot/models/stop_sign/materials/scripts) by extension 'ignore'
[1.872s] Level 1:colcon.colcon_core.package_identification:_identify(src/yolobot/models/stop_sign/materials/scripts) by extension 'ignore_ament_install'
[1.872s] Level 1:colcon.colcon_core.package_identification:_identify(src/yolobot/models/stop_sign/materials/scripts) by extensions ['colcon_pkg']
[1.872s] Level 1:colcon.colcon_core.package_identification:_identify(src/yolobot/models/stop_sign/materials/scripts) by extension 'colcon_pkg'
[1.872s] Level 1:colcon.colcon_core.package_identification:_identify(src/yolobot/models/stop_sign/materials/scripts) by extensions ['colcon_meta']
[1.872s] Level 1:colcon.colcon_core.package_identification:_identify(src/yolobot/models/stop_sign/materials/scripts) by extension 'colcon_meta'
[1.872s] Level 1:colcon.colcon_core.package_identification:_identify(src/yolobot/models/stop_sign/materials/scripts) by extensions ['ros']
[1.872s] Level 1:colcon.colcon_core.package_identification:_identify(src/yolobot/models/stop_sign/materials/scripts) by extension 'ros'
[1.872s] Level 1:colcon.colcon_core.package_identification:_identify(src/yolobot/models/stop_sign/materials/scripts) by extensions ['cmake', 'python']
[1.872s] Level 1:colcon.colcon_core.package_identification:_identify(src/yolobot/models/stop_sign/materials/scripts) by extension 'cmake'
[1.872s] Level 1:colcon.colcon_core.package_identification:_identify(src/yolobot/models/stop_sign/materials/scripts) by extension 'python'
[1.872s] Level 1:colcon.colcon_core.package_identification:_identify(src/yolobot/models/stop_sign/materials/scripts) by extensions ['python_setup_py']
[1.872s] Level 1:colcon.colcon_core.package_identification:_identify(src/yolobot/models/stop_sign/materials/scripts) by extension 'python_setup_py'
[1.872s] Level 1:colcon.colcon_core.package_identification:_identify(src/yolobot/models/stop_sign/materials/textures) by extensions ['ignore', 'ignore_ament_install']
[1.872s] Level 1:colcon.colcon_core.package_identification:_identify(src/yolobot/models/stop_sign/materials/textures) by extension 'ignore'
[1.872s] Level 1:colcon.colcon_core.package_identification:_identify(src/yolobot/models/stop_sign/materials/textures) by extension 'ignore_ament_install'
[1.872s] Level 1:colcon.colcon_core.package_identification:_identify(src/yolobot/models/stop_sign/materials/textures) by extensions ['colcon_pkg']
[1.872s] Level 1:colcon.colcon_core.package_identification:_identify(src/yolobot/models/stop_sign/materials/textures) by extension 'colcon_pkg'
[1.873s] Level 1:colcon.colcon_core.package_identification:_identify(src/yolobot/models/stop_sign/materials/textures) by extensions ['colcon_meta']
[1.873s] Level 1:colcon.colcon_core.package_identification:_identify(src/yolobot/models/stop_sign/materials/textures) by extension 'colcon_meta'
[1.873s] Level 1:colcon.colcon_core.package_identification:_identify(src/yolobot/models/stop_sign/materials/textures) by extensions ['ros']
[1.873s] Level 1:colcon.colcon_core.package_identification:_identify(src/yolobot/models/stop_sign/materials/textures) by extension 'ros'
[1.873s] Level 1:colcon.colcon_core.package_identification:_identify(src/yolobot/models/stop_sign/materials/textures) by extensions ['cmake', 'python']
[1.873s] Level 1:colcon.colcon_core.package_identification:_identify(src/yolobot/models/stop_sign/materials/textures) by extension 'cmake'
[1.873s] Level 1:colcon.colcon_core.package_identification:_identify(src/yolobot/models/stop_sign/materials/textures) by extension 'python'
[1.873s] Level 1:colcon.colcon_core.package_identification:_identify(src/yolobot/models/stop_sign/materials/textures) by extensions ['python_setup_py']
[1.873s] Level 1:colcon.colcon_core.package_identification:_identify(src/yolobot/models/stop_sign/materials/textures) by extension 'python_setup_py'
[1.873s] Level 1:colcon.colcon_core.package_identification:_identify(src/yolobot/models/stop_sign/meshes) by extensions ['ignore', 'ignore_ament_install']
[1.873s] Level 1:colcon.colcon_core.package_identification:_identify(src/yolobot/models/stop_sign/meshes) by extension 'ignore'
[1.873s] Level 1:colcon.colcon_core.package_identification:_identify(src/yolobot/models/stop_sign/meshes) by extension 'ignore_ament_install'
[1.873s] Level 1:colcon.colcon_core.package_identification:_identify(src/yolobot/models/stop_sign/meshes) by extensions ['colcon_pkg']
[1.873s] Level 1:colcon.colcon_core.package_identification:_identify(src/yolobot/models/stop_sign/meshes) by extension 'colcon_pkg'
[1.873s] Level 1:colcon.colcon_core.package_identification:_identify(src/yolobot/models/stop_sign/meshes) by extensions ['colcon_meta']
[1.873s] Level 1:colcon.colcon_core.package_identification:_identify(src/yolobot/models/stop_sign/meshes) by extension 'colcon_meta'
[1.873s] Level 1:colcon.colcon_core.package_identification:_identify(src/yolobot/models/stop_sign/meshes) by extensions ['ros']
[1.873s] Level 1:colcon.colcon_core.package_identification:_identify(src/yolobot/models/stop_sign/meshes) by extension 'ros'
[1.873s] Level 1:colcon.colcon_core.package_identification:_identify(src/yolobot/models/stop_sign/meshes) by extensions ['cmake', 'python']
[1.873s] Level 1:colcon.colcon_core.package_identification:_identify(src/yolobot/models/stop_sign/meshes) by extension 'cmake'
[1.873s] Level 1:colcon.colcon_core.package_identification:_identify(src/yolobot/models/stop_sign/meshes) by extension 'python'
[1.873s] Level 1:colcon.colcon_core.package_identification:_identify(src/yolobot/models/stop_sign/meshes) by extensions ['python_setup_py']
[1.874s] Level 1:colcon.colcon_core.package_identification:_identify(src/yolobot/models/stop_sign/meshes) by extension 'python_setup_py'
[1.874s] Level 1:colcon.colcon_core.package_identification:_identify(src/yolobot/models/suv) by extensions ['ignore', 'ignore_ament_install']
[1.874s] Level 1:colcon.colcon_core.package_identification:_identify(src/yolobot/models/suv) by extension 'ignore'
[1.874s] Level 1:colcon.colcon_core.package_identification:_identify(src/yolobot/models/suv) by extension 'ignore_ament_install'
[1.874s] Level 1:colcon.colcon_core.package_identification:_identify(src/yolobot/models/suv) by extensions ['colcon_pkg']
[1.874s] Level 1:colcon.colcon_core.package_identification:_identify(src/yolobot/models/suv) by extension 'colcon_pkg'
[1.874s] Level 1:colcon.colcon_core.package_identification:_identify(src/yolobot/models/suv) by extensions ['colcon_meta']
[1.874s] Level 1:colcon.colcon_core.package_identification:_identify(src/yolobot/models/suv) by extension 'colcon_meta'
[1.874s] Level 1:colcon.colcon_core.package_identification:_identify(src/yolobot/models/suv) by extensions ['ros']
[1.874s] Level 1:colcon.colcon_core.package_identification:_identify(src/yolobot/models/suv) by extension 'ros'
[1.874s] Level 1:colcon.colcon_core.package_identification:_identify(src/yolobot/models/suv) by extensions ['cmake', 'python']
[1.874s] Level 1:colcon.colcon_core.package_identification:_identify(src/yolobot/models/suv) by extension 'cmake'
[1.874s] Level 1:colcon.colcon_core.package_identification:_identify(src/yolobot/models/suv) by extension 'python'
[1.874s] Level 1:colcon.colcon_core.package_identification:_identify(src/yolobot/models/suv) by extensions ['python_setup_py']
[1.874s] Level 1:colcon.colcon_core.package_identification:_identify(src/yolobot/models/suv) by extension 'python_setup_py'
[1.874s] Level 1:colcon.colcon_core.package_identification:_identify(src/yolobot/models/suv/materials) by extensions ['ignore', 'ignore_ament_install']
[1.874s] Level 1:colcon.colcon_core.package_identification:_identify(src/yolobot/models/suv/materials) by extension 'ignore'
[1.874s] Level 1:colcon.colcon_core.package_identification:_identify(src/yolobot/models/suv/materials) by extension 'ignore_ament_install'
[1.875s] Level 1:colcon.colcon_core.package_identification:_identify(src/yolobot/models/suv/materials) by extensions ['colcon_pkg']
[1.875s] Level 1:colcon.colcon_core.package_identification:_identify(src/yolobot/models/suv/materials) by extension 'colcon_pkg'
[1.875s] Level 1:colcon.colcon_core.package_identification:_identify(src/yolobot/models/suv/materials) by extensions ['colcon_meta']
[1.875s] Level 1:colcon.colcon_core.package_identification:_identify(src/yolobot/models/suv/materials) by extension 'colcon_meta'
[1.875s] Level 1:colcon.colcon_core.package_identification:_identify(src/yolobot/models/suv/materials) by extensions ['ros']
[1.875s] Level 1:colcon.colcon_core.package_identification:_identify(src/yolobot/models/suv/materials) by extension 'ros'
[1.875s] Level 1:colcon.colcon_core.package_identification:_identify(src/yolobot/models/suv/materials) by extensions ['cmake', 'python']
[1.875s] Level 1:colcon.colcon_core.package_identification:_identify(src/yolobot/models/suv/materials) by extension 'cmake'
[1.875s] Level 1:colcon.colcon_core.package_identification:_identify(src/yolobot/models/suv/materials) by extension 'python'
[1.875s] Level 1:colcon.colcon_core.package_identification:_identify(src/yolobot/models/suv/materials) by extensions ['python_setup_py']
[1.875s] Level 1:colcon.colcon_core.package_identification:_identify(src/yolobot/models/suv/materials) by extension 'python_setup_py'
[1.875s] Level 1:colcon.colcon_core.package_identification:_identify(src/yolobot/models/suv/materials/textures) by extensions ['ignore', 'ignore_ament_install']
[1.875s] Level 1:colcon.colcon_core.package_identification:_identify(src/yolobot/models/suv/materials/textures) by extension 'ignore'
[1.875s] Level 1:colcon.colcon_core.package_identification:_identify(src/yolobot/models/suv/materials/textures) by extension 'ignore_ament_install'
[1.875s] Level 1:colcon.colcon_core.package_identification:_identify(src/yolobot/models/suv/materials/textures) by extensions ['colcon_pkg']
[1.875s] Level 1:colcon.colcon_core.package_identification:_identify(src/yolobot/models/suv/materials/textures) by extension 'colcon_pkg'
[1.875s] Level 1:colcon.colcon_core.package_identification:_identify(src/yolobot/models/suv/materials/textures) by extensions ['colcon_meta']
[1.875s] Level 1:colcon.colcon_core.package_identification:_identify(src/yolobot/models/suv/materials/textures) by extension 'colcon_meta'
[1.875s] Level 1:colcon.colcon_core.package_identification:_identify(src/yolobot/models/suv/materials/textures) by extensions ['ros']
[1.875s] Level 1:colcon.colcon_core.package_identification:_identify(src/yolobot/models/suv/materials/textures) by extension 'ros'
[1.875s] Level 1:colcon.colcon_core.package_identification:_identify(src/yolobot/models/suv/materials/textures) by extensions ['cmake', 'python']
[1.875s] Level 1:colcon.colcon_core.package_identification:_identify(src/yolobot/models/suv/materials/textures) by extension 'cmake'
[1.876s] Level 1:colcon.colcon_core.package_identification:_identify(src/yolobot/models/suv/materials/textures) by extension 'python'
[1.876s] Level 1:colcon.colcon_core.package_identification:_identify(src/yolobot/models/suv/materials/textures) by extensions ['python_setup_py']
[1.876s] Level 1:colcon.colcon_core.package_identification:_identify(src/yolobot/models/suv/materials/textures) by extension 'python_setup_py'
[1.876s] Level 1:colcon.colcon_core.package_identification:_identify(src/yolobot/models/suv/meshes) by extensions ['ignore', 'ignore_ament_install']
[1.876s] Level 1:colcon.colcon_core.package_identification:_identify(src/yolobot/models/suv/meshes) by extension 'ignore'
[1.876s] Level 1:colcon.colcon_core.package_identification:_identify(src/yolobot/models/suv/meshes) by extension 'ignore_ament_install'
[1.876s] Level 1:colcon.colcon_core.package_identification:_identify(src/yolobot/models/suv/meshes) by extensions ['colcon_pkg']
[1.876s] Level 1:colcon.colcon_core.package_identification:_identify(src/yolobot/models/suv/meshes) by extension 'colcon_pkg'
[1.876s] Level 1:colcon.colcon_core.package_identification:_identify(src/yolobot/models/suv/meshes) by extensions ['colcon_meta']
[1.876s] Level 1:colcon.colcon_core.package_identification:_identify(src/yolobot/models/suv/meshes) by extension 'colcon_meta'
[1.876s] Level 1:colcon.colcon_core.package_identification:_identify(src/yolobot/models/suv/meshes) by extensions ['ros']
[1.876s] Level 1:colcon.colcon_core.package_identification:_identify(src/yolobot/models/suv/meshes) by extension 'ros'
[1.876s] Level 1:colcon.colcon_core.package_identification:_identify(src/yolobot/models/suv/meshes) by extensions ['cmake', 'python']
[1.876s] Level 1:colcon.colcon_core.package_identification:_identify(src/yolobot/models/suv/meshes) by extension 'cmake'
[1.876s] Level 1:colcon.colcon_core.package_identification:_identify(src/yolobot/models/suv/meshes) by extension 'python'
[1.876s] Level 1:colcon.colcon_core.package_identification:_identify(src/yolobot/models/suv/meshes) by extensions ['python_setup_py']
[1.876s] Level 1:colcon.colcon_core.package_identification:_identify(src/yolobot/models/suv/meshes) by extension 'python_setup_py'
[1.876s] Level 1:colcon.colcon_core.package_identification:_identify(src/yolobot/src) by extensions ['ignore', 'ignore_ament_install']
[1.876s] Level 1:colcon.colcon_core.package_identification:_identify(src/yolobot/src) by extension 'ignore'
[1.876s] Level 1:colcon.colcon_core.package_identification:_identify(src/yolobot/src) by extension 'ignore_ament_install'
[1.877s] Level 1:colcon.colcon_core.package_identification:_identify(src/yolobot/src) by extensions ['colcon_pkg']
[1.877s] Level 1:colcon.colcon_core.package_identification:_identify(src/yolobot/src) by extension 'colcon_pkg'
[1.877s] Level 1:colcon.colcon_core.package_identification:_identify(src/yolobot/src) by extensions ['colcon_meta']
[1.877s] Level 1:colcon.colcon_core.package_identification:_identify(src/yolobot/src) by extension 'colcon_meta'
[1.877s] Level 1:colcon.colcon_core.package_identification:_identify(src/yolobot/src) by extensions ['ros']
[1.877s] Level 1:colcon.colcon_core.package_identification:_identify(src/yolobot/src) by extension 'ros'
[1.877s] Level 1:colcon.colcon_core.package_identification:_identify(src/yolobot/src) by extensions ['cmake', 'python']
[1.877s] Level 1:colcon.colcon_core.package_identification:_identify(src/yolobot/src) by extension 'cmake'
[1.877s] Level 1:colcon.colcon_core.package_identification:_identify(src/yolobot/src) by extension 'python'
[1.877s] Level 1:colcon.colcon_core.package_identification:_identify(src/yolobot/src) by extensions ['python_setup_py']
[1.877s] Level 1:colcon.colcon_core.package_identification:_identify(src/yolobot/src) by extension 'python_setup_py'
[1.877s] Level 1:colcon.colcon_core.package_identification:_identify(src/yolobot/src/yolobot_control) by extensions ['ignore', 'ignore_ament_install']
[1.877s] Level 1:colcon.colcon_core.package_identification:_identify(src/yolobot/src/yolobot_control) by extension 'ignore'
[1.877s] Level 1:colcon.colcon_core.package_identification:_identify(src/yolobot/src/yolobot_control) by extension 'ignore_ament_install'
[1.878s] Level 1:colcon.colcon_core.package_identification:_identify(src/yolobot/src/yolobot_control) by extensions ['colcon_pkg']
[1.878s] Level 1:colcon.colcon_core.package_identification:_identify(src/yolobot/src/yolobot_control) by extension 'colcon_pkg'
[1.878s] Level 1:colcon.colcon_core.package_identification:_identify(src/yolobot/src/yolobot_control) by extensions ['colcon_meta']
[1.878s] Level 1:colcon.colcon_core.package_identification:_identify(src/yolobot/src/yolobot_control) by extension 'colcon_meta'
[1.878s] Level 1:colcon.colcon_core.package_identification:_identify(src/yolobot/src/yolobot_control) by extensions ['ros']
[1.878s] Level 1:colcon.colcon_core.package_identification:_identify(src/yolobot/src/yolobot_control) by extension 'ros'
[1.878s] DEBUG:colcon.colcon_core.package_identification:Package 'src/yolobot/src/yolobot_control' with type 'ros.ament_cmake' and name 'yolobot_control'
[1.878s] Level 1:colcon.colcon_core.package_identification:_identify(src/yolobot/src/yolobot_description) by extensions ['ignore', 'ignore_ament_install']
[1.878s] Level 1:colcon.colcon_core.package_identification:_identify(src/yolobot/src/yolobot_description) by extension 'ignore'
[1.878s] Level 1:colcon.colcon_core.package_identification:_identify(src/yolobot/src/yolobot_description) by extension 'ignore_ament_install'
[1.879s] Level 1:colcon.colcon_core.package_identification:_identify(src/yolobot/src/yolobot_description) by extensions ['colcon_pkg']
[1.879s] Level 1:colcon.colcon_core.package_identification:_identify(src/yolobot/src/yolobot_description) by extension 'colcon_pkg'
[1.879s] Level 1:colcon.colcon_core.package_identification:_identify(src/yolobot/src/yolobot_description) by extensions ['colcon_meta']
[1.879s] Level 1:colcon.colcon_core.package_identification:_identify(src/yolobot/src/yolobot_description) by extension 'colcon_meta'
[1.879s] Level 1:colcon.colcon_core.package_identification:_identify(src/yolobot/src/yolobot_description) by extensions ['ros']
[1.879s] Level 1:colcon.colcon_core.package_identification:_identify(src/yolobot/src/yolobot_description) by extension 'ros'
[1.879s] DEBUG:colcon.colcon_core.package_identification:Package 'src/yolobot/src/yolobot_description' with type 'ros.ament_cmake' and name 'yolobot_description'
[1.879s] Level 1:colcon.colcon_core.package_identification:_identify(src/yolobot/src/yolobot_gazebo) by extensions ['ignore', 'ignore_ament_install']
[1.879s] Level 1:colcon.colcon_core.package_identification:_identify(src/yolobot/src/yolobot_gazebo) by extension 'ignore'
[1.879s] Level 1:colcon.colcon_core.package_identification:_identify(src/yolobot/src/yolobot_gazebo) by extension 'ignore_ament_install'
[1.879s] Level 1:colcon.colcon_core.package_identification:_identify(src/yolobot/src/yolobot_gazebo) by extensions ['colcon_pkg']
[1.879s] Level 1:colcon.colcon_core.package_identification:_identify(src/yolobot/src/yolobot_gazebo) by extension 'colcon_pkg'
[1.879s] Level 1:colcon.colcon_core.package_identification:_identify(src/yolobot/src/yolobot_gazebo) by extensions ['colcon_meta']
[1.879s] Level 1:colcon.colcon_core.package_identification:_identify(src/yolobot/src/yolobot_gazebo) by extension 'colcon_meta'
[1.879s] Level 1:colcon.colcon_core.package_identification:_identify(src/yolobot/src/yolobot_gazebo) by extensions ['ros']
[1.880s] Level 1:colcon.colcon_core.package_identification:_identify(src/yolobot/src/yolobot_gazebo) by extension 'ros'
[1.880s] DEBUG:colcon.colcon_core.package_identification:Package 'src/yolobot/src/yolobot_gazebo' with type 'ros.ament_cmake' and name 'yolobot_gazebo'
[1.880s] Level 1:colcon.colcon_core.package_identification:_identify(src/yolobot/src/yolobot_recognition) by extensions ['ignore', 'ignore_ament_install']
[1.880s] Level 1:colcon.colcon_core.package_identification:_identify(src/yolobot/src/yolobot_recognition) by extension 'ignore'
[1.880s] Level 1:colcon.colcon_core.package_identification:_identify(src/yolobot/src/yolobot_recognition) by extension 'ignore_ament_install'
[1.880s] Level 1:colcon.colcon_core.package_identification:_identify(src/yolobot/src/yolobot_recognition) by extensions ['colcon_pkg']
[1.880s] Level 1:colcon.colcon_core.package_identification:_identify(src/yolobot/src/yolobot_recognition) by extension 'colcon_pkg'
[1.880s] Level 1:colcon.colcon_core.package_identification:_identify(src/yolobot/src/yolobot_recognition) by extensions ['colcon_meta']
[1.880s] Level 1:colcon.colcon_core.package_identification:_identify(src/yolobot/src/yolobot_recognition) by extension 'colcon_meta'
[1.880s] Level 1:colcon.colcon_core.package_identification:_identify(src/yolobot/src/yolobot_recognition) by extensions ['ros']
[1.880s] Level 1:colcon.colcon_core.package_identification:_identify(src/yolobot/src/yolobot_recognition) by extension 'ros'
[1.881s] DEBUG:colcon.colcon_core.package_identification:Package 'src/yolobot/src/yolobot_recognition' with type 'ros.ament_cmake' and name 'yolobot_recognition'
[1.881s] Level 1:colcon.colcon_core.package_identification:_identify(src/yolobot/src/yolov8_msgs) by extensions ['ignore', 'ignore_ament_install']
[1.881s] Level 1:colcon.colcon_core.package_identification:_identify(src/yolobot/src/yolov8_msgs) by extension 'ignore'
[1.881s] Level 1:colcon.colcon_core.package_identification:_identify(src/yolobot/src/yolov8_msgs) by extension 'ignore_ament_install'
[1.881s] Level 1:colcon.colcon_core.package_identification:_identify(src/yolobot/src/yolov8_msgs) by extensions ['colcon_pkg']
[1.881s] Level 1:colcon.colcon_core.package_identification:_identify(src/yolobot/src/yolov8_msgs) by extension 'colcon_pkg'
[1.881s] Level 1:colcon.colcon_core.package_identification:_identify(src/yolobot/src/yolov8_msgs) by extensions ['colcon_meta']
[1.881s] Level 1:colcon.colcon_core.package_identification:_identify(src/yolobot/src/yolov8_msgs) by extension 'colcon_meta'
[1.881s] Level 1:colcon.colcon_core.package_identification:_identify(src/yolobot/src/yolov8_msgs) by extensions ['ros']
[1.881s] Level 1:colcon.colcon_core.package_identification:_identify(src/yolobot/src/yolov8_msgs) by extension 'ros'
[1.882s] DEBUG:colcon.colcon_core.package_identification:Package 'src/yolobot/src/yolov8_msgs' with type 'ros.ament_cmake' and name 'yolov8_msgs'
[1.882s] Level 1:colcon.colcon_core.package_discovery:discover_packages(recursive) using defaults
[1.882s] Level 1:colcon.colcon_core.package_discovery:discover_packages(ignore) discover
[1.882s] Level 1:colcon.colcon_core.package_discovery:discover_packages(ignore) using defaults
[1.882s] Level 1:colcon.colcon_core.package_discovery:discover_packages(path) discover
[1.882s] Level 1:colcon.colcon_core.package_discovery:discover_packages(path) using defaults
[1.994s] Level 1:colcon.colcon_core.package_discovery:discover_packages(prefix_path) check parameters
[1.994s] Level 1:colcon.colcon_core.package_discovery:discover_packages(prefix_path) discover
[2.032s] DEBUG:colcon.colcon_installed_package_information.package_discovery:Found 12 installed packages in /home/zuman/hivebot_ws/install
[2.049s] DEBUG:colcon.colcon_installed_package_information.package_discovery:Found 441 installed packages in /opt/ros/humble
[2.051s] Level 1:colcon.colcon_core.package_discovery:discover_packages(prefix_path) using defaults
[2.242s] WARNING:colcon.colcon_core.package_selection:Some selected packages are already built in one or more underlay workspaces:
	'hivebot' is in: /home/zuman/hivebot_ws/install/hivebot
If a package in a merged underlay workspace is overridden and it installs headers, then all packages in the overlay must sort their include directories by workspace order. Failure to do so may result in build failures or undefined behavior at run time.
If the overridden package is used by another package in any underlay, then the overriding package in the overlay must be API and ABI compatible or undefined behavior at run time may occur.

If you understand the risks and want to override a package anyways, add the following to the command line:
	--allow-overriding hivebot

This may be promoted to an error in a future release of colcon-override-check.
[2.259s] Level 5:colcon.colcon_core.verb:set package 'hivebot' build argument 'cmake_args' from command line to 'None'
[2.260s] Level 5:colcon.colcon_core.verb:set package 'hivebot' build argument 'cmake_target' from command line to 'None'
[2.260s] Level 5:colcon.colcon_core.verb:set package 'hivebot' build argument 'cmake_target_skip_unavailable' from command line to 'False'
[2.260s] Level 5:colcon.colcon_core.verb:set package 'hivebot' build argument 'cmake_clean_cache' from command line to 'False'
[2.260s] Level 5:colcon.colcon_core.verb:set package 'hivebot' build argument 'cmake_clean_first' from command line to 'False'
[2.260s] Level 5:colcon.colcon_core.verb:set package 'hivebot' build argument 'cmake_force_configure' from command line to 'False'
[2.260s] Level 5:colcon.colcon_core.verb:set package 'hivebot' build argument 'ament_cmake_args' from command line to 'None'
[2.260s] Level 5:colcon.colcon_core.verb:set package 'hivebot' build argument 'catkin_cmake_args' from command line to 'None'
[2.260s] Level 5:colcon.colcon_core.verb:set package 'hivebot' build argument 'catkin_skip_building_tests' from command line to 'False'
[2.260s] DEBUG:colcon.colcon_core.verb:Building package 'hivebot' with the following arguments: {'ament_cmake_args': None, 'build_base': '/home/zuman/hivebot_ws/build/hivebot', 'catkin_cmake_args': None, 'catkin_skip_building_tests': False, 'cmake_args': None, 'cmake_clean_cache': False, 'cmake_clean_first': False, 'cmake_force_configure': False, 'cmake_target': None, 'cmake_target_skip_unavailable': False, 'install_base': '/home/zuman/hivebot_ws/install/hivebot', 'merge_install': False, 'path': '/home/zuman/hivebot_ws/src/Hivebot', 'symlink_install': True, 'test_result_base': None}
[2.276s] Level 5:colcon.colcon_core.verb:set package 'toilet_detection' build argument 'cmake_args' from command line to 'None'
[2.276s] Level 5:colcon.colcon_core.verb:set package 'toilet_detection' build argument 'cmake_target' from command line to 'None'
[2.276s] Level 5:colcon.colcon_core.verb:set package 'toilet_detection' build argument 'cmake_target_skip_unavailable' from command line to 'False'
[2.276s] Level 5:colcon.colcon_core.verb:set package 'toilet_detection' build argument 'cmake_clean_cache' from command line to 'False'
[2.276s] Level 5:colcon.colcon_core.verb:set package 'toilet_detection' build argument 'cmake_clean_first' from command line to 'False'
[2.276s] Level 5:colcon.colcon_core.verb:set package 'toilet_detection' build argument 'cmake_force_configure' from command line to 'False'
[2.276s] Level 5:colcon.colcon_core.verb:set package 'toilet_detection' build argument 'ament_cmake_args' from command line to 'None'
[2.276s] Level 5:colcon.colcon_core.verb:set package 'toilet_detection' build argument 'catkin_cmake_args' from command line to 'None'
[2.276s] Level 5:colcon.colcon_core.verb:set package 'toilet_detection' build argument 'catkin_skip_building_tests' from command line to 'False'
[2.276s] DEBUG:colcon.colcon_core.verb:Building package 'toilet_detection' with the following arguments: {'ament_cmake_args': None, 'build_base': '/home/zuman/hivebot_ws/build/toilet_detection', 'catkin_cmake_args': None, 'catkin_skip_building_tests': False, 'cmake_args': None, 'cmake_clean_cache': False, 'cmake_clean_first': False, 'cmake_force_configure': False, 'cmake_target': None, 'cmake_target_skip_unavailable': False, 'install_base': '/home/zuman/hivebot_ws/install/toilet_detection', 'merge_install': False, 'path': '/home/zuman/hivebot_ws/src/toilet_detection', 'symlink_install': True, 'test_result_base': None}
[2.294s] Level 5:colcon.colcon_core.verb:set package 'yolobot_control' build argument 'cmake_args' from command line to 'None'
[2.294s] Level 5:colcon.colcon_core.verb:set package 'yolobot_control' build argument 'cmake_target' from command line to 'None'
[2.294s] Level 5:colcon.colcon_core.verb:set package 'yolobot_control' build argument 'cmake_target_skip_unavailable' from command line to 'False'
[2.294s] Level 5:colcon.colcon_core.verb:set package 'yolobot_control' build argument 'cmake_clean_cache' from command line to 'False'
[2.294s] Level 5:colcon.colcon_core.verb:set package 'yolobot_control' build argument 'cmake_clean_first' from command line to 'False'
[2.294s] Level 5:colcon.colcon_core.verb:set package 'yolobot_control' build argument 'cmake_force_configure' from command line to 'False'
[2.294s] Level 5:colcon.colcon_core.verb:set package 'yolobot_control' build argument 'ament_cmake_args' from command line to 'None'
[2.294s] Level 5:colcon.colcon_core.verb:set package 'yolobot_control' build argument 'catkin_cmake_args' from command line to 'None'
[2.294s] Level 5:colcon.colcon_core.verb:set package 'yolobot_control' build argument 'catkin_skip_building_tests' from command line to 'False'
[2.294s] DEBUG:colcon.colcon_core.verb:Building package 'yolobot_control' with the following arguments: {'ament_cmake_args': None, 'build_base': '/home/zuman/hivebot_ws/build/yolobot_control', 'catkin_cmake_args': None, 'catkin_skip_building_tests': False, 'cmake_args': None, 'cmake_clean_cache': False, 'cmake_clean_first': False, 'cmake_force_configure': False, 'cmake_target': None, 'cmake_target_skip_unavailable': False, 'install_base': '/home/zuman/hivebot_ws/install/yolobot_control', 'merge_install': False, 'path': '/home/zuman/hivebot_ws/src/yolobot/src/yolobot_control', 'symlink_install': True, 'test_result_base': None}
[2.312s] Level 5:colcon.colcon_core.verb:set package 'yolobot_description' build argument 'cmake_args' from command line to 'None'
[2.312s] Level 5:colcon.colcon_core.verb:set package 'yolobot_description' build argument 'cmake_target' from command line to 'None'
[2.312s] Level 5:colcon.colcon_core.verb:set package 'yolobot_description' build argument 'cmake_target_skip_unavailable' from command line to 'False'
[2.312s] Level 5:colcon.colcon_core.verb:set package 'yolobot_description' build argument 'cmake_clean_cache' from command line to 'False'
[2.312s] Level 5:colcon.colcon_core.verb:set package 'yolobot_description' build argument 'cmake_clean_first' from command line to 'False'
[2.312s] Level 5:colcon.colcon_core.verb:set package 'yolobot_description' build argument 'cmake_force_configure' from command line to 'False'
[2.312s] Level 5:colcon.colcon_core.verb:set package 'yolobot_description' build argument 'ament_cmake_args' from command line to 'None'
[2.312s] Level 5:colcon.colcon_core.verb:set package 'yolobot_description' build argument 'catkin_cmake_args' from command line to 'None'
[2.312s] Level 5:colcon.colcon_core.verb:set package 'yolobot_description' build argument 'catkin_skip_building_tests' from command line to 'False'
[2.312s] DEBUG:colcon.colcon_core.verb:Building package 'yolobot_description' with the following arguments: {'ament_cmake_args': None, 'build_base': '/home/zuman/hivebot_ws/build/yolobot_description', 'catkin_cmake_args': None, 'catkin_skip_building_tests': False, 'cmake_args': None, 'cmake_clean_cache': False, 'cmake_clean_first': False, 'cmake_force_configure': False, 'cmake_target': None, 'cmake_target_skip_unavailable': False, 'install_base': '/home/zuman/hivebot_ws/install/yolobot_description', 'merge_install': False, 'path': '/home/zuman/hivebot_ws/src/yolobot/src/yolobot_description', 'symlink_install': True, 'test_result_base': None}
[2.329s] Level 5:colcon.colcon_core.verb:set package 'yolobot_gazebo' build argument 'cmake_args' from command line to 'None'
[2.329s] Level 5:colcon.colcon_core.verb:set package 'yolobot_gazebo' build argument 'cmake_target' from command line to 'None'
[2.329s] Level 5:colcon.colcon_core.verb:set package 'yolobot_gazebo' build argument 'cmake_target_skip_unavailable' from command line to 'False'
[2.329s] Level 5:colcon.colcon_core.verb:set package 'yolobot_gazebo' build argument 'cmake_clean_cache' from command line to 'False'
[2.329s] Level 5:colcon.colcon_core.verb:set package 'yolobot_gazebo' build argument 'cmake_clean_first' from command line to 'False'
[2.329s] Level 5:colcon.colcon_core.verb:set package 'yolobot_gazebo' build argument 'cmake_force_configure' from command line to 'False'
[2.329s] Level 5:colcon.colcon_core.verb:set package 'yolobot_gazebo' build argument 'ament_cmake_args' from command line to 'None'
[2.329s] Level 5:colcon.colcon_core.verb:set package 'yolobot_gazebo' build argument 'catkin_cmake_args' from command line to 'None'
[2.329s] Level 5:colcon.colcon_core.verb:set package 'yolobot_gazebo' build argument 'catkin_skip_building_tests' from command line to 'False'
[2.329s] DEBUG:colcon.colcon_core.verb:Building package 'yolobot_gazebo' with the following arguments: {'ament_cmake_args': None, 'build_base': '/home/zuman/hivebot_ws/build/yolobot_gazebo', 'catkin_cmake_args': None, 'catkin_skip_building_tests': False, 'cmake_args': None, 'cmake_clean_cache': False, 'cmake_clean_first': False, 'cmake_force_configure': False, 'cmake_target': None, 'cmake_target_skip_unavailable': False, 'install_base': '/home/zuman/hivebot_ws/install/yolobot_gazebo', 'merge_install': False, 'path': '/home/zuman/hivebot_ws/src/yolobot/src/yolobot_gazebo', 'symlink_install': True, 'test_result_base': None}
[2.349s] Level 5:colcon.colcon_core.verb:set package 'yolobot_recognition' build argument 'cmake_args' from command line to 'None'
[2.349s] Level 5:colcon.colcon_core.verb:set package 'yolobot_recognition' build argument 'cmake_target' from command line to 'None'
[2.349s] Level 5:colcon.colcon_core.verb:set package 'yolobot_recognition' build argument 'cmake_target_skip_unavailable' from command line to 'False'
[2.349s] Level 5:colcon.colcon_core.verb:set package 'yolobot_recognition' build argument 'cmake_clean_cache' from command line to 'False'
[2.349s] Level 5:colcon.colcon_core.verb:set package 'yolobot_recognition' build argument 'cmake_clean_first' from command line to 'False'
[2.349s] Level 5:colcon.colcon_core.verb:set package 'yolobot_recognition' build argument 'cmake_force_configure' from command line to 'False'
[2.349s] Level 5:colcon.colcon_core.verb:set package 'yolobot_recognition' build argument 'ament_cmake_args' from command line to 'None'
[2.349s] Level 5:colcon.colcon_core.verb:set package 'yolobot_recognition' build argument 'catkin_cmake_args' from command line to 'None'
[2.349s] Level 5:colcon.colcon_core.verb:set package 'yolobot_recognition' build argument 'catkin_skip_building_tests' from command line to 'False'
[2.349s] DEBUG:colcon.colcon_core.verb:Building package 'yolobot_recognition' with the following arguments: {'ament_cmake_args': None, 'build_base': '/home/zuman/hivebot_ws/build/yolobot_recognition', 'catkin_cmake_args': None, 'catkin_skip_building_tests': False, 'cmake_args': None, 'cmake_clean_cache': False, 'cmake_clean_first': False, 'cmake_force_configure': False, 'cmake_target': None, 'cmake_target_skip_unavailable': False, 'install_base': '/home/zuman/hivebot_ws/install/yolobot_recognition', 'merge_install': False, 'path': '/home/zuman/hivebot_ws/src/yolobot/src/yolobot_recognition', 'symlink_install': True, 'test_result_base': None}
[2.367s] Level 5:colcon.colcon_core.verb:set package 'yolov8_msgs' build argument 'cmake_args' from command line to 'None'
[2.367s] Level 5:colcon.colcon_core.verb:set package 'yolov8_msgs' build argument 'cmake_target' from command line to 'None'
[2.367s] Level 5:colcon.colcon_core.verb:set package 'yolov8_msgs' build argument 'cmake_target_skip_unavailable' from command line to 'False'
[2.367s] Level 5:colcon.colcon_core.verb:set package 'yolov8_msgs' build argument 'cmake_clean_cache' from command line to 'False'
[2.368s] Level 5:colcon.colcon_core.verb:set package 'yolov8_msgs' build argument 'cmake_clean_first' from command line to 'False'
[2.368s] Level 5:colcon.colcon_core.verb:set package 'yolov8_msgs' build argument 'cmake_force_configure' from command line to 'False'
[2.368s] Level 5:colcon.colcon_core.verb:set package 'yolov8_msgs' build argument 'ament_cmake_args' from command line to 'None'
[2.368s] Level 5:colcon.colcon_core.verb:set package 'yolov8_msgs' build argument 'catkin_cmake_args' from command line to 'None'
[2.368s] Level 5:colcon.colcon_core.verb:set package 'yolov8_msgs' build argument 'catkin_skip_building_tests' from command line to 'False'
[2.368s] DEBUG:colcon.colcon_core.verb:Building package 'yolov8_msgs' with the following arguments: {'ament_cmake_args': None, 'build_base': '/home/zuman/hivebot_ws/build/yolov8_msgs', 'catkin_cmake_args': None, 'catkin_skip_building_tests': False, 'cmake_args': None, 'cmake_clean_cache': False, 'cmake_clean_first': False, 'cmake_force_configure': False, 'cmake_target': None, 'cmake_target_skip_unavailable': False, 'install_base': '/home/zuman/hivebot_ws/install/yolov8_msgs', 'merge_install': False, 'path': '/home/zuman/hivebot_ws/src/yolobot/src/yolov8_msgs', 'symlink_install': True, 'test_result_base': None}
[2.384s] Level 5:colcon.colcon_core.verb:set package 'ur_moveit_config' build argument 'cmake_args' from command line to 'None'
[2.384s] Level 5:colcon.colcon_core.verb:set package 'ur_moveit_config' build argument 'cmake_target' from command line to 'None'
[2.384s] Level 5:colcon.colcon_core.verb:set package 'ur_moveit_config' build argument 'cmake_target_skip_unavailable' from command line to 'False'
[2.384s] Level 5:colcon.colcon_core.verb:set package 'ur_moveit_config' build argument 'cmake_clean_cache' from command line to 'False'
[2.384s] Level 5:colcon.colcon_core.verb:set package 'ur_moveit_config' build argument 'cmake_clean_first' from command line to 'False'
[2.384s] Level 5:colcon.colcon_core.verb:set package 'ur_moveit_config' build argument 'cmake_force_configure' from command line to 'False'
[2.384s] Level 5:colcon.colcon_core.verb:set package 'ur_moveit_config' build argument 'ament_cmake_args' from command line to 'None'
[2.384s] Level 5:colcon.colcon_core.verb:set package 'ur_moveit_config' build argument 'catkin_cmake_args' from command line to 'None'
[2.384s] Level 5:colcon.colcon_core.verb:set package 'ur_moveit_config' build argument 'catkin_skip_building_tests' from command line to 'False'
[2.384s] DEBUG:colcon.colcon_core.verb:Building package 'ur_moveit_config' with the following arguments: {'ament_cmake_args': None, 'build_base': '/home/zuman/hivebot_ws/build/ur_moveit_config', 'catkin_cmake_args': None, 'catkin_skip_building_tests': False, 'cmake_args': None, 'cmake_clean_cache': False, 'cmake_clean_first': False, 'cmake_force_configure': False, 'cmake_target': None, 'cmake_target_skip_unavailable': False, 'install_base': '/home/zuman/hivebot_ws/install/ur_moveit_config', 'merge_install': False, 'path': '/home/zuman/hivebot_ws/src/ur_moveit_config', 'symlink_install': True, 'test_result_base': None}
[2.400s] INFO:colcon.colcon_core.executor:Executing jobs using 'parallel' executor
[2.417s] DEBUG:colcon.colcon_parallel_executor.executor.parallel:run_until_complete
[2.417s] INFO:colcon.colcon_ros.task.ament_cmake.build:Building ROS package in '/home/zuman/hivebot_ws/src/Hivebot' with build type 'ament_cmake'
[2.417s] INFO:colcon.colcon_cmake.task.cmake.build:Building CMake package in '/home/zuman/hivebot_ws/src/Hivebot'
[2.451s] INFO:colcon.colcon_core.plugin_system:Skipping extension 'colcon_core.shell.bat': Not used on non-Windows systems
[2.451s] INFO:colcon.colcon_core.shell:Skip shell extension 'powershell' for command environment: Not usable outside of PowerShell
[2.451s] DEBUG:colcon.colcon_core.shell:Skip shell extension 'dsv' for command environment
[2.532s] INFO:colcon.colcon_ros.task.ament_python.build:Building ROS package in '/home/zuman/hivebot_ws/src/toilet_detection' with build type 'ament_python'
[2.532s] Level 1:colcon.colcon_core.shell:create_environment_hook('toilet_detection', 'ament_prefix_path')
[2.556s] INFO:colcon.colcon_core.shell:Creating environment hook '/home/zuman/hivebot_ws/install/toilet_detection/share/toilet_detection/hook/ament_prefix_path.ps1'
[2.558s] INFO:colcon.colcon_core.shell:Creating environment descriptor '/home/zuman/hivebot_ws/install/toilet_detection/share/toilet_detection/hook/ament_prefix_path.dsv'
[2.559s] INFO:colcon.colcon_core.shell:Creating environment hook '/home/zuman/hivebot_ws/install/toilet_detection/share/toilet_detection/hook/ament_prefix_path.sh'
[2.581s] INFO:colcon.colcon_core.shell:Skip shell extension 'powershell' for command environment: Not usable outside of PowerShell
[2.581s] DEBUG:colcon.colcon_core.shell:Skip shell extension 'dsv' for command environment
[2.651s] INFO:colcon.colcon_ros.task.ament_cmake.build:Building ROS package in '/home/zuman/hivebot_ws/src/yolobot/src/yolobot_control' with build type 'ament_cmake'
[2.651s] INFO:colcon.colcon_cmake.task.cmake.build:Building CMake package in '/home/zuman/hivebot_ws/src/yolobot/src/yolobot_control'
[2.678s] INFO:colcon.colcon_core.shell:Skip shell extension 'powershell' for command environment: Not usable outside of PowerShell
[2.678s] DEBUG:colcon.colcon_core.shell:Skip shell extension 'dsv' for command environment
[2.751s] INFO:colcon.colcon_ros.task.ament_cmake.build:Building ROS package in '/home/zuman/hivebot_ws/src/yolobot/src/yolobot_description' with build type 'ament_cmake'
[2.751s] INFO:colcon.colcon_cmake.task.cmake.build:Building CMake package in '/home/zuman/hivebot_ws/src/yolobot/src/yolobot_description'
[2.773s] INFO:colcon.colcon_core.shell:Skip shell extension 'powershell' for command environment: Not usable outside of PowerShell
[2.773s] DEBUG:colcon.colcon_core.shell:Skip shell extension 'dsv' for command environment
[2.835s] INFO:colcon.colcon_ros.task.ament_cmake.build:Building ROS package in '/home/zuman/hivebot_ws/src/yolobot/src/yolobot_gazebo' with build type 'ament_cmake'
[2.835s] INFO:colcon.colcon_cmake.task.cmake.build:Building CMake package in '/home/zuman/hivebot_ws/src/yolobot/src/yolobot_gazebo'
[2.881s] INFO:colcon.colcon_core.shell:Skip shell extension 'powershell' for command environment: Not usable outside of PowerShell
[2.881s] DEBUG:colcon.colcon_core.shell:Skip shell extension 'dsv' for command environment
[2.936s] INFO:colcon.colcon_ros.task.ament_cmake.build:Building ROS package in '/home/zuman/hivebot_ws/src/yolobot/src/yolobot_recognition' with build type 'ament_cmake'
[2.937s] INFO:colcon.colcon_cmake.task.cmake.build:Building CMake package in '/home/zuman/hivebot_ws/src/yolobot/src/yolobot_recognition'
[2.957s] INFO:colcon.colcon_core.shell:Skip shell extension 'powershell' for command environment: Not usable outside of PowerShell
[2.957s] DEBUG:colcon.colcon_core.shell:Skip shell extension 'dsv' for command environment
[3.020s] DEBUG:colcon.colcon_core.event_handler.log_command:Invoking command in '/home/zuman/hivebot_ws/build/hivebot': CMAKE_PREFIX_PATH=${CMAKE_PREFIX_PATH}:/home/zuman/hivebot_ws/install/toilet_detection:/home/zuman/hivebot_ws/install/ball_tracker:/opt/ros/humble /usr/bin/cmake --build /home/zuman/hivebot_ws/build/hivebot -- -j6 -l6
[3.332s] INFO:colcon.colcon_core.task.python.build:Building Python package in '/home/zuman/hivebot_ws/src/toilet_detection'
[3.350s] INFO:colcon.colcon_core.shell:Skip shell extension 'powershell' for command environment: Not usable outside of PowerShell
[3.350s] DEBUG:colcon.colcon_core.shell:Skip shell extension 'dsv' for command environment
[3.408s] DEBUG:colcon.colcon_core.event_handler.log_command:Invoking command in '/home/zuman/hivebot_ws/build/yolobot_control': CMAKE_PREFIX_PATH=${CMAKE_PREFIX_PATH}:/home/zuman/hivebot_ws/install/toilet_detection:/home/zuman/hivebot_ws/install/ball_tracker:/opt/ros/humble /usr/bin/cmake /home/zuman/hivebot_ws/src/yolobot/src/yolobot_control -DAMENT_CMAKE_SYMLINK_INSTALL=1 -DCMAKE_INSTALL_PREFIX=/home/zuman/hivebot_ws/install/yolobot_control
[3.410s] DEBUG:colcon.colcon_core.event_handler.log_command:Invoking command in '/home/zuman/hivebot_ws/build/yolobot_description': CMAKE_PREFIX_PATH=${CMAKE_PREFIX_PATH}:/home/zuman/hivebot_ws/install/toilet_detection:/home/zuman/hivebot_ws/install/ball_tracker:/opt/ros/humble /usr/bin/cmake /home/zuman/hivebot_ws/src/yolobot/src/yolobot_description -DAMENT_CMAKE_SYMLINK_INSTALL=1 -DCMAKE_INSTALL_PREFIX=/home/zuman/hivebot_ws/install/yolobot_description
[3.415s] DEBUG:colcon.colcon_core.event_handler.log_command:Invoking command in '/home/zuman/hivebot_ws/build/yolobot_gazebo': CMAKE_PREFIX_PATH=${CMAKE_PREFIX_PATH}:/home/zuman/hivebot_ws/install/toilet_detection:/home/zuman/hivebot_ws/install/ball_tracker:/opt/ros/humble /usr/bin/cmake /home/zuman/hivebot_ws/src/yolobot/src/yolobot_gazebo -DAMENT_CMAKE_SYMLINK_INSTALL=1 -DCMAKE_INSTALL_PREFIX=/home/zuman/hivebot_ws/install/yolobot_gazebo
[3.423s] DEBUG:colcon.colcon_core.event_handler.log_command:Invoking command in '/home/zuman/hivebot_ws/build/yolobot_recognition': CMAKE_PREFIX_PATH=${CMAKE_PREFIX_PATH}:/home/zuman/hivebot_ws/install/toilet_detection:/home/zuman/hivebot_ws/install/ball_tracker:/opt/ros/humble /usr/bin/cmake --build /home/zuman/hivebot_ws/build/yolobot_recognition -- -j6 -l6
[3.424s] DEBUG:colcon.colcon_core.event_handler.log_command:Invoked command in '/home/zuman/hivebot_ws/build/hivebot' returned '0': CMAKE_PREFIX_PATH=${CMAKE_PREFIX_PATH}:/home/zuman/hivebot_ws/install/toilet_detection:/home/zuman/hivebot_ws/install/ball_tracker:/opt/ros/humble /usr/bin/cmake --build /home/zuman/hivebot_ws/build/hivebot -- -j6 -l6
[3.449s] DEBUG:colcon.colcon_core.event_handler.log_command:Invoked command in '/home/zuman/hivebot_ws/build/yolobot_recognition' returned '2': CMAKE_PREFIX_PATH=${CMAKE_PREFIX_PATH}:/home/zuman/hivebot_ws/install/toilet_detection:/home/zuman/hivebot_ws/install/ball_tracker:/opt/ros/humble /usr/bin/cmake --build /home/zuman/hivebot_ws/build/yolobot_recognition -- -j6 -l6
[3.480s] DEBUG:colcon.colcon_core.event_handler.log_command:Invoking command in '/home/zuman/hivebot_ws/build/hivebot': CMAKE_PREFIX_PATH=${CMAKE_PREFIX_PATH}:/home/zuman/hivebot_ws/install/toilet_detection:/home/zuman/hivebot_ws/install/ball_tracker:/opt/ros/humble /usr/bin/cmake --install /home/zuman/hivebot_ws/build/hivebot
[3.525s] Level 1:colcon.colcon_core.environment:create_environment_scripts_only(yolobot_recognition)
[3.556s] Level 1:colcon.colcon_core.environment:checking '/home/zuman/hivebot_ws/install/yolobot_recognition' for CMake module files
[3.557s] Level 1:colcon.colcon_core.environment:checking '/home/zuman/hivebot_ws/install/yolobot_recognition' for CMake config files
[3.558s] Level 1:colcon.colcon_core.shell:create_environment_hook('yolobot_recognition', 'cmake_prefix_path')
[3.582s] INFO:colcon.colcon_core.shell:Creating environment hook '/home/zuman/hivebot_ws/install/yolobot_recognition/share/yolobot_recognition/hook/cmake_prefix_path.ps1'
[3.583s] INFO:colcon.colcon_core.shell:Creating environment descriptor '/home/zuman/hivebot_ws/install/yolobot_recognition/share/yolobot_recognition/hook/cmake_prefix_path.dsv'
[3.584s] INFO:colcon.colcon_core.shell:Creating environment hook '/home/zuman/hivebot_ws/install/yolobot_recognition/share/yolobot_recognition/hook/cmake_prefix_path.sh'
[3.584s] Level 1:colcon.colcon_core.environment:checking '/home/zuman/hivebot_ws/install/yolobot_recognition/lib'
[3.585s] Level 1:colcon.colcon_core.environment:checking '/home/zuman/hivebot_ws/install/yolobot_recognition/bin'
[3.585s] Level 1:colcon.colcon_core.environment:checking '/home/zuman/hivebot_ws/install/yolobot_recognition/lib/pkgconfig/yolobot_recognition.pc'
[3.585s] Level 1:colcon.colcon_core.environment:checking '/home/zuman/hivebot_ws/install/yolobot_recognition/lib/python3.10/site-packages'
[3.585s] Level 1:colcon.colcon_core.environment:checking '/home/zuman/hivebot_ws/install/yolobot_recognition/bin'
[3.607s] INFO:colcon.colcon_core.shell:Creating package script '/home/zuman/hivebot_ws/install/yolobot_recognition/share/yolobot_recognition/package.ps1'
[3.609s] INFO:colcon.colcon_core.shell:Creating package descriptor '/home/zuman/hivebot_ws/install/yolobot_recognition/share/yolobot_recognition/package.dsv'
[3.611s] INFO:colcon.colcon_core.shell:Creating package script '/home/zuman/hivebot_ws/install/yolobot_recognition/share/yolobot_recognition/package.sh'
[3.613s] INFO:colcon.colcon_core.shell:Creating package script '/home/zuman/hivebot_ws/install/yolobot_recognition/share/yolobot_recognition/package.bash'
[3.614s] INFO:colcon.colcon_core.shell:Creating package script '/home/zuman/hivebot_ws/install/yolobot_recognition/share/yolobot_recognition/package.zsh'
[3.615s] Level 1:colcon.colcon_core.environment:create_file_with_runtime_dependencies(/home/zuman/hivebot_ws/install/yolobot_recognition/share/colcon-core/packages/yolobot_recognition)
[4.547s] DEBUG:colcon.colcon_parallel_executor.executor.parallel:closing loop
[4.547s] DEBUG:colcon.colcon_parallel_executor.executor.parallel:loop closed
[4.547s] DEBUG:colcon.colcon_parallel_executor.executor.parallel:run_until_complete finished with '2'
[4.547s] DEBUG:colcon.colcon_core.event_reactor:joining thread
[4.589s] INFO:colcon.colcon_core.plugin_system:Skipping extension 'colcon_notification.desktop_notification.terminal_notifier': Not used on non-Darwin systems
[4.589s] INFO:colcon.colcon_core.plugin_system:Skipping extension 'colcon_notification.desktop_notification.win32': Not used on non-Windows systems
[4.589s] INFO:colcon.colcon_notification.desktop_notification:Sending desktop notification using 'notify2'
[4.608s] DEBUG:colcon.colcon_core.event_reactor:joined thread
[4.635s] INFO:colcon.colcon_core.shell:Creating prefix script '/home/zuman/hivebot_ws/install/local_setup.ps1'
[4.639s] INFO:colcon.colcon_core.shell:Creating prefix util module '/home/zuman/hivebot_ws/install/_local_setup_util_ps1.py'
[4.641s] INFO:colcon.colcon_core.shell:Creating prefix chain script '/home/zuman/hivebot_ws/install/setup.ps1'
[4.663s] INFO:colcon.colcon_core.shell:Creating prefix script '/home/zuman/hivebot_ws/install/local_setup.sh'
[4.664s] INFO:colcon.colcon_core.shell:Creating prefix util module '/home/zuman/hivebot_ws/install/_local_setup_util_sh.py'
[4.666s] INFO:colcon.colcon_core.shell:Creating prefix chain script '/home/zuman/hivebot_ws/install/setup.sh'
[4.686s] INFO:colcon.colcon_core.shell:Creating prefix script '/home/zuman/hivebot_ws/install/local_setup.bash'
[4.687s] INFO:colcon.colcon_core.shell:Creating prefix chain script '/home/zuman/hivebot_ws/install/setup.bash'
[4.706s] INFO:colcon.colcon_core.shell:Creating prefix script '/home/zuman/hivebot_ws/install/local_setup.zsh'
[4.707s] INFO:colcon.colcon_core.shell:Creating prefix chain script '/home/zuman/hivebot_ws/install/setup.zsh'
