[0.303s] Invoking command in '/home/zuman/hivebot_ws/build/gazebo_ros2_control': CMAKE_PREFIX_PATH=${CMAKE_PREFIX_PATH}:/home/zuman/hivebot_ws/install/toilet_detection:/home/zuman/hivebot_ws/install/ball_tracker:/opt/ros/humble /usr/bin/cmake /home/zuman/hivebot_ws/src/gazebo_ros2_control -DCMAKE_INSTALL_PREFIX=/home/zuman/hivebot_ws/install/gazebo_ros2_control
[0.345s] -- Found ament_cmake: 1.3.8 (/opt/ros/humble/share/ament_cmake/cmake)
[0.602s] -- Override CMake install command with custom implementation using symlinks instead of copying resources
[0.623s] -- Found ament_lint_auto: 0.12.10 (/opt/ros/humble/share/ament_lint_auto/cmake)
[0.762s] -- Added test 'cppcheck' to perform static code analysis on C / C++ code
[0.763s] -- Configured cppcheck include dirs: 
[0.763s] -- Configured cppcheck exclude dirs and/or files: 
[0.763s] -- Added test 'flake8' to check Python code syntax and style conventions
[0.765s] -- Added test 'lint_cmake' to check CMake code style
[0.766s] -- Added test 'pep257' to check Python code against some of the docstring style conventions in PEP 257
[0.772s] -- Added test 'uncrustify' to check C / C++ code style
[0.773s] -- Configured uncrustify additional arguments: 
[0.773s] -- Added test 'xmllint' to check XML markup files
[0.782s] -- Configuring done
[0.789s] -- Generating done
[0.790s] -- Build files have been written to: /home/zuman/hivebot_ws/build/gazebo_ros2_control
[0.797s] Invoked command in '/home/zuman/hivebot_ws/build/gazebo_ros2_control' returned '0': CMAKE_PREFIX_PATH=${CMAKE_PREFIX_PATH}:/home/zuman/hivebot_ws/install/toilet_detection:/home/zuman/hivebot_ws/install/ball_tracker:/opt/ros/humble /usr/bin/cmake /home/zuman/hivebot_ws/src/gazebo_ros2_control -DCMAKE_INSTALL_PREFIX=/home/zuman/hivebot_ws/install/gazebo_ros2_control
[0.806s] Invoking command in '/home/zuman/hivebot_ws/build/gazebo_ros2_control': CMAKE_PREFIX_PATH=${CMAKE_PREFIX_PATH}:/home/zuman/hivebot_ws/install/toilet_detection:/home/zuman/hivebot_ws/install/ball_tracker:/opt/ros/humble /usr/bin/cmake --build /home/zuman/hivebot_ws/build/gazebo_ros2_control -- -j6 -l6
[0.932s] Invoked command in '/home/zuman/hivebot_ws/build/gazebo_ros2_control' returned '0': CMAKE_PREFIX_PATH=${CMAKE_PREFIX_PATH}:/home/zuman/hivebot_ws/install/toilet_detection:/home/zuman/hivebot_ws/install/ball_tracker:/opt/ros/humble /usr/bin/cmake --build /home/zuman/hivebot_ws/build/gazebo_ros2_control -- -j6 -l6
[1.077s] Invoking command in '/home/zuman/hivebot_ws/build/gazebo_ros2_control': CMAKE_PREFIX_PATH=${CMAKE_PREFIX_PATH}:/home/zuman/hivebot_ws/install/toilet_detection:/home/zuman/hivebot_ws/install/ball_tracker:/opt/ros/humble /usr/bin/cmake --install /home/zuman/hivebot_ws/build/gazebo_ros2_control
[1.107s] -- Install configuration: "Debug"
[1.111s] -- Execute custom install script
[1.121s] -- Up-to-date symlink: /home/zuman/hivebot_ws/install/gazebo_ros2_control/share/ament_index/resource_index/package_run_dependencies/gazebo_ros2_control
[1.121s] -- Up-to-date symlink: /home/zuman/hivebot_ws/install/gazebo_ros2_control/share/ament_index/resource_index/parent_prefix_path/gazebo_ros2_control
[1.121s] -- Up-to-date symlink: /home/zuman/hivebot_ws/install/gazebo_ros2_control/share/gazebo_ros2_control/environment/ament_prefix_path.sh
[1.121s] -- Up-to-date symlink: /home/zuman/hivebot_ws/install/gazebo_ros2_control/share/gazebo_ros2_control/environment/ament_prefix_path.dsv
[1.121s] -- Up-to-date symlink: /home/zuman/hivebot_ws/install/gazebo_ros2_control/share/gazebo_ros2_control/environment/path.sh
[1.121s] -- Up-to-date symlink: /home/zuman/hivebot_ws/install/gazebo_ros2_control/share/gazebo_ros2_control/environment/path.dsv
[1.121s] -- Up-to-date symlink: /home/zuman/hivebot_ws/install/gazebo_ros2_control/share/gazebo_ros2_control/local_setup.bash
[1.121s] -- Up-to-date symlink: /home/zuman/hivebot_ws/install/gazebo_ros2_control/share/gazebo_ros2_control/local_setup.sh
[1.121s] -- Up-to-date symlink: /home/zuman/hivebot_ws/install/gazebo_ros2_control/share/gazebo_ros2_control/local_setup.zsh
[1.122s] -- Up-to-date symlink: /home/zuman/hivebot_ws/install/gazebo_ros2_control/share/gazebo_ros2_control/local_setup.dsv
[1.122s] -- Symlinking: /home/zuman/hivebot_ws/install/gazebo_ros2_control/share/gazebo_ros2_control/package.dsv
[1.142s] -- Up-to-date symlink: /home/zuman/hivebot_ws/install/gazebo_ros2_control/share/ament_index/resource_index/packages/gazebo_ros2_control
[1.142s] -- Up-to-date symlink: /home/zuman/hivebot_ws/install/gazebo_ros2_control/share/gazebo_ros2_control/cmake/gazebo_ros2_controlConfig.cmake
[1.142s] -- Up-to-date symlink: /home/zuman/hivebot_ws/install/gazebo_ros2_control/share/gazebo_ros2_control/cmake/gazebo_ros2_controlConfig-version.cmake
[1.142s] -- Up-to-date symlink: /home/zuman/hivebot_ws/install/gazebo_ros2_control/share/gazebo_ros2_control/package.xml
[1.150s] Invoked command in '/home/zuman/hivebot_ws/build/gazebo_ros2_control' returned '0': CMAKE_PREFIX_PATH=${CMAKE_PREFIX_PATH}:/home/zuman/hivebot_ws/install/toilet_detection:/home/zuman/hivebot_ws/install/ball_tracker:/opt/ros/humble /usr/bin/cmake --install /home/zuman/hivebot_ws/build/gazebo_ros2_control
