[35m[1mConsolidate compiler generated dependencies of target hello_moveit[0m
[ 50%] [32mBuilding CXX object CMakeFiles/hello_moveit.dir/src/hello_moveit.cpp.o[0m
[01m[K/home/zuman/hivebot_ws/src/hello_moveit/src/hello_moveit.cpp:[m[K In function ‘[01m[Kint main(int, char**)[m[K’:
[01m[K/home/zuman/hivebot_ws/src/hello_moveit/src/hello_moveit.cpp:26:101:[m[K [01;35m[Kwarning: [m[K‘[01m[Kusing MoveItErrorCode = class moveit::core::MoveItErrorCode[m[K’ is deprecated: Use moveit::core::MoveItErrorCode [[01;35m[K]8;;https://gcc.gnu.org/onlinedocs/gcc/Warning-Options.html#index-Wdeprecated-declarations-Wdeprecated-declarations]8;;[m[K]
   26 | up_interface.plan(plan) == moveit::planning_interface::MoveItErrorCode::[01;35m[KSUCCESS[m[K);
      |                                                                         [01;35m[K^~~~~~~[m[K

In file included from [01m[K/home/zuman/hivebot_ws/src/hello_moveit/src/hello_moveit.cpp:3[m[K:
[01m[K/opt/ros/humble/include/moveit/move_group_interface/move_group_interface.h:71:7:[m[K [01;36m[Knote: [m[Kdeclared here
   71 | using [01;36m[KMoveItErrorCode[m[K [[deprecated("Use moveit::core::MoveItErrorCode")]] = moveit::core::MoveItErrorCode;
      |       [01;36m[K^~~~~~~~~~~~~~~[m[K
In file included from [01m[K/opt/ros/humble/include/rclcpp/rclcpp/logging.hpp:24[m[K,
                 from [01m[K/opt/ros/humble/include/rclcpp/rclcpp/client.hpp:40[m[K,
                 from [01m[K/opt/ros/humble/include/rclcpp/rclcpp/callback_group.hpp:24[m[K,
                 from [01m[K/opt/ros/humble/include/rclcpp/rclcpp/any_executable.hpp:20[m[K,
                 from [01m[K/opt/ros/humble/include/rclcpp/rclcpp/memory_strategy.hpp:25[m[K,
                 from [01m[K/opt/ros/humble/include/rclcpp/rclcpp/memory_strategies.hpp:18[m[K,
                 from [01m[K/opt/ros/humble/include/rclcpp/rclcpp/executor_options.hpp:20[m[K,
                 from [01m[K/opt/ros/humble/include/rclcpp/rclcpp/executor.hpp:37[m[K,
                 from [01m[K/opt/ros/humble/include/rclcpp/rclcpp/executors/multi_threaded_executor.hpp:25[m[K,
                 from [01m[K/opt/ros/humble/include/rclcpp/rclcpp/executors.hpp:21[m[K,
                 from [01m[K/opt/ros/humble/include/rclcpp/rclcpp/rclcpp.hpp:155[m[K,
                 from [01m[K/home/zuman/hivebot_ws/src/hello_moveit/src/hello_moveit.cpp:2[m[K:
[01m[K/home/zuman/hivebot_ws/src/hello_moveit/src/hello_moveit.cpp:[m[K In lambda function:
[01m[K/home/zuman/hivebot_ws/src/hello_moveit/src/hello_moveit.cpp:32:30:[m[K [01;31m[Kerror: [m[K‘[01m[Klogger[m[K’ is not captured
   32 |                 RCLCPP_ERROR([01;31m[Klogger[m[K, "Execution timed out.");
      |                              [01;31m[K^~~~~~[m[K
[01m[K/home/zuman/hivebot_ws/src/hello_moveit/src/hello_moveit.cpp:30:67:[m[K [01;36m[Knote: [m[Kthe lambda has no capture-default
   30 |         auto execute_result = move_group_interface.execute(plan, [[01;36m[K][m[K(const moveit_msgs::msg::MoveItErrorCodes& error_code) {
      |                                                                   [01;36m[K^[m[K
[01m[K/home/zuman/hivebot_ws/src/hello_moveit/src/hello_moveit.cpp:15:16:[m[K [01;36m[Knote: [m[K‘[01m[Kconst rclcpp::Logger logger[m[K’ declared here
   15 |     auto const [01;36m[Klogger[m[K = rclcpp::get_logger("hello_moveit");
      |                [01;36m[K^~~~~~[m[K
In file included from [01m[K/opt/ros/humble/include/rclcpp/rclcpp/logging.hpp:24[m[K,
                 from [01m[K/opt/ros/humble/include/rclcpp/rclcpp/client.hpp:40[m[K,
                 from [01m[K/opt/ros/humble/include/rclcpp/rclcpp/callback_group.hpp:24[m[K,
                 from [01m[K/opt/ros/humble/include/rclcpp/rclcpp/any_executable.hpp:20[m[K,
                 from [01m[K/opt/ros/humble/include/rclcpp/rclcpp/memory_strategy.hpp:25[m[K,
                 from [01m[K/opt/ros/humble/include/rclcpp/rclcpp/memory_strategies.hpp:18[m[K,
                 from [01m[K/opt/ros/humble/include/rclcpp/rclcpp/executor_options.hpp:20[m[K,
                 from [01m[K/opt/ros/humble/include/rclcpp/rclcpp/executor.hpp:37[m[K,
                 from [01m[K/opt/ros/humble/include/rclcpp/rclcpp/executors/multi_threaded_executor.hpp:25[m[K,
                 from [01m[K/opt/ros/humble/include/rclcpp/rclcpp/executors.hpp:21[m[K,
                 from [01m[K/opt/ros/humble/include/rclcpp/rclcpp/rclcpp.hpp:155[m[K,
                 from [01m[K/home/zuman/hivebot_ws/src/hello_moveit/src/hello_moveit.cpp:2[m[K:
[01m[K/home/zuman/hivebot_ws/src/hello_moveit/src/hello_moveit.cpp:32:30:[m[K [01;31m[Kerror: [m[K‘[01m[Klogger[m[K’ is not captured
   32 |                 RCLCPP_ERROR([01;31m[Klogger[m[K, "Execution timed out.");
      |                              [01;31m[K^~~~~~[m[K
[01m[K/home/zuman/hivebot_ws/src/hello_moveit/src/hello_moveit.cpp:30:67:[m[K [01;36m[Knote: [m[Kthe lambda has no capture-default
   30 |         auto execute_result = move_group_interface.execute(plan, [[01;36m[K][m[K(const moveit_msgs::msg::MoveItErrorCodes& error_code) {
      |                                                                   [01;36m[K^[m[K
[01m[K/home/zuman/hivebot_ws/src/hello_moveit/src/hello_moveit.cpp:15:16:[m[K [01;36m[Knote: [m[K‘[01m[Kconst rclcpp::Logger logger[m[K’ declared here
   15 |     auto const [01;36m[Klogger[m[K = rclcpp::get_logger("hello_moveit");
      |                [01;36m[K^~~~~~[m[K
[01m[K/home/zuman/hivebot_ws/src/hello_moveit/src/hello_moveit.cpp:[m[K In function ‘[01m[Kint main(int, char**)[m[K’:
[01m[K/home/zuman/hivebot_ws/src/hello_moveit/src/hello_moveit.cpp:34:12:[m[K [01;31m[Kerror: [m[K‘[01m[Kros[m[K’ has not been declared
   34 |         }, [01;31m[Kros[m[K::Duration(10.0)); // Increase the timeout to 10 seconds
      |            [01;31m[K^~~[m[K
gmake[2]: *** [CMakeFiles/hello_moveit.dir/build.make:76: CMakeFiles/hello_moveit.dir/src/hello_moveit.cpp.o] Error 1
gmake[1]: *** [CMakeFiles/Makefile2:137: CMakeFiles/hello_moveit.dir/all] Error 2
gmake: *** [Makefile:146: all] Error 2
