[0.091s] Invoking command in '/home/zuman/hivebot_ws/build/detect_toilet': CMAKE_PREFIX_PATH=${CMAKE_PREFIX_PATH}:/home/zuman/hivebot_ws/install/ball_tracker:/opt/ros/humble /usr/bin/cmake /home/zuman/hivebot_ws/src/detect_toilet -DAMENT_CMAKE_SYMLINK_INSTALL=1 -DCMAKE_INSTALL_PREFIX=/home/zuman/hivebot_ws/install/detect_toilet
[0.228s] -- The C compiler identification is GNU 11.4.0
[0.354s] -- The CXX compiler identification is GNU 11.4.0
[0.377s] -- Detecting C compiler ABI info
[0.466s] -- Detecting C compiler ABI info - done
[0.477s] -- Check for working C compiler: /usr/bin/cc - skipped
[0.478s] -- Detecting C compile features
[0.479s] -- Detecting C compile features - done
[0.484s] -- Detecting CXX compiler ABI info
[0.585s] -- Detecting CXX compiler ABI info - done
[0.593s] -- Check for working CXX compiler: /usr/bin/c++ - skipped
[0.594s] -- Detecting CXX compile features
[0.595s] -- Detecting CXX compile features - done
[0.608s] -- Found ament_cmake: 1.3.8 (/opt/ros/humble/share/ament_cmake/cmake)
[0.803s] -- Found Python3: /usr/bin/python3 (found version "3.10.12") found components: Interpreter 
[0.900s] -- Override CMake install command with custom implementation using symlinks instead of copying resources
[0.962s] -- Found ament_lint_auto: 0.12.10 (/opt/ros/humble/share/ament_lint_auto/cmake)
[1.070s] -- Added test 'flake8' to check Python code syntax and style conventions
[1.071s] -- Added test 'lint_cmake' to check CMake code style
[1.072s] -- Added test 'pep257' to check Python code against some of the docstring style conventions in PEP 257
[1.074s] -- Added test 'xmllint' to check XML markup files
[1.079s] -- Configuring done
[1.082s] -- Generating done
[1.083s] -- Build files have been written to: /home/zuman/hivebot_ws/build/detect_toilet
[1.089s] Invoked command in '/home/zuman/hivebot_ws/build/detect_toilet' returned '0': CMAKE_PREFIX_PATH=${CMAKE_PREFIX_PATH}:/home/zuman/hivebot_ws/install/ball_tracker:/opt/ros/humble /usr/bin/cmake /home/zuman/hivebot_ws/src/detect_toilet -DAMENT_CMAKE_SYMLINK_INSTALL=1 -DCMAKE_INSTALL_PREFIX=/home/zuman/hivebot_ws/install/detect_toilet
[1.090s] Invoking command in '/home/zuman/hivebot_ws/build/detect_toilet': CMAKE_PREFIX_PATH=${CMAKE_PREFIX_PATH}:/home/zuman/hivebot_ws/install/ball_tracker:/opt/ros/humble /usr/bin/cmake --build /home/zuman/hivebot_ws/build/detect_toilet -- -j6 -l6
[1.133s] Invoked command in '/home/zuman/hivebot_ws/build/detect_toilet' returned '0': CMAKE_PREFIX_PATH=${CMAKE_PREFIX_PATH}:/home/zuman/hivebot_ws/install/ball_tracker:/opt/ros/humble /usr/bin/cmake --build /home/zuman/hivebot_ws/build/detect_toilet -- -j6 -l6
[1.156s] Invoking command in '/home/zuman/hivebot_ws/build/detect_toilet': CMAKE_PREFIX_PATH=${CMAKE_PREFIX_PATH}:/home/zuman/hivebot_ws/install/ball_tracker:/opt/ros/humble /usr/bin/cmake --install /home/zuman/hivebot_ws/build/detect_toilet
[1.164s] -- Install configuration: ""
[1.164s] -- Execute custom install script
[1.164s] -- Symlinking: /home/zuman/hivebot_ws/install/detect_toilet/share/ament_index/resource_index/package_run_dependencies/detect_toilet
[1.175s] -- Symlinking: /home/zuman/hivebot_ws/install/detect_toilet/share/ament_index/resource_index/parent_prefix_path/detect_toilet
[1.184s] -- Symlinking: /home/zuman/hivebot_ws/install/detect_toilet/share/detect_toilet/environment/ament_prefix_path.sh
[1.199s] -- Symlinking: /home/zuman/hivebot_ws/install/detect_toilet/share/detect_toilet/environment/ament_prefix_path.dsv
[1.208s] -- Symlinking: /home/zuman/hivebot_ws/install/detect_toilet/share/detect_toilet/environment/path.sh
[1.220s] -- Symlinking: /home/zuman/hivebot_ws/install/detect_toilet/share/detect_toilet/environment/path.dsv
[1.229s] -- Symlinking: /home/zuman/hivebot_ws/install/detect_toilet/share/detect_toilet/local_setup.bash
[1.237s] -- Symlinking: /home/zuman/hivebot_ws/install/detect_toilet/share/detect_toilet/local_setup.sh
[1.246s] -- Symlinking: /home/zuman/hivebot_ws/install/detect_toilet/share/detect_toilet/local_setup.zsh
[1.254s] -- Symlinking: /home/zuman/hivebot_ws/install/detect_toilet/share/detect_toilet/local_setup.dsv
[1.263s] -- Symlinking: /home/zuman/hivebot_ws/install/detect_toilet/share/detect_toilet/package.dsv
[1.272s] -- Symlinking: /home/zuman/hivebot_ws/install/detect_toilet/share/ament_index/resource_index/packages/detect_toilet
[1.284s] -- Symlinking: /home/zuman/hivebot_ws/install/detect_toilet/share/detect_toilet/cmake/detect_toiletConfig.cmake
[1.296s] -- Symlinking: /home/zuman/hivebot_ws/install/detect_toilet/share/detect_toilet/cmake/detect_toiletConfig-version.cmake
[1.305s] -- Symlinking: /home/zuman/hivebot_ws/install/detect_toilet/share/detect_toilet/package.xml
[1.316s] Invoked command in '/home/zuman/hivebot_ws/build/detect_toilet' returned '0': CMAKE_PREFIX_PATH=${CMAKE_PREFIX_PATH}:/home/zuman/hivebot_ws/install/ball_tracker:/opt/ros/humble /usr/bin/cmake --install /home/zuman/hivebot_ws/build/detect_toilet
