[1.967s] DEBUG:colcon:Command line arguments: ['/usr/bin/colcon', 'build', '--symlink-install']
[1.967s] DEBUG:colcon:Parsed command line arguments: Namespace(log_base=None, log_level=None, verb_name='build', build_base='build', install_base='install', merge_install=False, symlink_install=True, test_result_base=None, continue_on_error=False, executor='parallel', parallel_workers=6, event_handlers=None, ignore_user_meta=False, metas=['./colcon.meta'], base_paths=['.'], packages_ignore=None, packages_ignore_regex=None, paths=None, packages_up_to=None, packages_up_to_regex=None, packages_above=None, packages_above_and_dependencies=None, packages_above_depth=None, packages_select_by_dep=None, packages_skip_by_dep=None, packages_skip_up_to=None, packages_select_build_failed=False, packages_skip_build_finished=False, packages_select_test_failures=False, packages_skip_test_passed=False, packages_select=None, packages_skip=None, packages_select_regex=None, packages_skip_regex=None, packages_start=None, packages_end=None, allow_overriding=[], cmake_args=None, cmake_target=None, cmake_target_skip_unavailable=False, cmake_clean_cache=False, cmake_clean_first=False, cmake_force_configure=False, ament_cmake_args=None, catkin_cmake_args=None, catkin_skip_building_tests=False, mixin_files=None, mixin=None, verb_parser=<colcon_mixin.mixin.mixin_argument.MixinArgumentDecorator object at 0x788fcb6b3eb0>, verb_extension=<colcon_core.verb.build.BuildVerb object at 0x788fcbf06050>, main=<bound method BuildVerb.main of <colcon_core.verb.build.BuildVerb object at 0x788fcbf06050>>, mixin_verb=('build',))
[2.049s] Level 1:colcon.colcon_core.package_discovery:discover_packages(colcon_meta) check parameters
[2.050s] Level 1:colcon.colcon_core.package_discovery:discover_packages(recursive) check parameters
[2.050s] Level 1:colcon.colcon_core.package_discovery:discover_packages(ignore) check parameters
[2.050s] Level 1:colcon.colcon_core.package_discovery:discover_packages(path) check parameters
[2.050s] Level 1:colcon.colcon_core.package_discovery:discover_packages(colcon_meta) discover
[2.050s] Level 1:colcon.colcon_core.package_discovery:discover_packages(recursive) discover
[2.050s] INFO:colcon.colcon_core.package_discovery:Crawling recursively for packages in '/home/zuman/hivebot_ws'
[2.050s] Level 1:colcon.colcon_core.package_identification:_identify(.) by extensions ['ignore', 'ignore_ament_install']
[2.050s] Level 1:colcon.colcon_core.package_identification:_identify(.) by extension 'ignore'
[2.050s] Level 1:colcon.colcon_core.package_identification:_identify(.) by extension 'ignore_ament_install'
[2.050s] Level 1:colcon.colcon_core.package_identification:_identify(.) by extensions ['colcon_pkg']
[2.050s] Level 1:colcon.colcon_core.package_identification:_identify(.) by extension 'colcon_pkg'
[2.051s] Level 1:colcon.colcon_core.package_identification:_identify(.) by extensions ['colcon_meta']
[2.051s] Level 1:colcon.colcon_core.package_identification:_identify(.) by extension 'colcon_meta'
[2.051s] Level 1:colcon.colcon_core.package_identification:_identify(.) by extensions ['ros']
[2.051s] Level 1:colcon.colcon_core.package_identification:_identify(.) by extension 'ros'
[2.065s] Level 1:colcon.colcon_core.package_identification:_identify(.) by extensions ['cmake', 'python']
[2.065s] Level 1:colcon.colcon_core.package_identification:_identify(.) by extension 'cmake'
[2.065s] Level 1:colcon.colcon_core.package_identification:_identify(.) by extension 'python'
[2.065s] Level 1:colcon.colcon_core.package_identification:_identify(.) by extensions ['python_setup_py']
[2.065s] Level 1:colcon.colcon_core.package_identification:_identify(.) by extension 'python_setup_py'
[2.065s] Level 1:colcon.colcon_core.package_identification:_identify(build) by extensions ['ignore', 'ignore_ament_install']
[2.066s] Level 1:colcon.colcon_core.package_identification:_identify(build) by extension 'ignore'
[2.066s] Level 1:colcon.colcon_core.package_identification:_identify(build) ignored
[2.066s] Level 1:colcon.colcon_core.package_identification:_identify(install) by extensions ['ignore', 'ignore_ament_install']
[2.066s] Level 1:colcon.colcon_core.package_identification:_identify(install) by extension 'ignore'
[2.066s] Level 1:colcon.colcon_core.package_identification:_identify(install) ignored
[2.066s] Level 1:colcon.colcon_core.package_identification:_identify(log) by extensions ['ignore', 'ignore_ament_install']
[2.066s] Level 1:colcon.colcon_core.package_identification:_identify(log) by extension 'ignore'
[2.066s] Level 1:colcon.colcon_core.package_identification:_identify(log) ignored
[2.067s] Level 1:colcon.colcon_core.package_identification:_identify(src) by extensions ['ignore', 'ignore_ament_install']
[2.067s] Level 1:colcon.colcon_core.package_identification:_identify(src) by extension 'ignore'
[2.067s] Level 1:colcon.colcon_core.package_identification:_identify(src) by extension 'ignore_ament_install'
[2.067s] Level 1:colcon.colcon_core.package_identification:_identify(src) by extensions ['colcon_pkg']
[2.067s] Level 1:colcon.colcon_core.package_identification:_identify(src) by extension 'colcon_pkg'
[2.067s] Level 1:colcon.colcon_core.package_identification:_identify(src) by extensions ['colcon_meta']
[2.067s] Level 1:colcon.colcon_core.package_identification:_identify(src) by extension 'colcon_meta'
[2.067s] Level 1:colcon.colcon_core.package_identification:_identify(src) by extensions ['ros']
[2.067s] Level 1:colcon.colcon_core.package_identification:_identify(src) by extension 'ros'
[2.067s] Level 1:colcon.colcon_core.package_identification:_identify(src) by extensions ['cmake', 'python']
[2.067s] Level 1:colcon.colcon_core.package_identification:_identify(src) by extension 'cmake'
[2.067s] Level 1:colcon.colcon_core.package_identification:_identify(src) by extension 'python'
[2.067s] Level 1:colcon.colcon_core.package_identification:_identify(src) by extensions ['python_setup_py']
[2.067s] Level 1:colcon.colcon_core.package_identification:_identify(src) by extension 'python_setup_py'
[2.068s] Level 1:colcon.colcon_core.package_identification:_identify(src/Hivebot) by extensions ['ignore', 'ignore_ament_install']
[2.068s] Level 1:colcon.colcon_core.package_identification:_identify(src/Hivebot) by extension 'ignore'
[2.068s] Level 1:colcon.colcon_core.package_identification:_identify(src/Hivebot) by extension 'ignore_ament_install'
[2.068s] Level 1:colcon.colcon_core.package_identification:_identify(src/Hivebot) by extensions ['colcon_pkg']
[2.068s] Level 1:colcon.colcon_core.package_identification:_identify(src/Hivebot) by extension 'colcon_pkg'
[2.068s] Level 1:colcon.colcon_core.package_identification:_identify(src/Hivebot) by extensions ['colcon_meta']
[2.068s] Level 1:colcon.colcon_core.package_identification:_identify(src/Hivebot) by extension 'colcon_meta'
[2.068s] Level 1:colcon.colcon_core.package_identification:_identify(src/Hivebot) by extensions ['ros']
[2.068s] Level 1:colcon.colcon_core.package_identification:_identify(src/Hivebot) by extension 'ros'
[2.071s] DEBUG:colcon.colcon_core.package_identification:Package 'src/Hivebot' with type 'ros.ament_cmake' and name 'hivebot'
[2.071s] Level 1:colcon.colcon_core.package_discovery:discover_packages(recursive) using defaults
[2.071s] Level 1:colcon.colcon_core.package_discovery:discover_packages(ignore) discover
[2.071s] Level 1:colcon.colcon_core.package_discovery:discover_packages(ignore) using defaults
[2.071s] Level 1:colcon.colcon_core.package_discovery:discover_packages(path) discover
[2.071s] Level 1:colcon.colcon_core.package_discovery:discover_packages(path) using defaults
[2.210s] Level 1:colcon.colcon_core.package_discovery:discover_packages(prefix_path) check parameters
[2.210s] Level 1:colcon.colcon_core.package_discovery:discover_packages(prefix_path) discover
[2.248s] WARNING:colcon.colcon_ros.prefix_path.ament:The path '/home/zuman/hivebot_ws/install/universal' in the environment variable AMENT_PREFIX_PATH doesn't exist
[2.249s] WARNING:colcon.colcon_ros.prefix_path.catkin:The path '/home/zuman/hivebot_ws/install/universal' in the environment variable CMAKE_PREFIX_PATH doesn't exist
[2.249s] WARNING:colcon.colcon_ros.prefix_path.catkin:The path '/home/zuman/hivebot_ws/install/articubot_one' in the environment variable CMAKE_PREFIX_PATH doesn't exist
[2.271s] DEBUG:colcon.colcon_installed_package_information.package_discovery:Found 2 installed packages in /home/zuman/hivebot_ws/install
[2.295s] DEBUG:colcon.colcon_installed_package_information.package_discovery:Found 435 installed packages in /opt/ros/humble
[2.298s] Level 1:colcon.colcon_core.package_discovery:discover_packages(prefix_path) using defaults
[2.473s] Level 5:colcon.colcon_core.verb:set package 'hivebot' build argument 'cmake_args' from command line to 'None'
[2.473s] Level 5:colcon.colcon_core.verb:set package 'hivebot' build argument 'cmake_target' from command line to 'None'
[2.473s] Level 5:colcon.colcon_core.verb:set package 'hivebot' build argument 'cmake_target_skip_unavailable' from command line to 'False'
[2.474s] Level 5:colcon.colcon_core.verb:set package 'hivebot' build argument 'cmake_clean_cache' from command line to 'False'
[2.474s] Level 5:colcon.colcon_core.verb:set package 'hivebot' build argument 'cmake_clean_first' from command line to 'False'
[2.474s] Level 5:colcon.colcon_core.verb:set package 'hivebot' build argument 'cmake_force_configure' from command line to 'False'
[2.474s] Level 5:colcon.colcon_core.verb:set package 'hivebot' build argument 'ament_cmake_args' from command line to 'None'
[2.474s] Level 5:colcon.colcon_core.verb:set package 'hivebot' build argument 'catkin_cmake_args' from command line to 'None'
[2.474s] Level 5:colcon.colcon_core.verb:set package 'hivebot' build argument 'catkin_skip_building_tests' from command line to 'False'
[2.474s] DEBUG:colcon.colcon_core.verb:Building package 'hivebot' with the following arguments: {'ament_cmake_args': None, 'build_base': '/home/zuman/hivebot_ws/build/hivebot', 'catkin_cmake_args': None, 'catkin_skip_building_tests': False, 'cmake_args': None, 'cmake_clean_cache': False, 'cmake_clean_first': False, 'cmake_force_configure': False, 'cmake_target': None, 'cmake_target_skip_unavailable': False, 'install_base': '/home/zuman/hivebot_ws/install/hivebot', 'merge_install': False, 'path': '/home/zuman/hivebot_ws/src/Hivebot', 'symlink_install': True, 'test_result_base': None}
[2.498s] INFO:colcon.colcon_core.executor:Executing jobs using 'parallel' executor
[2.521s] DEBUG:colcon.colcon_parallel_executor.executor.parallel:run_until_complete
[2.522s] INFO:colcon.colcon_ros.task.ament_cmake.build:Building ROS package in '/home/zuman/hivebot_ws/src/Hivebot' with build type 'ament_cmake'
[2.522s] INFO:colcon.colcon_cmake.task.cmake.build:Building CMake package in '/home/zuman/hivebot_ws/src/Hivebot'
[2.549s] INFO:colcon.colcon_core.plugin_system:Skipping extension 'colcon_core.shell.bat': Not used on non-Windows systems
[2.550s] INFO:colcon.colcon_core.shell:Skip shell extension 'powershell' for command environment: Not usable outside of PowerShell
[2.550s] DEBUG:colcon.colcon_core.shell:Skip shell extension 'dsv' for command environment
[2.654s] DEBUG:colcon.colcon_core.event_handler.log_command:Invoking command in '/home/zuman/hivebot_ws/build/hivebot': CMAKE_PREFIX_PATH=${CMAKE_PREFIX_PATH}:/opt/ros/humble /usr/bin/cmake --build /home/zuman/hivebot_ws/build/hivebot -- -j6 -l6
[2.734s] DEBUG:colcon.colcon_core.event_handler.log_command:Invoked command in '/home/zuman/hivebot_ws/build/hivebot' returned '0': CMAKE_PREFIX_PATH=${CMAKE_PREFIX_PATH}:/opt/ros/humble /usr/bin/cmake --build /home/zuman/hivebot_ws/build/hivebot -- -j6 -l6
[2.799s] DEBUG:colcon.colcon_core.event_handler.log_command:Invoking command in '/home/zuman/hivebot_ws/build/hivebot': CMAKE_PREFIX_PATH=${CMAKE_PREFIX_PATH}:/opt/ros/humble /usr/bin/cmake --install /home/zuman/hivebot_ws/build/hivebot
[2.831s] Level 1:colcon.colcon_core.environment:create_environment_scripts_only(hivebot)
[2.833s] DEBUG:colcon.colcon_core.event_handler.log_command:Invoked command in '/home/zuman/hivebot_ws/build/hivebot' returned '0': CMAKE_PREFIX_PATH=${CMAKE_PREFIX_PATH}:/opt/ros/humble /usr/bin/cmake --install /home/zuman/hivebot_ws/build/hivebot
[2.864s] Level 1:colcon.colcon_core.environment:checking '/home/zuman/hivebot_ws/install/hivebot' for CMake module files
[2.865s] Level 1:colcon.colcon_core.environment:checking '/home/zuman/hivebot_ws/install/hivebot' for CMake config files
[2.866s] Level 1:colcon.colcon_core.shell:create_environment_hook('hivebot', 'cmake_prefix_path')
[2.895s] INFO:colcon.colcon_core.shell:Creating environment hook '/home/zuman/hivebot_ws/install/hivebot/share/hivebot/hook/cmake_prefix_path.ps1'
[2.896s] INFO:colcon.colcon_core.shell:Creating environment descriptor '/home/zuman/hivebot_ws/install/hivebot/share/hivebot/hook/cmake_prefix_path.dsv'
[2.897s] INFO:colcon.colcon_core.shell:Creating environment hook '/home/zuman/hivebot_ws/install/hivebot/share/hivebot/hook/cmake_prefix_path.sh'
[2.898s] Level 1:colcon.colcon_core.environment:checking '/home/zuman/hivebot_ws/install/hivebot/bin'
[2.898s] Level 1:colcon.colcon_core.environment:checking '/home/zuman/hivebot_ws/install/hivebot/lib/pkgconfig/hivebot.pc'
[2.899s] Level 1:colcon.colcon_core.environment:checking '/home/zuman/hivebot_ws/install/hivebot/lib/python3.10/site-packages'
[2.899s] Level 1:colcon.colcon_core.environment:checking '/home/zuman/hivebot_ws/install/hivebot/bin'
[2.926s] INFO:colcon.colcon_core.shell:Creating package script '/home/zuman/hivebot_ws/install/hivebot/share/hivebot/package.ps1'
[2.927s] INFO:colcon.colcon_core.shell:Creating package descriptor '/home/zuman/hivebot_ws/install/hivebot/share/hivebot/package.dsv'
[2.927s] INFO:colcon.colcon_core.shell:Creating package script '/home/zuman/hivebot_ws/install/hivebot/share/hivebot/package.sh'
[2.928s] INFO:colcon.colcon_core.shell:Creating package script '/home/zuman/hivebot_ws/install/hivebot/share/hivebot/package.bash'
[2.929s] INFO:colcon.colcon_core.shell:Creating package script '/home/zuman/hivebot_ws/install/hivebot/share/hivebot/package.zsh'
[2.930s] Level 1:colcon.colcon_core.environment:create_file_with_runtime_dependencies(/home/zuman/hivebot_ws/install/hivebot/share/colcon-core/packages/hivebot)
[2.983s] Level 1:colcon.colcon_core.environment:create_environment_scripts_only(hivebot)
[3.005s] Level 1:colcon.colcon_core.environment:checking '/home/zuman/hivebot_ws/install/hivebot' for CMake module files
[3.006s] Level 1:colcon.colcon_core.environment:checking '/home/zuman/hivebot_ws/install/hivebot' for CMake config files
[3.007s] Level 1:colcon.colcon_core.shell:create_environment_hook('hivebot', 'cmake_prefix_path')
[3.031s] INFO:colcon.colcon_core.shell:Creating environment hook '/home/zuman/hivebot_ws/install/hivebot/share/hivebot/hook/cmake_prefix_path.ps1'
[3.032s] INFO:colcon.colcon_core.shell:Creating environment descriptor '/home/zuman/hivebot_ws/install/hivebot/share/hivebot/hook/cmake_prefix_path.dsv'
[3.032s] INFO:colcon.colcon_core.shell:Creating environment hook '/home/zuman/hivebot_ws/install/hivebot/share/hivebot/hook/cmake_prefix_path.sh'
[3.033s] Level 1:colcon.colcon_core.environment:checking '/home/zuman/hivebot_ws/install/hivebot/bin'
[3.033s] Level 1:colcon.colcon_core.environment:checking '/home/zuman/hivebot_ws/install/hivebot/lib/pkgconfig/hivebot.pc'
[3.033s] Level 1:colcon.colcon_core.environment:checking '/home/zuman/hivebot_ws/install/hivebot/lib/python3.10/site-packages'
[3.034s] Level 1:colcon.colcon_core.environment:checking '/home/zuman/hivebot_ws/install/hivebot/bin'
[3.059s] INFO:colcon.colcon_core.shell:Creating package script '/home/zuman/hivebot_ws/install/hivebot/share/hivebot/package.ps1'
[3.060s] INFO:colcon.colcon_core.shell:Creating package descriptor '/home/zuman/hivebot_ws/install/hivebot/share/hivebot/package.dsv'
[3.060s] INFO:colcon.colcon_core.shell:Creating package script '/home/zuman/hivebot_ws/install/hivebot/share/hivebot/package.sh'
[3.061s] INFO:colcon.colcon_core.shell:Creating package script '/home/zuman/hivebot_ws/install/hivebot/share/hivebot/package.bash'
[3.061s] INFO:colcon.colcon_core.shell:Creating package script '/home/zuman/hivebot_ws/install/hivebot/share/hivebot/package.zsh'
[3.062s] Level 1:colcon.colcon_core.environment:create_file_with_runtime_dependencies(/home/zuman/hivebot_ws/install/hivebot/share/colcon-core/packages/hivebot)
[3.062s] DEBUG:colcon.colcon_parallel_executor.executor.parallel:closing loop
[3.063s] DEBUG:colcon.colcon_parallel_executor.executor.parallel:loop closed
[3.063s] DEBUG:colcon.colcon_parallel_executor.executor.parallel:run_until_complete finished with '0'
[3.063s] DEBUG:colcon.colcon_core.event_reactor:joining thread
[3.108s] INFO:colcon.colcon_core.plugin_system:Skipping extension 'colcon_notification.desktop_notification.terminal_notifier': Not used on non-Darwin systems
[3.108s] INFO:colcon.colcon_core.plugin_system:Skipping extension 'colcon_notification.desktop_notification.win32': Not used on non-Windows systems
[3.108s] INFO:colcon.colcon_notification.desktop_notification:Sending desktop notification using 'notify2'
[3.126s] DEBUG:colcon.colcon_core.event_reactor:joined thread
[3.152s] INFO:colcon.colcon_core.shell:Creating prefix script '/home/zuman/hivebot_ws/install/local_setup.ps1'
[3.154s] INFO:colcon.colcon_core.shell:Creating prefix util module '/home/zuman/hivebot_ws/install/_local_setup_util_ps1.py'
[3.156s] INFO:colcon.colcon_core.shell:Creating prefix chain script '/home/zuman/hivebot_ws/install/setup.ps1'
[3.185s] INFO:colcon.colcon_core.shell:Creating prefix script '/home/zuman/hivebot_ws/install/local_setup.sh'
[3.185s] INFO:colcon.colcon_core.shell:Creating prefix util module '/home/zuman/hivebot_ws/install/_local_setup_util_sh.py'
[3.186s] INFO:colcon.colcon_core.shell:Creating prefix chain script '/home/zuman/hivebot_ws/install/setup.sh'
[3.210s] INFO:colcon.colcon_core.shell:Creating prefix script '/home/zuman/hivebot_ws/install/local_setup.bash'
[3.210s] INFO:colcon.colcon_core.shell:Creating prefix chain script '/home/zuman/hivebot_ws/install/setup.bash'
[3.242s] INFO:colcon.colcon_core.shell:Creating prefix script '/home/zuman/hivebot_ws/install/local_setup.zsh'
[3.242s] INFO:colcon.colcon_core.shell:Creating prefix chain script '/home/zuman/hivebot_ws/install/setup.zsh'
