[0.171s] Invoking command in '/home/zuman/hivebot_ws/build/hello_moveit': CMAKE_PREFIX_PATH=${CMAKE_PREFIX_PATH}:/home/zuman/hivebot_ws/install/toilet_detection:/home/zuman/hivebot_ws/install/ball_tracker:/opt/ros/humble /usr/bin/cmake --build /home/zuman/hivebot_ws/build/hello_moveit -- -j6 -l6
[0.502s] [ 33%] Built target home
[0.527s] [35m[1mConsolidate compiler generated dependencies of target pick_sprayer[0m
[0.579s] [ 50%] [32mBuilding CXX object CMakeFiles/pick_sprayer.dir/src/pick_sprayer.cpp.o[0m
[13.496s] [ 66%] [32m[1mLinking CXX executable pick_sprayer[0m
[14.099s] [ 66%] Built target pick_sprayer
[14.153s] [100%] Built target clean_toilet_node
[14.179s] Invoked command in '/home/zuman/hivebot_ws/build/hello_moveit' returned '0': CMAKE_PREFIX_PATH=${CMAKE_PREFIX_PATH}:/home/zuman/hivebot_ws/install/toilet_detection:/home/zuman/hivebot_ws/install/ball_tracker:/opt/ros/humble /usr/bin/cmake --build /home/zuman/hivebot_ws/build/hello_moveit -- -j6 -l6
[14.240s] Invoking command in '/home/zuman/hivebot_ws/build/hello_moveit': CMAKE_PREFIX_PATH=${CMAKE_PREFIX_PATH}:/home/zuman/hivebot_ws/install/toilet_detection:/home/zuman/hivebot_ws/install/ball_tracker:/opt/ros/humble /usr/bin/cmake --install /home/zuman/hivebot_ws/build/hello_moveit
[14.247s] -- Install configuration: "Debug"
[14.248s] -- Execute custom install script
[14.248s] -- Up-to-date symlink: /home/zuman/hivebot_ws/install/hello_moveit/lib/hello_moveit/home
[14.248s] -- Up-to-date symlink: /home/zuman/hivebot_ws/install/hello_moveit/lib/hello_moveit/clean_toilet_node
[14.248s] -- Up-to-date symlink: /home/zuman/hivebot_ws/install/hello_moveit/lib/hello_moveit/pick_sprayer
[14.248s] -- Up-to-date symlink: /home/zuman/hivebot_ws/install/hello_moveit/share/ament_index/resource_index/package_run_dependencies/hello_moveit
[14.249s] -- Up-to-date symlink: /home/zuman/hivebot_ws/install/hello_moveit/share/ament_index/resource_index/parent_prefix_path/hello_moveit
[14.249s] -- Up-to-date symlink: /home/zuman/hivebot_ws/install/hello_moveit/share/hello_moveit/environment/ament_prefix_path.sh
[14.249s] -- Up-to-date symlink: /home/zuman/hivebot_ws/install/hello_moveit/share/hello_moveit/environment/ament_prefix_path.dsv
[14.249s] -- Up-to-date symlink: /home/zuman/hivebot_ws/install/hello_moveit/share/hello_moveit/environment/path.sh
[14.249s] -- Up-to-date symlink: /home/zuman/hivebot_ws/install/hello_moveit/share/hello_moveit/environment/path.dsv
[14.249s] -- Up-to-date symlink: /home/zuman/hivebot_ws/install/hello_moveit/share/hello_moveit/local_setup.bash
[14.249s] -- Up-to-date symlink: /home/zuman/hivebot_ws/install/hello_moveit/share/hello_moveit/local_setup.sh
[14.250s] -- Up-to-date symlink: /home/zuman/hivebot_ws/install/hello_moveit/share/hello_moveit/local_setup.zsh
[14.250s] -- Up-to-date symlink: /home/zuman/hivebot_ws/install/hello_moveit/share/hello_moveit/local_setup.dsv
[14.250s] -- Symlinking: /home/zuman/hivebot_ws/install/hello_moveit/share/hello_moveit/package.dsv
[14.264s] -- Up-to-date symlink: /home/zuman/hivebot_ws/install/hello_moveit/share/ament_index/resource_index/packages/hello_moveit
[14.264s] -- Up-to-date symlink: /home/zuman/hivebot_ws/install/hello_moveit/share/hello_moveit/cmake/hello_moveitConfig.cmake
[14.265s] -- Up-to-date symlink: /home/zuman/hivebot_ws/install/hello_moveit/share/hello_moveit/cmake/hello_moveitConfig-version.cmake
[14.265s] -- Up-to-date symlink: /home/zuman/hivebot_ws/install/hello_moveit/share/hello_moveit/package.xml
[14.269s] Invoked command in '/home/zuman/hivebot_ws/build/hello_moveit' returned '0': CMAKE_PREFIX_PATH=${CMAKE_PREFIX_PATH}:/home/zuman/hivebot_ws/install/toilet_detection:/home/zuman/hivebot_ws/install/ball_tracker:/opt/ros/humble /usr/bin/cmake --install /home/zuman/hivebot_ws/build/hello_moveit
