[0.136s] Invoking command in '/home/zuman/hivebot_ws/build/hivebot': CMAKE_PREFIX_PATH=${CMAKE_PREFIX_PATH}:/opt/ros/humble /usr/bin/cmake /home/zuman/hivebot_ws/src/Hivebot -DCMAKE_INSTALL_PREFIX=/home/zuman/hivebot_ws/install/hivebot
[0.190s] -- Found ament_cmake: 1.3.8 (/opt/ros/humble/share/ament_cmake/cmake)
[0.481s] -- Override CMake install command with custom implementation using symlinks instead of copying resources
[0.510s] -- Found ament_lint_auto: 0.12.10 (/opt/ros/humble/share/ament_lint_auto/cmake)
[0.670s] -- Added test 'copyright' to check source files copyright and LICENSE
[0.700s] -- Added test 'flake8' to check Python code syntax and style conventions
[0.702s] -- Added test 'lint_cmake' to check CMake code style
[0.704s] -- Added test 'pep257' to check Python code against some of the docstring style conventions in PEP 257
[0.716s] -- Added test 'xmllint' to check XML markup files
[0.719s] -- Configuring done
[0.728s] -- Generating done
[0.731s] -- Build files have been written to: /home/zuman/hivebot_ws/build/hivebot
[0.747s] Invoked command in '/home/zuman/hivebot_ws/build/hivebot' returned '0': CMAKE_PREFIX_PATH=${CMAKE_PREFIX_PATH}:/opt/ros/humble /usr/bin/cmake /home/zuman/hivebot_ws/src/Hivebot -DCMAKE_INSTALL_PREFIX=/home/zuman/hivebot_ws/install/hivebot
[0.750s] Invoking command in '/home/zuman/hivebot_ws/build/hivebot': CMAKE_PREFIX_PATH=${CMAKE_PREFIX_PATH}:/opt/ros/humble /usr/bin/cmake --build /home/zuman/hivebot_ws/build/hivebot -- -j6 -l6
[0.845s] Invoked command in '/home/zuman/hivebot_ws/build/hivebot' returned '0': CMAKE_PREFIX_PATH=${CMAKE_PREFIX_PATH}:/opt/ros/humble /usr/bin/cmake --build /home/zuman/hivebot_ws/build/hivebot -- -j6 -l6
[0.914s] Invoking command in '/home/zuman/hivebot_ws/build/hivebot': CMAKE_PREFIX_PATH=${CMAKE_PREFIX_PATH}:/opt/ros/humble /usr/bin/cmake --install /home/zuman/hivebot_ws/build/hivebot
[0.934s] -- Install configuration: ""
[0.935s] -- Execute custom install script
[0.935s] -- Up-to-date symlink: /home/zuman/hivebot_ws/install/hivebot/share/hivebot/config/empty.yaml
[0.936s] -- Up-to-date symlink: /home/zuman/hivebot_ws/install/hivebot/share/hivebot/config/initial_positions.yaml
[0.936s] -- Up-to-date symlink: /home/zuman/hivebot_ws/install/hivebot/share/hivebot/config/mapper_params_online_async.yaml
[0.936s] -- Up-to-date symlink: /home/zuman/hivebot_ws/install/hivebot/share/hivebot/config/nav2_params.yaml
[0.936s] -- Up-to-date symlink: /home/zuman/hivebot_ws/install/hivebot/share/hivebot/config/view_bot.rviz
[0.936s] -- Up-to-date symlink: /home/zuman/hivebot_ws/install/hivebot/share/hivebot/description/camera.xacro
[0.936s] -- Up-to-date symlink: /home/zuman/hivebot_ws/install/hivebot/share/hivebot/description/depth_camera.xacro
[0.937s] -- Up-to-date symlink: /home/zuman/hivebot_ws/install/hivebot/share/hivebot/description/gazebo_control.xacro
[0.937s] -- Up-to-date symlink: /home/zuman/hivebot_ws/install/hivebot/share/hivebot/description/inertial_macros.xacro
[0.937s] -- Up-to-date symlink: /home/zuman/hivebot_ws/install/hivebot/share/hivebot/description/lidar.xacro
[0.937s] -- Up-to-date symlink: /home/zuman/hivebot_ws/install/hivebot/share/hivebot/description/robot.urdf.xacro
[0.938s] -- Up-to-date symlink: /home/zuman/hivebot_ws/install/hivebot/share/hivebot/description/robot_core.xacro
[0.939s] -- Up-to-date symlink: /home/zuman/hivebot_ws/install/hivebot/share/hivebot/description/robotarm.xacro
[0.939s] -- Up-to-date symlink: /home/zuman/hivebot_ws/install/hivebot/share/hivebot/description/ur5.xacro
[0.939s] -- Up-to-date symlink: /home/zuman/hivebot_ws/install/hivebot/share/hivebot/launch/launch_sim.launch.py
[0.940s] -- Up-to-date symlink: /home/zuman/hivebot_ws/install/hivebot/share/hivebot/launch/localization_launch.py
[0.940s] -- Up-to-date symlink: /home/zuman/hivebot_ws/install/hivebot/share/hivebot/launch/navigation_launch.py
[0.940s] -- Up-to-date symlink: /home/zuman/hivebot_ws/install/hivebot/share/hivebot/launch/online_async_launch.py
[0.940s] -- Up-to-date symlink: /home/zuman/hivebot_ws/install/hivebot/share/hivebot/launch/rsp.launch.py
[0.940s] -- Up-to-date symlink: /home/zuman/hivebot_ws/install/hivebot/share/hivebot/worlds/dummy.world
[0.940s] -- Up-to-date symlink: /home/zuman/hivebot_ws/install/hivebot/share/hivebot/worlds/empty.world
[0.940s] -- Up-to-date symlink: /home/zuman/hivebot_ws/install/hivebot/share/hivebot/worlds/toilet.world
[0.940s] -- Up-to-date symlink: /home/zuman/hivebot_ws/install/hivebot/share/ament_index/resource_index/package_run_dependencies/hivebot
[0.941s] -- Up-to-date symlink: /home/zuman/hivebot_ws/install/hivebot/share/ament_index/resource_index/parent_prefix_path/hivebot
[0.942s] -- Up-to-date symlink: /home/zuman/hivebot_ws/install/hivebot/share/hivebot/environment/ament_prefix_path.sh
[0.943s] -- Up-to-date symlink: /home/zuman/hivebot_ws/install/hivebot/share/hivebot/environment/ament_prefix_path.dsv
[0.943s] -- Up-to-date symlink: /home/zuman/hivebot_ws/install/hivebot/share/hivebot/environment/path.sh
[0.943s] -- Up-to-date symlink: /home/zuman/hivebot_ws/install/hivebot/share/hivebot/environment/path.dsv
[0.943s] -- Up-to-date symlink: /home/zuman/hivebot_ws/install/hivebot/share/hivebot/local_setup.bash
[0.943s] -- Up-to-date symlink: /home/zuman/hivebot_ws/install/hivebot/share/hivebot/local_setup.sh
[0.943s] -- Up-to-date symlink: /home/zuman/hivebot_ws/install/hivebot/share/hivebot/local_setup.zsh
[0.946s] -- Up-to-date symlink: /home/zuman/hivebot_ws/install/hivebot/share/hivebot/local_setup.dsv
[0.946s] -- Symlinking: /home/zuman/hivebot_ws/install/hivebot/share/hivebot/package.dsv
[0.982s] -- Up-to-date symlink: /home/zuman/hivebot_ws/install/hivebot/share/ament_index/resource_index/packages/hivebot
[0.982s] -- Up-to-date symlink: /home/zuman/hivebot_ws/install/hivebot/share/hivebot/cmake/hivebotConfig.cmake
[0.983s] -- Up-to-date symlink: /home/zuman/hivebot_ws/install/hivebot/share/hivebot/cmake/hivebotConfig-version.cmake
[0.983s] -- Up-to-date symlink: /home/zuman/hivebot_ws/install/hivebot/share/hivebot/package.xml
[0.989s] Invoked command in '/home/zuman/hivebot_ws/build/hivebot' returned '0': CMAKE_PREFIX_PATH=${CMAKE_PREFIX_PATH}:/opt/ros/humble /usr/bin/cmake --install /home/zuman/hivebot_ws/build/hivebot
