[0.265s] Invoking command in '/home/zuman/hivebot_ws/build/gazebo_ros2_control': CMAKE_PREFIX_PATH=${CMAKE_PREFIX_PATH}:/home/zuman/hivebot_ws/install/toilet_detection:/home/zuman/hivebot_ws/install/ball_tracker:/opt/ros/humble /usr/bin/cmake --build /home/zuman/hivebot_ws/build/gazebo_ros2_control -- -j6 -l6
[0.378s] Invoked command in '/home/zuman/hivebot_ws/build/gazebo_ros2_control' returned '0': CMAKE_PREFIX_PATH=${CMAKE_PREFIX_PATH}:/home/zuman/hivebot_ws/install/toilet_detection:/home/zuman/hivebot_ws/install/ball_tracker:/opt/ros/humble /usr/bin/cmake --build /home/zuman/hivebot_ws/build/gazebo_ros2_control -- -j6 -l6
[0.454s] Invoking command in '/home/zuman/hivebot_ws/build/gazebo_ros2_control': CMAKE_PREFIX_PATH=${CMAKE_PREFIX_PATH}:/home/zuman/hivebot_ws/install/toilet_detection:/home/zuman/hivebot_ws/install/ball_tracker:/opt/ros/humble /usr/bin/cmake --install /home/zuman/hivebot_ws/build/gazebo_ros2_control
[0.463s] -- Install configuration: "Debug"
[0.463s] -- Execute custom install script
[0.463s] -- Up-to-date symlink: /home/zuman/hivebot_ws/install/gazebo_ros2_control/share/ament_index/resource_index/package_run_dependencies/gazebo_ros2_control
[0.475s] -- Up-to-date symlink: /home/zuman/hivebot_ws/install/gazebo_ros2_control/share/ament_index/resource_index/parent_prefix_path/gazebo_ros2_control
[0.475s] -- Up-to-date symlink: /home/zuman/hivebot_ws/install/gazebo_ros2_control/share/gazebo_ros2_control/environment/ament_prefix_path.sh
[0.476s] -- Up-to-date symlink: /home/zuman/hivebot_ws/install/gazebo_ros2_control/share/gazebo_ros2_control/environment/ament_prefix_path.dsv
[0.479s] -- Up-to-date symlink: /home/zuman/hivebot_ws/install/gazebo_ros2_control/share/gazebo_ros2_control/environment/path.sh
[0.479s] -- Up-to-date symlink: /home/zuman/hivebot_ws/install/gazebo_ros2_control/share/gazebo_ros2_control/environment/path.dsv
[0.480s] -- Up-to-date symlink: /home/zuman/hivebot_ws/install/gazebo_ros2_control/share/gazebo_ros2_control/local_setup.bash
[0.480s] -- Up-to-date symlink: /home/zuman/hivebot_ws/install/gazebo_ros2_control/share/gazebo_ros2_control/local_setup.sh
[0.481s] -- Up-to-date symlink: /home/zuman/hivebot_ws/install/gazebo_ros2_control/share/gazebo_ros2_control/local_setup.zsh
[0.481s] -- Up-to-date symlink: /home/zuman/hivebot_ws/install/gazebo_ros2_control/share/gazebo_ros2_control/local_setup.dsv
[0.481s] -- Symlinking: /home/zuman/hivebot_ws/install/gazebo_ros2_control/share/gazebo_ros2_control/package.dsv
[0.493s] -- Up-to-date symlink: /home/zuman/hivebot_ws/install/gazebo_ros2_control/share/ament_index/resource_index/packages/gazebo_ros2_control
[0.499s] -- Up-to-date symlink: /home/zuman/hivebot_ws/install/gazebo_ros2_control/share/gazebo_ros2_control/cmake/gazebo_ros2_controlConfig.cmake
[0.499s] -- Up-to-date symlink: /home/zuman/hivebot_ws/install/gazebo_ros2_control/share/gazebo_ros2_control/cmake/gazebo_ros2_controlConfig-version.cmake
[0.499s] -- Up-to-date symlink: /home/zuman/hivebot_ws/install/gazebo_ros2_control/share/gazebo_ros2_control/package.xml
[0.502s] Invoked command in '/home/zuman/hivebot_ws/build/gazebo_ros2_control' returned '0': CMAKE_PREFIX_PATH=${CMAKE_PREFIX_PATH}:/home/zuman/hivebot_ws/install/toilet_detection:/home/zuman/hivebot_ws/install/ball_tracker:/opt/ros/humble /usr/bin/cmake --install /home/zuman/hivebot_ws/build/gazebo_ros2_control
