running develop
running egg_info
creating toilet_detection.egg-info
writing toilet_detection.egg-info/PKG-INFO
writing dependency_links to toilet_detection.egg-info/dependency_links.txt
writing entry points to toilet_detection.egg-info/entry_points.txt
writing requirements to toilet_detection.egg-info/requires.txt
writing top-level names to toilet_detection.egg-info/top_level.txt
writing manifest file 'toilet_detection.egg-info/SOURCES.txt'
reading manifest file 'toilet_detection.egg-info/SOURCES.txt'
writing manifest file 'toilet_detection.egg-info/SOURCES.txt'
running build_ext
Creating /home/zuman/hivebot_ws/install/toilet_detection/lib/python3.10/site-packages/toilet-detection.egg-link (link to .)

Installed /home/zuman/hivebot_ws/build/toilet_detection
running install_data
creating /home/zuman/hivebot_ws/install/toilet_detection/share/ament_index
creating /home/zuman/hivebot_ws/install/toilet_detection/share/ament_index/resource_index
creating /home/zuman/hivebot_ws/install/toilet_detection/share/ament_index/resource_index/packages
copying resource/toilet_detection -> /home/zuman/hivebot_ws/install/toilet_detection/share/ament_index/resource_index/packages
copying package.xml -> /home/zuman/hivebot_ws/install/toilet_detection/share/toilet_detection
