[0.659s] Invoking command in '/home/zuman/hivebot_ws/build/yolobot_description': CMAKE_PREFIX_PATH=${CMAKE_PREFIX_PATH}:/home/zuman/hivebot_ws/install/toilet_detection:/home/zuman/hivebot_ws/install/ball_tracker:/opt/ros/humble /usr/bin/cmake /home/zuman/hivebot_ws/src/yolobot/src/yolobot_description -DAMENT_CMAKE_SYMLINK_INSTALL=1 -DCMAKE_INSTALL_PREFIX=/home/zuman/hivebot_ws/install/yolobot_description
[0.782s] -- The C compiler identification is GNU 11.4.0
[0.860s] -- The CXX compiler identification is GNU 11.4.0
[0.871s] -- Detecting C compiler ABI info
[0.982s] -- Detecting C compiler ABI info - done
[0.982s] -- Check for working C compiler: /usr/bin/cc - skipped
[0.982s] -- Detecting C compile features
[0.982s] -- Detecting C compile features - done
[0.986s] -- Detecting CXX compiler ABI info
[1.113s] -- Detecting CXX compiler ABI info - done
[1.123s] -- Check for working CXX compiler: /usr/bin/c++ - skipped
[1.123s] -- Detecting CXX compile features
[1.124s] -- Detecting CXX compile features - done
[1.129s] -- Found ament_cmake: 1.3.8 (/opt/ros/humble/share/ament_cmake/cmake)
[1.337s] -- Found Python3: /usr/bin/python3 (found version "3.10.12") found components: Interpreter 
[1.447s] -- Override CMake install command with custom implementation using symlinks instead of copying resources
[1.520s] -- Found urdf: 2.6.0 (/opt/ros/humble/share/urdf/cmake)
[1.646s] -- Found ament_lint_auto: 0.12.10 (/opt/ros/humble/share/ament_lint_auto/cmake)
[1.764s] -- Added test 'copyright' to check source files copyright and LICENSE
[1.766s] -- Added test 'flake8' to check Python code syntax and style conventions
[1.767s] -- Added test 'lint_cmake' to check CMake code style
[1.767s] -- Added test 'pep257' to check Python code against some of the docstring style conventions in PEP 257
[1.768s] -- Added test 'xmllint' to check XML markup files
[1.770s] -- Configuring done
[1.774s] -- Generating done
[1.775s] -- Build files have been written to: /home/zuman/hivebot_ws/build/yolobot_description
