-- Found ament_cmake: 1.3.8 (/opt/ros/humble/share/ament_cmake/cmake)
-- Override CMake install command with custom implementation using symlinks instead of copying resources
-- Found ament_lint_auto: 0.12.10 (/opt/ros/humble/share/ament_lint_auto/cmake)
-- Added test 'flake8' to check Python code syntax and style conventions
-- Added test 'lint_cmake' to check CMake code style
-- Added test 'pep257' to check Python code against some of the docstring style conventions in PEP 257
-- Added test 'xmllint' to check XML markup files
-- Configuring done
-- Generating done
-- Build files have been written to: /home/zuman/hivebot_ws/build/ur5_move_to_home_pkg
-- Install configuration: ""
-- Execute custom install script
-- Up-to-date symlink: /home/zuman/hivebot_ws/install/ur5_move_to_home_pkg/share/ur5_move_to_home_pkg/src/ur5_move_to_home.py
-- Up-to-date symlink: /home/zuman/hivebot_ws/install/ur5_move_to_home_pkg/share/ament_index/resource_index/package_run_dependencies/ur5_move_to_home_pkg
-- Up-to-date symlink: /home/zuman/hivebot_ws/install/ur5_move_to_home_pkg/share/ament_index/resource_index/parent_prefix_path/ur5_move_to_home_pkg
-- Up-to-date symlink: /home/zuman/hivebot_ws/install/ur5_move_to_home_pkg/share/ur5_move_to_home_pkg/environment/ament_prefix_path.sh
-- Up-to-date symlink: /home/zuman/hivebot_ws/install/ur5_move_to_home_pkg/share/ur5_move_to_home_pkg/environment/ament_prefix_path.dsv
-- Up-to-date symlink: /home/zuman/hivebot_ws/install/ur5_move_to_home_pkg/share/ur5_move_to_home_pkg/environment/path.sh
-- Up-to-date symlink: /home/zuman/hivebot_ws/install/ur5_move_to_home_pkg/share/ur5_move_to_home_pkg/environment/path.dsv
-- Up-to-date symlink: /home/zuman/hivebot_ws/install/ur5_move_to_home_pkg/share/ur5_move_to_home_pkg/local_setup.bash
-- Up-to-date symlink: /home/zuman/hivebot_ws/install/ur5_move_to_home_pkg/share/ur5_move_to_home_pkg/local_setup.sh
-- Up-to-date symlink: /home/zuman/hivebot_ws/install/ur5_move_to_home_pkg/share/ur5_move_to_home_pkg/local_setup.zsh
-- Up-to-date symlink: /home/zuman/hivebot_ws/install/ur5_move_to_home_pkg/share/ur5_move_to_home_pkg/local_setup.dsv
-- Symlinking: /home/zuman/hivebot_ws/install/ur5_move_to_home_pkg/share/ur5_move_to_home_pkg/package.dsv
-- Up-to-date symlink: /home/zuman/hivebot_ws/install/ur5_move_to_home_pkg/share/ament_index/resource_index/packages/ur5_move_to_home_pkg
-- Up-to-date symlink: /home/zuman/hivebot_ws/install/ur5_move_to_home_pkg/share/ur5_move_to_home_pkg/cmake/ur5_move_to_home_pkgConfig.cmake
-- Up-to-date symlink: /home/zuman/hivebot_ws/install/ur5_move_to_home_pkg/share/ur5_move_to_home_pkg/cmake/ur5_move_to_home_pkgConfig-version.cmake
-- Up-to-date symlink: /home/zuman/hivebot_ws/install/ur5_move_to_home_pkg/share/ur5_move_to_home_pkg/package.xml
