[0.112s] Invoking command in '/home/zuman/hivebot_ws/build/ur5_move_to_home_pkg': CMAKE_PREFIX_PATH=${CMAKE_PREFIX_PATH}:/home/zuman/hivebot_ws/install/toilet_detection:/home/zuman/hivebot_ws/install/ball_tracker:/opt/ros/humble /usr/bin/cmake --build /home/zuman/hivebot_ws/build/ur5_move_to_home_pkg -- -j6 -l6
[0.134s] -- Found ament_cmake: 1.3.8 (/opt/ros/humble/share/ament_cmake/cmake)
[0.299s] -- Override CMake install command with custom implementation using symlinks instead of copying resources
[0.317s] -- Found ament_lint_auto: 0.12.10 (/opt/ros/humble/share/ament_lint_auto/cmake)
[0.408s] -- Added test 'flake8' to check Python code syntax and style conventions
[0.410s] -- Added test 'lint_cmake' to check CMake code style
[0.411s] -- Added test 'pep257' to check Python code against some of the docstring style conventions in PEP 257
[0.413s] -- Added test 'xmllint' to check XML markup files
[0.415s] -- Configuring done
[0.425s] -- Generating done
[0.428s] -- Build files have been written to: /home/zuman/hivebot_ws/build/ur5_move_to_home_pkg
[0.634s] Invoked command in '/home/zuman/hivebot_ws/build/ur5_move_to_home_pkg' returned '0': CMAKE_PREFIX_PATH=${CMAKE_PREFIX_PATH}:/home/zuman/hivebot_ws/install/toilet_detection:/home/zuman/hivebot_ws/install/ball_tracker:/opt/ros/humble /usr/bin/cmake --build /home/zuman/hivebot_ws/build/ur5_move_to_home_pkg -- -j6 -l6
[0.662s] Invoking command in '/home/zuman/hivebot_ws/build/ur5_move_to_home_pkg': CMAKE_PREFIX_PATH=${CMAKE_PREFIX_PATH}:/home/zuman/hivebot_ws/install/toilet_detection:/home/zuman/hivebot_ws/install/ball_tracker:/opt/ros/humble /usr/bin/cmake --install /home/zuman/hivebot_ws/build/ur5_move_to_home_pkg
[0.669s] -- Install configuration: ""
[0.671s] -- Execute custom install script
[0.672s] -- Up-to-date symlink: /home/zuman/hivebot_ws/install/ur5_move_to_home_pkg/share/ur5_move_to_home_pkg/src/ur5_move_to_home.py
[0.672s] -- Up-to-date symlink: /home/zuman/hivebot_ws/install/ur5_move_to_home_pkg/share/ament_index/resource_index/package_run_dependencies/ur5_move_to_home_pkg
[0.672s] -- Up-to-date symlink: /home/zuman/hivebot_ws/install/ur5_move_to_home_pkg/share/ament_index/resource_index/parent_prefix_path/ur5_move_to_home_pkg
[0.672s] -- Up-to-date symlink: /home/zuman/hivebot_ws/install/ur5_move_to_home_pkg/share/ur5_move_to_home_pkg/environment/ament_prefix_path.sh
[0.673s] -- Up-to-date symlink: /home/zuman/hivebot_ws/install/ur5_move_to_home_pkg/share/ur5_move_to_home_pkg/environment/ament_prefix_path.dsv
[0.673s] -- Up-to-date symlink: /home/zuman/hivebot_ws/install/ur5_move_to_home_pkg/share/ur5_move_to_home_pkg/environment/path.sh
[0.673s] -- Up-to-date symlink: /home/zuman/hivebot_ws/install/ur5_move_to_home_pkg/share/ur5_move_to_home_pkg/environment/path.dsv
[0.673s] -- Up-to-date symlink: /home/zuman/hivebot_ws/install/ur5_move_to_home_pkg/share/ur5_move_to_home_pkg/local_setup.bash
[0.673s] -- Up-to-date symlink: /home/zuman/hivebot_ws/install/ur5_move_to_home_pkg/share/ur5_move_to_home_pkg/local_setup.sh
[0.674s] -- Up-to-date symlink: /home/zuman/hivebot_ws/install/ur5_move_to_home_pkg/share/ur5_move_to_home_pkg/local_setup.zsh
[0.675s] -- Up-to-date symlink: /home/zuman/hivebot_ws/install/ur5_move_to_home_pkg/share/ur5_move_to_home_pkg/local_setup.dsv
[0.675s] -- Symlinking: /home/zuman/hivebot_ws/install/ur5_move_to_home_pkg/share/ur5_move_to_home_pkg/package.dsv
[0.689s] -- Up-to-date symlink: /home/zuman/hivebot_ws/install/ur5_move_to_home_pkg/share/ament_index/resource_index/packages/ur5_move_to_home_pkg
[0.689s] -- Up-to-date symlink: /home/zuman/hivebot_ws/install/ur5_move_to_home_pkg/share/ur5_move_to_home_pkg/cmake/ur5_move_to_home_pkgConfig.cmake
[0.689s] -- Up-to-date symlink: /home/zuman/hivebot_ws/install/ur5_move_to_home_pkg/share/ur5_move_to_home_pkg/cmake/ur5_move_to_home_pkgConfig-version.cmake
[0.689s] -- Up-to-date symlink: /home/zuman/hivebot_ws/install/ur5_move_to_home_pkg/share/ur5_move_to_home_pkg/package.xml
[0.700s] Invoked command in '/home/zuman/hivebot_ws/build/ur5_move_to_home_pkg' returned '0': CMAKE_PREFIX_PATH=${CMAKE_PREFIX_PATH}:/home/zuman/hivebot_ws/install/toilet_detection:/home/zuman/hivebot_ws/install/ball_tracker:/opt/ros/humble /usr/bin/cmake --install /home/zuman/hivebot_ws/build/ur5_move_to_home_pkg
