-- Install configuration: ""
-- Execute custom install script
-- Up-to-date symlink: /home/zuman/hivebot_ws/install/universal/share/universal/config/initial_positions.yaml
-- Up-to-date symlink: /home/zuman/hivebot_ws/install/universal/share/universal/config/ur10/default_kinematics.yaml
-- Up-to-date symlink: /home/zuman/hivebot_ws/install/universal/share/universal/config/ur10/joint_limits.yaml
-- Up-to-date symlink: /home/zuman/hivebot_ws/install/universal/share/universal/config/ur10/physical_parameters.yaml
-- Up-to-date symlink: /home/zuman/hivebot_ws/install/universal/share/universal/config/ur10/visual_parameters.yaml
-- Up-to-date symlink: /home/zuman/hivebot_ws/install/universal/share/universal/config/ur10e/default_kinematics.yaml
-- Up-to-date symlink: /home/zuman/hivebot_ws/install/universal/share/universal/config/ur10e/joint_limits.yaml
-- Up-to-date symlink: /home/zuman/hivebot_ws/install/universal/share/universal/config/ur10e/physical_parameters.yaml
-- Up-to-date symlink: /home/zuman/hivebot_ws/install/universal/share/universal/config/ur10e/visual_parameters.yaml
-- Up-to-date symlink: /home/zuman/hivebot_ws/install/universal/share/universal/config/ur16e/default_kinematics.yaml
-- Up-to-date symlink: /home/zuman/hivebot_ws/install/universal/share/universal/config/ur16e/joint_limits.yaml
-- Up-to-date symlink: /home/zuman/hivebot_ws/install/universal/share/universal/config/ur16e/physical_parameters.yaml
-- Up-to-date symlink: /home/zuman/hivebot_ws/install/universal/share/universal/config/ur16e/visual_parameters.yaml
-- Up-to-date symlink: /home/zuman/hivebot_ws/install/universal/share/universal/config/ur20/default_kinematics.yaml
-- Up-to-date symlink: /home/zuman/hivebot_ws/install/universal/share/universal/config/ur20/joint_limits.yaml
-- Up-to-date symlink: /home/zuman/hivebot_ws/install/universal/share/universal/config/ur20/physical_parameters.yaml
-- Up-to-date symlink: /home/zuman/hivebot_ws/install/universal/share/universal/config/ur20/visual_parameters.yaml
-- Up-to-date symlink: /home/zuman/hivebot_ws/install/universal/share/universal/config/ur3/default_kinematics.yaml
-- Up-to-date symlink: /home/zuman/hivebot_ws/install/universal/share/universal/config/ur3/joint_limits.yaml
-- Up-to-date symlink: /home/zuman/hivebot_ws/install/universal/share/universal/config/ur3/physical_parameters.yaml
-- Up-to-date symlink: /home/zuman/hivebot_ws/install/universal/share/universal/config/ur3/visual_parameters.yaml
-- Up-to-date symlink: /home/zuman/hivebot_ws/install/universal/share/universal/config/ur30/default_kinematics.yaml
-- Up-to-date symlink: /home/zuman/hivebot_ws/install/universal/share/universal/config/ur30/joint_limits.yaml
-- Up-to-date symlink: /home/zuman/hivebot_ws/install/universal/share/universal/config/ur30/physical_parameters.yaml
-- Up-to-date symlink: /home/zuman/hivebot_ws/install/universal/share/universal/config/ur30/visual_parameters.yaml
-- Up-to-date symlink: /home/zuman/hivebot_ws/install/universal/share/universal/config/ur3e/default_kinematics.yaml
-- Up-to-date symlink: /home/zuman/hivebot_ws/install/universal/share/universal/config/ur3e/joint_limits.yaml
-- Up-to-date symlink: /home/zuman/hivebot_ws/install/universal/share/universal/config/ur3e/physical_parameters.yaml
-- Up-to-date symlink: /home/zuman/hivebot_ws/install/universal/share/universal/config/ur3e/visual_parameters.yaml
-- Up-to-date symlink: /home/zuman/hivebot_ws/install/universal/share/universal/config/ur5/default_kinematics.yaml
-- Up-to-date symlink: /home/zuman/hivebot_ws/install/universal/share/universal/config/ur5/joint_limits.yaml
-- Up-to-date symlink: /home/zuman/hivebot_ws/install/universal/share/universal/config/ur5/physical_parameters.yaml
-- Up-to-date symlink: /home/zuman/hivebot_ws/install/universal/share/universal/config/ur5/visual_parameters.yaml
-- Up-to-date symlink: /home/zuman/hivebot_ws/install/universal/share/universal/config/ur5e/default_kinematics.yaml
-- Up-to-date symlink: /home/zuman/hivebot_ws/install/universal/share/universal/config/ur5e/joint_limits.yaml
-- Up-to-date symlink: /home/zuman/hivebot_ws/install/universal/share/universal/config/ur5e/physical_parameters.yaml
-- Up-to-date symlink: /home/zuman/hivebot_ws/install/universal/share/universal/config/ur5e/visual_parameters.yaml
-- Up-to-date symlink: /home/zuman/hivebot_ws/install/universal/share/universal/launch/view_ur.launch.py
-- Up-to-date symlink: /home/zuman/hivebot_ws/install/universal/share/universal/meshes/ur10/collision/base.stl
-- Up-to-date symlink: /home/zuman/hivebot_ws/install/universal/share/universal/meshes/ur10/collision/forearm.stl
-- Up-to-date symlink: /home/zuman/hivebot_ws/install/universal/share/universal/meshes/ur10/collision/shoulder.stl
-- Up-to-date symlink: /home/zuman/hivebot_ws/install/universal/share/universal/meshes/ur10/collision/upperarm.stl
-- Up-to-date symlink: /home/zuman/hivebot_ws/install/universal/share/universal/meshes/ur10/collision/wrist1.stl
-- Up-to-date symlink: /home/zuman/hivebot_ws/install/universal/share/universal/meshes/ur10/collision/wrist2.stl
-- Up-to-date symlink: /home/zuman/hivebot_ws/install/universal/share/universal/meshes/ur10/collision/wrist3.stl
-- Up-to-date symlink: /home/zuman/hivebot_ws/install/universal/share/universal/meshes/ur10/visual/base.dae
-- Up-to-date symlink: /home/zuman/hivebot_ws/install/universal/share/universal/meshes/ur10/visual/forearm.dae
-- Up-to-date symlink: /home/zuman/hivebot_ws/install/universal/share/universal/meshes/ur10/visual/shoulder.dae
-- Up-to-date symlink: /home/zuman/hivebot_ws/install/universal/share/universal/meshes/ur10/visual/upperarm.dae
-- Up-to-date symlink: /home/zuman/hivebot_ws/install/universal/share/universal/meshes/ur10/visual/wrist1.dae
-- Up-to-date symlink: /home/zuman/hivebot_ws/install/universal/share/universal/meshes/ur10/visual/wrist2.dae
-- Up-to-date symlink: /home/zuman/hivebot_ws/install/universal/share/universal/meshes/ur10/visual/wrist3.dae
-- Up-to-date symlink: /home/zuman/hivebot_ws/install/universal/share/universal/meshes/ur10e/collision/base.stl
-- Up-to-date symlink: /home/zuman/hivebot_ws/install/universal/share/universal/meshes/ur10e/collision/forearm.stl
-- Up-to-date symlink: /home/zuman/hivebot_ws/install/universal/share/universal/meshes/ur10e/collision/shoulder.stl
-- Up-to-date symlink: /home/zuman/hivebot_ws/install/universal/share/universal/meshes/ur10e/collision/upperarm.stl
-- Up-to-date symlink: /home/zuman/hivebot_ws/install/universal/share/universal/meshes/ur10e/collision/wrist1.stl
-- Up-to-date symlink: /home/zuman/hivebot_ws/install/universal/share/universal/meshes/ur10e/collision/wrist2.stl
-- Up-to-date symlink: /home/zuman/hivebot_ws/install/universal/share/universal/meshes/ur10e/collision/wrist3.stl
-- Up-to-date symlink: /home/zuman/hivebot_ws/install/universal/share/universal/meshes/ur10e/visual/base.dae
-- Up-to-date symlink: /home/zuman/hivebot_ws/install/universal/share/universal/meshes/ur10e/visual/forearm.dae
-- Up-to-date symlink: /home/zuman/hivebot_ws/install/universal/share/universal/meshes/ur10e/visual/shoulder.dae
-- Up-to-date symlink: /home/zuman/hivebot_ws/install/universal/share/universal/meshes/ur10e/visual/upperarm.dae
-- Up-to-date symlink: /home/zuman/hivebot_ws/install/universal/share/universal/meshes/ur10e/visual/wrist1.dae
-- Up-to-date symlink: /home/zuman/hivebot_ws/install/universal/share/universal/meshes/ur10e/visual/wrist2.dae
-- Up-to-date symlink: /home/zuman/hivebot_ws/install/universal/share/universal/meshes/ur10e/visual/wrist3.dae
-- Up-to-date symlink: /home/zuman/hivebot_ws/install/universal/share/universal/meshes/ur16e/collision/forearm.stl
-- Up-to-date symlink: /home/zuman/hivebot_ws/install/universal/share/universal/meshes/ur16e/collision/upperarm.stl
-- Up-to-date symlink: /home/zuman/hivebot_ws/install/universal/share/universal/meshes/ur16e/visual/forearm.dae
-- Up-to-date symlink: /home/zuman/hivebot_ws/install/universal/share/universal/meshes/ur16e/visual/upperarm.dae
-- Up-to-date symlink: /home/zuman/hivebot_ws/install/universal/share/universal/meshes/ur20/LICENSE.txt
-- Up-to-date symlink: /home/zuman/hivebot_ws/install/universal/share/universal/meshes/ur20/collision/base.stl
-- Up-to-date symlink: /home/zuman/hivebot_ws/install/universal/share/universal/meshes/ur20/collision/forearm.stl
-- Up-to-date symlink: /home/zuman/hivebot_ws/install/universal/share/universal/meshes/ur20/collision/shoulder.stl
-- Up-to-date symlink: /home/zuman/hivebot_ws/install/universal/share/universal/meshes/ur20/collision/upperarm.stl
-- Up-to-date symlink: /home/zuman/hivebot_ws/install/universal/share/universal/meshes/ur20/collision/wrist1.stl
-- Up-to-date symlink: /home/zuman/hivebot_ws/install/universal/share/universal/meshes/ur20/collision/wrist2.stl
-- Up-to-date symlink: /home/zuman/hivebot_ws/install/universal/share/universal/meshes/ur20/collision/wrist3.stl
-- Up-to-date symlink: /home/zuman/hivebot_ws/install/universal/share/universal/meshes/ur20/visual/UR20_DIFF_8bit_2K.png
-- Up-to-date symlink: /home/zuman/hivebot_ws/install/universal/share/universal/meshes/ur20/visual/base.dae
-- Up-to-date symlink: /home/zuman/hivebot_ws/install/universal/share/universal/meshes/ur20/visual/forearm.dae
-- Up-to-date symlink: /home/zuman/hivebot_ws/install/universal/share/universal/meshes/ur20/visual/shoulder.dae
-- Up-to-date symlink: /home/zuman/hivebot_ws/install/universal/share/universal/meshes/ur20/visual/upperarm.dae
-- Up-to-date symlink: /home/zuman/hivebot_ws/install/universal/share/universal/meshes/ur20/visual/wrist1.dae
-- Up-to-date symlink: /home/zuman/hivebot_ws/install/universal/share/universal/meshes/ur20/visual/wrist2.dae
-- Up-to-date symlink: /home/zuman/hivebot_ws/install/universal/share/universal/meshes/ur20/visual/wrist3.dae
-- Up-to-date symlink: /home/zuman/hivebot_ws/install/universal/share/universal/meshes/ur3/collision/base.stl
-- Up-to-date symlink: /home/zuman/hivebot_ws/install/universal/share/universal/meshes/ur3/collision/forearm.stl
-- Up-to-date symlink: /home/zuman/hivebot_ws/install/universal/share/universal/meshes/ur3/collision/shoulder.stl
-- Up-to-date symlink: /home/zuman/hivebot_ws/install/universal/share/universal/meshes/ur3/collision/upperarm.stl
-- Up-to-date symlink: /home/zuman/hivebot_ws/install/universal/share/universal/meshes/ur3/collision/wrist1.stl
-- Up-to-date symlink: /home/zuman/hivebot_ws/install/universal/share/universal/meshes/ur3/collision/wrist2.stl
-- Up-to-date symlink: /home/zuman/hivebot_ws/install/universal/share/universal/meshes/ur3/collision/wrist3.stl
-- Up-to-date symlink: /home/zuman/hivebot_ws/install/universal/share/universal/meshes/ur3/visual/base.dae
-- Up-to-date symlink: /home/zuman/hivebot_ws/install/universal/share/universal/meshes/ur3/visual/forearm.dae
-- Up-to-date symlink: /home/zuman/hivebot_ws/install/universal/share/universal/meshes/ur3/visual/shoulder.dae
-- Up-to-date symlink: /home/zuman/hivebot_ws/install/universal/share/universal/meshes/ur3/visual/upperarm.dae
-- Up-to-date symlink: /home/zuman/hivebot_ws/install/universal/share/universal/meshes/ur3/visual/wrist1.dae
-- Up-to-date symlink: /home/zuman/hivebot_ws/install/universal/share/universal/meshes/ur3/visual/wrist2.dae
-- Up-to-date symlink: /home/zuman/hivebot_ws/install/universal/share/universal/meshes/ur3/visual/wrist3.dae
-- Up-to-date symlink: /home/zuman/hivebot_ws/install/universal/share/universal/meshes/ur30/LICENSE.txt
-- Up-to-date symlink: /home/zuman/hivebot_ws/install/universal/share/universal/meshes/ur30/collision/forearm.stl
-- Up-to-date symlink: /home/zuman/hivebot_ws/install/universal/share/universal/meshes/ur30/collision/upperarm.stl
-- Up-to-date symlink: /home/zuman/hivebot_ws/install/universal/share/universal/meshes/ur30/visual/UR30_DIFF_8bit_2K.png
-- Up-to-date symlink: /home/zuman/hivebot_ws/install/universal/share/universal/meshes/ur30/visual/forearm.dae
-- Up-to-date symlink: /home/zuman/hivebot_ws/install/universal/share/universal/meshes/ur30/visual/upperarm.dae
-- Up-to-date symlink: /home/zuman/hivebot_ws/install/universal/share/universal/meshes/ur3e/collision/base.stl
-- Up-to-date symlink: /home/zuman/hivebot_ws/install/universal/share/universal/meshes/ur3e/collision/forearm.stl
-- Up-to-date symlink: /home/zuman/hivebot_ws/install/universal/share/universal/meshes/ur3e/collision/shoulder.stl
-- Up-to-date symlink: /home/zuman/hivebot_ws/install/universal/share/universal/meshes/ur3e/collision/upperarm.stl
-- Up-to-date symlink: /home/zuman/hivebot_ws/install/universal/share/universal/meshes/ur3e/collision/wrist1.stl
-- Up-to-date symlink: /home/zuman/hivebot_ws/install/universal/share/universal/meshes/ur3e/collision/wrist2.stl
-- Up-to-date symlink: /home/zuman/hivebot_ws/install/universal/share/universal/meshes/ur3e/collision/wrist3.stl
-- Up-to-date symlink: /home/zuman/hivebot_ws/install/universal/share/universal/meshes/ur3e/visual/base.dae
-- Up-to-date symlink: /home/zuman/hivebot_ws/install/universal/share/universal/meshes/ur3e/visual/forearm.dae
-- Up-to-date symlink: /home/zuman/hivebot_ws/install/universal/share/universal/meshes/ur3e/visual/shoulder.dae
-- Up-to-date symlink: /home/zuman/hivebot_ws/install/universal/share/universal/meshes/ur3e/visual/upperarm.dae
-- Up-to-date symlink: /home/zuman/hivebot_ws/install/universal/share/universal/meshes/ur3e/visual/wrist1.dae
-- Up-to-date symlink: /home/zuman/hivebot_ws/install/universal/share/universal/meshes/ur3e/visual/wrist2.dae
-- Up-to-date symlink: /home/zuman/hivebot_ws/install/universal/share/universal/meshes/ur3e/visual/wrist3.dae
-- Up-to-date symlink: /home/zuman/hivebot_ws/install/universal/share/universal/meshes/ur5/collision/base.stl
-- Up-to-date symlink: /home/zuman/hivebot_ws/install/universal/share/universal/meshes/ur5/collision/forearm.stl
-- Up-to-date symlink: /home/zuman/hivebot_ws/install/universal/share/universal/meshes/ur5/collision/shoulder.stl
-- Up-to-date symlink: /home/zuman/hivebot_ws/install/universal/share/universal/meshes/ur5/collision/upperarm.stl
-- Up-to-date symlink: /home/zuman/hivebot_ws/install/universal/share/universal/meshes/ur5/collision/wrist1.stl
-- Up-to-date symlink: /home/zuman/hivebot_ws/install/universal/share/universal/meshes/ur5/collision/wrist2.stl
-- Up-to-date symlink: /home/zuman/hivebot_ws/install/universal/share/universal/meshes/ur5/collision/wrist3.stl
-- Up-to-date symlink: /home/zuman/hivebot_ws/install/universal/share/universal/meshes/ur5/visual/base.dae
-- Up-to-date symlink: /home/zuman/hivebot_ws/install/universal/share/universal/meshes/ur5/visual/forearm.dae
-- Up-to-date symlink: /home/zuman/hivebot_ws/install/universal/share/universal/meshes/ur5/visual/shoulder.dae
-- Up-to-date symlink: /home/zuman/hivebot_ws/install/universal/share/universal/meshes/ur5/visual/upperarm.dae
-- Up-to-date symlink: /home/zuman/hivebot_ws/install/universal/share/universal/meshes/ur5/visual/wrist1.dae
-- Up-to-date symlink: /home/zuman/hivebot_ws/install/universal/share/universal/meshes/ur5/visual/wrist2.dae
-- Up-to-date symlink: /home/zuman/hivebot_ws/install/universal/share/universal/meshes/ur5/visual/wrist3.dae
-- Up-to-date symlink: /home/zuman/hivebot_ws/install/universal/share/universal/meshes/ur5e/collision/base.stl
-- Up-to-date symlink: /home/zuman/hivebot_ws/install/universal/share/universal/meshes/ur5e/collision/forearm.stl
-- Up-to-date symlink: /home/zuman/hivebot_ws/install/universal/share/universal/meshes/ur5e/collision/shoulder.stl
-- Up-to-date symlink: /home/zuman/hivebot_ws/install/universal/share/universal/meshes/ur5e/collision/upperarm.stl
-- Up-to-date symlink: /home/zuman/hivebot_ws/install/universal/share/universal/meshes/ur5e/collision/wrist1.stl
-- Up-to-date symlink: /home/zuman/hivebot_ws/install/universal/share/universal/meshes/ur5e/collision/wrist2.stl
-- Up-to-date symlink: /home/zuman/hivebot_ws/install/universal/share/universal/meshes/ur5e/collision/wrist3.stl
-- Up-to-date symlink: /home/zuman/hivebot_ws/install/universal/share/universal/meshes/ur5e/visual/base.dae
-- Up-to-date symlink: /home/zuman/hivebot_ws/install/universal/share/universal/meshes/ur5e/visual/forearm.dae
-- Up-to-date symlink: /home/zuman/hivebot_ws/install/universal/share/universal/meshes/ur5e/visual/shoulder.dae
-- Up-to-date symlink: /home/zuman/hivebot_ws/install/universal/share/universal/meshes/ur5e/visual/upperarm.dae
-- Up-to-date symlink: /home/zuman/hivebot_ws/install/universal/share/universal/meshes/ur5e/visual/wrist1.dae
-- Up-to-date symlink: /home/zuman/hivebot_ws/install/universal/share/universal/meshes/ur5e/visual/wrist2.dae
-- Up-to-date symlink: /home/zuman/hivebot_ws/install/universal/share/universal/meshes/ur5e/visual/wrist3.dae
-- Up-to-date symlink: /home/zuman/hivebot_ws/install/universal/share/universal/rviz/view_robot.rviz
-- Up-to-date symlink: /home/zuman/hivebot_ws/install/universal/share/universal/urdf/inc/ur_common.xacro
-- Up-to-date symlink: /home/zuman/hivebot_ws/install/universal/share/universal/urdf/inc/ur_joint_control.xacro
-- Up-to-date symlink: /home/zuman/hivebot_ws/install/universal/share/universal/urdf/inc/ur_sensors.xacro
-- Up-to-date symlink: /home/zuman/hivebot_ws/install/universal/share/universal/urdf/inc/ur_transmissions.xacro
-- Up-to-date symlink: /home/zuman/hivebot_ws/install/universal/share/universal/urdf/ros2_control_mock_hardware.xacro
-- Up-to-date symlink: /home/zuman/hivebot_ws/install/universal/share/universal/urdf/ur.urdf.xacro
-- Up-to-date symlink: /home/zuman/hivebot_ws/install/universal/share/universal/urdf/ur_macro.xacro
-- Up-to-date symlink: /home/zuman/hivebot_ws/install/universal/share/universal/urdf/ur_mocked.urdf.xacro
-- Up-to-date symlink: /home/zuman/hivebot_ws/install/universal/share/universal/test/test_ur_urdf_xacro.py
-- Up-to-date symlink: /home/zuman/hivebot_ws/install/universal/share/universal/test/test_view_ur_launch.py
-- Up-to-date symlink: /home/zuman/hivebot_ws/install/universal/share/ament_index/resource_index/package_run_dependencies/universal
-- Up-to-date symlink: /home/zuman/hivebot_ws/install/universal/share/ament_index/resource_index/parent_prefix_path/universal
-- Up-to-date symlink: /home/zuman/hivebot_ws/install/universal/share/universal/environment/ament_prefix_path.sh
-- Up-to-date symlink: /home/zuman/hivebot_ws/install/universal/share/universal/environment/ament_prefix_path.dsv
-- Up-to-date symlink: /home/zuman/hivebot_ws/install/universal/share/universal/environment/path.sh
-- Up-to-date symlink: /home/zuman/hivebot_ws/install/universal/share/universal/environment/path.dsv
-- Up-to-date symlink: /home/zuman/hivebot_ws/install/universal/share/universal/local_setup.bash
-- Up-to-date symlink: /home/zuman/hivebot_ws/install/universal/share/universal/local_setup.sh
-- Up-to-date symlink: /home/zuman/hivebot_ws/install/universal/share/universal/local_setup.zsh
-- Up-to-date symlink: /home/zuman/hivebot_ws/install/universal/share/universal/local_setup.dsv
-- Symlinking: /home/zuman/hivebot_ws/install/universal/share/universal/package.dsv
-- Up-to-date symlink: /home/zuman/hivebot_ws/install/universal/share/ament_index/resource_index/packages/universal
-- Up-to-date symlink: /home/zuman/hivebot_ws/install/universal/share/universal/cmake/universalConfig.cmake
-- Up-to-date symlink: /home/zuman/hivebot_ws/install/universal/share/universal/cmake/universalConfig-version.cmake
-- Up-to-date symlink: /home/zuman/hivebot_ws/install/universal/share/universal/package.xml
