[1.856s] DEBUG:colcon:Command line arguments: ['/usr/bin/colcon', 'build', '--symlink-install']
[1.856s] DEBUG:colcon:Parsed command line arguments: Namespace(log_base=None, log_level=None, verb_name='build', build_base='build', install_base='install', merge_install=False, symlink_install=True, test_result_base=None, continue_on_error=False, executor='parallel', parallel_workers=6, event_handlers=None, ignore_user_meta=False, metas=['./colcon.meta'], base_paths=['.'], packages_ignore=None, packages_ignore_regex=None, paths=None, packages_up_to=None, packages_up_to_regex=None, packages_above=None, packages_above_and_dependencies=None, packages_above_depth=None, packages_select_by_dep=None, packages_skip_by_dep=None, packages_skip_up_to=None, packages_select_build_failed=False, packages_skip_build_finished=False, packages_select_test_failures=False, packages_skip_test_passed=False, packages_select=None, packages_skip=None, packages_select_regex=None, packages_skip_regex=None, packages_start=None, packages_end=None, allow_overriding=[], cmake_args=None, cmake_target=None, cmake_target_skip_unavailable=False, cmake_clean_cache=False, cmake_clean_first=False, cmake_force_configure=False, ament_cmake_args=None, catkin_cmake_args=None, catkin_skip_building_tests=False, mixin_files=None, mixin=None, verb_parser=<colcon_mixin.mixin.mixin_argument.MixinArgumentDecorator object at 0x7c3ef6cbb850>, verb_extension=<colcon_core.verb.build.BuildVerb object at 0x7c3ef75da050>, main=<bound method BuildVerb.main of <colcon_core.verb.build.BuildVerb object at 0x7c3ef75da050>>, mixin_verb=('build',))
[1.967s] Level 1:colcon.colcon_core.package_discovery:discover_packages(colcon_meta) check parameters
[1.967s] Level 1:colcon.colcon_core.package_discovery:discover_packages(recursive) check parameters
[1.967s] Level 1:colcon.colcon_core.package_discovery:discover_packages(ignore) check parameters
[1.967s] Level 1:colcon.colcon_core.package_discovery:discover_packages(path) check parameters
[1.967s] Level 1:colcon.colcon_core.package_discovery:discover_packages(colcon_meta) discover
[1.968s] Level 1:colcon.colcon_core.package_discovery:discover_packages(recursive) discover
[1.968s] INFO:colcon.colcon_core.package_discovery:Crawling recursively for packages in '/home/zuman/hivebot_ws'
[1.968s] Level 1:colcon.colcon_core.package_identification:_identify(.) by extensions ['ignore', 'ignore_ament_install']
[1.968s] Level 1:colcon.colcon_core.package_identification:_identify(.) by extension 'ignore'
[1.968s] Level 1:colcon.colcon_core.package_identification:_identify(.) by extension 'ignore_ament_install'
[1.968s] Level 1:colcon.colcon_core.package_identification:_identify(.) by extensions ['colcon_pkg']
[1.969s] Level 1:colcon.colcon_core.package_identification:_identify(.) by extension 'colcon_pkg'
[1.969s] Level 1:colcon.colcon_core.package_identification:_identify(.) by extensions ['colcon_meta']
[1.969s] Level 1:colcon.colcon_core.package_identification:_identify(.) by extension 'colcon_meta'
[1.969s] Level 1:colcon.colcon_core.package_identification:_identify(.) by extensions ['ros']
[1.969s] Level 1:colcon.colcon_core.package_identification:_identify(.) by extension 'ros'
[1.986s] Level 1:colcon.colcon_core.package_identification:_identify(.) by extensions ['cmake', 'python']
[1.986s] Level 1:colcon.colcon_core.package_identification:_identify(.) by extension 'cmake'
[1.986s] Level 1:colcon.colcon_core.package_identification:_identify(.) by extension 'python'
[1.986s] Level 1:colcon.colcon_core.package_identification:_identify(.) by extensions ['python_setup_py']
[1.987s] Level 1:colcon.colcon_core.package_identification:_identify(.) by extension 'python_setup_py'
[1.987s] Level 1:colcon.colcon_core.package_identification:_identify(build) by extensions ['ignore', 'ignore_ament_install']
[1.987s] Level 1:colcon.colcon_core.package_identification:_identify(build) by extension 'ignore'
[1.987s] Level 1:colcon.colcon_core.package_identification:_identify(build) ignored
[1.988s] Level 1:colcon.colcon_core.package_identification:_identify(install) by extensions ['ignore', 'ignore_ament_install']
[1.988s] Level 1:colcon.colcon_core.package_identification:_identify(install) by extension 'ignore'
[1.988s] Level 1:colcon.colcon_core.package_identification:_identify(install) ignored
[1.989s] Level 1:colcon.colcon_core.package_identification:_identify(log) by extensions ['ignore', 'ignore_ament_install']
[1.989s] Level 1:colcon.colcon_core.package_identification:_identify(log) by extension 'ignore'
[1.989s] Level 1:colcon.colcon_core.package_identification:_identify(log) ignored
[1.989s] Level 1:colcon.colcon_core.package_identification:_identify(src) by extensions ['ignore', 'ignore_ament_install']
[1.990s] Level 1:colcon.colcon_core.package_identification:_identify(src) by extension 'ignore'
[1.990s] Level 1:colcon.colcon_core.package_identification:_identify(src) by extension 'ignore_ament_install'
[1.990s] Level 1:colcon.colcon_core.package_identification:_identify(src) by extensions ['colcon_pkg']
[1.990s] Level 1:colcon.colcon_core.package_identification:_identify(src) by extension 'colcon_pkg'
[1.990s] Level 1:colcon.colcon_core.package_identification:_identify(src) by extensions ['colcon_meta']
[1.990s] Level 1:colcon.colcon_core.package_identification:_identify(src) by extension 'colcon_meta'
[1.990s] Level 1:colcon.colcon_core.package_identification:_identify(src) by extensions ['ros']
[1.990s] Level 1:colcon.colcon_core.package_identification:_identify(src) by extension 'ros'
[1.991s] Level 1:colcon.colcon_core.package_identification:_identify(src) by extensions ['cmake', 'python']
[1.991s] Level 1:colcon.colcon_core.package_identification:_identify(src) by extension 'cmake'
[1.991s] Level 1:colcon.colcon_core.package_identification:_identify(src) by extension 'python'
[1.991s] Level 1:colcon.colcon_core.package_identification:_identify(src) by extensions ['python_setup_py']
[1.991s] Level 1:colcon.colcon_core.package_identification:_identify(src) by extension 'python_setup_py'
[1.991s] Level 1:colcon.colcon_core.package_identification:_identify(src/Hivebot) by extensions ['ignore', 'ignore_ament_install']
[1.991s] Level 1:colcon.colcon_core.package_identification:_identify(src/Hivebot) by extension 'ignore'
[1.992s] Level 1:colcon.colcon_core.package_identification:_identify(src/Hivebot) by extension 'ignore_ament_install'
[1.992s] Level 1:colcon.colcon_core.package_identification:_identify(src/Hivebot) by extensions ['colcon_pkg']
[1.992s] Level 1:colcon.colcon_core.package_identification:_identify(src/Hivebot) by extension 'colcon_pkg'
[1.992s] Level 1:colcon.colcon_core.package_identification:_identify(src/Hivebot) by extensions ['colcon_meta']
[1.992s] Level 1:colcon.colcon_core.package_identification:_identify(src/Hivebot) by extension 'colcon_meta'
[1.992s] Level 1:colcon.colcon_core.package_identification:_identify(src/Hivebot) by extensions ['ros']
[1.992s] Level 1:colcon.colcon_core.package_identification:_identify(src/Hivebot) by extension 'ros'
[1.996s] DEBUG:colcon.colcon_core.package_identification:Package 'src/Hivebot' with type 'ros.ament_cmake' and name 'hivebot'
[1.996s] Level 1:colcon.colcon_core.package_discovery:discover_packages(recursive) using defaults
[1.996s] Level 1:colcon.colcon_core.package_discovery:discover_packages(ignore) discover
[1.996s] Level 1:colcon.colcon_core.package_discovery:discover_packages(ignore) using defaults
[1.996s] Level 1:colcon.colcon_core.package_discovery:discover_packages(path) discover
[1.997s] Level 1:colcon.colcon_core.package_discovery:discover_packages(path) using defaults
[2.111s] Level 1:colcon.colcon_core.package_discovery:discover_packages(prefix_path) check parameters
[2.112s] Level 1:colcon.colcon_core.package_discovery:discover_packages(prefix_path) discover
[2.147s] DEBUG:colcon.colcon_installed_package_information.package_discovery:Found 2 installed packages in /home/zuman/hivebot_ws/install
[2.166s] DEBUG:colcon.colcon_installed_package_information.package_discovery:Found 441 installed packages in /opt/ros/humble
[2.167s] Level 1:colcon.colcon_core.package_discovery:discover_packages(prefix_path) using defaults
[2.398s] Level 5:colcon.colcon_core.verb:set package 'hivebot' build argument 'cmake_args' from command line to 'None'
[2.398s] Level 5:colcon.colcon_core.verb:set package 'hivebot' build argument 'cmake_target' from command line to 'None'
[2.399s] Level 5:colcon.colcon_core.verb:set package 'hivebot' build argument 'cmake_target_skip_unavailable' from command line to 'False'
[2.399s] Level 5:colcon.colcon_core.verb:set package 'hivebot' build argument 'cmake_clean_cache' from command line to 'False'
[2.399s] Level 5:colcon.colcon_core.verb:set package 'hivebot' build argument 'cmake_clean_first' from command line to 'False'
[2.399s] Level 5:colcon.colcon_core.verb:set package 'hivebot' build argument 'cmake_force_configure' from command line to 'False'
[2.399s] Level 5:colcon.colcon_core.verb:set package 'hivebot' build argument 'ament_cmake_args' from command line to 'None'
[2.399s] Level 5:colcon.colcon_core.verb:set package 'hivebot' build argument 'catkin_cmake_args' from command line to 'None'
[2.399s] Level 5:colcon.colcon_core.verb:set package 'hivebot' build argument 'catkin_skip_building_tests' from command line to 'False'
[2.399s] DEBUG:colcon.colcon_core.verb:Building package 'hivebot' with the following arguments: {'ament_cmake_args': None, 'build_base': '/home/zuman/hivebot_ws/build/hivebot', 'catkin_cmake_args': None, 'catkin_skip_building_tests': False, 'cmake_args': None, 'cmake_clean_cache': False, 'cmake_clean_first': False, 'cmake_force_configure': False, 'cmake_target': None, 'cmake_target_skip_unavailable': False, 'install_base': '/home/zuman/hivebot_ws/install/hivebot', 'merge_install': False, 'path': '/home/zuman/hivebot_ws/src/Hivebot', 'symlink_install': True, 'test_result_base': None}
[2.415s] INFO:colcon.colcon_core.executor:Executing jobs using 'parallel' executor
[2.431s] DEBUG:colcon.colcon_parallel_executor.executor.parallel:run_until_complete
[2.432s] INFO:colcon.colcon_ros.task.ament_cmake.build:Building ROS package in '/home/zuman/hivebot_ws/src/Hivebot' with build type 'ament_cmake'
[2.432s] INFO:colcon.colcon_cmake.task.cmake.build:Building CMake package in '/home/zuman/hivebot_ws/src/Hivebot'
[2.461s] INFO:colcon.colcon_core.plugin_system:Skipping extension 'colcon_core.shell.bat': Not used on non-Windows systems
[2.461s] INFO:colcon.colcon_core.shell:Skip shell extension 'powershell' for command environment: Not usable outside of PowerShell
[2.462s] DEBUG:colcon.colcon_core.shell:Skip shell extension 'dsv' for command environment
[2.528s] DEBUG:colcon.colcon_core.event_handler.log_command:Invoking command in '/home/zuman/hivebot_ws/build/hivebot': CMAKE_PREFIX_PATH=${CMAKE_PREFIX_PATH}:/opt/ros/humble /usr/bin/cmake --build /home/zuman/hivebot_ws/build/hivebot -- -j6 -l6
[2.621s] DEBUG:colcon.colcon_core.event_handler.log_command:Invoked command in '/home/zuman/hivebot_ws/build/hivebot' returned '0': CMAKE_PREFIX_PATH=${CMAKE_PREFIX_PATH}:/opt/ros/humble /usr/bin/cmake --build /home/zuman/hivebot_ws/build/hivebot -- -j6 -l6
[2.666s] DEBUG:colcon.colcon_core.event_handler.log_command:Invoking command in '/home/zuman/hivebot_ws/build/hivebot': CMAKE_PREFIX_PATH=${CMAKE_PREFIX_PATH}:/opt/ros/humble /usr/bin/cmake --install /home/zuman/hivebot_ws/build/hivebot
[2.722s] Level 1:colcon.colcon_core.environment:create_environment_scripts_only(hivebot)
[2.723s] DEBUG:colcon.colcon_core.event_handler.log_command:Invoked command in '/home/zuman/hivebot_ws/build/hivebot' returned '0': CMAKE_PREFIX_PATH=${CMAKE_PREFIX_PATH}:/opt/ros/humble /usr/bin/cmake --install /home/zuman/hivebot_ws/build/hivebot
[2.752s] Level 1:colcon.colcon_core.environment:checking '/home/zuman/hivebot_ws/install/hivebot' for CMake module files
[2.753s] Level 1:colcon.colcon_core.environment:checking '/home/zuman/hivebot_ws/install/hivebot' for CMake config files
[2.773s] Level 1:colcon.colcon_core.shell:create_environment_hook('hivebot', 'cmake_prefix_path')
[2.791s] INFO:colcon.colcon_core.shell:Creating environment hook '/home/zuman/hivebot_ws/install/hivebot/share/hivebot/hook/cmake_prefix_path.ps1'
[2.794s] INFO:colcon.colcon_core.shell:Creating environment descriptor '/home/zuman/hivebot_ws/install/hivebot/share/hivebot/hook/cmake_prefix_path.dsv'
[2.795s] INFO:colcon.colcon_core.shell:Creating environment hook '/home/zuman/hivebot_ws/install/hivebot/share/hivebot/hook/cmake_prefix_path.sh'
[2.796s] Level 1:colcon.colcon_core.environment:checking '/home/zuman/hivebot_ws/install/hivebot/bin'
[2.796s] Level 1:colcon.colcon_core.environment:checking '/home/zuman/hivebot_ws/install/hivebot/lib/pkgconfig/hivebot.pc'
[2.797s] Level 1:colcon.colcon_core.environment:checking '/home/zuman/hivebot_ws/install/hivebot/lib/python3.10/site-packages'
[2.797s] Level 1:colcon.colcon_core.environment:checking '/home/zuman/hivebot_ws/install/hivebot/bin'
[2.813s] INFO:colcon.colcon_core.shell:Creating package script '/home/zuman/hivebot_ws/install/hivebot/share/hivebot/package.ps1'
[2.814s] INFO:colcon.colcon_core.shell:Creating package descriptor '/home/zuman/hivebot_ws/install/hivebot/share/hivebot/package.dsv'
[2.815s] INFO:colcon.colcon_core.shell:Creating package script '/home/zuman/hivebot_ws/install/hivebot/share/hivebot/package.sh'
[2.817s] INFO:colcon.colcon_core.shell:Creating package script '/home/zuman/hivebot_ws/install/hivebot/share/hivebot/package.bash'
[2.819s] INFO:colcon.colcon_core.shell:Creating package script '/home/zuman/hivebot_ws/install/hivebot/share/hivebot/package.zsh'
[2.821s] Level 1:colcon.colcon_core.environment:create_file_with_runtime_dependencies(/home/zuman/hivebot_ws/install/hivebot/share/colcon-core/packages/hivebot)
[2.859s] Level 1:colcon.colcon_core.environment:create_environment_scripts_only(hivebot)
[2.879s] Level 1:colcon.colcon_core.environment:checking '/home/zuman/hivebot_ws/install/hivebot' for CMake module files
[2.881s] Level 1:colcon.colcon_core.environment:checking '/home/zuman/hivebot_ws/install/hivebot' for CMake config files
[2.882s] Level 1:colcon.colcon_core.shell:create_environment_hook('hivebot', 'cmake_prefix_path')
[2.899s] INFO:colcon.colcon_core.shell:Creating environment hook '/home/zuman/hivebot_ws/install/hivebot/share/hivebot/hook/cmake_prefix_path.ps1'
[2.899s] INFO:colcon.colcon_core.shell:Creating environment descriptor '/home/zuman/hivebot_ws/install/hivebot/share/hivebot/hook/cmake_prefix_path.dsv'
[2.900s] INFO:colcon.colcon_core.shell:Creating environment hook '/home/zuman/hivebot_ws/install/hivebot/share/hivebot/hook/cmake_prefix_path.sh'
[2.902s] Level 1:colcon.colcon_core.environment:checking '/home/zuman/hivebot_ws/install/hivebot/bin'
[2.902s] Level 1:colcon.colcon_core.environment:checking '/home/zuman/hivebot_ws/install/hivebot/lib/pkgconfig/hivebot.pc'
[2.903s] Level 1:colcon.colcon_core.environment:checking '/home/zuman/hivebot_ws/install/hivebot/lib/python3.10/site-packages'
[2.903s] Level 1:colcon.colcon_core.environment:checking '/home/zuman/hivebot_ws/install/hivebot/bin'
[2.920s] INFO:colcon.colcon_core.shell:Creating package script '/home/zuman/hivebot_ws/install/hivebot/share/hivebot/package.ps1'
[2.920s] INFO:colcon.colcon_core.shell:Creating package descriptor '/home/zuman/hivebot_ws/install/hivebot/share/hivebot/package.dsv'
[2.921s] INFO:colcon.colcon_core.shell:Creating package script '/home/zuman/hivebot_ws/install/hivebot/share/hivebot/package.sh'
[2.921s] INFO:colcon.colcon_core.shell:Creating package script '/home/zuman/hivebot_ws/install/hivebot/share/hivebot/package.bash'
[2.922s] INFO:colcon.colcon_core.shell:Creating package script '/home/zuman/hivebot_ws/install/hivebot/share/hivebot/package.zsh'
[2.922s] Level 1:colcon.colcon_core.environment:create_file_with_runtime_dependencies(/home/zuman/hivebot_ws/install/hivebot/share/colcon-core/packages/hivebot)
[2.922s] DEBUG:colcon.colcon_parallel_executor.executor.parallel:closing loop
[2.922s] DEBUG:colcon.colcon_parallel_executor.executor.parallel:loop closed
[2.923s] DEBUG:colcon.colcon_parallel_executor.executor.parallel:run_until_complete finished with '0'
[2.923s] DEBUG:colcon.colcon_core.event_reactor:joining thread
[2.975s] INFO:colcon.colcon_core.plugin_system:Skipping extension 'colcon_notification.desktop_notification.terminal_notifier': Not used on non-Darwin systems
[2.976s] INFO:colcon.colcon_core.plugin_system:Skipping extension 'colcon_notification.desktop_notification.win32': Not used on non-Windows systems
[2.976s] INFO:colcon.colcon_notification.desktop_notification:Sending desktop notification using 'notify2'
[2.988s] DEBUG:colcon.colcon_core.event_reactor:joined thread
[3.010s] INFO:colcon.colcon_core.shell:Creating prefix script '/home/zuman/hivebot_ws/install/local_setup.ps1'
[3.012s] INFO:colcon.colcon_core.shell:Creating prefix util module '/home/zuman/hivebot_ws/install/_local_setup_util_ps1.py'
[3.014s] INFO:colcon.colcon_core.shell:Creating prefix chain script '/home/zuman/hivebot_ws/install/setup.ps1'
[3.042s] INFO:colcon.colcon_core.shell:Creating prefix script '/home/zuman/hivebot_ws/install/local_setup.sh'
[3.043s] INFO:colcon.colcon_core.shell:Creating prefix util module '/home/zuman/hivebot_ws/install/_local_setup_util_sh.py'
[3.044s] INFO:colcon.colcon_core.shell:Creating prefix chain script '/home/zuman/hivebot_ws/install/setup.sh'
[3.063s] INFO:colcon.colcon_core.shell:Creating prefix script '/home/zuman/hivebot_ws/install/local_setup.bash'
[3.065s] INFO:colcon.colcon_core.shell:Creating prefix chain script '/home/zuman/hivebot_ws/install/setup.bash'
[3.087s] INFO:colcon.colcon_core.shell:Creating prefix script '/home/zuman/hivebot_ws/install/local_setup.zsh'
[3.088s] INFO:colcon.colcon_core.shell:Creating prefix chain script '/home/zuman/hivebot_ws/install/setup.zsh'
