[0.074s] Invoking command in '/home/zuman/hivebot_ws/build/urmoveit': CMAKE_PREFIX_PATH=/home/zuman/hivebot_ws/install/hivebot:/home/zuman/hivebot_ws/install/hivebot_description:/opt/ros/humble /usr/bin/cmake --build /home/zuman/hivebot_ws/build/urmoveit -- -j6 -l6
[0.128s] Invoked command in '/home/zuman/hivebot_ws/build/urmoveit' returned '0': CMAKE_PREFIX_PATH=/home/zuman/hivebot_ws/install/hivebot:/home/zuman/hivebot_ws/install/hivebot_description:/opt/ros/humble /usr/bin/cmake --build /home/zuman/hivebot_ws/build/urmoveit -- -j6 -l6
[0.151s] Invoking command in '/home/zuman/hivebot_ws/build/urmoveit': CMAKE_PREFIX_PATH=/home/zuman/hivebot_ws/install/hivebot:/home/zuman/hivebot_ws/install/hivebot_description:/opt/ros/humble /usr/bin/cmake --install /home/zuman/hivebot_ws/build/urmoveit
[0.159s] -- Install configuration: ""
[0.160s] -- Execute custom install script
[0.160s] -- Up-to-date symlink: /home/zuman/hivebot_ws/install/urmoveit/share/ament_index/resource_index/package_run_dependencies/urmoveit
[0.160s] -- Up-to-date symlink: /home/zuman/hivebot_ws/install/urmoveit/share/ament_index/resource_index/parent_prefix_path/urmoveit
[0.160s] -- Up-to-date symlink: /home/zuman/hivebot_ws/install/urmoveit/share/urmoveit/environment/ament_prefix_path.sh
[0.160s] -- Up-to-date symlink: /home/zuman/hivebot_ws/install/urmoveit/share/urmoveit/environment/ament_prefix_path.dsv
[0.160s] -- Up-to-date symlink: /home/zuman/hivebot_ws/install/urmoveit/share/urmoveit/environment/path.sh
[0.160s] -- Up-to-date symlink: /home/zuman/hivebot_ws/install/urmoveit/share/urmoveit/environment/path.dsv
[0.161s] -- Up-to-date symlink: /home/zuman/hivebot_ws/install/urmoveit/share/urmoveit/local_setup.bash
[0.161s] -- Up-to-date symlink: /home/zuman/hivebot_ws/install/urmoveit/share/urmoveit/local_setup.sh
[0.161s] -- Up-to-date symlink: /home/zuman/hivebot_ws/install/urmoveit/share/urmoveit/local_setup.zsh
[0.161s] -- Up-to-date symlink: /home/zuman/hivebot_ws/install/urmoveit/share/urmoveit/local_setup.dsv
[0.161s] -- Symlinking: /home/zuman/hivebot_ws/install/urmoveit/share/urmoveit/package.dsv
[0.170s] -- Up-to-date symlink: /home/zuman/hivebot_ws/install/urmoveit/share/ament_index/resource_index/packages/urmoveit
[0.170s] -- Up-to-date symlink: /home/zuman/hivebot_ws/install/urmoveit/share/urmoveit/cmake/urmoveitConfig.cmake
[0.170s] -- Up-to-date symlink: /home/zuman/hivebot_ws/install/urmoveit/share/urmoveit/cmake/urmoveitConfig-version.cmake
[0.170s] -- Up-to-date symlink: /home/zuman/hivebot_ws/install/urmoveit/share/urmoveit/package.xml
[0.171s] -- Symlinking: /home/zuman/hivebot_ws/install/urmoveit/share/urmoveit/launch/__pycache__/moveit_rviz.launch.cpython-310.pyc
[0.179s] -- Up-to-date symlink: /home/zuman/hivebot_ws/install/urmoveit/share/urmoveit/launch/demo.launch.py
[0.179s] -- Up-to-date symlink: /home/zuman/hivebot_ws/install/urmoveit/share/urmoveit/launch/move_group.launch.py
[0.179s] -- Up-to-date symlink: /home/zuman/hivebot_ws/install/urmoveit/share/urmoveit/launch/moveit_rviz.launch.py
[0.179s] -- Up-to-date symlink: /home/zuman/hivebot_ws/install/urmoveit/share/urmoveit/launch/rsp.launch.py
[0.180s] -- Up-to-date symlink: /home/zuman/hivebot_ws/install/urmoveit/share/urmoveit/launch/setup_assistant.launch.py
[0.180s] -- Up-to-date symlink: /home/zuman/hivebot_ws/install/urmoveit/share/urmoveit/launch/spawn_controllers.launch.py
[0.180s] -- Up-to-date symlink: /home/zuman/hivebot_ws/install/urmoveit/share/urmoveit/launch/static_virtual_joint_tfs.launch.py
[0.180s] -- Up-to-date symlink: /home/zuman/hivebot_ws/install/urmoveit/share/urmoveit/launch/warehouse_db.launch.py
[0.180s] -- Up-to-date symlink: /home/zuman/hivebot_ws/install/urmoveit/share/urmoveit/config/initial_positions.yaml
[0.180s] -- Up-to-date symlink: /home/zuman/hivebot_ws/install/urmoveit/share/urmoveit/config/joint_limits.yaml
[0.180s] -- Up-to-date symlink: /home/zuman/hivebot_ws/install/urmoveit/share/urmoveit/config/kinematics.yaml
[0.180s] -- Up-to-date symlink: /home/zuman/hivebot_ws/install/urmoveit/share/urmoveit/config/moveit.rviz
[0.180s] -- Up-to-date symlink: /home/zuman/hivebot_ws/install/urmoveit/share/urmoveit/config/moveit_controllers.yaml
[0.181s] -- Up-to-date symlink: /home/zuman/hivebot_ws/install/urmoveit/share/urmoveit/config/pilz_cartesian_limits.yaml
[0.181s] -- Up-to-date symlink: /home/zuman/hivebot_ws/install/urmoveit/share/urmoveit/config/robot.ros2_control.xacro
[0.181s] -- Up-to-date symlink: /home/zuman/hivebot_ws/install/urmoveit/share/urmoveit/config/robot.srdf
[0.181s] -- Up-to-date symlink: /home/zuman/hivebot_ws/install/urmoveit/share/urmoveit/config/robot.urdf.xacro
[0.181s] -- Up-to-date symlink: /home/zuman/hivebot_ws/install/urmoveit/share/urmoveit/config/ros2_controllers.yaml
[0.181s] -- Up-to-date symlink: /home/zuman/hivebot_ws/install/urmoveit/share/urmoveit/.setup_assistant
[0.183s] Invoked command in '/home/zuman/hivebot_ws/build/urmoveit' returned '0': CMAKE_PREFIX_PATH=/home/zuman/hivebot_ws/install/hivebot:/home/zuman/hivebot_ws/install/hivebot_description:/opt/ros/humble /usr/bin/cmake --install /home/zuman/hivebot_ws/build/urmoveit
