[2.127s] DEBUG:colcon:Command line arguments: ['/usr/bin/colcon', 'build', '--symlink-install']
[2.127s] DEBUG:colcon:Parsed command line arguments: Namespace(log_base=None, log_level=None, verb_name='build', build_base='build', install_base='install', merge_install=False, symlink_install=True, test_result_base=None, continue_on_error=False, executor='parallel', parallel_workers=6, event_handlers=None, ignore_user_meta=False, metas=['./colcon.meta'], base_paths=['.'], packages_ignore=None, packages_ignore_regex=None, paths=None, packages_up_to=None, packages_up_to_regex=None, packages_above=None, packages_above_and_dependencies=None, packages_above_depth=None, packages_select_by_dep=None, packages_skip_by_dep=None, packages_skip_up_to=None, packages_select_build_failed=False, packages_skip_build_finished=False, packages_select_test_failures=False, packages_skip_test_passed=False, packages_select=None, packages_skip=None, packages_select_regex=None, packages_skip_regex=None, packages_start=None, packages_end=None, allow_overriding=[], cmake_args=None, cmake_target=None, cmake_target_skip_unavailable=False, cmake_clean_cache=False, cmake_clean_first=False, cmake_force_configure=False, ament_cmake_args=None, catkin_cmake_args=None, catkin_skip_building_tests=False, mixin_files=None, mixin=None, verb_parser=<colcon_mixin.mixin.mixin_argument.MixinArgumentDecorator object at 0x7ed0877bafb0>, verb_extension=<colcon_core.verb.build.BuildVerb object at 0x7ed087b9a050>, main=<bound method BuildVerb.main of <colcon_core.verb.build.BuildVerb object at 0x7ed087b9a050>>, mixin_verb=('build',))
[2.231s] Level 1:colcon.colcon_core.package_discovery:discover_packages(colcon_meta) check parameters
[2.231s] Level 1:colcon.colcon_core.package_discovery:discover_packages(recursive) check parameters
[2.232s] Level 1:colcon.colcon_core.package_discovery:discover_packages(ignore) check parameters
[2.232s] Level 1:colcon.colcon_core.package_discovery:discover_packages(path) check parameters
[2.232s] Level 1:colcon.colcon_core.package_discovery:discover_packages(colcon_meta) discover
[2.232s] Level 1:colcon.colcon_core.package_discovery:discover_packages(recursive) discover
[2.232s] INFO:colcon.colcon_core.package_discovery:Crawling recursively for packages in '/home/zuman/hivebot_ws'
[2.232s] Level 1:colcon.colcon_core.package_identification:_identify(.) by extensions ['ignore', 'ignore_ament_install']
[2.233s] Level 1:colcon.colcon_core.package_identification:_identify(.) by extension 'ignore'
[2.233s] Level 1:colcon.colcon_core.package_identification:_identify(.) by extension 'ignore_ament_install'
[2.233s] Level 1:colcon.colcon_core.package_identification:_identify(.) by extensions ['colcon_pkg']
[2.233s] Level 1:colcon.colcon_core.package_identification:_identify(.) by extension 'colcon_pkg'
[2.233s] Level 1:colcon.colcon_core.package_identification:_identify(.) by extensions ['colcon_meta']
[2.233s] Level 1:colcon.colcon_core.package_identification:_identify(.) by extension 'colcon_meta'
[2.233s] Level 1:colcon.colcon_core.package_identification:_identify(.) by extensions ['ros']
[2.233s] Level 1:colcon.colcon_core.package_identification:_identify(.) by extension 'ros'
[2.268s] Level 1:colcon.colcon_core.package_identification:_identify(.) by extensions ['cmake', 'python']
[2.269s] Level 1:colcon.colcon_core.package_identification:_identify(.) by extension 'cmake'
[2.269s] Level 1:colcon.colcon_core.package_identification:_identify(.) by extension 'python'
[2.269s] Level 1:colcon.colcon_core.package_identification:_identify(.) by extensions ['python_setup_py']
[2.269s] Level 1:colcon.colcon_core.package_identification:_identify(.) by extension 'python_setup_py'
[2.270s] Level 1:colcon.colcon_core.package_identification:_identify(build) by extensions ['ignore', 'ignore_ament_install']
[2.270s] Level 1:colcon.colcon_core.package_identification:_identify(build) by extension 'ignore'
[2.270s] Level 1:colcon.colcon_core.package_identification:_identify(build) ignored
[2.270s] Level 1:colcon.colcon_core.package_identification:_identify(install) by extensions ['ignore', 'ignore_ament_install']
[2.271s] Level 1:colcon.colcon_core.package_identification:_identify(install) by extension 'ignore'
[2.271s] Level 1:colcon.colcon_core.package_identification:_identify(install) ignored
[2.271s] Level 1:colcon.colcon_core.package_identification:_identify(log) by extensions ['ignore', 'ignore_ament_install']
[2.271s] Level 1:colcon.colcon_core.package_identification:_identify(log) by extension 'ignore'
[2.271s] Level 1:colcon.colcon_core.package_identification:_identify(log) ignored
[2.272s] Level 1:colcon.colcon_core.package_identification:_identify(src) by extensions ['ignore', 'ignore_ament_install']
[2.272s] Level 1:colcon.colcon_core.package_identification:_identify(src) by extension 'ignore'
[2.272s] Level 1:colcon.colcon_core.package_identification:_identify(src) by extension 'ignore_ament_install'
[2.272s] Level 1:colcon.colcon_core.package_identification:_identify(src) by extensions ['colcon_pkg']
[2.272s] Level 1:colcon.colcon_core.package_identification:_identify(src) by extension 'colcon_pkg'
[2.272s] Level 1:colcon.colcon_core.package_identification:_identify(src) by extensions ['colcon_meta']
[2.273s] Level 1:colcon.colcon_core.package_identification:_identify(src) by extension 'colcon_meta'
[2.273s] Level 1:colcon.colcon_core.package_identification:_identify(src) by extensions ['ros']
[2.273s] Level 1:colcon.colcon_core.package_identification:_identify(src) by extension 'ros'
[2.273s] Level 1:colcon.colcon_core.package_identification:_identify(src) by extensions ['cmake', 'python']
[2.273s] Level 1:colcon.colcon_core.package_identification:_identify(src) by extension 'cmake'
[2.273s] Level 1:colcon.colcon_core.package_identification:_identify(src) by extension 'python'
[2.273s] Level 1:colcon.colcon_core.package_identification:_identify(src) by extensions ['python_setup_py']
[2.273s] Level 1:colcon.colcon_core.package_identification:_identify(src) by extension 'python_setup_py'
[2.274s] Level 1:colcon.colcon_core.package_identification:_identify(src/Hivebot) by extensions ['ignore', 'ignore_ament_install']
[2.274s] Level 1:colcon.colcon_core.package_identification:_identify(src/Hivebot) by extension 'ignore'
[2.274s] Level 1:colcon.colcon_core.package_identification:_identify(src/Hivebot) by extension 'ignore_ament_install'
[2.274s] Level 1:colcon.colcon_core.package_identification:_identify(src/Hivebot) by extensions ['colcon_pkg']
[2.274s] Level 1:colcon.colcon_core.package_identification:_identify(src/Hivebot) by extension 'colcon_pkg'
[2.274s] Level 1:colcon.colcon_core.package_identification:_identify(src/Hivebot) by extensions ['colcon_meta']
[2.274s] Level 1:colcon.colcon_core.package_identification:_identify(src/Hivebot) by extension 'colcon_meta'
[2.275s] Level 1:colcon.colcon_core.package_identification:_identify(src/Hivebot) by extensions ['ros']
[2.275s] Level 1:colcon.colcon_core.package_identification:_identify(src/Hivebot) by extension 'ros'
[2.279s] DEBUG:colcon.colcon_core.package_identification:Package 'src/Hivebot' with type 'ros.ament_cmake' and name 'hivebot'
[2.279s] Level 1:colcon.colcon_core.package_discovery:discover_packages(recursive) using defaults
[2.280s] Level 1:colcon.colcon_core.package_discovery:discover_packages(ignore) discover
[2.280s] Level 1:colcon.colcon_core.package_discovery:discover_packages(ignore) using defaults
[2.280s] Level 1:colcon.colcon_core.package_discovery:discover_packages(path) discover
[2.280s] Level 1:colcon.colcon_core.package_discovery:discover_packages(path) using defaults
[2.403s] Level 1:colcon.colcon_core.package_discovery:discover_packages(prefix_path) check parameters
[2.403s] Level 1:colcon.colcon_core.package_discovery:discover_packages(prefix_path) discover
[2.442s] DEBUG:colcon.colcon_installed_package_information.package_discovery:Found 2 installed packages in /home/zuman/hivebot_ws/install
[2.463s] DEBUG:colcon.colcon_installed_package_information.package_discovery:Found 439 installed packages in /opt/ros/humble
[2.464s] Level 1:colcon.colcon_core.package_discovery:discover_packages(prefix_path) using defaults
[2.759s] Level 5:colcon.colcon_core.verb:set package 'hivebot' build argument 'cmake_args' from command line to 'None'
[2.760s] Level 5:colcon.colcon_core.verb:set package 'hivebot' build argument 'cmake_target' from command line to 'None'
[2.760s] Level 5:colcon.colcon_core.verb:set package 'hivebot' build argument 'cmake_target_skip_unavailable' from command line to 'False'
[2.760s] Level 5:colcon.colcon_core.verb:set package 'hivebot' build argument 'cmake_clean_cache' from command line to 'False'
[2.760s] Level 5:colcon.colcon_core.verb:set package 'hivebot' build argument 'cmake_clean_first' from command line to 'False'
[2.760s] Level 5:colcon.colcon_core.verb:set package 'hivebot' build argument 'cmake_force_configure' from command line to 'False'
[2.760s] Level 5:colcon.colcon_core.verb:set package 'hivebot' build argument 'ament_cmake_args' from command line to 'None'
[2.760s] Level 5:colcon.colcon_core.verb:set package 'hivebot' build argument 'catkin_cmake_args' from command line to 'None'
[2.760s] Level 5:colcon.colcon_core.verb:set package 'hivebot' build argument 'catkin_skip_building_tests' from command line to 'False'
[2.760s] DEBUG:colcon.colcon_core.verb:Building package 'hivebot' with the following arguments: {'ament_cmake_args': None, 'build_base': '/home/zuman/hivebot_ws/build/hivebot', 'catkin_cmake_args': None, 'catkin_skip_building_tests': False, 'cmake_args': None, 'cmake_clean_cache': False, 'cmake_clean_first': False, 'cmake_force_configure': False, 'cmake_target': None, 'cmake_target_skip_unavailable': False, 'install_base': '/home/zuman/hivebot_ws/install/hivebot', 'merge_install': False, 'path': '/home/zuman/hivebot_ws/src/Hivebot', 'symlink_install': True, 'test_result_base': None}
[2.780s] INFO:colcon.colcon_core.executor:Executing jobs using 'parallel' executor
[2.800s] DEBUG:colcon.colcon_parallel_executor.executor.parallel:run_until_complete
[2.800s] INFO:colcon.colcon_ros.task.ament_cmake.build:Building ROS package in '/home/zuman/hivebot_ws/src/Hivebot' with build type 'ament_cmake'
[2.800s] INFO:colcon.colcon_cmake.task.cmake.build:Building CMake package in '/home/zuman/hivebot_ws/src/Hivebot'
[2.832s] INFO:colcon.colcon_core.plugin_system:Skipping extension 'colcon_core.shell.bat': Not used on non-Windows systems
[2.833s] INFO:colcon.colcon_core.shell:Skip shell extension 'powershell' for command environment: Not usable outside of PowerShell
[2.833s] DEBUG:colcon.colcon_core.shell:Skip shell extension 'dsv' for command environment
[2.903s] DEBUG:colcon.colcon_core.event_handler.log_command:Invoking command in '/home/zuman/hivebot_ws/build/hivebot': CMAKE_PREFIX_PATH=${CMAKE_PREFIX_PATH}:/opt/ros/humble /usr/bin/cmake --build /home/zuman/hivebot_ws/build/hivebot -- -j6 -l6
[3.009s] DEBUG:colcon.colcon_core.event_handler.log_command:Invoked command in '/home/zuman/hivebot_ws/build/hivebot' returned '0': CMAKE_PREFIX_PATH=${CMAKE_PREFIX_PATH}:/opt/ros/humble /usr/bin/cmake --build /home/zuman/hivebot_ws/build/hivebot -- -j6 -l6
[3.043s] DEBUG:colcon.colcon_core.event_handler.log_command:Invoking command in '/home/zuman/hivebot_ws/build/hivebot': CMAKE_PREFIX_PATH=${CMAKE_PREFIX_PATH}:/opt/ros/humble /usr/bin/cmake --install /home/zuman/hivebot_ws/build/hivebot
[3.091s] Level 1:colcon.colcon_core.environment:create_environment_scripts_only(hivebot)
[3.092s] DEBUG:colcon.colcon_core.event_handler.log_command:Invoked command in '/home/zuman/hivebot_ws/build/hivebot' returned '0': CMAKE_PREFIX_PATH=${CMAKE_PREFIX_PATH}:/opt/ros/humble /usr/bin/cmake --install /home/zuman/hivebot_ws/build/hivebot
[3.121s] Level 1:colcon.colcon_core.environment:checking '/home/zuman/hivebot_ws/install/hivebot' for CMake module files
[3.121s] Level 1:colcon.colcon_core.environment:checking '/home/zuman/hivebot_ws/install/hivebot' for CMake config files
[3.134s] Level 1:colcon.colcon_core.shell:create_environment_hook('hivebot', 'cmake_prefix_path')
[3.152s] INFO:colcon.colcon_core.shell:Creating environment hook '/home/zuman/hivebot_ws/install/hivebot/share/hivebot/hook/cmake_prefix_path.ps1'
[3.154s] INFO:colcon.colcon_core.shell:Creating environment descriptor '/home/zuman/hivebot_ws/install/hivebot/share/hivebot/hook/cmake_prefix_path.dsv'
[3.155s] INFO:colcon.colcon_core.shell:Creating environment hook '/home/zuman/hivebot_ws/install/hivebot/share/hivebot/hook/cmake_prefix_path.sh'
[3.156s] Level 1:colcon.colcon_core.environment:checking '/home/zuman/hivebot_ws/install/hivebot/bin'
[3.156s] Level 1:colcon.colcon_core.environment:checking '/home/zuman/hivebot_ws/install/hivebot/lib/pkgconfig/hivebot.pc'
[3.157s] Level 1:colcon.colcon_core.environment:checking '/home/zuman/hivebot_ws/install/hivebot/lib/python3.10/site-packages'
[3.157s] Level 1:colcon.colcon_core.environment:checking '/home/zuman/hivebot_ws/install/hivebot/bin'
[3.172s] INFO:colcon.colcon_core.shell:Creating package script '/home/zuman/hivebot_ws/install/hivebot/share/hivebot/package.ps1'
[3.174s] INFO:colcon.colcon_core.shell:Creating package descriptor '/home/zuman/hivebot_ws/install/hivebot/share/hivebot/package.dsv'
[3.174s] INFO:colcon.colcon_core.shell:Creating package script '/home/zuman/hivebot_ws/install/hivebot/share/hivebot/package.sh'
[3.176s] INFO:colcon.colcon_core.shell:Creating package script '/home/zuman/hivebot_ws/install/hivebot/share/hivebot/package.bash'
[3.177s] INFO:colcon.colcon_core.shell:Creating package script '/home/zuman/hivebot_ws/install/hivebot/share/hivebot/package.zsh'
[3.179s] Level 1:colcon.colcon_core.environment:create_file_with_runtime_dependencies(/home/zuman/hivebot_ws/install/hivebot/share/colcon-core/packages/hivebot)
[3.218s] Level 1:colcon.colcon_core.environment:create_environment_scripts_only(hivebot)
[3.234s] Level 1:colcon.colcon_core.environment:checking '/home/zuman/hivebot_ws/install/hivebot' for CMake module files
[3.234s] Level 1:colcon.colcon_core.environment:checking '/home/zuman/hivebot_ws/install/hivebot' for CMake config files
[3.237s] Level 1:colcon.colcon_core.shell:create_environment_hook('hivebot', 'cmake_prefix_path')
[3.255s] INFO:colcon.colcon_core.shell:Creating environment hook '/home/zuman/hivebot_ws/install/hivebot/share/hivebot/hook/cmake_prefix_path.ps1'
[3.256s] INFO:colcon.colcon_core.shell:Creating environment descriptor '/home/zuman/hivebot_ws/install/hivebot/share/hivebot/hook/cmake_prefix_path.dsv'
[3.256s] INFO:colcon.colcon_core.shell:Creating environment hook '/home/zuman/hivebot_ws/install/hivebot/share/hivebot/hook/cmake_prefix_path.sh'
[3.256s] Level 1:colcon.colcon_core.environment:checking '/home/zuman/hivebot_ws/install/hivebot/bin'
[3.257s] Level 1:colcon.colcon_core.environment:checking '/home/zuman/hivebot_ws/install/hivebot/lib/pkgconfig/hivebot.pc'
[3.257s] Level 1:colcon.colcon_core.environment:checking '/home/zuman/hivebot_ws/install/hivebot/lib/python3.10/site-packages'
[3.257s] Level 1:colcon.colcon_core.environment:checking '/home/zuman/hivebot_ws/install/hivebot/bin'
[3.273s] INFO:colcon.colcon_core.shell:Creating package script '/home/zuman/hivebot_ws/install/hivebot/share/hivebot/package.ps1'
[3.274s] INFO:colcon.colcon_core.shell:Creating package descriptor '/home/zuman/hivebot_ws/install/hivebot/share/hivebot/package.dsv'
[3.274s] INFO:colcon.colcon_core.shell:Creating package script '/home/zuman/hivebot_ws/install/hivebot/share/hivebot/package.sh'
[3.275s] INFO:colcon.colcon_core.shell:Creating package script '/home/zuman/hivebot_ws/install/hivebot/share/hivebot/package.bash'
[3.275s] INFO:colcon.colcon_core.shell:Creating package script '/home/zuman/hivebot_ws/install/hivebot/share/hivebot/package.zsh'
[3.276s] Level 1:colcon.colcon_core.environment:create_file_with_runtime_dependencies(/home/zuman/hivebot_ws/install/hivebot/share/colcon-core/packages/hivebot)
[3.276s] DEBUG:colcon.colcon_parallel_executor.executor.parallel:closing loop
[3.276s] DEBUG:colcon.colcon_parallel_executor.executor.parallel:loop closed
[3.277s] DEBUG:colcon.colcon_parallel_executor.executor.parallel:run_until_complete finished with '0'
[3.277s] DEBUG:colcon.colcon_core.event_reactor:joining thread
[3.310s] INFO:colcon.colcon_core.plugin_system:Skipping extension 'colcon_notification.desktop_notification.terminal_notifier': Not used on non-Darwin systems
[3.310s] INFO:colcon.colcon_core.plugin_system:Skipping extension 'colcon_notification.desktop_notification.win32': Not used on non-Windows systems
[3.311s] INFO:colcon.colcon_notification.desktop_notification:Sending desktop notification using 'notify2'
[3.337s] DEBUG:colcon.colcon_core.event_reactor:joined thread
[3.358s] INFO:colcon.colcon_core.shell:Creating prefix script '/home/zuman/hivebot_ws/install/local_setup.ps1'
[3.362s] INFO:colcon.colcon_core.shell:Creating prefix util module '/home/zuman/hivebot_ws/install/_local_setup_util_ps1.py'
[3.365s] INFO:colcon.colcon_core.shell:Creating prefix chain script '/home/zuman/hivebot_ws/install/setup.ps1'
[3.385s] INFO:colcon.colcon_core.shell:Creating prefix script '/home/zuman/hivebot_ws/install/local_setup.sh'
[3.387s] INFO:colcon.colcon_core.shell:Creating prefix util module '/home/zuman/hivebot_ws/install/_local_setup_util_sh.py'
[3.387s] INFO:colcon.colcon_core.shell:Creating prefix chain script '/home/zuman/hivebot_ws/install/setup.sh'
[3.407s] INFO:colcon.colcon_core.shell:Creating prefix script '/home/zuman/hivebot_ws/install/local_setup.bash'
[3.408s] INFO:colcon.colcon_core.shell:Creating prefix chain script '/home/zuman/hivebot_ws/install/setup.bash'
[3.425s] INFO:colcon.colcon_core.shell:Creating prefix script '/home/zuman/hivebot_ws/install/local_setup.zsh'
[3.425s] INFO:colcon.colcon_core.shell:Creating prefix chain script '/home/zuman/hivebot_ws/install/setup.zsh'
