[0.093s] Invoking command in '/home/zuman/hivebot_ws/build/ur_moveit_config': CMAKE_PREFIX_PATH=/home/zuman/hivebot_ws/install/hivebot:/home/zuman/hivebot_ws/install/detect_toilet:/home/zuman/hivebot_ws/install/urmoveit:/home/zuman/hivebot_ws/install/ur_moveit_config:/home/zuman/hivebot_ws/install/src:/home/zuman/hivebot_ws/install/moveit_config:/home/zuman/hivebot_ws/install/hivebot_moveit_config:/home/zuman/hivebot_ws/install/hivebot_description:/home/zuman/hivebot_ws/install/ball_tracker:/opt/ros/humble /usr/bin/cmake --build /home/zuman/hivebot_ws/build/ur_moveit_config -- -j6 -l6
[0.140s] Invoked command in '/home/zuman/hivebot_ws/build/ur_moveit_config' returned '0': CMAKE_PREFIX_PATH=/home/zuman/hivebot_ws/install/hivebot:/home/zuman/hivebot_ws/install/detect_toilet:/home/zuman/hivebot_ws/install/urmoveit:/home/zuman/hivebot_ws/install/ur_moveit_config:/home/zuman/hivebot_ws/install/src:/home/zuman/hivebot_ws/install/moveit_config:/home/zuman/hivebot_ws/install/hivebot_moveit_config:/home/zuman/hivebot_ws/install/hivebot_description:/home/zuman/hivebot_ws/install/ball_tracker:/opt/ros/humble /usr/bin/cmake --build /home/zuman/hivebot_ws/build/ur_moveit_config -- -j6 -l6
[0.170s] Invoking command in '/home/zuman/hivebot_ws/build/ur_moveit_config': CMAKE_PREFIX_PATH=/home/zuman/hivebot_ws/install/hivebot:/home/zuman/hivebot_ws/install/detect_toilet:/home/zuman/hivebot_ws/install/urmoveit:/home/zuman/hivebot_ws/install/ur_moveit_config:/home/zuman/hivebot_ws/install/src:/home/zuman/hivebot_ws/install/moveit_config:/home/zuman/hivebot_ws/install/hivebot_moveit_config:/home/zuman/hivebot_ws/install/hivebot_description:/home/zuman/hivebot_ws/install/ball_tracker:/opt/ros/humble /usr/bin/cmake --install /home/zuman/hivebot_ws/build/ur_moveit_config
[0.178s] -- Install configuration: ""
[0.179s] -- Execute custom install script
[0.179s] -- Up-to-date symlink: /home/zuman/hivebot_ws/install/ur_moveit_config/share/ament_index/resource_index/package_run_dependencies/ur_moveit_config
[0.180s] -- Up-to-date symlink: /home/zuman/hivebot_ws/install/ur_moveit_config/share/ament_index/resource_index/parent_prefix_path/ur_moveit_config
[0.180s] -- Up-to-date symlink: /home/zuman/hivebot_ws/install/ur_moveit_config/share/ur_moveit_config/environment/ament_prefix_path.sh
[0.180s] -- Up-to-date symlink: /home/zuman/hivebot_ws/install/ur_moveit_config/share/ur_moveit_config/environment/ament_prefix_path.dsv
[0.180s] -- Up-to-date symlink: /home/zuman/hivebot_ws/install/ur_moveit_config/share/ur_moveit_config/environment/path.sh
[0.180s] -- Up-to-date symlink: /home/zuman/hivebot_ws/install/ur_moveit_config/share/ur_moveit_config/environment/path.dsv
[0.180s] -- Up-to-date symlink: /home/zuman/hivebot_ws/install/ur_moveit_config/share/ur_moveit_config/local_setup.bash
[0.181s] -- Up-to-date symlink: /home/zuman/hivebot_ws/install/ur_moveit_config/share/ur_moveit_config/local_setup.sh
[0.181s] -- Up-to-date symlink: /home/zuman/hivebot_ws/install/ur_moveit_config/share/ur_moveit_config/local_setup.zsh
[0.181s] -- Up-to-date symlink: /home/zuman/hivebot_ws/install/ur_moveit_config/share/ur_moveit_config/local_setup.dsv
[0.181s] -- Symlinking: /home/zuman/hivebot_ws/install/ur_moveit_config/share/ur_moveit_config/package.dsv
[0.191s] -- Up-to-date symlink: /home/zuman/hivebot_ws/install/ur_moveit_config/share/ament_index/resource_index/packages/ur_moveit_config
[0.191s] -- Up-to-date symlink: /home/zuman/hivebot_ws/install/ur_moveit_config/share/ur_moveit_config/cmake/ur_moveit_configConfig.cmake
[0.191s] -- Up-to-date symlink: /home/zuman/hivebot_ws/install/ur_moveit_config/share/ur_moveit_config/cmake/ur_moveit_configConfig-version.cmake
[0.192s] -- Up-to-date symlink: /home/zuman/hivebot_ws/install/ur_moveit_config/share/ur_moveit_config/package.xml
[0.192s] -- Up-to-date symlink: /home/zuman/hivebot_ws/install/ur_moveit_config/share/ur_moveit_config/launch/demo.launch.py
[0.192s] -- Up-to-date symlink: /home/zuman/hivebot_ws/install/ur_moveit_config/share/ur_moveit_config/launch/gazebo.launch.py
[0.193s] -- Up-to-date symlink: /home/zuman/hivebot_ws/install/ur_moveit_config/share/ur_moveit_config/launch/move_group.launch.py
[0.193s] -- Up-to-date symlink: /home/zuman/hivebot_ws/install/ur_moveit_config/share/ur_moveit_config/launch/moveit_gazebo.launch.py
[0.193s] -- Up-to-date symlink: /home/zuman/hivebot_ws/install/ur_moveit_config/share/ur_moveit_config/launch/moveit_rviz.launch.py
[0.193s] -- Up-to-date symlink: /home/zuman/hivebot_ws/install/ur_moveit_config/share/ur_moveit_config/launch/ros2_controllers.launch.py
[0.193s] -- Up-to-date symlink: /home/zuman/hivebot_ws/install/ur_moveit_config/share/ur_moveit_config/launch/ros_controllers.launch
[0.193s] -- Up-to-date symlink: /home/zuman/hivebot_ws/install/ur_moveit_config/share/ur_moveit_config/launch/rsp.launch.py
[0.194s] -- Up-to-date symlink: /home/zuman/hivebot_ws/install/ur_moveit_config/share/ur_moveit_config/launch/setup_assistant.launch.py
[0.194s] -- Up-to-date symlink: /home/zuman/hivebot_ws/install/ur_moveit_config/share/ur_moveit_config/launch/spawn_controllers.launch.py
[0.194s] -- Up-to-date symlink: /home/zuman/hivebot_ws/install/ur_moveit_config/share/ur_moveit_config/launch/static_virtual_joint_tfs.launch.py
[0.194s] -- Up-to-date symlink: /home/zuman/hivebot_ws/install/ur_moveit_config/share/ur_moveit_config/launch/warehouse_db.launch.py
[0.194s] -- Up-to-date symlink: /home/zuman/hivebot_ws/install/ur_moveit_config/share/ur_moveit_config/config/gazebo_controllers.yaml
[0.194s] -- Up-to-date symlink: /home/zuman/hivebot_ws/install/ur_moveit_config/share/ur_moveit_config/config/initial_positions.yaml
[0.195s] -- Up-to-date symlink: /home/zuman/hivebot_ws/install/ur_moveit_config/share/ur_moveit_config/config/joint_limits.yaml
[0.195s] -- Up-to-date symlink: /home/zuman/hivebot_ws/install/ur_moveit_config/share/ur_moveit_config/config/kinematics.yaml
[0.195s] -- Up-to-date symlink: /home/zuman/hivebot_ws/install/ur_moveit_config/share/ur_moveit_config/config/moveit.rviz
[0.195s] -- Up-to-date symlink: /home/zuman/hivebot_ws/install/ur_moveit_config/share/ur_moveit_config/config/moveit_controllers.yaml
[0.195s] -- Up-to-date symlink: /home/zuman/hivebot_ws/install/ur_moveit_config/share/ur_moveit_config/config/pilz_cartesian_limits.yaml
[0.195s] -- Up-to-date symlink: /home/zuman/hivebot_ws/install/ur_moveit_config/share/ur_moveit_config/config/robot.ros2_control.xacro
[0.195s] -- Up-to-date symlink: /home/zuman/hivebot_ws/install/ur_moveit_config/share/ur_moveit_config/config/robot.srdf
[0.195s] -- Up-to-date symlink: /home/zuman/hivebot_ws/install/ur_moveit_config/share/ur_moveit_config/config/robot.urdf.xacro
[0.196s] -- Up-to-date symlink: /home/zuman/hivebot_ws/install/ur_moveit_config/share/ur_moveit_config/config/ros2_controllers.yaml
[0.196s] -- Up-to-date symlink: /home/zuman/hivebot_ws/install/ur_moveit_config/share/ur_moveit_config/.setup_assistant
[0.202s] Invoked command in '/home/zuman/hivebot_ws/build/ur_moveit_config' returned '0': CMAKE_PREFIX_PATH=/home/zuman/hivebot_ws/install/hivebot:/home/zuman/hivebot_ws/install/detect_toilet:/home/zuman/hivebot_ws/install/urmoveit:/home/zuman/hivebot_ws/install/ur_moveit_config:/home/zuman/hivebot_ws/install/src:/home/zuman/hivebot_ws/install/moveit_config:/home/zuman/hivebot_ws/install/hivebot_moveit_config:/home/zuman/hivebot_ws/install/hivebot_description:/home/zuman/hivebot_ws/install/ball_tracker:/opt/ros/humble /usr/bin/cmake --install /home/zuman/hivebot_ws/build/ur_moveit_config
